{"/Users/jiezhiyong/GitHub/react-native/app.config.ts": {"path":"/Users/jiezhiyong/GitHub/react-native/app.config.ts","statementMap":{"0":{"start":{"line":5,"column":21},"end":{"line":5,"column":22}},"1":{"start":{"line":6,"column":15},"end":{"line":6,"column":56}},"2":{"start":{"line":7,"column":16},"end":{"line":7,"column":50}},"3":{"start":{"line":8,"column":17},"end":{"line":8,"column":64}},"4":{"start":{"line":10,"column":28},"end":{"line":17,"column":1}},"5":{"start":{"line":11,"column":2},"end":{"line":15,"column":3}},"6":{"start":{"line":12,"column":4},"end":{"line":12,"column":39}},"7":{"start":{"line":13,"column":9},"end":{"line":15,"column":3}},"8":{"start":{"line":14,"column":4},"end":{"line":14,"column":40}},"9":{"start":{"line":16,"column":2},"end":{"line":16,"column":33}},"10":{"start":{"line":19,"column":19},"end":{"line":26,"column":1}},"11":{"start":{"line":20,"column":2},"end":{"line":24,"column":3}},"12":{"start":{"line":21,"column":4},"end":{"line":21,"column":26}},"13":{"start":{"line":22,"column":9},"end":{"line":24,"column":3}},"14":{"start":{"line":23,"column":4},"end":{"line":23,"column":27}},"15":{"start":{"line":25,"column":2},"end":{"line":25,"column":18}},"16":{"start":{"line":29,"column":59},"end":{"line":296,"column":1}}},"fnMap":{"0":{"name":"(anonymous_0)","decl":{"start":{"line":10,"column":28},"end":{"line":10,"column":29}},"loc":{"start":{"line":10,"column":34},"end":{"line":17,"column":1}},"line":10},"1":{"name":"(anonymous_1)","decl":{"start":{"line":19,"column":19},"end":{"line":19,"column":20}},"loc":{"start":{"line":19,"column":25},"end":{"line":26,"column":1}},"line":19},"2":{"name":"(anonymous_2)","decl":{"start":{"line":29,"column":15},"end":{"line":29,"column":16}},"loc":{"start":{"line":29,"column":59},"end":{"line":296,"column":1}},"line":29}},"branchMap":{"0":{"loc":{"start":{"line":11,"column":2},"end":{"line":15,"column":3}},"type":"if","locations":[{"start":{"line":11,"column":2},"end":{"line":15,"column":3}},{"start":{"line":13,"column":9},"end":{"line":15,"column":3}}],"line":11},"1":{"loc":{"start":{"line":13,"column":9},"end":{"line":15,"column":3}},"type":"if","locations":[{"start":{"line":13,"column":9},"end":{"line":15,"column":3}},{"start":{},"end":{}}],"line":13},"2":{"loc":{"start":{"line":20,"column":2},"end":{"line":24,"column":3}},"type":"if","locations":[{"start":{"line":20,"column":2},"end":{"line":24,"column":3}},{"start":{"line":22,"column":9},"end":{"line":24,"column":3}}],"line":20},"3":{"loc":{"start":{"line":22,"column":9},"end":{"line":24,"column":3}},"type":"if","locations":[{"start":{"line":22,"column":9},"end":{"line":24,"column":3}},{"start":{},"end":{}}],"line":22},"4":{"loc":{"start":{"line":70,"column":24},"end":{"line":70,"column":84}},"type":"binary-expr","locations":[{"start":{"line":70,"column":24},"end":{"line":70,"column":56}},{"start":{"line":70,"column":60},"end":{"line":70,"column":84}}],"line":70},"5":{"loc":{"start":{"line":112,"column":24},"end":{"line":112,"column":94}},"type":"binary-expr","locations":[{"start":{"line":112,"column":24},"end":{"line":112,"column":62}},{"start":{"line":112,"column":66},"end":{"line":112,"column":94}}],"line":112},"6":{"loc":{"start":{"line":161,"column":20},"end":{"line":161,"column":99}},"type":"cond-expr","locations":[{"start":{"line":161,"column":29},"end":{"line":161,"column":50}},{"start":{"line":161,"column":53},"end":{"line":161,"column":99}}],"line":161}},"s":{"0":0,"1":0,"2":0,"3":0,"4":0,"5":0,"6":0,"7":0,"8":0,"9":0,"10":0,"11":0,"12":0,"13":0,"14":0,"15":0,"16":0},"f":{"0":0,"1":0,"2":0},"b":{"0":[0,0],"1":[0,0],"2":[0,0],"3":[0,0],"4":[0,0],"5":[0,0],"6":[0,0]}}
,"/Users/jiezhiyong/GitHub/react-native/nativewind-env.d.ts": {"path":"/Users/jiezhiyong/GitHub/react-native/nativewind-env.d.ts","statementMap":{},"fnMap":{},"branchMap":{},"s":{},"f":{},"b":{}}
,"/Users/jiezhiyong/GitHub/react-native/types.d.ts": {"path":"/Users/jiezhiyong/GitHub/react-native/types.d.ts","statementMap":{},"fnMap":{},"branchMap":{},"s":{},"f":{},"b":{}}
,"/Users/jiezhiyong/GitHub/react-native/app/+html.tsx": {"path":"/Users/jiezhiyong/GitHub/react-native/app/+html.tsx","statementMap":{"0":{"start":{"line":5,"column":2},"end":{"line":29,"column":4}}},"fnMap":{"0":{"name":"Root","decl":{"start":{"line":4,"column":24},"end":{"line":4,"column":28}},"loc":{"start":{"line":4,"column":62},"end":{"line":30,"column":1}},"line":4}},"branchMap":{},"s":{"0":0},"f":{"0":0},"b":{}}
,"/Users/jiezhiyong/GitHub/react-native/app/+native-intent.tsx": {"path":"/Users/jiezhiyong/GitHub/react-native/app/+native-intent.tsx","statementMap":{},"fnMap":{},"branchMap":{},"s":{},"f":{},"b":{}}
,"/Users/jiezhiyong/GitHub/react-native/app/+not-found.tsx": {"path":"/Users/jiezhiyong/GitHub/react-native/app/+not-found.tsx","statementMap":{"0":{"start":{"line":11,"column":17},"end":{"line":11,"column":28}},"1":{"start":{"line":13,"column":23},"end":{"line":15,"column":3}},"2":{"start":{"line":14,"column":4},"end":{"line":14,"column":24}},"3":{"start":{"line":17,"column":2},"end":{"line":49,"column":4}},"4":{"start":{"line":43,"column":60},"end":{"line":43,"column":73}}},"fnMap":{"0":{"name":"NotFoundScreen","decl":{"start":{"line":10,"column":24},"end":{"line":10,"column":38}},"loc":{"start":{"line":10,"column":41},"end":{"line":50,"column":1}},"line":10},"1":{"name":"(anonymous_1)","decl":{"start":{"line":13,"column":23},"end":{"line":13,"column":24}},"loc":{"start":{"line":13,"column":29},"end":{"line":15,"column":3}},"line":13},"2":{"name":"(anonymous_2)","decl":{"start":{"line":43,"column":54},"end":{"line":43,"column":55}},"loc":{"start":{"line":43,"column":60},"end":{"line":43,"column":73}},"line":43}},"branchMap":{},"s":{"0":0,"1":0,"2":0,"3":0,"4":0},"f":{"0":0,"1":0,"2":0},"b":{}}
,"/Users/jiezhiyong/GitHub/react-native/app/_layout.tsx": {"path":"/Users/jiezhiyong/GitHub/react-native/app/_layout.tsx","statementMap":{"0":{"start":{"line":29,"column":30},"end":{"line":31,"column":2}},"1":{"start":{"line":33,"column":0},"end":{"line":41,"column":3}},"2":{"start":{"line":43,"column":27},"end":{"line":46,"column":1}},"3":{"start":{"line":47,"column":26},"end":{"line":50,"column":1}},"4":{"start":{"line":52,"column":33},"end":{"line":54,"column":1}},"5":{"start":{"line":62,"column":20},"end":{"line":71,"column":2}},"6":{"start":{"line":88,"column":2},"end":{"line":90,"column":3}},"7":{"start":{"line":89,"column":4},"end":{"line":89,"column":49}},"8":{"start":{"line":94,"column":24},"end":{"line":94,"column":58}},"9":{"start":{"line":95,"column":2},"end":{"line":95,"column":44}},"10":{"start":{"line":96,"column":2},"end":{"line":96,"column":37}},"11":{"start":{"line":98,"column":21},"end":{"line":98,"column":40}},"12":{"start":{"line":100,"column":45},"end":{"line":100,"column":61}},"13":{"start":{"line":102,"column":56},"end":{"line":102,"column":77}},"14":{"start":{"line":105,"column":2},"end":{"line":109,"column":22}},"15":{"start":{"line":106,"column":4},"end":{"line":108,"column":5}},"16":{"start":{"line":107,"column":6},"end":{"line":107,"column":71}},"17":{"start":{"line":111,"column":2},"end":{"line":123,"column":9}},"18":{"start":{"line":112,"column":4},"end":{"line":114,"column":5}},"19":{"start":{"line":113,"column":6},"end":{"line":113,"column":13}},"20":{"start":{"line":116,"column":4},"end":{"line":119,"column":5}},"21":{"start":{"line":118,"column":6},"end":{"line":118,"column":62}},"22":{"start":{"line":120,"column":4},"end":{"line":120,"column":41}},"23":{"start":{"line":121,"column":4},"end":{"line":121,"column":33}},"24":{"start":{"line":122,"column":4},"end":{"line":122,"column":30}},"25":{"start":{"line":138,"column":2},"end":{"line":143,"column":9}},"26":{"start":{"line":140,"column":25},"end":{"line":140,"column":78}},"27":{"start":{"line":142,"column":4},"end":{"line":142,"column":39}},"28":{"start":{"line":142,"column":17},"end":{"line":142,"column":38}},"29":{"start":{"line":155,"column":2},"end":{"line":157,"column":3}},"30":{"start":{"line":156,"column":4},"end":{"line":156,"column":16}},"31":{"start":{"line":160,"column":25},"end":{"line":160,"column":81}},"32":{"start":{"line":162,"column":2},"end":{"line":217,"column":4}},"33":{"start":{"line":182,"column":39},"end":{"line":182,"column":54}}},"fnMap":{"0":{"name":"onAppStateChange","decl":{"start":{"line":87,"column":9},"end":{"line":87,"column":25}},"loc":{"start":{"line":87,"column":50},"end":{"line":91,"column":1}},"line":87},"1":{"name":"RootLayout","decl":{"start":{"line":93,"column":9},"end":{"line":93,"column":19}},"loc":{"start":{"line":93,"column":22},"end":{"line":218,"column":1}},"line":93},"2":{"name":"(anonymous_2)","decl":{"start":{"line":105,"column":12},"end":{"line":105,"column":13}},"loc":{"start":{"line":105,"column":18},"end":{"line":109,"column":3}},"line":105},"3":{"name":"(anonymous_3)","decl":{"start":{"line":111,"column":28},"end":{"line":111,"column":29}},"loc":{"start":{"line":111,"column":34},"end":{"line":123,"column":3}},"line":111},"4":{"name":"(anonymous_4)","decl":{"start":{"line":138,"column":12},"end":{"line":138,"column":13}},"loc":{"start":{"line":138,"column":18},"end":{"line":143,"column":3}},"line":138},"5":{"name":"(anonymous_5)","decl":{"start":{"line":142,"column":11},"end":{"line":142,"column":12}},"loc":{"start":{"line":142,"column":17},"end":{"line":142,"column":38}},"line":142},"6":{"name":"(anonymous_6)","decl":{"start":{"line":182,"column":33},"end":{"line":182,"column":34}},"loc":{"start":{"line":182,"column":39},"end":{"line":182,"column":54}},"line":182}},"branchMap":{"0":{"loc":{"start":{"line":88,"column":2},"end":{"line":90,"column":3}},"type":"if","locations":[{"start":{"line":88,"column":2},"end":{"line":90,"column":3}},{"start":{},"end":{}}],"line":88},"1":{"loc":{"start":{"line":106,"column":4},"end":{"line":108,"column":5}},"type":"if","locations":[{"start":{"line":106,"column":4},"end":{"line":108,"column":5}},{"start":{},"end":{}}],"line":106},"2":{"loc":{"start":{"line":112,"column":4},"end":{"line":114,"column":5}},"type":"if","locations":[{"start":{"line":112,"column":4},"end":{"line":114,"column":5}},{"start":{},"end":{}}],"line":112},"3":{"loc":{"start":{"line":116,"column":4},"end":{"line":119,"column":5}},"type":"if","locations":[{"start":{"line":116,"column":4},"end":{"line":119,"column":5}},{"start":{},"end":{}}],"line":116},"4":{"loc":{"start":{"line":155,"column":2},"end":{"line":157,"column":3}},"type":"if","locations":[{"start":{"line":155,"column":2},"end":{"line":157,"column":3}},{"start":{},"end":{}}],"line":155},"5":{"loc":{"start":{"line":160,"column":25},"end":{"line":160,"column":81}},"type":"binary-expr","locations":[{"start":{"line":160,"column":25},"end":{"line":160,"column":32}},{"start":{"line":160,"column":36},"end":{"line":160,"column":81}}],"line":160},"6":{"loc":{"start":{"line":164,"column":7},"end":{"line":164,"column":45}},"type":"cond-expr","locations":[{"start":{"line":164,"column":24},"end":{"line":164,"column":38}},{"start":{"line":164,"column":41},"end":{"line":164,"column":45}}],"line":164},"7":{"loc":{"start":{"line":168,"column":32},"end":{"line":168,"column":76}},"type":"cond-expr","locations":[{"start":{"line":168,"column":52},"end":{"line":168,"column":62}},{"start":{"line":168,"column":65},"end":{"line":168,"column":76}}],"line":168}},"s":{"0":0,"1":0,"2":0,"3":0,"4":0,"5":0,"6":0,"7":0,"8":0,"9":0,"10":0,"11":0,"12":0,"13":0,"14":0,"15":0,"16":0,"17":0,"18":0,"19":0,"20":0,"21":0,"22":0,"23":0,"24":0,"25":0,"26":0,"27":0,"28":0,"29":0,"30":0,"31":0,"32":0,"33":0},"f":{"0":0,"1":0,"2":0,"3":0,"4":0,"5":0,"6":0},"b":{"0":[0,0],"1":[0,0],"2":[0,0],"3":[0,0],"4":[0,0],"5":[0,0],"6":[0,0],"7":[0,0]}}
,"/Users/jiezhiyong/GitHub/react-native/app/about.tsx": {"path":"/Users/jiezhiyong/GitHub/react-native/app/about.tsx","statementMap":{"0":{"start":{"line":15,"column":18},"end":{"line":30,"column":1}},"1":{"start":{"line":16,"column":2},"end":{"line":29,"column":4}},"2":{"start":{"line":44,"column":21},"end":{"line":44,"column":57}},"3":{"start":{"line":45,"column":18},"end":{"line":45,"column":51}},"4":{"start":{"line":47,"column":49},"end":{"line":47,"column":69}},"5":{"start":{"line":48,"column":68},"end":{"line":48,"column":83}},"6":{"start":{"line":50,"column":2},"end":{"line":55,"column":24}},"7":{"start":{"line":51,"column":4},"end":{"line":54,"column":5}},"8":{"start":{"line":52,"column":6},"end":{"line":52,"column":30}},"9":{"start":{"line":53,"column":6},"end":{"line":53,"column":28}},"10":{"start":{"line":57,"column":24},"end":{"line":70,"column":3}},"11":{"start":{"line":58,"column":4},"end":{"line":69,"column":5}},"12":{"start":{"line":59,"column":6},"end":{"line":59,"column":41}},"13":{"start":{"line":60,"column":6},"end":{"line":64,"column":7}},"14":{"start":{"line":61,"column":8},"end":{"line":61,"column":42}},"15":{"start":{"line":63,"column":8},"end":{"line":63,"column":24}},"16":{"start":{"line":66,"column":6},"end":{"line":66,"column":38}},"17":{"start":{"line":68,"column":6},"end":{"line":68,"column":42}},"18":{"start":{"line":72,"column":2},"end":{"line":111,"column":4}},"19":{"start":{"line":90,"column":12},"end":{"line":98,"column":13}},"20":{"start":{"line":91,"column":14},"end":{"line":95,"column":15}},"21":{"start":{"line":92,"column":16},"end":{"line":92,"column":49}},"22":{"start":{"line":94,"column":16},"end":{"line":94,"column":52}},"23":{"start":{"line":97,"column":14},"end":{"line":97,"column":43}},"24":{"start":{"line":101,"column":45},"end":{"line":101,"column":60}},"25":{"start":{"line":102,"column":67},"end":{"line":102,"column":102}}},"fnMap":{"0":{"name":"(anonymous_0)","decl":{"start":{"line":15,"column":18},"end":{"line":15,"column":19}},"loc":{"start":{"line":15,"column":73},"end":{"line":30,"column":1}},"line":15},"1":{"name":"AboutScreen","decl":{"start":{"line":43,"column":24},"end":{"line":43,"column":35}},"loc":{"start":{"line":43,"column":38},"end":{"line":112,"column":1}},"line":43},"2":{"name":"(anonymous_2)","decl":{"start":{"line":50,"column":12},"end":{"line":50,"column":13}},"loc":{"start":{"line":50,"column":18},"end":{"line":55,"column":3}},"line":50},"3":{"name":"(anonymous_3)","decl":{"start":{"line":57,"column":24},"end":{"line":57,"column":25}},"loc":{"start":{"line":57,"column":36},"end":{"line":70,"column":3}},"line":57},"4":{"name":"(anonymous_4)","decl":{"start":{"line":89,"column":19},"end":{"line":89,"column":20}},"loc":{"start":{"line":89,"column":31},"end":{"line":99,"column":11}},"line":89},"5":{"name":"(anonymous_5)","decl":{"start":{"line":101,"column":39},"end":{"line":101,"column":40}},"loc":{"start":{"line":101,"column":45},"end":{"line":101,"column":60}},"line":101},"6":{"name":"(anonymous_6)","decl":{"start":{"line":102,"column":61},"end":{"line":102,"column":62}},"loc":{"start":{"line":102,"column":67},"end":{"line":102,"column":102}},"line":102}},"branchMap":{"0":{"loc":{"start":{"line":25,"column":9},"end":{"line":25,"column":70}},"type":"binary-expr","locations":[{"start":{"line":25,"column":9},"end":{"line":25,"column":13}},{"start":{"line":25,"column":17},"end":{"line":25,"column":70}}],"line":25},"1":{"loc":{"start":{"line":27,"column":7},"end":{"line":27,"column":83}},"type":"cond-expr","locations":[{"start":{"line":27,"column":17},"end":{"line":27,"column":38}},{"start":{"line":27,"column":41},"end":{"line":27,"column":83}}],"line":27},"2":{"loc":{"start":{"line":44,"column":21},"end":{"line":44,"column":57}},"type":"binary-expr","locations":[{"start":{"line":44,"column":21},"end":{"line":44,"column":50}},{"start":{"line":44,"column":54},"end":{"line":44,"column":57}}],"line":44},"3":{"loc":{"start":{"line":45,"column":18},"end":{"line":45,"column":51}},"type":"binary-expr","locations":[{"start":{"line":45,"column":18},"end":{"line":45,"column":44}},{"start":{"line":45,"column":48},"end":{"line":45,"column":51}}],"line":45},"4":{"loc":{"start":{"line":51,"column":4},"end":{"line":54,"column":5}},"type":"if","locations":[{"start":{"line":51,"column":4},"end":{"line":54,"column":5}},{"start":{},"end":{}}],"line":51},"5":{"loc":{"start":{"line":60,"column":6},"end":{"line":64,"column":7}},"type":"if","locations":[{"start":{"line":60,"column":6},"end":{"line":64,"column":7}},{"start":{"line":62,"column":13},"end":{"line":64,"column":7}}],"line":60},"6":{"loc":{"start":{"line":88,"column":16},"end":{"line":88,"column":53}},"type":"cond-expr","locations":[{"start":{"line":88,"column":36},"end":{"line":88,"column":42}},{"start":{"line":88,"column":45},"end":{"line":88,"column":53}}],"line":88},"7":{"loc":{"start":{"line":91,"column":14},"end":{"line":95,"column":15}},"type":"if","locations":[{"start":{"line":91,"column":14},"end":{"line":95,"column":15}},{"start":{"line":93,"column":21},"end":{"line":95,"column":15}}],"line":91}},"s":{"0":0,"1":0,"2":0,"3":0,"4":0,"5":0,"6":0,"7":0,"8":0,"9":0,"10":0,"11":0,"12":0,"13":0,"14":0,"15":0,"16":0,"17":0,"18":0,"19":0,"20":0,"21":0,"22":0,"23":0,"24":0,"25":0},"f":{"0":0,"1":0,"2":0,"3":0,"4":0,"5":0,"6":0},"b":{"0":[0,0],"1":[0,0],"2":[0,0],"3":[0,0],"4":[0,0],"5":[0,0],"6":[0,0],"7":[0,0]}}
,"/Users/jiezhiyong/GitHub/react-native/app/create-payment-intent+api.ts": {"path":"/Users/jiezhiyong/GitHub/react-native/app/create-payment-intent+api.ts","statementMap":{"0":{"start":{"line":1,"column":15},"end":{"line":1,"column":75}},"1":{"start":{"line":4,"column":19},"end":{"line":4,"column":39}},"2":{"start":{"line":5,"column":2},"end":{"line":5,"column":49}},"3":{"start":{"line":7,"column":24},"end":{"line":10,"column":4}},"4":{"start":{"line":11,"column":23},"end":{"line":11,"column":50}},"5":{"start":{"line":12,"column":2},"end":{"line":12,"column":41}},"6":{"start":{"line":16,"column":2},"end":{"line":16,"column":91}},"7":{"start":{"line":17,"column":2},"end":{"line":17,"column":91}}},"fnMap":{"0":{"name":"POST","decl":{"start":{"line":3,"column":22},"end":{"line":3,"column":26}},"loc":{"start":{"line":3,"column":45},"end":{"line":13,"column":1}},"line":3},"1":{"name":"GET","decl":{"start":{"line":15,"column":22},"end":{"line":15,"column":25}},"loc":{"start":{"line":15,"column":44},"end":{"line":18,"column":1}},"line":15}},"branchMap":{},"s":{"0":0,"1":0,"2":0,"3":0,"4":0,"5":0,"6":0,"7":0},"f":{"0":0,"1":0},"b":{}}
,"/Users/jiezhiyong/GitHub/react-native/app/deep-link.tsx": {"path":"/Users/jiezhiyong/GitHub/react-native/app/deep-link.tsx","statementMap":{"0":{"start":{"line":16,"column":14},"end":{"line":16,"column":36}},"1":{"start":{"line":18,"column":42},"end":{"line":18,"column":60}},"2":{"start":{"line":19,"column":2},"end":{"line":26,"column":4}}},"fnMap":{"0":{"name":"DeepLink","decl":{"start":{"line":15,"column":24},"end":{"line":15,"column":32}},"loc":{"start":{"line":15,"column":35},"end":{"line":27,"column":1}},"line":15}},"branchMap":{"0":{"loc":{"start":{"line":16,"column":14},"end":{"line":16,"column":36}},"type":"binary-expr","locations":[{"start":{"line":16,"column":14},"end":{"line":16,"column":30}},{"start":{"line":16,"column":34},"end":{"line":16,"column":36}}],"line":16}},"s":{"0":0,"1":0,"2":0},"f":{"0":0},"b":{"0":[0,0]}}
,"/Users/jiezhiyong/GitHub/react-native/app/destroy-account.tsx": {"path":"/Users/jiezhiyong/GitHub/react-native/app/destroy-account.tsx","statementMap":{"0":{"start":{"line":18,"column":29},"end":{"line":23,"column":2}},"1":{"start":{"line":20,"column":46},"end":{"line":20,"column":58}},"2":{"start":{"line":32,"column":42},"end":{"line":32,"column":57}},"3":{"start":{"line":33,"column":22},"end":{"line":33,"column":36}},"4":{"start":{"line":39,"column":6},"end":{"line":45,"column":4}},"5":{"start":{"line":47,"column":19},"end":{"line":98,"column":3}},"6":{"start":{"line":48,"column":4},"end":{"line":97,"column":5}},"7":{"start":{"line":49,"column":6},"end":{"line":49,"column":28}},"8":{"start":{"line":52,"column":6},"end":{"line":90,"column":8}},"9":{"start":{"line":59,"column":27},"end":{"line":59,"column":49}},"10":{"start":{"line":65,"column":14},"end":{"line":85,"column":15}},"11":{"start":{"line":70,"column":16},"end":{"line":70,"column":74}},"12":{"start":{"line":70,"column":47},"end":{"line":70,"column":72}},"13":{"start":{"line":72,"column":16},"end":{"line":74,"column":19}},"14":{"start":{"line":77,"column":16},"end":{"line":77,"column":26}},"15":{"start":{"line":78,"column":16},"end":{"line":78,"column":36}},"16":{"start":{"line":80,"column":16},"end":{"line":80,"column":48}},"17":{"start":{"line":81,"column":16},"end":{"line":83,"column":19}},"18":{"start":{"line":84,"column":16},"end":{"line":84,"column":39}},"19":{"start":{"line":92,"column":6},"end":{"line":92,"column":38}},"20":{"start":{"line":93,"column":6},"end":{"line":95,"column":9}},"21":{"start":{"line":96,"column":6},"end":{"line":96,"column":29}},"22":{"start":{"line":100,"column":2},"end":{"line":162,"column":4}},"23":{"start":{"line":127,"column":14},"end":{"line":135,"column":16}},"24":{"start":{"line":146,"column":14},"end":{"line":151,"column":21}}},"fnMap":{"0":{"name":"(anonymous_0)","decl":{"start":{"line":20,"column":37},"end":{"line":20,"column":38}},"loc":{"start":{"line":20,"column":46},"end":{"line":20,"column":58}},"line":20},"1":{"name":"DestroyAccountScreen","decl":{"start":{"line":31,"column":24},"end":{"line":31,"column":44}},"loc":{"start":{"line":31,"column":47},"end":{"line":163,"column":1}},"line":31},"2":{"name":"(anonymous_2)","decl":{"start":{"line":47,"column":19},"end":{"line":47,"column":20}},"loc":{"start":{"line":47,"column":61},"end":{"line":98,"column":3}},"line":47},"3":{"name":"(anonymous_3)","decl":{"start":{"line":59,"column":21},"end":{"line":59,"column":22}},"loc":{"start":{"line":59,"column":27},"end":{"line":59,"column":49}},"line":59},"4":{"name":"(anonymous_4)","decl":{"start":{"line":64,"column":21},"end":{"line":64,"column":22}},"loc":{"start":{"line":64,"column":33},"end":{"line":86,"column":13}},"line":64},"5":{"name":"(anonymous_5)","decl":{"start":{"line":70,"column":34},"end":{"line":70,"column":35}},"loc":{"start":{"line":70,"column":47},"end":{"line":70,"column":72}},"line":70},"6":{"name":"(anonymous_6)","decl":{"start":{"line":126,"column":20},"end":{"line":126,"column":21}},"loc":{"start":{"line":127,"column":14},"end":{"line":135,"column":16}},"line":127},"7":{"name":"(anonymous_7)","decl":{"start":{"line":145,"column":20},"end":{"line":145,"column":21}},"loc":{"start":{"line":146,"column":14},"end":{"line":151,"column":21}},"line":146}},"branchMap":{"0":{"loc":{"start":{"line":134,"column":30},"end":{"line":134,"column":71}},"type":"binary-expr","locations":[{"start":{"line":134,"column":30},"end":{"line":134,"column":47}},{"start":{"line":134,"column":51},"end":{"line":134,"column":71}}],"line":134},"1":{"loc":{"start":{"line":148,"column":67},"end":{"line":148,"column":114}},"type":"cond-expr","locations":[{"start":{"line":148,"column":91},"end":{"line":148,"column":109}},{"start":{"line":148,"column":112},"end":{"line":148,"column":114}}],"line":148},"2":{"loc":{"start":{"line":158,"column":11},"end":{"line":158,"column":115}},"type":"cond-expr","locations":[{"start":{"line":158,"column":26},"end":{"line":158,"column":93}},{"start":{"line":158,"column":96},"end":{"line":158,"column":115}}],"line":158}},"s":{"0":0,"1":0,"2":0,"3":0,"4":0,"5":0,"6":0,"7":0,"8":0,"9":0,"10":0,"11":0,"12":0,"13":0,"14":0,"15":0,"16":0,"17":0,"18":0,"19":0,"20":0,"21":0,"22":0,"23":0,"24":0},"f":{"0":0,"1":0,"2":0,"3":0,"4":0,"5":0,"6":0,"7":0},"b":{"0":[0,0],"1":[0,0],"2":[0,0]}}
,"/Users/jiezhiyong/GitHub/react-native/app/exchange-github-auth-code+api.ts": {"path":"/Users/jiezhiyong/GitHub/react-native/app/exchange-github-auth-code+api.ts","statementMap":{"0":{"start":{"line":6,"column":19},"end":{"line":6,"column":39}},"1":{"start":{"line":8,"column":25},"end":{"line":8,"column":47}},"2":{"start":{"line":9,"column":19},"end":{"line":20,"column":4}},"3":{"start":{"line":22,"column":14},"end":{"line":22,"column":35}},"4":{"start":{"line":24,"column":2},"end":{"line":24,"column":28}}},"fnMap":{"0":{"name":"POST","decl":{"start":{"line":5,"column":22},"end":{"line":5,"column":26}},"loc":{"start":{"line":5,"column":45},"end":{"line":25,"column":1}},"line":5}},"branchMap":{},"s":{"0":0,"1":0,"2":0,"3":0,"4":0},"f":{"0":0},"b":{}}
,"/Users/jiezhiyong/GitHub/react-native/app/feedback.tsx": {"path":"/Users/jiezhiyong/GitHub/react-native/app/feedback.tsx","statementMap":{"0":{"start":{"line":12,"column":22},"end":{"line":12,"column":74}},"1":{"start":{"line":16,"column":17},"end":{"line":16,"column":28}},"2":{"start":{"line":17,"column":42},"end":{"line":17,"column":89}},"3":{"start":{"line":18,"column":28},"end":{"line":18,"column":40}},"4":{"start":{"line":19,"column":32},"end":{"line":19,"column":44}},"5":{"start":{"line":21,"column":27},"end":{"line":23,"column":3}},"6":{"start":{"line":22,"column":4},"end":{"line":22,"column":26}},"7":{"start":{"line":25,"column":23},"end":{"line":29,"column":3}},"8":{"start":{"line":26,"column":4},"end":{"line":26,"column":58}},"9":{"start":{"line":27,"column":4},"end":{"line":27,"column":19}},"10":{"start":{"line":28,"column":4},"end":{"line":28,"column":18}},"11":{"start":{"line":31,"column":2},"end":{"line":99,"column":4}},"12":{"start":{"line":42,"column":16},"end":{"line":47,"column":18}},"13":{"start":{"line":46,"column":33},"end":{"line":46,"column":55}},"14":{"start":{"line":108,"column":19},"end":{"line":117,"column":1}},"15":{"start":{"line":109,"column":2},"end":{"line":116,"column":4}}},"fnMap":{"0":{"name":"FeedbackScreen","decl":{"start":{"line":15,"column":24},"end":{"line":15,"column":38}},"loc":{"start":{"line":15,"column":41},"end":{"line":100,"column":1}},"line":15},"1":{"name":"(anonymous_1)","decl":{"start":{"line":21,"column":27},"end":{"line":21,"column":28}},"loc":{"start":{"line":21,"column":51},"end":{"line":23,"column":3}},"line":21},"2":{"name":"(anonymous_2)","decl":{"start":{"line":25,"column":23},"end":{"line":25,"column":24}},"loc":{"start":{"line":25,"column":29},"end":{"line":29,"column":3}},"line":25},"3":{"name":"(anonymous_3)","decl":{"start":{"line":41,"column":33},"end":{"line":41,"column":34}},"loc":{"start":{"line":42,"column":16},"end":{"line":47,"column":18}},"line":42},"4":{"name":"(anonymous_4)","decl":{"start":{"line":46,"column":27},"end":{"line":46,"column":28}},"loc":{"start":{"line":46,"column":33},"end":{"line":46,"column":55}},"line":46},"5":{"name":"(anonymous_5)","decl":{"start":{"line":108,"column":19},"end":{"line":108,"column":20}},"loc":{"start":{"line":108,"column":72},"end":{"line":117,"column":1}},"line":108}},"branchMap":{"0":{"loc":{"start":{"line":32,"column":36},"end":{"line":32,"column":80}},"type":"cond-expr","locations":[{"start":{"line":32,"column":60},"end":{"line":32,"column":69}},{"start":{"line":32,"column":72},"end":{"line":32,"column":80}}],"line":32},"1":{"loc":{"start":{"line":111,"column":52},"end":{"line":111,"column":119}},"type":"cond-expr","locations":[{"start":{"line":111,"column":65},"end":{"line":111,"column":92}},{"start":{"line":111,"column":95},"end":{"line":111,"column":119}}],"line":111},"2":{"loc":{"start":{"line":114,"column":34},"end":{"line":114,"column":102}},"type":"cond-expr","locations":[{"start":{"line":114,"column":47},"end":{"line":114,"column":72}},{"start":{"line":114,"column":75},"end":{"line":114,"column":102}}],"line":114}},"s":{"0":0,"1":0,"2":0,"3":0,"4":0,"5":0,"6":0,"7":0,"8":0,"9":0,"10":0,"11":0,"12":0,"13":0,"14":0,"15":0},"f":{"0":0,"1":0,"2":0,"3":0,"4":0,"5":0},"b":{"0":[0,0],"1":[0,0],"2":[0,0]}}
,"/Users/jiezhiyong/GitHub/react-native/app/jest.tsx": {"path":"/Users/jiezhiyong/GitHub/react-native/app/jest.tsx","statementMap":{"0":{"start":{"line":4,"column":26},"end":{"line":4,"column":86}},"1":{"start":{"line":4,"column":63},"end":{"line":4,"column":86}},"2":{"start":{"line":7,"column":2},"end":{"line":11,"column":4}},"3":{"start":{"line":14,"column":15},"end":{"line":21,"column":2}}},"fnMap":{"0":{"name":"(anonymous_0)","decl":{"start":{"line":4,"column":26},"end":{"line":4,"column":27}},"loc":{"start":{"line":4,"column":63},"end":{"line":4,"column":86}},"line":4},"1":{"name":"HomeScreen","decl":{"start":{"line":6,"column":24},"end":{"line":6,"column":34}},"loc":{"start":{"line":6,"column":37},"end":{"line":12,"column":1}},"line":6}},"branchMap":{},"s":{"0":1,"1":2,"2":1,"3":1},"f":{"0":2,"1":1},"b":{},"_coverageSchema":"1a1c01bbd47fc00a2c39e90264f33305004495a9","hash":"f32833b8271619e7af04788c8e31973350350cf8"}
,"/Users/jiezhiyong/GitHub/react-native/app/login.tsx": {"path":"/Users/jiezhiyong/GitHub/react-native/app/login.tsx","statementMap":{"0":{"start":{"line":13,"column":23},"end":{"line":13,"column":45}},"1":{"start":{"line":14,"column":18},"end":{"line":18,"column":1}},"2":{"start":{"line":21,"column":17},"end":{"line":21,"column":28}},"3":{"start":{"line":22,"column":21},"end":{"line":22,"column":30}},"4":{"start":{"line":23,"column":34},"end":{"line":23,"column":60}},"5":{"start":{"line":24,"column":34},"end":{"line":24,"column":52}},"6":{"start":{"line":25,"column":36},"end":{"line":25,"column":51}},"7":{"start":{"line":28,"column":43},"end":{"line":37,"column":3}},"8":{"start":{"line":40,"column":29},"end":{"line":64,"column":3}},"9":{"start":{"line":42,"column":6},"end":{"line":61,"column":7}},"10":{"start":{"line":43,"column":25},"end":{"line":49,"column":10}},"11":{"start":{"line":50,"column":20},"end":{"line":50,"column":41}},"12":{"start":{"line":51,"column":8},"end":{"line":51,"column":25}},"13":{"start":{"line":52,"column":32},"end":{"line":52,"column":35}},"14":{"start":{"line":55,"column":8},"end":{"line":55,"column":38}},"15":{"start":{"line":58,"column":8},"end":{"line":58,"column":44}},"16":{"start":{"line":60,"column":8},"end":{"line":60,"column":44}},"17":{"start":{"line":67,"column":2},"end":{"line":72,"column":37}},"18":{"start":{"line":68,"column":4},"end":{"line":71,"column":5}},"19":{"start":{"line":69,"column":23},"end":{"line":69,"column":38}},"20":{"start":{"line":70,"column":6},"end":{"line":70,"column":31}},"21":{"start":{"line":75,"column":22},"end":{"line":91,"column":3}},"22":{"start":{"line":76,"column":4},"end":{"line":79,"column":5}},"23":{"start":{"line":77,"column":6},"end":{"line":77,"column":25}},"24":{"start":{"line":78,"column":6},"end":{"line":78,"column":13}},"25":{"start":{"line":81,"column":4},"end":{"line":81,"column":23}},"26":{"start":{"line":82,"column":4},"end":{"line":90,"column":5}},"27":{"start":{"line":83,"column":6},"end":{"line":83,"column":43}},"28":{"start":{"line":84,"column":6},"end":{"line":84,"column":20}},"29":{"start":{"line":86,"column":6},"end":{"line":86,"column":36}},"30":{"start":{"line":87,"column":6},"end":{"line":87,"column":30}},"31":{"start":{"line":89,"column":6},"end":{"line":89,"column":26}},"32":{"start":{"line":93,"column":22},"end":{"line":93,"column":40}},"33":{"start":{"line":94,"column":2},"end":{"line":129,"column":4}},"34":{"start":{"line":114,"column":23},"end":{"line":114,"column":36}}},"fnMap":{"0":{"name":"LoginScreen","decl":{"start":{"line":20,"column":24},"end":{"line":20,"column":35}},"loc":{"start":{"line":20,"column":38},"end":{"line":130,"column":1}},"line":20},"1":{"name":"(anonymous_1)","decl":{"start":{"line":41,"column":4},"end":{"line":41,"column":5}},"loc":{"start":{"line":41,"column":28},"end":{"line":62,"column":5}},"line":41},"2":{"name":"(anonymous_2)","decl":{"start":{"line":67,"column":12},"end":{"line":67,"column":13}},"loc":{"start":{"line":67,"column":18},"end":{"line":72,"column":3}},"line":67},"3":{"name":"(anonymous_3)","decl":{"start":{"line":75,"column":22},"end":{"line":75,"column":23}},"loc":{"start":{"line":75,"column":34},"end":{"line":91,"column":3}},"line":75},"4":{"name":"(anonymous_4)","decl":{"start":{"line":114,"column":17},"end":{"line":114,"column":18}},"loc":{"start":{"line":114,"column":23},"end":{"line":114,"column":36}},"line":114}},"branchMap":{"0":{"loc":{"start":{"line":68,"column":4},"end":{"line":71,"column":5}},"type":"if","locations":[{"start":{"line":68,"column":4},"end":{"line":71,"column":5}},{"start":{},"end":{}}],"line":68},"1":{"loc":{"start":{"line":76,"column":4},"end":{"line":79,"column":5}},"type":"if","locations":[{"start":{"line":76,"column":4},"end":{"line":79,"column":5}},{"start":{},"end":{}}],"line":76},"2":{"loc":{"start":{"line":76,"column":8},"end":{"line":76,"column":30}},"type":"binary-expr","locations":[{"start":{"line":76,"column":8},"end":{"line":76,"column":17}},{"start":{"line":76,"column":21},"end":{"line":76,"column":30}}],"line":76},"3":{"loc":{"start":{"line":103,"column":9},"end":{"line":103,"column":89}},"type":"cond-expr","locations":[{"start":{"line":103,"column":21},"end":{"line":103,"column":71}},{"start":{"line":103,"column":74},"end":{"line":103,"column":89}}],"line":103},"4":{"loc":{"start":{"line":113,"column":18},"end":{"line":113,"column":39}},"type":"binary-expr","locations":[{"start":{"line":113,"column":18},"end":{"line":113,"column":26}},{"start":{"line":113,"column":30},"end":{"line":113,"column":39}}],"line":113},"5":{"loc":{"start":{"line":121,"column":7},"end":{"line":127,"column":7}},"type":"binary-expr","locations":[{"start":{"line":121,"column":7},"end":{"line":121,"column":18}},{"start":{"line":122,"column":8},"end":{"line":126,"column":15}}],"line":121}},"s":{"0":0,"1":0,"2":0,"3":0,"4":0,"5":0,"6":0,"7":0,"8":0,"9":0,"10":0,"11":0,"12":0,"13":0,"14":0,"15":0,"16":0,"17":0,"18":0,"19":0,"20":0,"21":0,"22":0,"23":0,"24":0,"25":0,"26":0,"27":0,"28":0,"29":0,"30":0,"31":0,"32":0,"33":0,"34":0},"f":{"0":0,"1":0,"2":0,"3":0,"4":0},"b":{"0":[0,0],"1":[0,0],"2":[0,0],"3":[0,0],"4":[0,0],"5":[0,0]}}
,"/Users/jiezhiyong/GitHub/react-native/app/media-viewer.tsx": {"path":"/Users/jiezhiyong/GitHub/react-native/app/media-viewer.tsx","statementMap":{"0":{"start":{"line":13,"column":17},"end":{"line":13,"column":70}},"1":{"start":{"line":14,"column":24},"end":{"line":14,"column":30}},"2":{"start":{"line":15,"column":36},"end":{"line":15,"column":51}},"3":{"start":{"line":16,"column":28},"end":{"line":16,"column":57}},"4":{"start":{"line":17,"column":44},"end":{"line":17,"column":59}},"5":{"start":{"line":20,"column":17},"end":{"line":23,"column":4}},"6":{"start":{"line":21,"column":4},"end":{"line":21,"column":24}},"7":{"start":{"line":22,"column":4},"end":{"line":22,"column":18}},"8":{"start":{"line":26,"column":2},"end":{"line":33,"column":9}},"9":{"start":{"line":27,"column":4},"end":{"line":32,"column":9}},"10":{"start":{"line":28,"column":6},"end":{"line":31,"column":7}},"11":{"start":{"line":29,"column":27},"end":{"line":29,"column":71}},"12":{"start":{"line":30,"column":8},"end":{"line":30,"column":62}},"13":{"start":{"line":36,"column":26},"end":{"line":38,"column":3}},"14":{"start":{"line":37,"column":4},"end":{"line":37,"column":24}},"15":{"start":{"line":41,"column":27},"end":{"line":44,"column":3}},"16":{"start":{"line":42,"column":4},"end":{"line":42,"column":20}},"17":{"start":{"line":43,"column":4},"end":{"line":43,"column":24}},"18":{"start":{"line":47,"column":25},"end":{"line":74,"column":3}},"19":{"start":{"line":48,"column":4},"end":{"line":73,"column":5}},"20":{"start":{"line":49,"column":6},"end":{"line":52,"column":7}},"21":{"start":{"line":50,"column":8},"end":{"line":50,"column":29}},"22":{"start":{"line":51,"column":8},"end":{"line":51,"column":15}},"23":{"start":{"line":54,"column":6},"end":{"line":61,"column":7}},"24":{"start":{"line":55,"column":27},"end":{"line":55,"column":71}},"25":{"start":{"line":56,"column":8},"end":{"line":59,"column":9}},"26":{"start":{"line":57,"column":10},"end":{"line":57,"column":35}},"27":{"start":{"line":58,"column":10},"end":{"line":58,"column":17}},"28":{"start":{"line":60,"column":8},"end":{"line":60,"column":31}},"29":{"start":{"line":63,"column":6},"end":{"line":63,"column":25}},"30":{"start":{"line":66,"column":19},"end":{"line":66,"column":32}},"31":{"start":{"line":67,"column":6},"end":{"line":67,"column":54}},"32":{"start":{"line":68,"column":6},"end":{"line":68,"column":26}},"33":{"start":{"line":69,"column":6},"end":{"line":69,"column":26}},"34":{"start":{"line":71,"column":6},"end":{"line":71,"column":40}},"35":{"start":{"line":72,"column":6},"end":{"line":72,"column":26}},"36":{"start":{"line":77,"column":22},"end":{"line":103,"column":3}},"37":{"start":{"line":78,"column":4},"end":{"line":102,"column":5}},"38":{"start":{"line":79,"column":6},"end":{"line":82,"column":7}},"39":{"start":{"line":80,"column":8},"end":{"line":80,"column":29}},"40":{"start":{"line":81,"column":8},"end":{"line":81,"column":15}},"41":{"start":{"line":84,"column":6},"end":{"line":84,"column":25}},"42":{"start":{"line":87,"column":23},"end":{"line":87,"column":55}},"43":{"start":{"line":88,"column":6},"end":{"line":92,"column":7}},"44":{"start":{"line":89,"column":8},"end":{"line":89,"column":31}},"45":{"start":{"line":90,"column":8},"end":{"line":90,"column":28}},"46":{"start":{"line":91,"column":8},"end":{"line":91,"column":15}},"47":{"start":{"line":95,"column":19},"end":{"line":95,"column":32}},"48":{"start":{"line":96,"column":6},"end":{"line":96,"column":41}},"49":{"start":{"line":98,"column":6},"end":{"line":98,"column":26}},"50":{"start":{"line":100,"column":6},"end":{"line":100,"column":65}},"51":{"start":{"line":101,"column":6},"end":{"line":101,"column":26}},"52":{"start":{"line":105,"column":2},"end":{"line":155,"column":4}},"53":{"start":{"line":111,"column":12},"end":{"line":119,"column":19}},"54":{"start":{"line":144,"column":27},"end":{"line":144,"column":53}},"55":{"start":{"line":158,"column":15},"end":{"line":167,"column":2}}},"fnMap":{"0":{"name":"MediaViewerScreen","decl":{"start":{"line":12,"column":24},"end":{"line":12,"column":41}},"loc":{"start":{"line":12,"column":44},"end":{"line":156,"column":1}},"line":12},"1":{"name":"(anonymous_1)","decl":{"start":{"line":20,"column":37},"end":{"line":20,"column":38}},"loc":{"start":{"line":20,"column":49},"end":{"line":23,"column":3}},"line":20},"2":{"name":"(anonymous_2)","decl":{"start":{"line":26,"column":12},"end":{"line":26,"column":13}},"loc":{"start":{"line":26,"column":18},"end":{"line":33,"column":3}},"line":26},"3":{"name":"(anonymous_3)","decl":{"start":{"line":27,"column":5},"end":{"line":27,"column":6}},"loc":{"start":{"line":27,"column":17},"end":{"line":32,"column":5}},"line":27},"4":{"name":"(anonymous_4)","decl":{"start":{"line":36,"column":26},"end":{"line":36,"column":27}},"loc":{"start":{"line":36,"column":32},"end":{"line":38,"column":3}},"line":36},"5":{"name":"(anonymous_5)","decl":{"start":{"line":41,"column":27},"end":{"line":41,"column":28}},"loc":{"start":{"line":41,"column":46},"end":{"line":44,"column":3}},"line":41},"6":{"name":"(anonymous_6)","decl":{"start":{"line":47,"column":25},"end":{"line":47,"column":26}},"loc":{"start":{"line":47,"column":37},"end":{"line":74,"column":3}},"line":47},"7":{"name":"(anonymous_7)","decl":{"start":{"line":77,"column":22},"end":{"line":77,"column":23}},"loc":{"start":{"line":77,"column":34},"end":{"line":103,"column":3}},"line":77},"8":{"name":"(anonymous_8)","decl":{"start":{"line":110,"column":23},"end":{"line":110,"column":24}},"loc":{"start":{"line":111,"column":12},"end":{"line":119,"column":19}},"line":111},"9":{"name":"(anonymous_9)","decl":{"start":{"line":144,"column":21},"end":{"line":144,"column":22}},"loc":{"start":{"line":144,"column":27},"end":{"line":144,"column":53}},"line":144}},"branchMap":{"0":{"loc":{"start":{"line":28,"column":6},"end":{"line":31,"column":7}},"type":"if","locations":[{"start":{"line":28,"column":6},"end":{"line":31,"column":7}},{"start":{},"end":{}}],"line":28},"1":{"loc":{"start":{"line":49,"column":6},"end":{"line":52,"column":7}},"type":"if","locations":[{"start":{"line":49,"column":6},"end":{"line":52,"column":7}},{"start":{},"end":{}}],"line":49},"2":{"loc":{"start":{"line":54,"column":6},"end":{"line":61,"column":7}},"type":"if","locations":[{"start":{"line":54,"column":6},"end":{"line":61,"column":7}},{"start":{},"end":{}}],"line":54},"3":{"loc":{"start":{"line":56,"column":8},"end":{"line":59,"column":9}},"type":"if","locations":[{"start":{"line":56,"column":8},"end":{"line":59,"column":9}},{"start":{},"end":{}}],"line":56},"4":{"loc":{"start":{"line":79,"column":6},"end":{"line":82,"column":7}},"type":"if","locations":[{"start":{"line":79,"column":6},"end":{"line":82,"column":7}},{"start":{},"end":{}}],"line":79},"5":{"loc":{"start":{"line":88,"column":6},"end":{"line":92,"column":7}},"type":"if","locations":[{"start":{"line":88,"column":6},"end":{"line":92,"column":7}},{"start":{},"end":{}}],"line":88},"6":{"loc":{"start":{"line":100,"column":15},"end":{"line":100,"column":63}},"type":"cond-expr","locations":[{"start":{"line":100,"column":38},"end":{"line":100,"column":49}},{"start":{"line":100,"column":52},"end":{"line":100,"column":63}}],"line":100},"7":{"loc":{"start":{"line":126,"column":9},"end":{"line":130,"column":9}},"type":"binary-expr","locations":[{"start":{"line":126,"column":9},"end":{"line":126,"column":18}},{"start":{"line":127,"column":10},"end":{"line":129,"column":17}}],"line":126},"8":{"loc":{"start":{"line":132,"column":9},"end":{"line":136,"column":9}},"type":"binary-expr","locations":[{"start":{"line":132,"column":9},"end":{"line":132,"column":14}},{"start":{"line":133,"column":10},"end":{"line":135,"column":17}}],"line":132},"9":{"loc":{"start":{"line":138,"column":9},"end":{"line":146,"column":9}},"type":"binary-expr","locations":[{"start":{"line":138,"column":9},"end":{"line":138,"column":12}},{"start":{"line":138,"column":16},"end":{"line":138,"column":32}},{"start":{"line":138,"column":36},"end":{"line":138,"column":42}},{"start":{"line":139,"column":10},"end":{"line":145,"column":12}}],"line":138},"10":{"loc":{"start":{"line":148,"column":9},"end":{"line":152,"column":9}},"type":"binary-expr","locations":[{"start":{"line":148,"column":9},"end":{"line":148,"column":12}},{"start":{"line":148,"column":16},"end":{"line":148,"column":32}},{"start":{"line":148,"column":36},"end":{"line":148,"column":42}},{"start":{"line":149,"column":10},"end":{"line":151,"column":17}}],"line":148}},"s":{"0":0,"1":0,"2":0,"3":0,"4":0,"5":0,"6":0,"7":0,"8":0,"9":0,"10":0,"11":0,"12":0,"13":0,"14":0,"15":0,"16":0,"17":0,"18":0,"19":0,"20":0,"21":0,"22":0,"23":0,"24":0,"25":0,"26":0,"27":0,"28":0,"29":0,"30":0,"31":0,"32":0,"33":0,"34":0,"35":0,"36":0,"37":0,"38":0,"39":0,"40":0,"41":0,"42":0,"43":0,"44":0,"45":0,"46":0,"47":0,"48":0,"49":0,"50":0,"51":0,"52":0,"53":0,"54":0,"55":0},"f":{"0":0,"1":0,"2":0,"3":0,"4":0,"5":0,"6":0,"7":0,"8":0,"9":0},"b":{"0":[0,0],"1":[0,0],"2":[0,0],"3":[0,0],"4":[0,0],"5":[0,0],"6":[0,0],"7":[0,0],"8":[0,0],"9":[0,0,0,0],"10":[0,0,0,0]}}
,"/Users/jiezhiyong/GitHub/react-native/app/notice.tsx": {"path":"/Users/jiezhiyong/GitHub/react-native/app/notice.tsx","statementMap":{"0":{"start":{"line":37,"column":23},"end":{"line":95,"column":3}},"1":{"start":{"line":37,"column":58},"end":{"line":95,"column":1}},"2":{"start":{"line":46,"column":4},"end":{"line":46,"column":48}},"3":{"start":{"line":48,"column":4},"end":{"line":86,"column":5}},"4":{"start":{"line":50,"column":6},"end":{"line":50,"column":64}},"5":{"start":{"line":50,"column":37},"end":{"line":50,"column":62}},"6":{"start":{"line":53,"column":23},"end":{"line":53,"column":25}},"7":{"start":{"line":54,"column":33},"end":{"line":68,"column":8}},"8":{"start":{"line":55,"column":19},"end":{"line":55,"column":48}},"9":{"start":{"line":57,"column":24},"end":{"line":57,"column":54}},"10":{"start":{"line":58,"column":21},"end":{"line":58,"column":31}},"11":{"start":{"line":59,"column":8},"end":{"line":59,"column":47}},"12":{"start":{"line":61,"column":8},"end":{"line":67,"column":10}},"13":{"start":{"line":71,"column":22},"end":{"line":71,"column":30}},"14":{"start":{"line":73,"column":6},"end":{"line":81,"column":7}},"15":{"start":{"line":74,"column":8},"end":{"line":74,"column":60}},"16":{"start":{"line":76,"column":8},"end":{"line":80,"column":12}},"17":{"start":{"line":76,"column":24},"end":{"line":80,"column":9}},"18":{"start":{"line":83,"column":6},"end":{"line":83,"column":38}},"19":{"start":{"line":85,"column":6},"end":{"line":85,"column":49}},"20":{"start":{"line":91,"column":4},"end":{"line":93,"column":8}},"21":{"start":{"line":91,"column":20},"end":{"line":93,"column":5}},"22":{"start":{"line":92,"column":46},"end":{"line":92,"column":101}},"23":{"start":{"line":98,"column":21},"end":{"line":107,"column":1}},"24":{"start":{"line":99,"column":15},"end":{"line":99,"column":32}},"25":{"start":{"line":101,"column":2},"end":{"line":101,"column":33}},"26":{"start":{"line":101,"column":21},"end":{"line":101,"column":33}},"27":{"start":{"line":102,"column":2},"end":{"line":102,"column":37}},"28":{"start":{"line":102,"column":25},"end":{"line":102,"column":37}},"29":{"start":{"line":103,"column":2},"end":{"line":103,"column":36}},"30":{"start":{"line":103,"column":24},"end":{"line":103,"column":36}},"31":{"start":{"line":104,"column":2},"end":{"line":104,"column":37}},"32":{"start":{"line":104,"column":25},"end":{"line":104,"column":37}},"33":{"start":{"line":106,"column":2},"end":{"line":106,"column":52}},"34":{"start":{"line":110,"column":19},"end":{"line":128,"column":1}},"35":{"start":{"line":111,"column":2},"end":{"line":127,"column":4}},"36":{"start":{"line":131,"column":24},"end":{"line":136,"column":1}},"37":{"start":{"line":132,"column":2},"end":{"line":135,"column":9}},"38":{"start":{"line":139,"column":91},"end":{"line":139,"column":107}},"39":{"start":{"line":142,"column":46},"end":{"line":142,"column":76}},"40":{"start":{"line":145,"column":2},"end":{"line":147,"column":21}},"41":{"start":{"line":146,"column":4},"end":{"line":146,"column":20}},"42":{"start":{"line":150,"column":2},"end":{"line":181,"column":16}},"43":{"start":{"line":151,"column":4},"end":{"line":151,"column":37}},"44":{"start":{"line":151,"column":30},"end":{"line":151,"column":37}},"45":{"start":{"line":153,"column":45},"end":{"line":153,"column":47}},"46":{"start":{"line":155,"column":4},"end":{"line":161,"column":7}},"47":{"start":{"line":156,"column":24},"end":{"line":156,"column":54}},"48":{"start":{"line":157,"column":6},"end":{"line":159,"column":7}},"49":{"start":{"line":158,"column":8},"end":{"line":158,"column":31}},"50":{"start":{"line":160,"column":6},"end":{"line":160,"column":37}},"51":{"start":{"line":164,"column":25},"end":{"line":178,"column":8}},"52":{"start":{"line":165,"column":30},"end":{"line":165,"column":44}},"53":{"start":{"line":168,"column":22},"end":{"line":168,"column":46}},"54":{"start":{"line":169,"column":23},"end":{"line":169,"column":44}},"55":{"start":{"line":170,"column":23},"end":{"line":170,"column":44}},"56":{"start":{"line":172,"column":8},"end":{"line":172,"column":67}},"57":{"start":{"line":172,"column":44},"end":{"line":172,"column":67}},"58":{"start":{"line":173,"column":8},"end":{"line":173,"column":37}},"59":{"start":{"line":173,"column":27},"end":{"line":173,"column":37}},"60":{"start":{"line":174,"column":8},"end":{"line":174,"column":36}},"61":{"start":{"line":174,"column":27},"end":{"line":174,"column":36}},"62":{"start":{"line":177,"column":8},"end":{"line":177,"column":44}},"63":{"start":{"line":180,"column":4},"end":{"line":180,"column":36}},"64":{"start":{"line":184,"column":20},"end":{"line":186,"column":20}},"65":{"start":{"line":185,"column":4},"end":{"line":185,"column":26}},"66":{"start":{"line":189,"column":19},"end":{"line":192,"column":51}},"67":{"start":{"line":190,"column":4},"end":{"line":190,"column":36}},"68":{"start":{"line":190,"column":29},"end":{"line":190,"column":36}},"69":{"start":{"line":191,"column":4},"end":{"line":191,"column":34}},"70":{"start":{"line":195,"column":28},"end":{"line":200,"column":3}},"71":{"start":{"line":197,"column":6},"end":{"line":197,"column":21}},"72":{"start":{"line":203,"column":24},"end":{"line":213,"column":3}},"73":{"start":{"line":205,"column":6},"end":{"line":210,"column":13}},"74":{"start":{"line":208,"column":10},"end":{"line":208,"column":95}},"75":{"start":{"line":208,"column":63},"end":{"line":208,"column":91}},"76":{"start":{"line":216,"column":23},"end":{"line":224,"column":27}},"77":{"start":{"line":217,"column":4},"end":{"line":217,"column":44}},"78":{"start":{"line":217,"column":32},"end":{"line":217,"column":44}},"79":{"start":{"line":219,"column":4},"end":{"line":223,"column":6}},"80":{"start":{"line":227,"column":22},"end":{"line":236,"column":27}},"81":{"start":{"line":228,"column":4},"end":{"line":228,"column":43}},"82":{"start":{"line":228,"column":31},"end":{"line":228,"column":43}},"83":{"start":{"line":230,"column":4},"end":{"line":235,"column":6}},"84":{"start":{"line":238,"column":2},"end":{"line":261,"column":4}},"85":{"start":{"line":251,"column":34},"end":{"line":251,"column":43}}},"fnMap":{"0":{"name":"(anonymous_0)","decl":{"start":{"line":37,"column":43},"end":{"line":37,"column":44}},"loc":{"start":{"line":37,"column":58},"end":{"line":95,"column":1}},"line":37},"1":{"name":"(anonymous_1)","decl":{"start":{"line":45,"column":16},"end":{"line":45,"column":17}},"loc":{"start":{"line":45,"column":57},"end":{"line":87,"column":3}},"line":45},"2":{"name":"(anonymous_2)","decl":{"start":{"line":50,"column":24},"end":{"line":50,"column":25}},"loc":{"start":{"line":50,"column":37},"end":{"line":50,"column":62}},"line":50},"3":{"name":"(anonymous_3)","decl":{"start":{"line":54,"column":66},"end":{"line":54,"column":67}},"loc":{"start":{"line":54,"column":76},"end":{"line":68,"column":7}},"line":54},"4":{"name":"(anonymous_4)","decl":{"start":{"line":76,"column":12},"end":{"line":76,"column":13}},"loc":{"start":{"line":76,"column":24},"end":{"line":80,"column":9}},"line":76},"5":{"name":"(anonymous_5)","decl":{"start":{"line":90,"column":14},"end":{"line":90,"column":15}},"loc":{"start":{"line":90,"column":30},"end":{"line":94,"column":3}},"line":90},"6":{"name":"(anonymous_6)","decl":{"start":{"line":91,"column":8},"end":{"line":91,"column":9}},"loc":{"start":{"line":91,"column":20},"end":{"line":93,"column":5}},"line":91},"7":{"name":"(anonymous_7)","decl":{"start":{"line":92,"column":33},"end":{"line":92,"column":34}},"loc":{"start":{"line":92,"column":46},"end":{"line":92,"column":101}},"line":92},"8":{"name":"(anonymous_8)","decl":{"start":{"line":98,"column":21},"end":{"line":98,"column":22}},"loc":{"start":{"line":98,"column":50},"end":{"line":107,"column":1}},"line":98},"9":{"name":"(anonymous_9)","decl":{"start":{"line":110,"column":19},"end":{"line":110,"column":20}},"loc":{"start":{"line":110,"column":81},"end":{"line":128,"column":1}},"line":110},"10":{"name":"(anonymous_10)","decl":{"start":{"line":131,"column":24},"end":{"line":131,"column":25}},"loc":{"start":{"line":132,"column":2},"end":{"line":135,"column":9}},"line":132},"11":{"name":"NoticeScreen","decl":{"start":{"line":138,"column":24},"end":{"line":138,"column":36}},"loc":{"start":{"line":138,"column":39},"end":{"line":262,"column":1}},"line":138},"12":{"name":"(anonymous_12)","decl":{"start":{"line":145,"column":12},"end":{"line":145,"column":13}},"loc":{"start":{"line":145,"column":18},"end":{"line":147,"column":3}},"line":145},"13":{"name":"(anonymous_13)","decl":{"start":{"line":150,"column":12},"end":{"line":150,"column":13}},"loc":{"start":{"line":150,"column":18},"end":{"line":181,"column":3}},"line":150},"14":{"name":"(anonymous_14)","decl":{"start":{"line":155,"column":20},"end":{"line":155,"column":21}},"loc":{"start":{"line":155,"column":32},"end":{"line":161,"column":5}},"line":155},"15":{"name":"(anonymous_15)","decl":{"start":{"line":165,"column":11},"end":{"line":165,"column":12}},"loc":{"start":{"line":165,"column":30},"end":{"line":165,"column":44}},"line":165},"16":{"name":"(anonymous_16)","decl":{"start":{"line":166,"column":12},"end":{"line":166,"column":13}},"loc":{"start":{"line":166,"column":22},"end":{"line":178,"column":7}},"line":166},"17":{"name":"(anonymous_17)","decl":{"start":{"line":184,"column":32},"end":{"line":184,"column":33}},"loc":{"start":{"line":184,"column":38},"end":{"line":186,"column":3}},"line":184},"18":{"name":"(anonymous_18)","decl":{"start":{"line":189,"column":31},"end":{"line":189,"column":32}},"loc":{"start":{"line":189,"column":37},"end":{"line":192,"column":3}},"line":189},"19":{"name":"(anonymous_19)","decl":{"start":{"line":196,"column":4},"end":{"line":196,"column":5}},"loc":{"start":{"line":196,"column":20},"end":{"line":198,"column":5}},"line":196},"20":{"name":"(anonymous_20)","decl":{"start":{"line":204,"column":4},"end":{"line":204,"column":5}},"loc":{"start":{"line":205,"column":6},"end":{"line":210,"column":13}},"line":205},"21":{"name":"(anonymous_21)","decl":{"start":{"line":207,"column":23},"end":{"line":207,"column":24}},"loc":{"start":{"line":208,"column":10},"end":{"line":208,"column":95}},"line":208},"22":{"name":"(anonymous_22)","decl":{"start":{"line":208,"column":57},"end":{"line":208,"column":58}},"loc":{"start":{"line":208,"column":63},"end":{"line":208,"column":91}},"line":208},"23":{"name":"(anonymous_23)","decl":{"start":{"line":216,"column":35},"end":{"line":216,"column":36}},"loc":{"start":{"line":216,"column":41},"end":{"line":224,"column":3}},"line":216},"24":{"name":"(anonymous_24)","decl":{"start":{"line":227,"column":34},"end":{"line":227,"column":35}},"loc":{"start":{"line":227,"column":40},"end":{"line":236,"column":3}},"line":227},"25":{"name":"(anonymous_25)","decl":{"start":{"line":251,"column":24},"end":{"line":251,"column":25}},"loc":{"start":{"line":251,"column":34},"end":{"line":251,"column":43}},"line":251}},"branchMap":{"0":{"loc":{"start":{"line":45,"column":37},"end":{"line":45,"column":52}},"type":"default-arg","locations":[{"start":{"line":45,"column":47},"end":{"line":45,"column":52}}],"line":45},"1":{"loc":{"start":{"line":73,"column":6},"end":{"line":81,"column":7}},"type":"if","locations":[{"start":{"line":73,"column":6},"end":{"line":81,"column":7}},{"start":{"line":75,"column":13},"end":{"line":81,"column":7}}],"line":73},"2":{"loc":{"start":{"line":92,"column":46},"end":{"line":92,"column":101}},"type":"cond-expr","locations":[{"start":{"line":92,"column":65},"end":{"line":92,"column":92}},{"start":{"line":92,"column":95},"end":{"line":92,"column":101}}],"line":92},"3":{"loc":{"start":{"line":101,"column":2},"end":{"line":101,"column":33}},"type":"if","locations":[{"start":{"line":101,"column":2},"end":{"line":101,"column":33}},{"start":{},"end":{}}],"line":101},"4":{"loc":{"start":{"line":102,"column":2},"end":{"line":102,"column":37}},"type":"if","locations":[{"start":{"line":102,"column":2},"end":{"line":102,"column":37}},{"start":{},"end":{}}],"line":102},"5":{"loc":{"start":{"line":103,"column":2},"end":{"line":103,"column":36}},"type":"if","locations":[{"start":{"line":103,"column":2},"end":{"line":103,"column":36}},{"start":{},"end":{}}],"line":103},"6":{"loc":{"start":{"line":104,"column":2},"end":{"line":104,"column":37}},"type":"if","locations":[{"start":{"line":104,"column":2},"end":{"line":104,"column":37}},{"start":{},"end":{}}],"line":104},"7":{"loc":{"start":{"line":114,"column":8},"end":{"line":114,"column":81}},"type":"cond-expr","locations":[{"start":{"line":114,"column":22},"end":{"line":114,"column":45}},{"start":{"line":114,"column":48},"end":{"line":114,"column":81}}],"line":114},"8":{"loc":{"start":{"line":119,"column":40},"end":{"line":119,"column":88}},"type":"cond-expr","locations":[{"start":{"line":119,"column":54},"end":{"line":119,"column":71}},{"start":{"line":119,"column":74},"end":{"line":119,"column":88}}],"line":119},"9":{"loc":{"start":{"line":120,"column":9},"end":{"line":120,"column":77}},"type":"binary-expr","locations":[{"start":{"line":120,"column":9},"end":{"line":120,"column":21}},{"start":{"line":120,"column":25},"end":{"line":120,"column":77}}],"line":120},"10":{"loc":{"start":{"line":151,"column":4},"end":{"line":151,"column":37}},"type":"if","locations":[{"start":{"line":151,"column":4},"end":{"line":151,"column":37}},{"start":{},"end":{}}],"line":151},"11":{"loc":{"start":{"line":157,"column":6},"end":{"line":159,"column":7}},"type":"if","locations":[{"start":{"line":157,"column":6},"end":{"line":159,"column":7}},{"start":{},"end":{}}],"line":157},"12":{"loc":{"start":{"line":172,"column":8},"end":{"line":172,"column":67}},"type":"if","locations":[{"start":{"line":172,"column":8},"end":{"line":172,"column":67}},{"start":{},"end":{}}],"line":172},"13":{"loc":{"start":{"line":172,"column":12},"end":{"line":172,"column":42}},"type":"binary-expr","locations":[{"start":{"line":172,"column":12},"end":{"line":172,"column":25}},{"start":{"line":172,"column":29},"end":{"line":172,"column":42}}],"line":172},"14":{"loc":{"start":{"line":173,"column":8},"end":{"line":173,"column":37}},"type":"if","locations":[{"start":{"line":173,"column":8},"end":{"line":173,"column":37}},{"start":{},"end":{}}],"line":173},"15":{"loc":{"start":{"line":174,"column":8},"end":{"line":174,"column":36}},"type":"if","locations":[{"start":{"line":174,"column":8},"end":{"line":174,"column":36}},{"start":{},"end":{}}],"line":174},"16":{"loc":{"start":{"line":190,"column":4},"end":{"line":190,"column":36}},"type":"if","locations":[{"start":{"line":190,"column":4},"end":{"line":190,"column":36}},{"start":{},"end":{}}],"line":190},"17":{"loc":{"start":{"line":190,"column":8},"end":{"line":190,"column":27}},"type":"binary-expr","locations":[{"start":{"line":190,"column":8},"end":{"line":190,"column":15}},{"start":{"line":190,"column":19},"end":{"line":190,"column":27}}],"line":190},"18":{"loc":{"start":{"line":217,"column":4},"end":{"line":217,"column":44}},"type":"if","locations":[{"start":{"line":217,"column":4},"end":{"line":217,"column":44}},{"start":{},"end":{}}],"line":217},"19":{"loc":{"start":{"line":217,"column":8},"end":{"line":217,"column":30}},"type":"binary-expr","locations":[{"start":{"line":217,"column":8},"end":{"line":217,"column":16}},{"start":{"line":217,"column":20},"end":{"line":217,"column":30}}],"line":217},"20":{"loc":{"start":{"line":228,"column":4},"end":{"line":228,"column":43}},"type":"if","locations":[{"start":{"line":228,"column":4},"end":{"line":228,"column":43}},{"start":{},"end":{}}],"line":228},"21":{"loc":{"start":{"line":228,"column":8},"end":{"line":228,"column":29}},"type":"binary-expr","locations":[{"start":{"line":228,"column":8},"end":{"line":228,"column":15}},{"start":{"line":228,"column":19},"end":{"line":228,"column":29}}],"line":228}},"s":{"0":0,"1":0,"2":0,"3":0,"4":0,"5":0,"6":0,"7":0,"8":0,"9":0,"10":0,"11":0,"12":0,"13":0,"14":0,"15":0,"16":0,"17":0,"18":0,"19":0,"20":0,"21":0,"22":0,"23":0,"24":0,"25":0,"26":0,"27":0,"28":0,"29":0,"30":0,"31":0,"32":0,"33":0,"34":0,"35":0,"36":0,"37":0,"38":0,"39":0,"40":0,"41":0,"42":0,"43":0,"44":0,"45":0,"46":0,"47":0,"48":0,"49":0,"50":0,"51":0,"52":0,"53":0,"54":0,"55":0,"56":0,"57":0,"58":0,"59":0,"60":0,"61":0,"62":0,"63":0,"64":0,"65":0,"66":0,"67":0,"68":0,"69":0,"70":0,"71":0,"72":0,"73":0,"74":0,"75":0,"76":0,"77":0,"78":0,"79":0,"80":0,"81":0,"82":0,"83":0,"84":0,"85":0},"f":{"0":0,"1":0,"2":0,"3":0,"4":0,"5":0,"6":0,"7":0,"8":0,"9":0,"10":0,"11":0,"12":0,"13":0,"14":0,"15":0,"16":0,"17":0,"18":0,"19":0,"20":0,"21":0,"22":0,"23":0,"24":0,"25":0},"b":{"0":[0],"1":[0,0],"2":[0,0],"3":[0,0],"4":[0,0],"5":[0,0],"6":[0,0],"7":[0,0],"8":[0,0],"9":[0,0],"10":[0,0],"11":[0,0],"12":[0,0],"13":[0,0],"14":[0,0],"15":[0,0],"16":[0,0],"17":[0,0],"18":[0,0],"19":[0,0],"20":[0,0],"21":[0,0]}}
,"/Users/jiezhiyong/GitHub/react-native/app/online-service.tsx": {"path":"/Users/jiezhiyong/GitHub/react-native/app/online-service.tsx","statementMap":{"0":{"start":{"line":25,"column":31},"end":{"line":25,"column":53}},"1":{"start":{"line":57,"column":32},"end":{"line":111,"column":3}},"2":{"start":{"line":57,"column":76},"end":{"line":111,"column":1}},"3":{"start":{"line":64,"column":32},"end":{"line":68,"column":5}},"4":{"start":{"line":70,"column":4},"end":{"line":72,"column":8}},"5":{"start":{"line":70,"column":20},"end":{"line":72,"column":5}},"6":{"start":{"line":75,"column":4},"end":{"line":77,"column":5}},"7":{"start":{"line":76,"column":6},"end":{"line":76,"column":28}},"8":{"start":{"line":81,"column":4},"end":{"line":81,"column":30}},"9":{"start":{"line":84,"column":4},"end":{"line":92,"column":5}},"10":{"start":{"line":85,"column":64},"end":{"line":89,"column":7}},"11":{"start":{"line":91,"column":6},"end":{"line":91,"column":39}},"12":{"start":{"line":96,"column":4},"end":{"line":96,"column":29}},"13":{"start":{"line":99,"column":4},"end":{"line":109,"column":13}},"14":{"start":{"line":100,"column":62},"end":{"line":105,"column":7}},"15":{"start":{"line":107,"column":6},"end":{"line":107,"column":37}},"16":{"start":{"line":108,"column":6},"end":{"line":108,"column":32}},"17":{"start":{"line":114,"column":40},"end":{"line":120,"column":1}},"18":{"start":{"line":124,"column":2},"end":{"line":140,"column":3}},"19":{"start":{"line":126,"column":19},"end":{"line":126,"column":91}},"20":{"start":{"line":129,"column":22},"end":{"line":134,"column":6}},"21":{"start":{"line":130,"column":6},"end":{"line":133,"column":7}},"22":{"start":{"line":131,"column":8},"end":{"line":131,"column":25}},"23":{"start":{"line":132,"column":8},"end":{"line":132,"column":27}},"24":{"start":{"line":137,"column":4},"end":{"line":137,"column":24}},"25":{"start":{"line":139,"column":4},"end":{"line":139,"column":59}},"26":{"start":{"line":144,"column":22},"end":{"line":212,"column":1}},"27":{"start":{"line":145,"column":17},"end":{"line":145,"column":42}},"28":{"start":{"line":146,"column":19},"end":{"line":146,"column":46}},"29":{"start":{"line":148,"column":17},"end":{"line":148,"column":28}},"30":{"start":{"line":151,"column":27},"end":{"line":158,"column":3}},"31":{"start":{"line":152,"column":4},"end":{"line":157,"column":5}},"32":{"start":{"line":153,"column":6},"end":{"line":156,"column":9}},"33":{"start":{"line":160,"column":2},"end":{"line":166,"column":3}},"34":{"start":{"line":161,"column":4},"end":{"line":165,"column":6}},"35":{"start":{"line":168,"column":2},"end":{"line":211,"column":4}},"36":{"start":{"line":215,"column":28},"end":{"line":227,"column":1}},"37":{"start":{"line":216,"column":2},"end":{"line":226,"column":4}},"38":{"start":{"line":230,"column":20},"end":{"line":342,"column":1}},"39":{"start":{"line":240,"column":26},"end":{"line":255,"column":3}},"40":{"start":{"line":241,"column":4},"end":{"line":254,"column":5}},"41":{"start":{"line":242,"column":21},"end":{"line":246,"column":8}},"42":{"start":{"line":248,"column":6},"end":{"line":251,"column":7}},"43":{"start":{"line":249,"column":8},"end":{"line":249,"column":53}},"44":{"start":{"line":250,"column":8},"end":{"line":250,"column":18}},"45":{"start":{"line":253,"column":6},"end":{"line":253,"column":38}},"46":{"start":{"line":258,"column":26},"end":{"line":273,"column":3}},"47":{"start":{"line":259,"column":4},"end":{"line":272,"column":5}},"48":{"start":{"line":260,"column":21},"end":{"line":264,"column":8}},"49":{"start":{"line":266,"column":6},"end":{"line":269,"column":7}},"50":{"start":{"line":267,"column":8},"end":{"line":267,"column":53}},"51":{"start":{"line":268,"column":8},"end":{"line":268,"column":18}},"52":{"start":{"line":271,"column":6},"end":{"line":271,"column":38}},"53":{"start":{"line":276,"column":26},"end":{"line":297,"column":3}},"54":{"start":{"line":277,"column":4},"end":{"line":296,"column":5}},"55":{"start":{"line":278,"column":31},"end":{"line":278,"column":80}},"56":{"start":{"line":279,"column":6},"end":{"line":282,"column":7}},"57":{"start":{"line":280,"column":8},"end":{"line":280,"column":34}},"58":{"start":{"line":281,"column":8},"end":{"line":281,"column":15}},"59":{"start":{"line":284,"column":21},"end":{"line":288,"column":8}},"60":{"start":{"line":290,"column":6},"end":{"line":293,"column":7}},"61":{"start":{"line":291,"column":8},"end":{"line":291,"column":53}},"62":{"start":{"line":292,"column":8},"end":{"line":292,"column":18}},"63":{"start":{"line":295,"column":6},"end":{"line":295,"column":36}},"64":{"start":{"line":299,"column":2},"end":{"line":299,"column":30}},"65":{"start":{"line":299,"column":18},"end":{"line":299,"column":30}},"66":{"start":{"line":301,"column":2},"end":{"line":341,"column":4}},"67":{"start":{"line":345,"column":36},"end":{"line":345,"column":48}},"68":{"start":{"line":346,"column":48},"end":{"line":346,"column":63}},"69":{"start":{"line":347,"column":22},"end":{"line":347,"column":44}},"70":{"start":{"line":348,"column":77},"end":{"line":348,"column":102}},"71":{"start":{"line":351,"column":2},"end":{"line":362,"column":30}},"72":{"start":{"line":352,"column":4},"end":{"line":352,"column":16}},"73":{"start":{"line":355,"column":4},"end":{"line":357,"column":9}},"74":{"start":{"line":356,"column":6},"end":{"line":356,"column":62}},"75":{"start":{"line":359,"column":4},"end":{"line":361,"column":6}},"76":{"start":{"line":365,"column":2},"end":{"line":371,"column":17}},"77":{"start":{"line":366,"column":4},"end":{"line":370,"column":5}},"78":{"start":{"line":367,"column":6},"end":{"line":369,"column":14}},"79":{"start":{"line":368,"column":8},"end":{"line":368,"column":61}},"80":{"start":{"line":374,"column":26},"end":{"line":390,"column":49}},"81":{"start":{"line":375,"column":4},"end":{"line":375,"column":34}},"82":{"start":{"line":375,"column":27},"end":{"line":375,"column":34}},"83":{"start":{"line":378,"column":4},"end":{"line":382,"column":7}},"84":{"start":{"line":384,"column":4},"end":{"line":384,"column":21}},"85":{"start":{"line":387,"column":4},"end":{"line":389,"column":6}},"86":{"start":{"line":393,"column":28},"end":{"line":418,"column":3}},"87":{"start":{"line":395,"column":60},"end":{"line":400,"column":5}},"88":{"start":{"line":403,"column":4},"end":{"line":412,"column":5}},"89":{"start":{"line":404,"column":6},"end":{"line":411,"column":7}},"90":{"start":{"line":405,"column":38},"end":{"line":407,"column":10}},"91":{"start":{"line":408,"column":8},"end":{"line":408,"column":49}},"92":{"start":{"line":410,"column":8},"end":{"line":410,"column":43}},"93":{"start":{"line":414,"column":4},"end":{"line":414,"column":29}},"94":{"start":{"line":417,"column":4},"end":{"line":417,"column":83}},"95":{"start":{"line":421,"column":35},"end":{"line":452,"column":3}},"96":{"start":{"line":423,"column":4},"end":{"line":427,"column":7}},"97":{"start":{"line":430,"column":16},"end":{"line":430,"column":18}},"98":{"start":{"line":431,"column":4},"end":{"line":449,"column":5}},"99":{"start":{"line":433,"column":8},"end":{"line":433,"column":63}},"100":{"start":{"line":434,"column":8},"end":{"line":434,"column":14}},"101":{"start":{"line":436,"column":8},"end":{"line":436,"column":59}},"102":{"start":{"line":437,"column":8},"end":{"line":437,"column":14}},"103":{"start":{"line":439,"column":8},"end":{"line":439,"column":58}},"104":{"start":{"line":440,"column":8},"end":{"line":440,"column":14}},"105":{"start":{"line":442,"column":8},"end":{"line":442,"column":57}},"106":{"start":{"line":443,"column":8},"end":{"line":443,"column":14}},"107":{"start":{"line":445,"column":8},"end":{"line":445,"column":62}},"108":{"start":{"line":446,"column":8},"end":{"line":446,"column":14}},"109":{"start":{"line":448,"column":8},"end":{"line":448,"column":36}},"110":{"start":{"line":451,"column":4},"end":{"line":451,"column":30}},"111":{"start":{"line":454,"column":2},"end":{"line":528,"column":4}},"112":{"start":{"line":472,"column":14},"end":{"line":472,"column":114}},"113":{"start":{"line":472,"column":74},"end":{"line":472,"column":110}},"114":{"start":{"line":483,"column":34},"end":{"line":483,"column":41}},"115":{"start":{"line":484,"column":36},"end":{"line":484,"column":68}},"116":{"start":{"line":498,"column":64},"end":{"line":498,"column":88}},"117":{"start":{"line":524,"column":23},"end":{"line":524,"column":48}}},"fnMap":{"0":{"name":"(anonymous_0)","decl":{"start":{"line":57,"column":61},"end":{"line":57,"column":62}},"loc":{"start":{"line":57,"column":76},"end":{"line":111,"column":1}},"line":57},"1":{"name":"(anonymous_1)","decl":{"start":{"line":63,"column":14},"end":{"line":63,"column":15}},"loc":{"start":{"line":63,"column":27},"end":{"line":78,"column":3}},"line":63},"2":{"name":"(anonymous_2)","decl":{"start":{"line":70,"column":8},"end":{"line":70,"column":9}},"loc":{"start":{"line":70,"column":20},"end":{"line":72,"column":5}},"line":70},"3":{"name":"(anonymous_3)","decl":{"start":{"line":80,"column":13},"end":{"line":80,"column":14}},"loc":{"start":{"line":80,"column":19},"end":{"line":93,"column":3}},"line":80},"4":{"name":"(anonymous_4)","decl":{"start":{"line":95,"column":22},"end":{"line":95,"column":23}},"loc":{"start":{"line":95,"column":60},"end":{"line":110,"column":3}},"line":95},"5":{"name":"(anonymous_5)","decl":{"start":{"line":99,"column":15},"end":{"line":99,"column":16}},"loc":{"start":{"line":99,"column":21},"end":{"line":109,"column":5}},"line":99},"6":{"name":"playNewMessageSound","decl":{"start":{"line":123,"column":15},"end":{"line":123,"column":34}},"loc":{"start":{"line":123,"column":37},"end":{"line":141,"column":1}},"line":123},"7":{"name":"(anonymous_7)","decl":{"start":{"line":129,"column":65},"end":{"line":129,"column":66}},"loc":{"start":{"line":129,"column":96},"end":{"line":134,"column":5}},"line":129},"8":{"name":"(anonymous_8)","decl":{"start":{"line":144,"column":22},"end":{"line":144,"column":23}},"loc":{"start":{"line":144,"column":61},"end":{"line":212,"column":1}},"line":144},"9":{"name":"(anonymous_9)","decl":{"start":{"line":151,"column":27},"end":{"line":151,"column":28}},"loc":{"start":{"line":151,"column":33},"end":{"line":158,"column":3}},"line":151},"10":{"name":"(anonymous_10)","decl":{"start":{"line":215,"column":28},"end":{"line":215,"column":29}},"loc":{"start":{"line":215,"column":105},"end":{"line":227,"column":1}},"line":215},"11":{"name":"(anonymous_11)","decl":{"start":{"line":230,"column":20},"end":{"line":230,"column":21}},"loc":{"start":{"line":238,"column":6},"end":{"line":342,"column":1}},"line":238},"12":{"name":"(anonymous_12)","decl":{"start":{"line":240,"column":26},"end":{"line":240,"column":27}},"loc":{"start":{"line":240,"column":38},"end":{"line":255,"column":3}},"line":240},"13":{"name":"(anonymous_13)","decl":{"start":{"line":258,"column":26},"end":{"line":258,"column":27}},"loc":{"start":{"line":258,"column":38},"end":{"line":273,"column":3}},"line":258},"14":{"name":"(anonymous_14)","decl":{"start":{"line":276,"column":26},"end":{"line":276,"column":27}},"loc":{"start":{"line":276,"column":38},"end":{"line":297,"column":3}},"line":276},"15":{"name":"OnlineServiceScreen","decl":{"start":{"line":344,"column":24},"end":{"line":344,"column":43}},"loc":{"start":{"line":344,"column":46},"end":{"line":529,"column":1}},"line":344},"16":{"name":"(anonymous_16)","decl":{"start":{"line":351,"column":12},"end":{"line":351,"column":13}},"loc":{"start":{"line":351,"column":18},"end":{"line":362,"column":3}},"line":351},"17":{"name":"(anonymous_17)","decl":{"start":{"line":355,"column":5},"end":{"line":355,"column":6}},"loc":{"start":{"line":355,"column":17},"end":{"line":357,"column":5}},"line":355},"18":{"name":"(anonymous_18)","decl":{"start":{"line":359,"column":11},"end":{"line":359,"column":12}},"loc":{"start":{"line":359,"column":17},"end":{"line":361,"column":5}},"line":359},"19":{"name":"(anonymous_19)","decl":{"start":{"line":365,"column":12},"end":{"line":365,"column":13}},"loc":{"start":{"line":365,"column":18},"end":{"line":371,"column":3}},"line":365},"20":{"name":"(anonymous_20)","decl":{"start":{"line":367,"column":17},"end":{"line":367,"column":18}},"loc":{"start":{"line":367,"column":23},"end":{"line":369,"column":7}},"line":367},"21":{"name":"(anonymous_21)","decl":{"start":{"line":374,"column":38},"end":{"line":374,"column":39}},"loc":{"start":{"line":374,"column":44},"end":{"line":390,"column":3}},"line":374},"22":{"name":"(anonymous_22)","decl":{"start":{"line":393,"column":28},"end":{"line":393,"column":29}},"loc":{"start":{"line":393,"column":76},"end":{"line":418,"column":3}},"line":393},"23":{"name":"(anonymous_23)","decl":{"start":{"line":421,"column":35},"end":{"line":421,"column":36}},"loc":{"start":{"line":421,"column":57},"end":{"line":452,"column":3}},"line":421},"24":{"name":"(anonymous_24)","decl":{"start":{"line":471,"column":32},"end":{"line":471,"column":33}},"loc":{"start":{"line":472,"column":14},"end":{"line":472,"column":114}},"line":472},"25":{"name":"(anonymous_25)","decl":{"start":{"line":472,"column":68},"end":{"line":472,"column":69}},"loc":{"start":{"line":472,"column":74},"end":{"line":472,"column":110}},"line":472},"26":{"name":"(anonymous_26)","decl":{"start":{"line":483,"column":24},"end":{"line":483,"column":25}},"loc":{"start":{"line":483,"column":34},"end":{"line":483,"column":41}},"line":483},"27":{"name":"(anonymous_27)","decl":{"start":{"line":484,"column":22},"end":{"line":484,"column":23}},"loc":{"start":{"line":484,"column":36},"end":{"line":484,"column":68}},"line":484},"28":{"name":"(anonymous_28)","decl":{"start":{"line":498,"column":58},"end":{"line":498,"column":59}},"loc":{"start":{"line":498,"column":64},"end":{"line":498,"column":88}},"line":498},"29":{"name":"(anonymous_29)","decl":{"start":{"line":524,"column":17},"end":{"line":524,"column":18}},"loc":{"start":{"line":524,"column":23},"end":{"line":524,"column":48}},"line":524}},"branchMap":{"0":{"loc":{"start":{"line":75,"column":4},"end":{"line":77,"column":5}},"type":"if","locations":[{"start":{"line":75,"column":4},"end":{"line":77,"column":5}},{"start":{},"end":{}}],"line":75},"1":{"loc":{"start":{"line":84,"column":4},"end":{"line":92,"column":5}},"type":"if","locations":[{"start":{"line":84,"column":4},"end":{"line":92,"column":5}},{"start":{},"end":{}}],"line":84},"2":{"loc":{"start":{"line":95,"column":32},"end":{"line":95,"column":45}},"type":"default-arg","locations":[{"start":{"line":95,"column":39},"end":{"line":95,"column":45}}],"line":95},"3":{"loc":{"start":{"line":130,"column":6},"end":{"line":133,"column":7}},"type":"if","locations":[{"start":{"line":130,"column":6},"end":{"line":133,"column":7}},{"start":{},"end":{}}],"line":130},"4":{"loc":{"start":{"line":152,"column":4},"end":{"line":157,"column":5}},"type":"if","locations":[{"start":{"line":152,"column":4},"end":{"line":157,"column":5}},{"start":{},"end":{}}],"line":152},"5":{"loc":{"start":{"line":152,"column":8},"end":{"line":152,"column":82}},"type":"binary-expr","locations":[{"start":{"line":152,"column":8},"end":{"line":152,"column":24}},{"start":{"line":152,"column":29},"end":{"line":152,"column":53}},{"start":{"line":152,"column":57},"end":{"line":152,"column":81}}],"line":152},"6":{"loc":{"start":{"line":160,"column":2},"end":{"line":166,"column":3}},"type":"if","locations":[{"start":{"line":160,"column":2},"end":{"line":166,"column":3}},{"start":{},"end":{}}],"line":160},"7":{"loc":{"start":{"line":169,"column":50},"end":{"line":169,"column":84}},"type":"cond-expr","locations":[{"start":{"line":169,"column":59},"end":{"line":169,"column":69}},{"start":{"line":169,"column":72},"end":{"line":169,"column":84}}],"line":169},"8":{"loc":{"start":{"line":170,"column":7},"end":{"line":170,"column":110}},"type":"binary-expr","locations":[{"start":{"line":170,"column":7},"end":{"line":170,"column":14}},{"start":{"line":170,"column":18},"end":{"line":170,"column":110}}],"line":170},"9":{"loc":{"start":{"line":172,"column":42},"end":{"line":172,"column":110}},"type":"cond-expr","locations":[{"start":{"line":172,"column":51},"end":{"line":172,"column":82}},{"start":{"line":172,"column":85},"end":{"line":172,"column":110}}],"line":172},"10":{"loc":{"start":{"line":173,"column":9},"end":{"line":173,"column":66}},"type":"binary-expr","locations":[{"start":{"line":173,"column":9},"end":{"line":173,"column":32}},{"start":{"line":173,"column":36},"end":{"line":173,"column":66}}],"line":173},"11":{"loc":{"start":{"line":175,"column":9},"end":{"line":179,"column":9}},"type":"binary-expr","locations":[{"start":{"line":175,"column":9},"end":{"line":175,"column":33}},{"start":{"line":175,"column":37},"end":{"line":175,"column":53}},{"start":{"line":176,"column":10},"end":{"line":178,"column":29}}],"line":175},"12":{"loc":{"start":{"line":181,"column":9},"end":{"line":198,"column":9}},"type":"binary-expr","locations":[{"start":{"line":181,"column":9},"end":{"line":181,"column":33}},{"start":{"line":181,"column":37},"end":{"line":181,"column":53}},{"start":{"line":182,"column":10},"end":{"line":197,"column":29}}],"line":181},"13":{"loc":{"start":{"line":184,"column":15},"end":{"line":190,"column":15}},"type":"cond-expr","locations":[{"start":{"line":185,"column":16},"end":{"line":185,"column":109}},{"start":{"line":187,"column":16},"end":{"line":189,"column":23}}],"line":184},"14":{"loc":{"start":{"line":209,"column":7},"end":{"line":209,"column":111}},"type":"binary-expr","locations":[{"start":{"line":209,"column":7},"end":{"line":209,"column":13}},{"start":{"line":209,"column":17},"end":{"line":209,"column":111}}],"line":209},"15":{"loc":{"start":{"line":248,"column":6},"end":{"line":251,"column":7}},"type":"if","locations":[{"start":{"line":248,"column":6},"end":{"line":251,"column":7}},{"start":{},"end":{}}],"line":248},"16":{"loc":{"start":{"line":248,"column":10},"end":{"line":248,"column":71}},"type":"binary-expr","locations":[{"start":{"line":248,"column":10},"end":{"line":248,"column":26}},{"start":{"line":248,"column":30},"end":{"line":248,"column":43}},{"start":{"line":248,"column":47},"end":{"line":248,"column":71}}],"line":248},"17":{"loc":{"start":{"line":266,"column":6},"end":{"line":269,"column":7}},"type":"if","locations":[{"start":{"line":266,"column":6},"end":{"line":269,"column":7}},{"start":{},"end":{}}],"line":266},"18":{"loc":{"start":{"line":266,"column":10},"end":{"line":266,"column":71}},"type":"binary-expr","locations":[{"start":{"line":266,"column":10},"end":{"line":266,"column":26}},{"start":{"line":266,"column":30},"end":{"line":266,"column":43}},{"start":{"line":266,"column":47},"end":{"line":266,"column":71}}],"line":266},"19":{"loc":{"start":{"line":279,"column":6},"end":{"line":282,"column":7}},"type":"if","locations":[{"start":{"line":279,"column":6},"end":{"line":282,"column":7}},{"start":{},"end":{}}],"line":279},"20":{"loc":{"start":{"line":290,"column":6},"end":{"line":293,"column":7}},"type":"if","locations":[{"start":{"line":290,"column":6},"end":{"line":293,"column":7}},{"start":{},"end":{}}],"line":290},"21":{"loc":{"start":{"line":290,"column":10},"end":{"line":290,"column":71}},"type":"binary-expr","locations":[{"start":{"line":290,"column":10},"end":{"line":290,"column":26}},{"start":{"line":290,"column":30},"end":{"line":290,"column":43}},{"start":{"line":290,"column":47},"end":{"line":290,"column":71}}],"line":290},"22":{"loc":{"start":{"line":299,"column":2},"end":{"line":299,"column":30}},"type":"if","locations":[{"start":{"line":299,"column":2},"end":{"line":299,"column":30}},{"start":{},"end":{}}],"line":299},"23":{"loc":{"start":{"line":366,"column":4},"end":{"line":370,"column":5}},"type":"if","locations":[{"start":{"line":366,"column":4},"end":{"line":370,"column":5}},{"start":{},"end":{}}],"line":366},"24":{"loc":{"start":{"line":375,"column":4},"end":{"line":375,"column":34}},"type":"if","locations":[{"start":{"line":375,"column":4},"end":{"line":375,"column":34}},{"start":{},"end":{}}],"line":375},"25":{"loc":{"start":{"line":388,"column":55},"end":{"line":388,"column":96}},"type":"cond-expr","locations":[{"start":{"line":388,"column":86},"end":{"line":388,"column":91}},{"start":{"line":388,"column":94},"end":{"line":388,"column":96}}],"line":388},"26":{"loc":{"start":{"line":396,"column":15},"end":{"line":396,"column":45}},"type":"cond-expr","locations":[{"start":{"line":396,"column":34},"end":{"line":396,"column":38}},{"start":{"line":396,"column":41},"end":{"line":396,"column":45}}],"line":396},
[...]
"column":63}},"3":{"start":{"line":16,"column":2},"end":{"line":30,"column":9}},"4":{"start":{"line":17,"column":25},"end":{"line":20,"column":6}},"5":{"start":{"line":18,"column":6},"end":{"line":18,"column":31}},"6":{"start":{"line":19,"column":6},"end":{"line":19,"column":49}},"7":{"start":{"line":21,"column":25},"end":{"line":24,"column":6}},"8":{"start":{"line":22,"column":6},"end":{"line":22,"column":32}},"9":{"start":{"line":23,"column":6},"end":{"line":23,"column":27}},"10":{"start":{"line":26,"column":4},"end":{"line":29,"column":6}},"11":{"start":{"line":27,"column":6},"end":{"line":27,"column":28}},"12":{"start":{"line":28,"column":6},"end":{"line":28,"column":28}},"13":{"start":{"line":33,"column":4},"end":{"line":33,"column":23}},"14":{"start":{"line":34,"column":4},"end":{"line":34,"column":30}},"15":{"start":{"line":37,"column":2},"end":{"line":41,"column":4}}},"fnMap":{"0":{"name":"useKeyboard","decl":{"start":{"line":10,"column":16},"end":{"line":10,"column":27}},"loc":{"start":{"line":12,"column":2},"end":{"line":42,"column":1}},"line":12},"1":{"name":"(anonymous_1)","decl":{"start":{"line":16,"column":18},"end":{"line":16,"column":19}},"loc":{"start":{"line":16,"column":24},"end":{"line":30,"column":3}},"line":16},"2":{"name":"(anonymous_2)","decl":{"start":{"line":17,"column":74},"end":{"line":17,"column":75}},"loc":{"start":{"line":17,"column":96},"end":{"line":20,"column":5}},"line":17},"3":{"name":"(anonymous_3)","decl":{"start":{"line":21,"column":74},"end":{"line":21,"column":75}},"loc":{"start":{"line":21,"column":80},"end":{"line":24,"column":5}},"line":21},"4":{"name":"(anonymous_4)","decl":{"start":{"line":26,"column":11},"end":{"line":26,"column":12}},"loc":{"start":{"line":26,"column":17},"end":{"line":29,"column":5}},"line":26},"5":{"name":"dismissKeyboard","decl":{"start":{"line":32,"column":11},"end":{"line":32,"column":26}},"loc":{"start":{"line":32,"column":29},"end":{"line":35,"column":3}},"line":32}},"branchMap":{"0":{"loc":{"start":{"line":11,"column":2},"end":{"line":11,"column":95}},"type":"default-arg","locations":[{"start":{"line":11,"column":71},"end":{"line":11,"column":95}}],"line":11},"1":{"loc":{"start":{"line":11,"column":4},"end":{"line":11,"column":25}},"type":"default-arg","locations":[{"start":{"line":11,"column":16},"end":{"line":11,"column":25}}],"line":11}},"s":{"0":0,"1":0,"2":0,"3":0,"4":0,"5":0,"6":0,"7":0,"8":0,"9":0,"10":0,"11":0,"12":0,"13":0,"14":0,"15":0},"f":{"0":0,"1":0,"2":0,"3":0,"4":0,"5":0},"b":{"0":[0],"1":[0]}}
,"/Users/jiezhiyong/GitHub/react-native/lib/secure-storage.ts": {"path":"/Users/jiezhiyong/GitHub/react-native/lib/secure-storage.ts","statementMap":{"0":{"start":{"line":5,"column":18},"end":{"line":5,"column":99}},"1":{"start":{"line":5,"column":24},"end":{"line":5,"column":99}},"2":{"start":{"line":8,"column":29},"end":{"line":67,"column":1}},"3":{"start":{"line":10,"column":4},"end":{"line":29,"column":5}},"4":{"start":{"line":11,"column":6},"end":{"line":21,"column":7}},"5":{"start":{"line":13,"column":8},"end":{"line":16,"column":9}},"6":{"start":{"line":14,"column":24},"end":{"line":14,"column":50}},"7":{"start":{"line":15,"column":10},"end":{"line":15,"column":23}},"8":{"start":{"line":17,"column":8},"end":{"line":17,"column":20}},"9":{"start":{"line":19,"column":8},"end":{"line":19,"column":37}},"10":{"start":{"line":20,"column":8},"end":{"line":20,"column":20}},"11":{"start":{"line":23,"column":6},"end":{"line":28,"column":7}},"12":{"start":{"line":24,"column":8},"end":{"line":24,"column":52}},"13":{"start":{"line":26,"column":8},"end":{"line":26,"column":37}},"14":{"start":{"line":27,"column":8},"end":{"line":27,"column":20}},"15":{"start":{"line":32,"column":4},"end":{"line":47,"column":5}},"16":{"start":{"line":33,"column":6},"end":{"line":40,"column":7}},"17":{"start":{"line":35,"column":8},"end":{"line":37,"column":9}},"18":{"start":{"line":36,"column":10},"end":{"line":36,"column":44}},"19":{"start":{"line":39,"column":8},"end":{"line":39,"column":37}},"20":{"start":{"line":42,"column":6},"end":{"line":46,"column":7}},"21":{"start":{"line":43,"column":8},"end":{"line":43,"column":52}},"22":{"start":{"line":45,"column":8},"end":{"line":45,"column":37}},"23":{"start":{"line":50,"column":4},"end":{"line":65,"column":5}},"24":{"start":{"line":51,"column":6},"end":{"line":58,"column":7}},"25":{"start":{"line":53,"column":8},"end":{"line":55,"column":9}},"26":{"start":{"line":54,"column":10},"end":{"line":54,"column":40}},"27":{"start":{"line":57,"column":8},"end":{"line":57,"column":37}},"28":{"start":{"line":60,"column":6},"end":{"line":64,"column":7}},"29":{"start":{"line":61,"column":8},"end":{"line":61,"column":48}},"30":{"start":{"line":63,"column":8},"end":{"line":63,"column":37}}},"fnMap":{"0":{"name":"(anonymous_0)","decl":{"start":{"line":5,"column":18},"end":{"line":5,"column":19}},"loc":{"start":{"line":5,"column":24},"end":{"line":5,"column":99}},"line":5},"1":{"name":"(anonymous_1)","decl":{"start":{"line":9,"column":11},"end":{"line":9,"column":12}},"loc":{"start":{"line":9,"column":59},"end":{"line":30,"column":3}},"line":9},"2":{"name":"(anonymous_2)","decl":{"start":{"line":31,"column":11},"end":{"line":31,"column":12}},"loc":{"start":{"line":31,"column":65},"end":{"line":48,"column":3}},"line":31},"3":{"name":"(anonymous_3)","decl":{"start":{"line":49,"column":14},"end":{"line":49,"column":15}},"loc":{"start":{"line":49,"column":53},"end":{"line":66,"column":3}},"line":49}},"branchMap":{"0":{"loc":{"start":{"line":5,"column":24},"end":{"line":5,"column":99}},"type":"binary-expr","locations":[{"start":{"line":5,"column":24},"end":{"line":5,"column":53}},{"start":{"line":5,"column":57},"end":{"line":5,"column":99}}],"line":5},"1":{"loc":{"start":{"line":10,"column":4},"end":{"line":29,"column":5}},"type":"if","locations":[{"start":{"line":10,"column":4},"end":{"line":29,"column":5}},{"start":{"line":22,"column":11},"end":{"line":29,"column":5}}],"line":10},"2":{"loc":{"start":{"line":13,"column":8},"end":{"line":16,"column":9}},"type":"if","locations":[{"start":{"line":13,"column":8},"end":{"line":16,"column":9}},{"start":{},"end":{}}],"line":13},"3":{"loc":{"start":{"line":32,"column":4},"end":{"line":47,"column":5}},"type":"if","locations":[{"start":{"line":32,"column":4},"end":{"line":47,"column":5}},{"start":{"line":41,"column":11},"end":{"line":47,"column":5}}],"line":32},"4":{"loc":{"start":{"line":35,"column":8},"end":{"line":37,"column":9}},"type":"if","locations":[{"start":{"line":35,"column":8},"end":{"line":37,"column":9}},{"start":{},"end":{}}],"line":35},"5":{"loc":{"start":{"line":50,"column":4},"end":{"line":65,"column":5}},"type":"if","locations":[{"start":{"line":50,"column":4},"end":{"line":65,"column":5}},{"start":{"line":59,"column":11},"end":{"line":65,"column":5}}],"line":50},"6":{"loc":{"start":{"line":53,"column":8},"end":{"line":55,"column":9}},"type":"if","locations":[{"start":{"line":53,"column":8},"end":{"line":55,"column":9}},{"start":{},"end":{}}],"line":53}},"s":{"0":0,"1":0,"2":0,"3":0,"4":0,"5":0,"6":0,"7":0,"8":0,"9":0,"10":0,"11":0,"12":0,"13":0,"14":0,"15":0,"16":0,"17":0,"18":0,"19":0,"20":0,"21":0,"22":0,"23":0,"24":0,"25":0,"26":0,"27":0,"28":0,"29":0,"30":0},"f":{"0":0,"1":0,"2":0,"3":0},"b":{"0":[0,0],"1":[0,0],"2":[0,0],"3":[0,0],"4":[0,0],"5":[0,0],"6":[0,0]}}
,"/Users/jiezhiyong/GitHub/react-native/lib/utils.ts": {"path":"/Users/jiezhiyong/GitHub/react-native/lib/utils.ts","statementMap":{"0":{"start":{"line":5,"column":2},"end":{"line":5,"column":31}},"1":{"start":{"line":12,"column":21},"end":{"line":12,"column":90}},"2":{"start":{"line":12,"column":39},"end":{"line":12,"column":90}},"3":{"start":{"line":12,"column":64},"end":{"line":12,"column":89}}},"fnMap":{"0":{"name":"cn","decl":{"start":{"line":4,"column":16},"end":{"line":4,"column":18}},"loc":{"start":{"line":4,"column":44},"end":{"line":6,"column":1}},"line":4},"1":{"name":"(anonymous_1)","decl":{"start":{"line":12,"column":21},"end":{"line":12,"column":22}},"loc":{"start":{"line":12,"column":39},"end":{"line":12,"column":90}},"line":12},"2":{"name":"(anonymous_2)","decl":{"start":{"line":12,"column":51},"end":{"line":12,"column":52}},"loc":{"start":{"line":12,"column":64},"end":{"line":12,"column":89}},"line":12}},"branchMap":{},"s":{"0":0,"1":0,"2":0,"3":0},"f":{"0":0,"1":0,"2":0},"b":{}}
,"/Users/jiezhiyong/GitHub/react-native/lib/icons/Check.tsx": {"path":"/Users/jiezhiyong/GitHub/react-native/lib/icons/Check.tsx","statementMap":{"0":{"start":{"line":4,"column":0},"end":{"line":4,"column":25}}},"fnMap":{},"branchMap":{},"s":{"0":0},"f":{},"b":{}}
,"/Users/jiezhiyong/GitHub/react-native/lib/icons/ChevronDown.tsx": {"path":"/Users/jiezhiyong/GitHub/react-native/lib/icons/ChevronDown.tsx","statementMap":{"0":{"start":{"line":4,"column":0},"end":{"line":4,"column":31}}},"fnMap":{},"branchMap":{},"s":{"0":0},"f":{},"b":{}}
,"/Users/jiezhiyong/GitHub/react-native/lib/icons/ChevronRight.tsx": {"path":"/Users/jiezhiyong/GitHub/react-native/lib/icons/ChevronRight.tsx","statementMap":{"0":{"start":{"line":4,"column":0},"end":{"line":4,"column":32}}},"fnMap":{},"branchMap":{},"s":{"0":0},"f":{},"b":{}}
,"/Users/jiezhiyong/GitHub/react-native/lib/icons/ChevronUp.tsx": {"path":"/Users/jiezhiyong/GitHub/react-native/lib/icons/ChevronUp.tsx","statementMap":{"0":{"start":{"line":4,"column":0},"end":{"line":4,"column":29}}},"fnMap":{},"branchMap":{},"s":{"0":0},"f":{},"b":{}}
,"/Users/jiezhiyong/GitHub/react-native/lib/icons/iconWithClassName.ts": {"path":"/Users/jiezhiyong/GitHub/react-native/lib/icons/iconWithClassName.ts","statementMap":{"0":{"start":{"line":5,"column":2},"end":{"line":13,"column":5}}},"fnMap":{"0":{"name":"iconWithClassName","decl":{"start":{"line":4,"column":16},"end":{"line":4,"column":33}},"loc":{"start":{"line":4,"column":52},"end":{"line":14,"column":1}},"line":4}},"branchMap":{},"s":{"0":0},"f":{"0":0},"b":{}}
,"/Users/jiezhiyong/GitHub/react-native/modules/my-module/index.ts": {"path":"/Users/jiezhiyong/GitHub/react-native/modules/my-module/index.ts","statementMap":{},"fnMap":{},"branchMap":{},"s":{},"f":{},"b":{}}
,"/Users/jiezhiyong/GitHub/react-native/modules/my-module/src/MyModule.ts": {"path":"/Users/jiezhiyong/GitHub/react-native/modules/my-module/src/MyModule.ts","statementMap":{},"fnMap":{},"branchMap":{},"s":{},"f":{},"b":{}}
,"/Users/jiezhiyong/GitHub/react-native/modules/my-module/src/MyModule.types.ts": {"path":"/Users/jiezhiyong/GitHub/react-native/modules/my-module/src/MyModule.types.ts","statementMap":{},"fnMap":{},"branchMap":{},"s":{},"f":{},"b":{}}
,"/Users/jiezhiyong/GitHub/react-native/modules/my-module/src/MyModule.web.ts": {"path":"/Users/jiezhiyong/GitHub/react-native/modules/my-module/src/MyModule.web.ts","statementMap":{"0":{"start":{"line":10,"column":7},"end":{"line":10,"column":14}},"1":{"start":{"line":12,"column":4},"end":{"line":12,"column":37}},"2":{"start":{"line":15,"column":4},"end":{"line":15,"column":29}}},"fnMap":{"0":{"name":"(anonymous_0)","decl":{"start":{"line":11,"column":2},"end":{"line":11,"column":3}},"loc":{"start":{"line":11,"column":52},"end":{"line":13,"column":3}},"line":11},"1":{"name":"(anonymous_1)","decl":{"start":{"line":14,"column":2},"end":{"line":14,"column":3}},"loc":{"start":{"line":14,"column":10},"end":{"line":16,"column":3}},"line":14}},"branchMap":{},"s":{"0":0,"1":0,"2":0},"f":{"0":0,"1":0},"b":{}}
,"/Users/jiezhiyong/GitHub/react-native/modules/my-module/src/MyModuleView.tsx": {"path":"/Users/jiezhiyong/GitHub/react-native/modules/my-module/src/MyModuleView.tsx","statementMap":{"0":{"start":{"line":6,"column":59},"end":{"line":6,"column":88}},"1":{"start":{"line":9,"column":2},"end":{"line":9,"column":35}}},"fnMap":{"0":{"name":"MyModuleView","decl":{"start":{"line":8,"column":24},"end":{"line":8,"column":36}},"loc":{"start":{"line":8,"column":63},"end":{"line":10,"column":1}},"line":8}},"branchMap":{},"s":{"0":0,"1":0},"f":{"0":0},"b":{}}
,"/Users/jiezhiyong/GitHub/react-native/modules/my-module/src/MyModuleView.web.tsx": {"path":"/Users/jiezhiyong/GitHub/react-native/modules/my-module/src/MyModuleView.web.tsx","statementMap":{"0":{"start":{"line":6,"column":2},"end":{"line":10,"column":4}},"1":{"start":{"line":8,"column":64},"end":{"line":8,"column":113}}},"fnMap":{"0":{"name":"MyModuleView","decl":{"start":{"line":5,"column":24},"end":{"line":5,"column":36}},"loc":{"start":{"line":5,"column":63},"end":{"line":11,"column":1}},"line":5},"1":{"name":"(anonymous_1)","decl":{"start":{"line":8,"column":58},"end":{"line":8,"column":59}},"loc":{"start":{"line":8,"column":64},"end":{"line":8,"column":113}},"line":8}},"branchMap":{},"s":{"0":0,"1":0},"f":{"0":0,"1":0},"b":{}}
,"/Users/jiezhiyong/GitHub/react-native/store/auth.ts": {"path":"/Users/jiezhiyong/GitHub/react-native/store/auth.ts","statementMap":{"0":{"start":{"line":27,"column":28},"end":{"line":102,"column":1}},"1":{"start":{"line":29,"column":14},"end":{"line":84,"column":5}},"2":{"start":{"line":39,"column":8},"end":{"line":39,"column":33}},"3":{"start":{"line":41,"column":8},"end":{"line":58,"column":9}},"4":{"start":{"line":43,"column":10},"end":{"line":43,"column":68}},"5":{"start":{"line":43,"column":41},"end":{"line":43,"column":66}},"6":{"start":{"line":46,"column":10},"end":{"line":53,"column":13}},"7":{"start":{"line":55,"column":10},"end":{"line":55,"column":40}},"8":{"start":{"line":56,"column":10},"end":{"line":56,"column":36}},"9":{"start":{"line":57,"column":10},"end":{"line":57,"column":22}},"10":{"start":{"line":63,"column":8},"end":{"line":63,"column":33}},"11":{"start":{"line":65,"column":8},"end":{"line":82,"column":9}},"12":{"start":{"line":67,"column":10},"end":{"line":67,"column":67}},"13":{"start":{"line":67,"column":41},"end":{"line":67,"column":65}},"14":{"start":{"line":70,"column":10},"end":{"line":77,"column":13}},"15":{"start":{"line":79,"column":10},"end":{"line":79,"column":40}},"16":{"start":{"line":80,"column":10},"end":{"line":80,"column":36}},"17":{"start":{"line":81,"column":10},"end":{"line":81,"column":22}},"18":{"start":{"line":87,"column":39},"end":{"line":87,"column":52}},"19":{"start":{"line":88,"column":30},"end":{"line":94,"column":7}},"20":{"start":{"line":95,"column":32},"end":{"line":99,"column":7}},"21":{"start":{"line":96,"column":8},"end":{"line":98,"column":9}},"22":{"start":{"line":97,"column":10},"end":{"line":97,"column":34}},"23":{"start":{"line":106,"column":76},"end":{"line":106,"column":90}},"24":{"start":{"line":108,"column":2},"end":{"line":117,"column":4}}},"fnMap":{"0":{"name":"(anonymous_0)","decl":{"start":{"line":29,"column":4},"end":{"line":29,"column":5}},"loc":{"start":{"line":29,"column":14},"end":{"line":84,"column":5}},"line":29},"1":{"name":"(anonymous_1)","decl":{"start":{"line":38,"column":14},"end":{"line":38,"column":15}},"loc":{"start":{"line":38,"column":37},"end":{"line":59,"column":7}},"line":38},"2":{"name":"(anonymous_2)","decl":{"start":{"line":43,"column":28},"end":{"line":43,"column":29}},"loc":{"start":{"line":43,"column":41},"end":{"line":43,"column":66}},"line":43},"3":{"name":"(anonymous_3)","decl":{"start":{"line":62,"column":15},"end":{"line":62,"column":16}},"loc":{"start":{"line":62,"column":27},"end":{"line":83,"column":7}},"line":62},"4":{"name":"(anonymous_4)","decl":{"start":{"line":67,"column":28},"end":{"line":67,"column":29}},"loc":{"start":{"line":67,"column":41},"end":{"line":67,"column":65}},"line":67},"5":{"name":"(anonymous_5)","decl":{"start":{"line":87,"column":33},"end":{"line":87,"column":34}},"loc":{"start":{"line":87,"column":39},"end":{"line":87,"column":52}},"line":87},"6":{"name":"(anonymous_6)","decl":{"start":{"line":88,"column":18},"end":{"line":88,"column":19}},"loc":{"start":{"line":88,"column":30},"end":{"line":94,"column":7}},"line":88},"7":{"name":"(anonymous_7)","decl":{"start":{"line":95,"column":26},"end":{"line":95,"column":27}},"loc":{"start":{"line":95,"column":32},"end":{"line":99,"column":7}},"line":95},"8":{"name":"(anonymous_8)","decl":{"start":{"line":95,"column":32},"end":{"line":95,"column":33}},"loc":{"start":{"line":95,"column":43},"end":{"line":99,"column":7}},"line":95},"9":{"name":"useAuth","decl":{"start":{"line":105,"column":16},"end":{"line":105,"column":23}},"loc":{"start":{"line":105,"column":26},"end":{"line":118,"column":1}},"line":105}},"branchMap":{"0":{"loc":{"start":{"line":96,"column":8},"end":{"line":98,"column":9}},"type":"if","locations":[{"start":{"line":96,"column":8},"end":{"line":98,"column":9}},{"start":{},"end":{}}],"line":96}},"s":{"0":0,"1":0,"2":0,"3":0,"4":0,"5":0,"6":0,"7":0,"8":0,"9":0,"10":0,"11":0,"12":0,"13":0,"14":0,"15":0,"16":0,"17":0,"18":0,"19":0,"20":0,"21":0,"22":0,"23":0,"24":0},"f":{"0":0,"1":0,"2":0,"3":0,"4":0,"5":0,"6":0,"7":0,"8":0,"9":0},"b":{"0":[0,0]}}
,"/Users/jiezhiyong/GitHub/react-native/store/scan-history.ts": {"path":"/Users/jiezhiyong/GitHub/react-native/store/scan-history.ts","statementMap":{"0":{"start":{"line":21,"column":35},"end":{"line":64,"column":1}},"1":{"start":{"line":23,"column":14},"end":{"line":58,"column":5}},"2":{"start":{"line":28,"column":41},"end":{"line":33,"column":9}},"3":{"start":{"line":35,"column":8},"end":{"line":37,"column":12}},"4":{"start":{"line":35,"column":24},"end":{"line":37,"column":9}},"5":{"start":{"line":42,"column":8},"end":{"line":44,"column":12}},"6":{"start":{"line":42,"column":24},"end":{"line":44,"column":9}},"7":{"start":{"line":43,"column":50},"end":{"line":43,"column":64}},"8":{"start":{"line":49,"column":8},"end":{"line":51,"column":12}},"9":{"start":{"line":49,"column":24},"end":{"line":51,"column":9}},"10":{"start":{"line":50,"column":50},"end":{"line":50,"column":72}},"11":{"start":{"line":56,"column":8},"end":{"line":56,"column":29}},"12":{"start":{"line":61,"column":39},"end":{"line":61,"column":51}}},"fnMap":{"0":{"name":"(anonymous_0)","decl":{"start":{"line":23,"column":4},"end":{"line":23,"column":5}},"loc":{"start":{"line":23,"column":14},"end":{"line":58,"column":5}},"line":23},"1":{"name":"(anonymous_1)","decl":{"start":{"line":27,"column":18},"end":{"line":27,"column":19}},"loc":{"start":{"line":27,"column":38},"end":{"line":38,"column":7}},"line":27},"2":{"name":"(anonymous_2)","decl":{"start":{"line":35,"column":12},"end":{"line":35,"column":13}},"loc":{"start":{"line":35,"column":24},"end":{"line":37,"column":9}},"line":35},"3":{"name":"(anonymous_3)","decl":{"start":{"line":41,"column":21},"end":{"line":41,"column":22}},"loc":{"start":{"line":41,"column":29},"end":{"line":45,"column":7}},"line":41},"4":{"name":"(anonymous_4)","decl":{"start":{"line":42,"column":12},"end":{"line":42,"column":13}},"loc":{"start":{"line":42,"column":24},"end":{"line":44,"column":9}},"line":42},"5":{"name":"(anonymous_5)","decl":{"start":{"line":43,"column":40},"end":{"line":43,"column":41}},"loc":{"start":{"line":43,"column":50},"end":{"line":43,"column":64}},"line":43},"6":{"name":"(anonymous_6)","decl":{"start":{"line":48,"column":29},"end":{"line":48,"column":30}},"loc":{"start":{"line":48,"column":38},"end":{"line":52,"column":7}},"line":48},"7":{"name":"(anonymous_7)","decl":{"start":{"line":49,"column":12},"end":{"line":49,"column":13}},"loc":{"start":{"line":49,"column":24},"end":{"line":51,"column":9}},"line":49},"8":{"name":"(anonymous_8)","decl":{"start":{"line":50,"column":40},"end":{"line":50,"column":41}},"loc":{"start":{"line":50,"column":50},"end":{"line":50,"column":72}},"line":50},"9":{"name":"(anonymous_9)","decl":{"start":{"line":55,"column":20},"end":{"line":55,"column":21}},"loc":{"start":{"line":55,"column":26},"end":{"line":57,"column":7}},"line":55},"10":{"name":"(anonymous_10)","decl":{"start":{"line":61,"column":33},"end":{"line":61,"column":34}},"loc":{"start":{"line":61,"column":39},"end":{"line":61,"column":51}},"line":61}},"branchMap":{},"s":{"0":0,"1":0,"2":0,"3":0,"4":0,"5":0,"6":0,"7":0,"8":0,"9":0,"10":0,"11":0,"12":0},"f":{"0":0,"1":0,"2":0,"3":0,"4":0,"5":0,"6":0,"7":0,"8":0,"9":0,"10":0},"b":{}}
}
