{"/Users/jiezhiyong/Documents/GitHub/react-native/app.config.ts": {"path":"/Users/jiezhiyong/Documents/GitHub/react-native/app.config.ts","statementMap":{"0":{"start":{"line":3,"column":59},"end":{"line":8,"column":1}}},"fnMap":{"0":{"name":"(anonymous_0)","decl":{"start":{"line":3,"column":15},"end":{"line":3,"column":16}},"loc":{"start":{"line":3,"column":59},"end":{"line":8,"column":1}},"line":3}},"branchMap":{"0":{"loc":{"start":{"line":5,"column":8},"end":{"line":5,"column":25}},"type":"binary-expr","locations":[{"start":{"line":5,"column":8},"end":{"line":5,"column":19}},{"start":{"line":5,"column":23},"end":{"line":5,"column":25}}],"line":5},"1":{"loc":{"start":{"line":6,"column":8},"end":{"line":6,"column":25}},"type":"binary-expr","locations":[{"start":{"line":6,"column":8},"end":{"line":6,"column":19}},{"start":{"line":6,"column":23},"end":{"line":6,"column":25}}],"line":6},"2":{"loc":{"start":{"line":7,"column":8},"end":{"line":7,"column":106}},"type":"cond-expr","locations":[{"start":{"line":7,"column":51},"end":{"line":7,"column":77}},{"start":{"line":7,"column":80},"end":{"line":7,"column":106}}],"line":7}},"s":{"0":0},"f":{"0":0},"b":{"0":[0,0],"1":[0,0],"2":[0,0]}}
,"/Users/jiezhiyong/Documents/GitHub/react-native/nativewind-env.d.ts": {"path":"/Users/jiezhiyong/Documents/GitHub/react-native/nativewind-env.d.ts","statementMap":{},"fnMap":{},"branchMap":{},"s":{},"f":{},"b":{}}
,"/Users/jiezhiyong/Documents/GitHub/react-native/app/+not-found.tsx": {"path":"/Users/jiezhiyong/Documents/GitHub/react-native/app/+not-found.tsx","statementMap":{"0":{"start":{"line":6,"column":2},"end":{"line":17,"column":4}}},"fnMap":{"0":{"name":"NotFoundScreen","decl":{"start":{"line":5,"column":24},"end":{"line":5,"column":38}},"loc":{"start":{"line":5,"column":41},"end":{"line":18,"column":1}},"line":5}},"branchMap":{},"s":{"0":0},"f":{"0":0},"b":{}}
,"/Users/jiezhiyong/Documents/GitHub/react-native/app/_layout copy.tsx": {"path":"/Users/jiezhiyong/Documents/GitHub/react-native/app/_layout copy.tsx","statementMap":{"0":{"start":{"line":9,"column":22},"end":{"line":9,"column":53}},"1":{"start":{"line":11,"column":24},"end":{"line":16,"column":12}},"2":{"start":{"line":19,"column":21},"end":{"line":19,"column":31}},"3":{"start":{"line":20,"column":2},"end":{"line":63,"column":4}}},"fnMap":{"0":{"name":"MaterialTopTabsLayout","decl":{"start":{"line":18,"column":24},"end":{"line":18,"column":45}},"loc":{"start":{"line":18,"column":48},"end":{"line":64,"column":1}},"line":18}},"branchMap":{},"s":{"0":0,"1":0,"2":0,"3":0},"f":{"0":0},"b":{}}
,"/Users/jiezhiyong/Documents/GitHub/react-native/app/_layout.tsx": {"path":"/Users/jiezhiyong/Documents/GitHub/react-native/app/_layout.tsx","statementMap":{"0":{"start":{"line":22,"column":27},"end":{"line":25,"column":1}},"1":{"start":{"line":26,"column":26},"end":{"line":29,"column":1}},"2":{"start":{"line":37,"column":20},"end":{"line":46,"column":2}},"3":{"start":{"line":49,"column":0},"end":{"line":54,"column":3}},"4":{"start":{"line":50,"column":28},"end":{"line":52,"column":4}},"5":{"start":{"line":51,"column":4},"end":{"line":51,"column":35}},"6":{"start":{"line":53,"column":2},"end":{"line":53,"column":34}},"7":{"start":{"line":58,"column":2},"end":{"line":60,"column":3}},"8":{"start":{"line":59,"column":4},"end":{"line":59,"column":49}},"9":{"start":{"line":64,"column":24},"end":{"line":64,"column":51}},"10":{"start":{"line":65,"column":2},"end":{"line":65,"column":44}},"11":{"start":{"line":66,"column":2},"end":{"line":66,"column":37}},"12":{"start":{"line":68,"column":21},"end":{"line":68,"column":40}},"13":{"start":{"line":69,"column":45},"end":{"line":69,"column":61}},"14":{"start":{"line":70,"column":56},"end":{"line":70,"column":77}},"15":{"start":{"line":72,"column":2},"end":{"line":84,"column":9}},"16":{"start":{"line":73,"column":4},"end":{"line":75,"column":5}},"17":{"start":{"line":74,"column":6},"end":{"line":74,"column":13}},"18":{"start":{"line":77,"column":4},"end":{"line":80,"column":5}},"19":{"start":{"line":79,"column":6},"end":{"line":79,"column":62}},"20":{"start":{"line":81,"column":4},"end":{"line":81,"column":41}},"21":{"start":{"line":82,"column":4},"end":{"line":82,"column":33}},"22":{"start":{"line":83,"column":4},"end":{"line":83,"column":30}},"23":{"start":{"line":86,"column":2},"end":{"line":90,"column":9}},"24":{"start":{"line":87,"column":25},"end":{"line":87,"column":78}},"25":{"start":{"line":89,"column":4},"end":{"line":89,"column":39}},"26":{"start":{"line":89,"column":17},"end":{"line":89,"column":38}},"27":{"start":{"line":92,"column":2},"end":{"line":94,"column":3}},"28":{"start":{"line":93,"column":4},"end":{"line":93,"column":16}},"29":{"start":{"line":96,"column":2},"end":{"line":112,"column":4}},"30":{"start":{"line":105,"column":33},"end":{"line":105,"column":48}}},"fnMap":{"0":{"name":"(anonymous_0)","decl":{"start":{"line":49,"column":31},"end":{"line":49,"column":32}},"loc":{"start":{"line":49,"column":46},"end":{"line":54,"column":1}},"line":49},"1":{"name":"(anonymous_1)","decl":{"start":{"line":50,"column":60},"end":{"line":50,"column":61}},"loc":{"start":{"line":50,"column":71},"end":{"line":52,"column":3}},"line":50},"2":{"name":"onAppStateChange","decl":{"start":{"line":57,"column":9},"end":{"line":57,"column":25}},"loc":{"start":{"line":57,"column":50},"end":{"line":61,"column":1}},"line":57},"3":{"name":"RootLayout","decl":{"start":{"line":63,"column":24},"end":{"line":63,"column":34}},"loc":{"start":{"line":63,"column":37},"end":{"line":113,"column":1}},"line":63},"4":{"name":"(anonymous_4)","decl":{"start":{"line":72,"column":28},"end":{"line":72,"column":29}},"loc":{"start":{"line":72,"column":34},"end":{"line":84,"column":3}},"line":72},"5":{"name":"(anonymous_5)","decl":{"start":{"line":86,"column":12},"end":{"line":86,"column":13}},"loc":{"start":{"line":86,"column":18},"end":{"line":90,"column":3}},"line":86},"6":{"name":"(anonymous_6)","decl":{"start":{"line":89,"column":11},"end":{"line":89,"column":12}},"loc":{"start":{"line":89,"column":17},"end":{"line":89,"column":38}},"line":89},"7":{"name":"(anonymous_7)","decl":{"start":{"line":105,"column":27},"end":{"line":105,"column":28}},"loc":{"start":{"line":105,"column":33},"end":{"line":105,"column":48}},"line":105}},"branchMap":{"0":{"loc":{"start":{"line":58,"column":2},"end":{"line":60,"column":3}},"type":"if","locations":[{"start":{"line":58,"column":2},"end":{"line":60,"column":3}},{"start":{},"end":{}}],"line":58},"1":{"loc":{"start":{"line":73,"column":4},"end":{"line":75,"column":5}},"type":"if","locations":[{"start":{"line":73,"column":4},"end":{"line":75,"column":5}},{"start":{},"end":{}}],"line":73},"2":{"loc":{"start":{"line":77,"column":4},"end":{"line":80,"column":5}},"type":"if","locations":[{"start":{"line":77,"column":4},"end":{"line":80,"column":5}},{"start":{},"end":{}}],"line":77},"3":{"loc":{"start":{"line":92,"column":2},"end":{"line":94,"column":3}},"type":"if","locations":[{"start":{"line":92,"column":2},"end":{"line":94,"column":3}},{"start":{},"end":{}}],"line":92},"4":{"loc":{"start":{"line":98,"column":28},"end":{"line":98,"column":72}},"type":"cond-expr","locations":[{"start":{"line":98,"column":48},"end":{"line":98,"column":58}},{"start":{"line":98,"column":61},"end":{"line":98,"column":72}}],"line":98},"5":{"loc":{"start":{"line":99,"column":26},"end":{"line":99,"column":62}},"type":"cond-expr","locations":[{"start":{"line":99,"column":46},"end":{"line":99,"column":53}},{"start":{"line":99,"column":56},"end":{"line":99,"column":62}}],"line":99}},"s":{"0":0,"1":0,"2":0,"3":0,"4":0,"5":0,"6":0,"7":0,"8":0,"9":0,"10":0,"11":0,"12":0,"13":0,"14":0,"15":0,"16":0,"17":0,"18":0,"19":0,"20":0,"21":0,"22":0,"23":0,"24":0,"25":0,"26":0,"27":0,"28":0,"29":0,"30":0},"f":{"0":0,"1":0,"2":0,"3":0,"4":0,"5":0,"6":0,"7":0},"b":{"0":[0,0],"1":[0,0],"2":[0,0],"3":[0,0],"4":[0,0],"5":[0,0]}}
,"/Users/jiezhiyong/Documents/GitHub/react-native/app/index.tsx": {"path":"/Users/jiezhiyong/Documents/GitHub/react-native/app/index.tsx","statementMap":{"0":{"start":{"line":12,"column":26},"end":{"line":12,"column":104}},"1":{"start":{"line":15,"column":34},"end":{"line":15,"column":52}},"2":{"start":{"line":18,"column":4},"end":{"line":18,"column":49}},"3":{"start":{"line":20,"column":2},"end":{"line":77,"column":4}}},"fnMap":{"0":{"name":"Screen","decl":{"start":{"line":14,"column":24},"end":{"line":14,"column":30}},"loc":{"start":{"line":14,"column":33},"end":{"line":78,"column":1}},"line":14},"1":{"name":"updateProgressValue","decl":{"start":{"line":17,"column":11},"end":{"line":17,"column":30}},"loc":{"start":{"line":17,"column":33},"end":{"line":19,"column":3}},"line":17}},"branchMap":{},"s":{"0":0,"1":0,"2":0,"3":0},"f":{"0":0,"1":0},"b":{}}
,"/Users/jiezhiyong/Documents/GitHub/react-native/app/jest.tsx": {"path":"/Users/jiezhiyong/Documents/GitHub/react-native/app/jest.tsx","statementMap":{"0":{"start":{"line":4,"column":26},"end":{"line":4,"column":86}},"1":{"start":{"line":4,"column":63},"end":{"line":4,"column":86}},"2":{"start":{"line":7,"column":2},"end":{"line":11,"column":4}},"3":{"start":{"line":14,"column":15},"end":{"line":21,"column":2}}},"fnMap":{"0":{"name":"(anonymous_0)","decl":{"start":{"line":4,"column":26},"end":{"line":4,"column":27}},"loc":{"start":{"line":4,"column":63},"end":{"line":4,"column":86}},"line":4},"1":{"name":"HomeScreen","decl":{"start":{"line":6,"column":24},"end":{"line":6,"column":34}},"loc":{"start":{"line":6,"column":37},"end":{"line":12,"column":1}},"line":6}},"branchMap":{},"s":{"0":1,"1":2,"2":1,"3":1},"f":{"0":2,"1":1},"b":{},"_coverageSchema":"1a1c01bbd47fc00a2c39e90264f33305004495a9","hash":"116c83eebdd24ba6ca7a4fc0f9e09593c3a31772"}
,"/Users/jiezhiyong/Documents/GitHub/react-native/app/login.tsx": {"path":"/Users/jiezhiyong/Documents/GitHub/react-native/app/login.tsx","statementMap":{"0":{"start":{"line":6,"column":0},"end":{"line":6,"column":38}},"1":{"start":{"line":9,"column":18},"end":{"line":13,"column":1}},"2":{"start":{"line":16,"column":43},"end":{"line":25,"column":3}},"3":{"start":{"line":27,"column":2},"end":{"line":34,"column":17}},"4":{"start":{"line":28,"column":4},"end":{"line":33,"column":5}},"5":{"start":{"line":29,"column":23},"end":{"line":29,"column":38}},"6":{"start":{"line":30,"column":6},"end":{"line":30,"column":33}},"7":{"start":{"line":36,"column":2},"end":{"line":44,"column":4}},"8":{"start":{"line":41,"column":8},"end":{"line":41,"column":22}},"9":{"start":{"line":49,"column":19},"end":{"line":60,"column":4}},"10":{"start":{"line":62,"column":27},"end":{"line":62,"column":48}},"11":{"start":{"line":63,"column":2},"end":{"line":63,"column":44}}},"fnMap":{"0":{"name":"App","decl":{"start":{"line":15,"column":24},"end":{"line":15,"column":27}},"loc":{"start":{"line":15,"column":30},"end":{"line":45,"column":1}},"line":15},"1":{"name":"(anonymous_1)","decl":{"start":{"line":27,"column":12},"end":{"line":27,"column":13}},"loc":{"start":{"line":27,"column":18},"end":{"line":34,"column":3}},"line":27},"2":{"name":"(anonymous_2)","decl":{"start":{"line":40,"column":15},"end":{"line":40,"column":16}},"loc":{"start":{"line":40,"column":21},"end":{"line":42,"column":7}},"line":40},"3":{"name":"exchangeCodeForToken","decl":{"start":{"line":48,"column":15},"end":{"line":48,"column":35}},"loc":{"start":{"line":48,"column":50},"end":{"line":67,"column":1}},"line":48}},"branchMap":{"0":{"loc":{"start":{"line":28,"column":4},"end":{"line":33,"column":5}},"type":"if","locations":[{"start":{"line":28,"column":4},"end":{"line":33,"column":5}},{"start":{},"end":{}}],"line":28}},"s":{"0":0,"1":0,"2":0,"3":0,"4":0,"5":0,"6":0,"7":0,"8":0,"9":0,"10":0,"11":0},"f":{"0":0,"1":0,"2":0,"3":0},"b":{"0":[0,0]}}
,"/Users/jiezhiyong/Documents/GitHub/react-native/app/(tabs)/_layout.tsx": {"path":"/Users/jiezhiyong/Documents/GitHub/react-native/app/(tabs)/_layout.tsx","statementMap":{"0":{"start":{"line":12,"column":22},"end":{"line":12,"column":38}},"1":{"start":{"line":14,"column":2},"end":{"line":45,"column":4}},"2":{"start":{"line":34,"column":37},"end":{"line":34,"column":93}},"3":{"start":{"line":41,"column":37},"end":{"line":41,"column":98}}},"fnMap":{"0":{"name":"TabLayout","decl":{"start":{"line":11,"column":24},"end":{"line":11,"column":33}},"loc":{"start":{"line":11,"column":36},"end":{"line":46,"column":1}},"line":11},"1":{"name":"(anonymous_1)","decl":{"start":{"line":34,"column":22},"end":{"line":34,"column":23}},"loc":{"start":{"line":34,"column":37},"end":{"line":34,"column":93}},"line":34},"2":{"name":"(anonymous_2)","decl":{"start":{"line":41,"column":22},"end":{"line":41,"column":23}},"loc":{"start":{"line":41,"column":37},"end":{"line":41,"column":98}},"line":41}},"branchMap":{"0":{"loc":{"start":{"line":17,"column":38},"end":{"line":17,"column":60}},"type":"binary-expr","locations":[{"start":{"line":17,"column":38},"end":{"line":17,"column":49}},{"start":{"line":17,"column":53},"end":{"line":17,"column":60}}],"line":17}},"s":{"0":0,"1":0,"2":0,"3":0},"f":{"0":0,"1":0,"2":0},"b":{"0":[0,0]}}
,"/Users/jiezhiyong/Documents/GitHub/react-native/app/(tabs)/explore.tsx": {"path":"/Users/jiezhiyong/Documents/GitHub/react-native/app/(tabs)/explore.tsx","statementMap":{"0":{"start":{"line":11,"column":2},"end":{"line":91,"column":4}},"1":{"start":{"line":94,"column":15},"end":{"line":105,"column":2}}},"fnMap":{"0":{"name":"TabTwoScreen","decl":{"start":{"line":10,"column":24},"end":{"line":10,"column":36}},"loc":{"start":{"line":10,"column":39},"end":{"line":92,"column":1}},"line":10}},"branchMap":{},"s":{"0":0,"1":0},"f":{"0":0},"b":{}}
,"/Users/jiezhiyong/Documents/GitHub/react-native/app/(tabs)/(home)/_layout.tsx": {"path":"/Users/jiezhiyong/Documents/GitHub/react-native/app/(tabs)/(home)/_layout.tsx","statementMap":{"0":{"start":{"line":4,"column":2},"end":{"line":19,"column":4}}},"fnMap":{"0":{"name":"HomeLayout","decl":{"start":{"line":3,"column":24},"end":{"line":3,"column":34}},"loc":{"start":{"line":3,"column":37},"end":{"line":20,"column":1}},"line":3}},"branchMap":{},"s":{"0":0},"f":{"0":0},"b":{}}
,"/Users/jiezhiyong/Documents/GitHub/react-native/app/(tabs)/(home)/index.tsx": {"path":"/Users/jiezhiyong/Documents/GitHub/react-native/app/(tabs)/(home)/index.tsx","statementMap":{"0":{"start":{"line":4,"column":2},"end":{"line":4,"column":52}}},"fnMap":{"0":{"name":"HomeScreen","decl":{"start":{"line":3,"column":24},"end":{"line":3,"column":34}},"loc":{"start":{"line":3,"column":37},"end":{"line":5,"column":1}},"line":3}},"branchMap":{},"s":{"0":0},"f":{"0":0},"b":{}}
,"/Users/jiezhiyong/Documents/GitHub/react-native/app/(tabs)/(home)/details/[id].tsx": {"path":"/Users/jiezhiyong/Documents/GitHub/react-native/app/(tabs)/(home)/details/[id].tsx","statementMap":{"0":{"start":{"line":9,"column":23},"end":{"line":9,"column":45}},"1":{"start":{"line":10,"column":2},"end":{"line":18,"column":4}},"2":{"start":{"line":21,"column":15},"end":{"line":27,"column":2}}},"fnMap":{"0":{"name":"DetailsScreen","decl":{"start":{"line":8,"column":24},"end":{"line":8,"column":37}},"loc":{"start":{"line":8,"column":40},"end":{"line":19,"column":1}},"line":8}},"branchMap":{},"s":{"0":0,"1":0,"2":0},"f":{"0":0},"b":{}}
,"/Users/jiezhiyong/Documents/GitHub/react-native/backup/disable-queries-on-out-of-focus-screens.tsx": {"path":"/Users/jiezhiyong/Documents/GitHub/react-native/backup/disable-queries-on-out-of-focus-screens.tsx","statementMap":{"0":{"start":{"line":11,"column":20},"end":{"line":11,"column":34}},"1":{"start":{"line":13,"column":28},"end":{"line":17,"column":4}},"2":{"start":{"line":15,"column":19},"end":{"line":15,"column":31}},"3":{"start":{"line":19,"column":2},"end":{"line":19,"column":53}}},"fnMap":{"0":{"name":"MyComponent","decl":{"start":{"line":10,"column":9},"end":{"line":10,"column":20}},"loc":{"start":{"line":10,"column":23},"end":{"line":20,"column":1}},"line":10},"1":{"name":"(anonymous_1)","decl":{"start":{"line":15,"column":13},"end":{"line":15,"column":14}},"loc":{"start":{"line":15,"column":19},"end":{"line":15,"column":31}},"line":15}},"branchMap":{},"s":{"0":0,"1":0,"2":0,"3":0},"f":{"0":0,"1":0},"b":{}}
,"/Users/jiezhiyong/Documents/GitHub/react-native/backup/keyboard.tsx": {"path":"/Users/jiezhiyong/Documents/GitHub/react-native/backup/keyboard.tsx","statementMap":{"0":{"start":{"line":6,"column":65},"end":{"line":6,"column":78}},"1":{"start":{"line":8,"column":2},"end":{"line":8,"column":53}},"2":{"start":{"line":11,"column":4},"end":{"line":11,"column":30}},"3":{"start":{"line":12,"column":4},"end":{"line":14,"column":5}},"4":{"start":{"line":13,"column":6},"end":{"line":13,"column":24}},"5":{"start":{"line":17,"column":2},"end":{"line":17,"column":47}}},"fnMap":{"0":{"name":"Example","decl":{"start":{"line":5,"column":9},"end":{"line":5,"column":16}},"loc":{"start":{"line":5,"column":19},"end":{"line":18,"column":1}},"line":5},"1":{"name":"onChangeText","decl":{"start":{"line":10,"column":11},"end":{"line":10,"column":23}},"loc":{"start":{"line":10,"column":38},"end":{"line":15,"column":3}},"line":10}},"branchMap":{"0":{"loc":{"start":{"line":12,"column":4},"end":{"line":14,"column":5}},"type":"if","locations":[{"start":{"line":12,"column":4},"end":{"line":14,"column":5}},{"start":{},"end":{}}],"line":12}},"s":{"0":0,"1":0,"2":0,"3":0,"4":0,"5":0},"f":{"0":0,"1":0},"b":{"0":[0,0]}}
,"/Users/jiezhiyong/Documents/GitHub/react-native/backup/react-native#refresh-on-screen-focus.tsx": {"path":"/Users/jiezhiyong/Documents/GitHub/react-native/backup/react-native#refresh-on-screen-focus.tsx","statementMap":{"0":{"start":{"line":10,"column":28},"end":{"line":13,"column":4}},"1":{"start":{"line":12,"column":19},"end":{"line":12,"column":31}},"2":{"start":{"line":16,"column":2},"end":{"line":16,"column":29}},"3":{"start":{"line":21,"column":2},"end":{"line":21,"column":14}}},"fnMap":{"0":{"name":"MyComponent","decl":{"start":{"line":9,"column":9},"end":{"line":9,"column":20}},"loc":{"start":{"line":9,"column":23},"end":{"line":22,"column":1}},"line":9},"1":{"name":"(anonymous_1)","decl":{"start":{"line":12,"column":13},"end":{"line":12,"column":14}},"loc":{"start":{"line":12,"column":19},"end":{"line":12,"column":31}},"line":12}},"branchMap":{},"s":{"0":0,"1":0,"2":0,"3":0},"f":{"0":0,"1":0},"b":{}}
,"/Users/jiezhiyong/Documents/GitHub/react-native/backup/react-native-bottom-shee.tsx": {"path":"/Users/jiezhiyong/Documents/GitHub/react-native/backup/react-native-bottom-shee.tsx","statementMap":{"0":{"start":{"line":6,"column":12},"end":{"line":25,"column":1}},"1":{"start":{"line":8,"column":25},"end":{"line":8,"column":50}},"2":{"start":{"line":11,"column":29},"end":{"line":13,"column":8}},"3":{"start":{"line":12,"column":4},"end":{"line":12,"column":45}},"4":{"start":{"line":16,"column":2},"end":{"line":24,"column":4}},"5":{"start":{"line":27,"column":15},"end":{"line":37,"column":2}}},"fnMap":{"0":{"name":"(anonymous_0)","decl":{"start":{"line":6,"column":12},"end":{"line":6,"column":13}},"loc":{"start":{"line":6,"column":18},"end":{"line":25,"column":1}},"line":6},"1":{"name":"(anonymous_1)","decl":{"start":{"line":11,"column":41},"end":{"line":11,"column":42}},"loc":{"start":{"line":11,"column":60},"end":{"line":13,"column":3}},"line":11}},"branchMap":{},"s":{"0":0,"1":0,"2":0,"3":0,"4":0,"5":0},"f":{"0":0,"1":0},"b":{}}
,"/Users/jiezhiyong/Documents/GitHub/react-native/components/Collapsible.tsx": {"path":"/Users/jiezhiyong/Documents/GitHub/react-native/components/Collapsible.tsx","statementMap":{"0":{"start":{"line":11,"column":30},"end":{"line":11,"column":45}},"1":{"start":{"line":12,"column":16},"end":{"line":12,"column":43}},"2":{"start":{"line":14,"column":2},"end":{"line":29,"column":4}},"3":{"start":{"line":16,"column":62},"end":{"line":16,"column":90}},"4":{"start":{"line":16,"column":83},"end":{"line":16,"column":89}},"5":{"start":{"line":32,"column":15},"end":{"line":42,"column":2}}},"fnMap":{"0":{"name":"Collapsible","decl":{"start":{"line":10,"column":16},"end":{"line":10,"column":27}},"loc":{"start":{"line":10,"column":88},"end":{"line":30,"column":1}},"line":10},"1":{"name":"(anonymous_1)","decl":{"start":{"line":16,"column":56},"end":{"line":16,"column":57}},"loc":{"start":{"line":16,"column":62},"end":{"line":16,"column":90}},"line":16},"2":{"name":"(anonymous_2)","decl":{"start":{"line":16,"column":72},"end":{"line":16,"column":73}},"loc":{"start":{"line":16,"column":83},"end":{"line":16,"column":89}},"line":16}},"branchMap":{"0":{"loc":{"start":{"line":12,"column":16},"end":{"line":12,"column":43}},"type":"binary-expr","locations":[{"start":{"line":12,"column":16},"end":{"line":12,"column":32}},{"start":{"line":12,"column":36},"end":{"line":12,"column":43}}],"line":12},"1":{"loc":{"start":{"line":21,"column":17},"end":{"line":21,"column":73}},"type":"cond-expr","locations":[{"start":{"line":21,"column":37},"end":{"line":21,"column":54}},{"start":{"line":21,"column":57},"end":{"line":21,"column":73}}],"line":21},"2":{"loc":{"start":{"line":22,"column":41},"end":{"line":22,"column":66}},"type":"cond-expr","locations":[{"start":{"line":22,"column":50},"end":{"line":22,"column":57}},{"start":{"line":22,"column":60},"end":{"line":22,"column":66}}],"line":22},"3":{"loc":{"start":{"line":27,"column":7},"end":{"line":27,"column":75}},"type":"binary-expr","locations":[{"start":{"line":27,"column":7},"end":{"line":27,"column":13}},{"start":{"line":27,"column":17},"end":{"line":27,"column":75}}],"line":27}},"s":{"0":0,"1":0,"2":0,"3":0,"4":0,"5":0},"f":{"0":0,"1":0,"2":0},"b":{"0":[0,0],"1":[0,0],"2":[0,0],"3":[0,0]}}
,"/Users/jiezhiyong/Documents/GitHub/react-native/components/ExternalLink.tsx": {"path":"/Users/jiezhiyong/Documents/GitHub/react-native/components/ExternalLink.tsx","statementMap":{"0":{"start":{"line":9,"column":2},"end":{"line":23,"column":4}},"1":{"start":{"line":15,"column":8},"end":{"line":20,"column":9}},"2":{"start":{"line":17,"column":10},"end":{"line":17,"column":33}},"3":{"start":{"line":19,"column":10},"end":{"line":19,"column":39}}},"fnMap":{"0":{"name":"ExternalLink","decl":{"start":{"line":8,"column":16},"end":{"line":8,"column":28}},"loc":{"start":{"line":8,"column":55},"end":{"line":24,"column":1}},"line":8},"1":{"name":"(anonymous_1)","decl":{"start":{"line":14,"column":15},"end":{"line":14,"column":16}},"loc":{"start":{"line":14,"column":32},"end":{"line":21,"column":7}},"line":14}},"branchMap":{"0":{"loc":{"start":{"line":15,"column":8},"end":{"line":20,"column":9}},"type":"if","locations":[{"start":{"line":15,"column":8},"end":{"line":20,"column":9}},{"start":{},"end":{}}],"line":15}},"s":{"0":0,"1":0,"2":0,"3":0},"f":{"0":0,"1":0},"b":{"0":[0,0]}}
,"/Users/jiezhiyong/Documents/GitHub/react-native/components/HapticTab.tsx": {"path":"/Users/jiezhiyong/Documents/GitHub/react-native/components/HapticTab.tsx","statementMap":{"0":{"start":{"line":6,"column":2},"end":{"line":17,"column":4}},"1":{"start":{"line":10,"column":8},"end":{"line":13,"column":9}},"2":{"start":{"line":12,"column":10},"end":{"line":12,"column":65}},"3":{"start":{"line":14,"column":8},"end":{"line":14,"column":30}}},"fnMap":{"0":{"name":"HapticTab","decl":{"start":{"line":5,"column":16},"end":{"line":5,"column":25}},"loc":{"start":{"line":5,"column":58},"end":{"line":18,"column":1}},"line":5},"1":{"name":"(anonymous_1)","decl":{"start":{"line":9,"column":17},"end":{"line":9,"column":18}},"loc":{"start":{"line":9,"column":25},"end":{"line":15,"column":7}},"line":9}},"branchMap":{"0":{"loc":{"start":{"line":10,"column":8},"end":{"line":13,"column":9}},"type":"if","locations":[{"start":{"line":10,"column":8},"end":{"line":13,"column":9}},{"start":{},"end":{}}],"line":10}},"s":{"0":0,"1":0,"2":0,"3":0},"f":{"0":0,"1":0},"b":{"0":[0,0]}}
,"/Users/jiezhiyong/Documents/GitHub/react-native/components/HelloWave.tsx": {"path":"/Users/jiezhiyong/Documents/GitHub/react-native/components/HelloWave.tsx","statementMap":{"0":{"start":{"line":14,"column":28},"end":{"line":14,"column":45}},"1":{"start":{"line":16,"column":2},"end":{"line":21,"column":5}},"2":{"start":{"line":17,"column":4},"end":{"line":20,"column":6}},"3":{"start":{"line":23,"column":24},"end":{"line":25,"column":5}},"4":{"start":{"line":23,"column":48},"end":{"line":25,"column":3}},"5":{"start":{"line":27,"column":2},"end":{"line":31,"column":4}},"6":{"start":{"line":34,"column":15},"end":{"line":40,"column":2}}},"fnMap":{"0":{"name":"HelloWave","decl":{"start":{"line":13,"column":16},"end":{"line":13,"column":25}},"loc":{"start":{"line":13,"column":28},"end":{"line":32,"column":1}},"line":13},"1":{"name":"(anonymous_1)","decl":{"start":{"line":16,"column":12},"end":{"line":16,"column":13}},"loc":{"start":{"line":16,"column":18},"end":{"line":21,"column":3}},"line":16},"2":{"name":"(anonymous_2)","decl":{"start":{"line":23,"column":41},"end":{"line":23,"column":42}},"loc":{"start":{"line":23,"column":48},"end":{"line":25,"column":3}},"line":23}},"branchMap":{},"s":{"0":0,"1":0,"2":0,"3":0,"4":0,"5":0,"6":0},"f":{"0":0,"1":0,"2":0},"b":{}}
,"/Users/jiezhiyong/Documents/GitHub/react-native/components/ParallaxScrollView.tsx": {"path":"/Users/jiezhiyong/Documents/GitHub/react-native/components/ParallaxScrollView.tsx","statementMap":{"0":{"start":{"line":9,"column":22},"end":{"line":9,"column":25}},"1":{"start":{"line":17,"column":22},"end":{"line":17,"column":49}},"2":{"start":{"line":18,"column":20},"end":{"line":18,"column":57}},"3":{"start":{"line":19,"column":23},"end":{"line":19,"column":53}},"4":{"start":{"line":20,"column":17},"end":{"line":20,"column":39}},"5":{"start":{"line":21,"column":30},"end":{"line":36,"column":4}},"6":{"start":{"line":22,"column":4},"end":{"line":35,"column":6}},"7":{"start":{"line":38,"column":2},"end":{"line":54,"column":4}},"8":{"start":{"line":57,"column":15},"end":{"line":71,"column":2}}},"fnMap":{"0":{"name":"ParallaxScrollView","decl":{"start":{"line":16,"column":24},"end":{"line":16,"column":42}},"loc":{"start":{"line":16,"column":100},"end":{"line":55,"column":1}},"line":16},"1":{"name":"(anonymous_1)","decl":{"start":{"line":21,"column":47},"end":{"line":21,"column":48}},"loc":{"start":{"line":21,"column":53},"end":{"line":36,"column":3}},"line":21}},"branchMap":{"0":{"loc":{"start":{"line":17,"column":22},"end":{"line":17,"column":49}},"type":"binary-expr","locations":[{"start":{"line":17,"column":22},"end":{"line":17,"column":38}},{"start":{"line":17,"column":42},"end":{"line":17,"column":49}}],"line":17}},"s":{"0":0,"1":0,"2":0,"3":0,"4":0,"5":0,"6":0,"7":0,"8":0},"f":{"0":0,"1":0},"b":{"0":[0,0]}}
,"/Users/jiezhiyong/Documents/GitHub/react-native/components/ThemeToggle.tsx": {"path":"/Users/jiezhiyong/Documents/GitHub/react-native/components/ThemeToggle.tsx","statementMap":{"0":{"start":{"line":9,"column":48},"end":{"line":9,"column":64}},"1":{"start":{"line":12,"column":21},"end":{"line":12,"column":57}},"2":{"start":{"line":13,"column":4},"end":{"line":13,"column":29}},"3":{"start":{"line":14,"column":4},"end":{"line":14,"column":38}},"4":{"start":{"line":17,"column":2},"end":{"line":34,"column":4}},"5":{"start":{"line":23,"column":8},"end":{"line":31,"column":15}}},"fnMap":{"0":{"name":"ThemeToggle","decl":{"start":{"line":8,"column":16},"end":{"line":8,"column":27}},"loc":{"start":{"line":8,"column":30},"end":{"line":35,"column":1}},"line":8},"1":{"name":"toggleColorScheme","decl":{"start":{"line":11,"column":11},"end":{"line":11,"column":28}},"loc":{"start":{"line":11,"column":31},"end":{"line":15,"column":3}},"line":11},"2":{"name":"(anonymous_2)","decl":{"start":{"line":22,"column":7},"end":{"line":22,"column":8}},"loc":{"start":{"line":23,"column":8},"end":{"line":31,"column":15}},"line":23}},"branchMap":{"0":{"loc":{"start":{"line":12,"column":21},"end":{"line":12,"column":57}},"type":"cond-expr","locations":[{"start":{"line":12,"column":41},"end":{"line":12,"column":48}},{"start":{"line":12,"column":51},"end":{"line":12,"column":57}}],"line":12},"1":{"loc":{"start":{"line":24,"column":91},"end":{"line":24,"column":114}},"type":"binary-expr","locations":[{"start":{"line":24,"column":91},"end":{"line":24,"column":98}},{"start":{"line":24,"column":102},"end":{"line":24,"column":114}}],"line":24},"2":{"loc":{"start":{"line":26,"column":11},"end":{"line":30,"column":11}},"type":"cond-expr","locations":[{"start":{"line":27,"column":12},"end":{"line":27,"column":81}},{"start":{"line":29,"column":12},"end":{"line":29,"column":76}}],"line":26}},"s":{"0":0,"1":0,"2":0,"3":0,"4":0,"5":0},"f":{"0":0,"1":0,"2":0},"b":{"0":[0,0],"1":[0,0],"2":[0,0]}}
,"/Users/jiezhiyong/Documents/GitHub/react-native/components/ThemedText.tsx": {"path":"/Users/jiezhiyong/Documents/GitHub/react-native/components/ThemedText.tsx","statementMap":{"0":{"start":{"line":12,"column":16},"end":{"line":12,"column":77}},"1":{"start":{"line":14,"column":2},"end":{"line":27,"column":4}},"2":{"start":{"line":30,"column":15},"end":{"line":54,"column":2}}},"fnMap":{"0":{"name":"ThemedText","decl":{"start":{"line":11,"column":16},"end":{"line":11,"column":26}},"loc":{"start":{"line":11,"column":105},"end":{"line":28,"column":1}},"line":11}},"branchMap":{"0":{"loc":{"start":{"line":11,"column":59},"end":{"line":11,"column":75}},"type":"default-arg","locations":[{"start":{"line":11,"column":66},"end":{"line":11,"column":75}}],"line":11},"1":{"loc":{"start":{"line":18,"column":8},"end":{"line":18,"column":55}},"type":"cond-expr","locations":[{"start":{"line":18,"column":29},"end":{"line":18,"column":43}},{"start":{"line":18,"column":46},"end":{"line":18,"column":55}}],"line":18},"2":{"loc":{"start":{"line":19,"column":8},"end":{"line":19,"column":51}},"type":"cond-expr","locations":[{"start":{"line":19,"column":27},"end":{"line":19,"column":39}},{"start":{"line":19,"column":42},"end":{"line":19,"column":51}}],"line":19},"3":{"loc":{"start":{"line":20,"column":8},"end":{"line":20,"column":71}},"type":"cond-expr","locations":[{"start":{"line":20,"column":37},"end":{"line":20,"column":59}},{"start":{"line":20,"column":62},"end":{"line":20,"column":71}}],"line":20},"4":{"loc":{"start":{"line":21,"column":8},"end":{"line":21,"column":57}},"type":"cond-expr","locations":[{"start":{"line":21,"column":30},"end":{"line":21,"column":45}},{"start":{"line":21,"column":48},"end":{"line":21,"column":57}}],"line":21},"5":{"loc":{"start":{"line":22,"column":8},"end":{"line":22,"column":49}},"type":"cond-expr","locations":[{"start":{"line":22,"column":26},"end":{"line":22,"column":37}},{"start":{"line":22,"column":40},"end":{"line":22,"column":49}}],"line":22}},"s":{"0":0,"1":0,"2":0},"f":{"0":0},"b":{"0":[0],"1":[0,0],"2":[0,0],"3":[0,0],"4":[0,0],"5":[0,0]}}
,"/Users/jiezhiyong/Documents/GitHub/react-native/components/ThemedView.tsx": {"path":"/Users/jiezhiyong/Documents/GitHub/react-native/components/ThemedView.tsx","statementMap":{"0":{"start":{"line":11,"column":26},"end":{"line":11,"column":93}},"1":{"start":{"line":13,"column":2},"end":{"line":13,"column":71}}},"fnMap":{"0":{"name":"ThemedView","decl":{"start":{"line":10,"column":16},"end":{"line":10,"column":26}},"loc":{"start":{"line":10,"column":93},"end":{"line":14,"column":1}},"line":10}},"branchMap":{},"s":{"0":0,"1":0},"f":{"0":0},"b":{}}
,"/Users/jiezhiyong/Documents/GitHub/react-native/components/ui/IconSymbol.ios.tsx": {"path":"/Users/jiezhiyong/Documents/GitHub/react-native/components/ui/IconSymbol.ios.tsx","statementMap":{"0":{"start":{"line":17,"column":2},"end":{"line":31,"column":4}}},"fnMap":{"0":{"name":"IconSymbol","decl":{"start":{"line":4,"column":16},"end":{"line":4,"column":26}},"loc":{"start":{"line":16,"column":3},"end":{"line":32,"column":1}},"line":16}},"branchMap":{"0":{"loc":{"start":{"line":6,"column":2},"end":{"line":6,"column":11}},"type":"default-arg","locations":[{"start":{"line":6,"column":9},"end":{"line":6,"column":11}}],"line":6},"1":{"loc":{"start":{"line":9,"column":2},"end":{"line":9,"column":20}},"type":"default-arg","locations":[{"start":{"line":9,"column":11},"end":{"line":9,"column":20}}],"line":9}},"s":{"0":0},"f":{"0":0},"b":{"0":[0],"1":[0]}}
,"/Users/jiezhiyong/Documents/GitHub/react-native/components/ui/IconSymbol.tsx": {"path":"/Users/jiezhiyong/Documents/GitHub/react-native/components/ui/IconSymbol.tsx","statementMap":{"0":{"start":{"line":9,"column":16},"end":{"line":18,"column":1}},"1":{"start":{"line":39,"column":2},"end":{"line":39,"column":95}}},"fnMap":{"0":{"name":"IconSymbol","decl":{"start":{"line":27,"column":16},"end":{"line":27,"column":26}},"loc":{"start":{"line":38,"column":3},"end":{"line":40,"column":1}},"line":38}},"branchMap":{"0":{"loc":{"start":{"line":29,"column":2},"end":{"line":29,"column":11}},"type":"default-arg","locations":[{"start":{"line":29,"column":9},"end":{"line":29,"column":11}}],"line":29}},"s":{"0":0,"1":0},"f":{"0":0},"b":{"0":[0]}}
,"/Users/jiezhiyong/Documents/GitHub/react-native/components/ui/TabBarBackground.ios.tsx": {"path":"/Users/jiezhiyong/Documents/GitHub/react-native/components/ui/TabBarBackground.ios.tsx","statementMap":{"0":{"start":{"line":7,"column":2},"end":{"line":15,"column":4}},"1":{"start":{"line":19,"column":20},"end":{"line":19,"column":43}},"2":{"start":{"line":20,"column":21},"end":{"line":20,"column":40}},"3":{"start":{"line":21,"column":2},"end":{"line":21,"column":28}}},"fnMap":{"0":{"name":"BlurTabBarBackground","decl":{"start":{"line":6,"column":24},"end":{"line":6,"column":44}},"loc":{"start":{"line":6,"column":47},"end":{"line":16,"column":1}},"line":6},"1":{"name":"useBottomTabOverflow","decl":{"start":{"line":18,"column":16},"end":{"line":18,"column":36}},"loc":{"start":{"line":18,"column":39},"end":{"line":22,"column":1}},"line":18}},"branchMap":{},"s":{"0":0,"1":0,"2":0,"3":0},"f":{"0":0,"1":0},"b":{}}
,"/Users/jiezhiyong/Documents/GitHub/react-native/components/ui/TabBarBackground.tsx": {"path":"/Users/jiezhiyong/Documents/GitHub/react-native/components/ui/TabBarBackground.tsx","statementMap":{"0":{"start":{"line":5,"column":2},"end":{"line":5,"column":11}}},"fnMap":{"0":{"name":"useBottomTabOverflow","decl":{"start":{"line":4,"column":16},"end":{"line":4,"column":36}},"loc":{"start":{"line":4,"column":39},"end":{"line":6,"column":1}},"line":4}},"branchMap":{},"s":{"0":0},"f":{"0":0},"b":{}}
,"/Users/jiezhiyong/Documents/GitHub/react-native/components/ui/alert-dialog.tsx": {"path":"/Users/jiezhiyong/Documents/GitHub/react-native/components/ui/alert-dialog.tsx","statementMap":{"0":{"start":{"line":9,"column":20},"end":{"line":9,"column":45}},"1":{"start":{"line":11,"column":27},"end":{"line":11,"column":55}},"2":{"start":{"line":13,"column":26},"end":{"line":13,"column":53}},"3":{"start":{"line":15,"column":30},"end":{"line":30,"column":1}},"4":{"start":{"line":17,"column":21},"end":{"line":17,"column":58}},"5":{"start":{"line":18,"column":4},"end":{"line":28,"column":6}},"6":{"start":{"line":32,"column":0},"end":{"line":32,"column":60}},"7":{"start":{"line":34,"column":33},"end":{"line":50,"column":1}},"8":{"start":{"line":36,"column":4},"end":{"line":48,"column":6}},"9":{"start":{"line":52,"column":0},"end":{"line":52,"column":66}},"10":{"start":{"line":54,"column":27},"end":{"line":57,"column":2}},"11":{"start":{"line":59,"column":27},"end":{"line":80,"column":2}},"12":{"start":{"line":63,"column":19},"end":{"line":63,"column":56}},"13":{"start":{"line":65,"column":2},"end":{"line":79,"column":4}},"14":{"start":{"line":81,"column":0},"end":{"line":81,"column":74}},"15":{"start":{"line":83,"column":26},"end":{"line":85,"column":1}},"16":{"start":{"line":84,"column":2},"end":{"line":84,"column":70}},"17":{"start":{"line":86,"column":0},"end":{"line":86,"column":52}},"18":{"start":{"line":88,"column":26},"end":{"line":90,"column":1}},"19":{"start":{"line":89,"column":2},"end":{"line":89,"column":105}},"20":{"start":{"line":91,"column":0},"end":{"line":91,"column":52}},"21":{"start":{"line":93,"column":25},"end":{"line":101,"column":1}},"22":{"start":{"line":95,"column":4},"end":{"line":99,"column":6}},"23":{"start":{"line":102,"column":0},"end":{"line":102,"column":70}},"24":{"start":{"line":104,"column":31},"end":{"line":113,"column":2}},"25":{"start":{"line":108,"column":2},"end":{"line":112,"column":4}},"26":{"start":{"line":114,"column":0},"end":{"line":114,"column":82}},"27":{"start":{"line":116,"column":26},"end":{"line":122,"column":1}},"28":{"start":{"line":118,"column":4},"end":{"line":120,"column":32}},"29":{"start":{"line":123,"column":0},"end":{"line":123,"column":72}},"30":{"start":{"line":125,"column":26},"end":{"line":135,"column":1}},"31":{"start":{"line":127,"column":4},"end":{"line":133,"column":32}},"32":{"start":{"line":136,"column":0},"end":{"line":136,"column":72}}},"fnMap":{"0":{"name":"(anonymous_0)","decl":{"start":{"line":16,"column":2},"end":{"line":16,"column":3}},"loc":{"start":{"line":16,"column":36},"end":{"line":29,"column":3}},"line":16},"1":{"name":"(anonymous_1)","decl":{"start":{"line":35,"column":2},"end":{"line":35,"column":3}},"loc":{"start":{"line":35,"column":46},"end":{"line":49,"column":3}},"line":35},"2":{"name":"(anonymous_2)","decl":{"start":{"line":62,"column":2},"end":{"line":62,"column":3}},"loc":{"start":{"line":62,"column":48},"end":{"line":80,"column":1}},"line":62},"3":{"name":"(anonymous_3)","decl":{"start":{"line":83,"column":26},"end":{"line":83,"column":27}},"loc":{"start":{"line":84,"column":2},"end":{"line":84,"column":70}},"line":84},"4":{"name":"(anonymous_4)","decl":{"start":{"line":88,"column":26},"end":{"line":88,"column":27}},"loc":{"start":{"line":89,"column":2},"end":{"line":89,"column":105}},"line":89},"5":{"name":"(anonymous_5)","decl":{"start":{"line":94,"column":2},"end":{"line":94,"column":3}},"loc":{"start":{"line":95,"column":4},"end":{"line":99,"column":6}},"line":95},"6":{"name":"(anonymous_6)","decl":{"start":{"line":107,"column":2},"end":{"line":107,"column":3}},"loc":{"start":{"line":108,"column":2},"end":{"line":112,"column":4}},"line":108},"7":{"name":"(anonymous_7)","decl":{"start":{"line":117,"column":2},"end":{"line":117,"column":3}},"loc":{"start":{"line":118,"column":4},"end":{"line":120,"column":32}},"line":118},"8":{"name":"(anonymous_8)","decl":{"start":{"line":126,"column":2},"end":{"line":126,"column":3}},"loc":{"start":{"line":127,"column":4},"end":{"line":133,"column":32}},"line":127}},"branchMap":{"0":{"loc":{"start":{"line":22,"column":10},"end":{"line":22,"column":82}},"type":"cond-expr","locations":[{"start":{"line":22,"column":17},"end":{"line":22,"column":47}},{"start":{"line":22,"column":50},"end":{"line":22,"column":82}}],"line":22},"1":{"loc":{"start":{"line":72,"column":12},"end":{"line":72,"column":115}},"type":"cond-expr","locations":[{"start":{"line":72,"column":19},"end":{"line":72,"column":64}},{"start":{"line":72,"column":67},"end":{"line":72,"column":115}}],"line":72}},"s":{"0":0,"1":0,"2":0,"3":0,"4":0,"5":0,"6":0,"7":0,"8":0,"9":0,"10":0,"11":0,"12":0,"13":0,"14":0,"15":0,"16":0,"17":0,"18":0,"19":0,"20":0,"21":0,"22":0,"23":0,"24":0,"25":0,"26":0,"27":0,"28":0,"29":0,"30":0,"31":0,"32":0},"f":{"0":0,"1":0,"2":0,"3":0,"4":0,"5":0,"6":0,"7":0,"8":0},"b":{"0":[0,0],"1":[0,0]}}
,"/Users/jiezhiyong/Documents/GitHub/react-native/components/ui/avatar.tsx": {"path":"/Users/jiezhiyong/Documents/GitHub/react-native/components/ui/avatar.tsx","statementMap":{"0":{"start":{"line":5,"column":28},"end":{"line":5,"column":48}},"1":{"start":{"line":6,"column":29},"end":{"line":6,"column":50}},"2":{"start":{"line":7,"column":32},"end":{"line":7,"column":56}},"3":{"start":{"line":9,"column":15},"end":{"line":15,"column":2}},"4":{"start":{"line":10,"column":2},"end":{"line":14,"column":4}},"5":{"start":{"line":16,"column":0},"end":{"line":16,"column":53}},"6":{"start":{"line":18,"column":20},"end":{"line":22,"column":1}},"7":{"start":{"line":20,"column":4},"end":{"line":20,"column":106}},"8":{"start":{"line":23,"column":0},"end":{"line":23,"column":59}},"9":{"start":{"line":25,"column":23},"end":{"line":33,"column":1}},"10":{"start":{"line":27,"column":4},"end":{"line":31,"column":6}},"11":{"start":{"line":34,"column":0},"end":{"line":34,"column":65}}},"fnMap":{"0":{"name":"(anonymous_0)","decl":{"start":{"line":9,"column":84},"end":{"line":9,"column":85}},"loc":{"start":{"line":10,"column":2},"end":{"line":14,"column":4}},"line":10},"1":{"name":"(anonymous_1)","decl":{"start":{"line":19,"column":2},"end":{"line":19,"column":3}},"loc":{"start":{"line":20,"column":4},"end":{"line":20,"column":106}},"line":20},"2":{"name":"(anonymous_2)","decl":{"start":{"line":26,"column":2},"end":{"line":26,"column":3}},"loc":{"start":{"line":27,"column":4},"end":{"line":31,"column":6}},"line":27}},"branchMap":{},"s":{"0":0,"1":0,"2":0,"3":0,"4":0,"5":0,"6":0,"7":0,"8":0,"9":0,"10":0,"11":0},"f":{"0":0,"1":0,"2":0},"b":{}}
,"/Users/jiezhiyong/Documents/GitHub/react-native/components/ui/badge.tsx": {"path":"/Users/jiezhiyong/Documents/GitHub/react-native/components/ui/badge.tsx","statementMap":{"0":{"start":{"line":8,"column":22},"end":{"line":23,"column":1}},"1":{"start":{"line":25,"column":26},"end":{"line":37,"column":2}},"2":{"start":{"line":42,"column":20},"end":{"line":42,"column":46}},"3":{"start":{"line":43,"column":2},"end":{"line":47,"column":4}}},"fnMap":{"0":{"name":"Badge","decl":{"start":{"line":41,"column":9},"end":{"line":41,"column":14}},"loc":{"start":{"line":41,"column":70},"end":{"line":48,"column":1}},"line":41}},"branchMap":{"0":{"loc":{"start":{"line":42,"column":20},"end":{"line":42,"column":46}},"type":"cond-expr","locations":[{"start":{"line":42,"column":30},"end":{"line":42,"column":39}},{"start":{"line":42,"column":42},"end":{"line":42,"column":46}}],"line":42}},"s":{"0":0,"1":0,"2":0,"3":0},"f":{"0":0},"b":{"0":[0,0]}}
,"/Users/jiezhiyong/Documents/GitHub/react-native/components/ui/button.tsx": {"path":"/Users/jiezhiyong/Documents/GitHub/react-native/components/ui/button.tsx","statementMap":{"0":{"start":{"line":7,"column":23},"end":{"line":32,"column":1}},"1":{"start":{"line":34,"column":27},"end":{"line":58,"column":1}},"2":{"start":{"line":62,"column":15},"end":{"line":80,"column":1}},"3":{"start":{"line":64,"column":4},"end":{"line":78,"column":6}},"4":{"start":{"line":81,"column":0},"end":{"line":81,"column":30}}},"fnMap":{"0":{"name":"(anonymous_0)","decl":{"start":{"line":63,"column":2},"end":{"line":63,"column":3}},"loc":{"start":{"line":63,"column":51},"end":{"line":79,"column":3}},"line":63}},"branchMap":{"0":{"loc":{"start":{"line":66,"column":18},"end":{"line":66,"column":61}},"type":"binary-expr","locations":[{"start":{"line":66,"column":18},"end":{"line":66,"column":32}},{"start":{"line":66,"column":36},"end":{"line":66,"column":61}}],"line":66},"1":{"loc":{"start":{"line":70,"column":12},"end":{"line":70,"column":66}},"type":"binary-expr","locations":[{"start":{"line":70,"column":12},"end":{"line":70,"column":26}},{"start":{"line":70,"column":30},"end":{"line":70,"column":66}}],"line":70}},"s":{"0":0,"1":0,"2":0,"3":0,"4":0},"f":{"0":0},"b":{"0":[0,0],"1":[0,0]}}
,"/Users/jiezhiyong/Documents/GitHub/react-native/components/ui/card.tsx": {"path":"/Users/jiezhiyong/Documents/GitHub/react-native/components/ui/card.tsx","statementMap":{"0":{"start":{"line":7,"column":13},"end":{"line":13,"column":2}},"1":{"start":{"line":8,"column":2},"end":{"line":12,"column":4}},"2":{"start":{"line":14,"column":0},"end":{"line":14,"column":26}},"3":{"start":{"line":16,"column":19},"end":{"line":18,"column":2}},"4":{"start":{"line":17,"column":2},"end":{"line":17,"column":90}},"5":{"start":{"line":19,"column":0},"end":{"line":19,"column":38}},"6":{"start":{"line":21,"column":18},"end":{"line":31,"column":1}},"7":{"start":{"line":23,"column":4},"end":{"line":29,"column":6}},"8":{"start":{"line":32,"column":0},"end":{"line":32,"column":36}},"9":{"start":{"line":34,"column":24},"end":{"line":36,"column":2}},"10":{"start":{"line":35,"column":2},"end":{"line":35,"column":90}},"11":{"start":{"line":37,"column":0},"end":{"line":37,"column":48}},"12":{"start":{"line":39,"column":20},"end":{"line":43,"column":2}},"13":{"start":{"line":40,"column":2},"end":{"line":42,"column":30}},"14":{"start":{"line":44,"column":0},"end":{"line":44,"column":40}},"15":{"start":{"line":46,"column":19},"end":{"line":48,"column":2}},"16":{"start":{"line":47,"column":2},"end":{"line":47,"column":96}},"17":{"start":{"line":49,"column":0},"end":{"line":49,"column":38}}},"fnMap":{"0":{"name":"(anonymous_0)","decl":{"start":{"line":7,"column":50},"end":{"line":7,"column":51}},"loc":{"start":{"line":8,"column":2},"end":{"line":12,"column":4}},"line":8},"1":{"name":"(anonymous_1)","decl":{"start":{"line":16,"column":56},"end":{"line":16,"column":57}},"loc":{"start":{"line":17,"column":2},"end":{"line":17,"column":90}},"line":17},"2":{"name":"(anonymous_2)","decl":{"start":{"line":22,"column":2},"end":{"line":22,"column":3}},"loc":{"start":{"line":23,"column":4},"end":{"line":29,"column":6}},"line":23},"3":{"name":"(anonymous_3)","decl":{"start":{"line":34,"column":61},"end":{"line":34,"column":62}},"loc":{"start":{"line":35,"column":2},"end":{"line":35,"column":90}},"line":35},"4":{"name":"(anonymous_4)","decl":{"start":{"line":39,"column":57},"end":{"line":39,"column":58}},"loc":{"start":{"line":40,"column":2},"end":{"line":42,"column":30}},"line":40},"5":{"name":"(anonymous_5)","decl":{"start":{"line":46,"column":56},"end":{"line":46,"column":57}},"loc":{"start":{"line":47,"column":2},"end":{"line":47,"column":96}},"line":47}},"branchMap":{},"s":{"0":0,"1":0,"2":0,"3":0,"4":0,"5":0,"6":0,"7":0,"8":0,"9":0,"10":0,"11":0,"12":0,"13":0,"14":0,"15":0,"16":0,"17":0},"f":{"0":0,"1":0,"2":0,"3":0,"4":0,"5":0},"b":{}}
,"/Users/jiezhiyong/Documents/GitHub/react-native/components/ui/checkbox.tsx": {"path":"/Users/jiezhiyong/Documents/GitHub/react-native/components/ui/checkbox.tsx","statementMap":{"0":{"start":{"line":7,"column":17},"end":{"line":25,"column":1}},"1":{"start":{"line":9,"column":4},"end":{"line":23,"column":6}},"2":{"start":{"line":26,"column":0},"end":{"line":26,"column":58}}},"fnMap":{"0":{"name":"(anonymous_0)","decl":{"start":{"line":8,"column":2},"end":{"line":8,"column":3}},"loc":{"start":{"line":8,"column":36},"end":{"line":24,"column":3}},"line":8}},"branchMap":{"0":{"loc":{"start":{"line":14,"column":10},"end":{"line":14,"column":39}},"type":"binary-expr","locations":[{"start":{"line":14,"column":10},"end":{"line":14,"column":23}},{"start":{"line":14,"column":27},"end":{"line":14,"column":39}}],"line":14},"1":{"loc":{"start":{"line":20,"column":40},"end":{"line":20,"column":73}},"type":"cond-expr","locations":[{"start":{"line":20,"column":64},"end":{"line":20,"column":67}},{"start":{"line":20,"column":70},"end":{"line":20,"column":73}}],"line":20}},"s":{"0":0,"1":0,"2":0},"f":{"0":0},"b":{"0":[0,0],"1":[0,0]}}
,"/Users/jiezhiyong/Documents/GitHub/react-native/components/ui/dialog.tsx": {"path":"/Users/jiezhiyong/Documents/GitHub/react-native/components/ui/dialog.tsx","statementMap":{"0":{"start":{"line":8,"column":15},"end":{"line":8,"column":35}},"1":{"start":{"line":10,"column":22},"end":{"line":10,"column":45}},"2":{"start":{"line":12,"column":21},"end":{"line":12,"column":43}},"3":{"start":{"line":14,"column":20},"end":{"line":14,"column":41}},"4":{"start":{"line":16,"column":25},"end":{"line":31,"column":1}},"5":{"start":{"line":18,"column":21},"end":{"line":18,"column":53}},"6":{"start":{"line":19,"column":4},"end":{"line":29,"column":6}},"7":{"start":{"line":33,"column":0},"end":{"line":33,"column":50}},"8":{"start":{"line":35,"column":28},"end":{"line":50,"column":1}},"9":{"start":{"line":37,"column":4},"end":{"line":48,"column":6}},"10":{"start":{"line":52,"column":0},"end":{"line":52,"column":56}},"11":{"start":{"line":54,"column":22},"end":{"line":57,"column":2}},"12":{"start":{"line":59,"column":22},"end":{"line":91,"column":2}},"13":{"start":{"line":63,"column":19},"end":{"line":63,"column":51}},"14":{"start":{"line":64,"column":2},"end":{"line":90,"column":4}},"15":{"start":{"line":92,"column":0},"end":{"line":92,"column":64}},"16":{"start":{"line":94,"column":21},"end":{"line":96,"column":1}},"17":{"start":{"line":95,"column":2},"end":{"line":95,"column":97}},"18":{"start":{"line":97,"column":0},"end":{"line":97,"column":42}},"19":{"start":{"line":99,"column":21},"end":{"line":101,"column":1}},"20":{"start":{"line":100,"column":2},"end":{"line":100,"column":105}},"21":{"start":{"line":102,"column":0},"end":{"line":102,"column":42}},"22":{"start":{"line":104,"column":20},"end":{"line":112,"column":1}},"23":{"start":{"line":106,"column":4},"end":{"line":110,"column":6}},"24":{"start":{"line":113,"column":0},"end":{"line":113,"column":60}},"25":{"start":{"line":115,"column":26},"end":{"line":123,"column":1}},"26":{"start":{"line":117,"column":4},"end":{"line":121,"column":6}},"27":{"start":{"line":124,"column":0},"end":{"line":124,"column":72}}},"fnMap":{"0":{"name":"(anonymous_0)","decl":{"start":{"line":17,"column":2},"end":{"line":17,"column":3}},"loc":{"start":{"line":17,"column":36},"end":{"line":30,"column":3}},"line":17},"1":{"name":"(anonymous_1)","decl":{"start":{"line":36,"column":2},"end":{"line":36,"column":3}},"loc":{"start":{"line":36,"column":46},"end":{"line":49,"column":3}},"line":36},"2":{"name":"(anonymous_2)","decl":{"start":{"line":62,"column":2},"end":{"line":62,"column":3}},"loc":{"start":{"line":62,"column":58},"end":{"line":91,"column":1}},"line":62},"3":{"name":"(anonymous_3)","decl":{"start":{"line":94,"column":21},"end":{"line":94,"column":22}},"loc":{"start":{"line":95,"column":2},"end":{"line":95,"column":97}},"line":95},"4":{"name":"(anonymous_4)","decl":{"start":{"line":99,"column":21},"end":{"line":99,"column":22}},"loc":{"start":{"line":100,"column":2},"end":{"line":100,"column":105}},"line":100},"5":{"name":"(anonymous_5)","decl":{"start":{"line":105,"column":2},"end":{"line":105,"column":3}},"loc":{"start":{"line":106,"column":4},"end":{"line":110,"column":6}},"line":106},"6":{"name":"(anonymous_6)","decl":{"start":{"line":116,"column":2},"end":{"line":116,"column":3}},"loc":{"start":{"line":117,"column":4},"end":{"line":121,"column":6}},"line":117}},"branchMap":{"0":{"loc":{"start":{"line":23,"column":10},"end":{"line":23,"column":82}},"type":"cond-expr","locations":[{"start":{"line":23,"column":17},"end":{"line":23,"column":47}},{"start":{"line":23,"column":50},"end":{"line":23,"column":82}}],"line":23},"1":{"loc":{"start":{"line":71,"column":12},"end":{"line":71,"column":115}},"type":"cond-expr","locations":[{"start":{"line":71,"column":19},"end":{"line":71,"column":64}},{"start":{"line":71,"column":67},"end":{"line":71,"column":115}}],"line":71},"2":{"loc":{"start":{"line":83,"column":20},"end":{"line":83,"column":51}},"type":"cond-expr","locations":[{"start":{"line":83,"column":44},"end":{"line":83,"column":46}},{"start":{"line":83,"column":49},"end":{"line":83,"column":51}}],"line":83},"3":{"loc":{"start":{"line":84,"column":53},"end":{"line":84,"column":85}},"type":"binary-expr","locations":[{"start":{"line":84,"column":53},"end":{"line":84,"column":57}},{"start":{"line":84,"column":61},"end":{"line":84,"column":85}}],"line":84}},"s":{"0":0,"1":0,"2":0,"3":0,"4":0,"5":0,"6":0,"7":0,"8":0,"9":0,"10":0,"11":0,"12":0,"13":0,"14":0,"15":0,"16":0,"17":0,"18":0,"19":0,"20":0,"21":0,"22":0,"23":0,"24":0,"25":0,"26":0,"27":0},"f":{"0":0,"1":0,"2":0,"3":0,"4":0,"5":0,"6":0},"b":{"0":[0,0],"1":[0,0],"2":[0,0],"3":[0,0]}}
,"/Users/jiezhiyong/Documents/GitHub/react-native/components/ui/input.tsx": {"path":"/Users/jiezhiyong/Documents/GitHub/react-native/components/ui/input.tsx","statementMap":{"0":{"start":{"line":5,"column":14},"end":{"line":20,"column":1}},"1":{"start":{"line":7,"column":4},"end":{"line":18,"column":6}},"2":{"start":{"line":22,"column":0},"end":{"line":22,"column":28}}},"fnMap":{"0":{"name":"(anonymous_0)","decl":{"start":{"line":6,"column":2},"end":{"line":6,"column":3}},"loc":{"start":{"line":6,"column":58},"end":{"line":19,"column":3}},"line":6}},"branchMap":{"0":{"loc":{"start":{"line":12,"column":10},"end":{"line":12,"column":73}},"type":"binary-expr","locations":[{"start":{"line":12,"column":10},"end":{"line":12,"column":34}},{"start":{"line":12,"column":38},"end":{"line":12,"column":73}}],"line":12}},"s":{"0":0,"1":0,"2":0},"f":{"0":0},"b":{"0":[0,0]}}
,"/Users/jiezhiyong/Documents/GitHub/react-native/components/ui/label.tsx": {"path":"/Users/jiezhiyong/Documents/GitHub/react-native/components/ui/label.tsx","statementMap":{"0":{"start":{"line":5,"column":14},"end":{"line":24,"column":1}},"1":{"start":{"line":7,"column":4},"end":{"line":22,"column":26}},"2":{"start":{"line":25,"column":0},"end":{"line":25,"column":52}}},"fnMap":{"0":{"name":"(anonymous_0)","decl":{"start":{"line":6,"column":2},"end":{"line":6,"column":3}},"loc":{"start":{"line":7,"column":4},"end":{"line":22,"column":26}},"line":7}},"branchMap":{},"s":{"0":0,"1":0,"2":0},"f":{"0":0},"b":{}}
,"/Users/jiezhiyong/Documents/GitHub/react-native/components/ui/progress.tsx": {"path":"/Users/jiezhiyong/Documents/GitHub/react-native/components/ui/progress.tsx","statementMap":{"0":{"start":{"line":13,"column":17},"end":{"line":28,"column":2}},"1":{"start":{"line":19,"column":2},"end":{"line":27,"column":4}},"2":{"start":{"line":29,"column":0},"end":{"line":29,"column":58}},"3":{"start":{"line":34,"column":19},"end":{"line":34,"column":52}},"4":{"start":{"line":34,"column":41},"end":{"line":34,"column":51}},"5":{"start":{"line":36,"column":20},"end":{"line":42,"column":4}},"6":{"start":{"line":37,"column":4},"end":{"line":41,"column":6}},"7":{"start":{"line":44,"column":2},"end":{"line":53,"column":3}},"8":{"start":{"line":45,"column":4},"end":{"line":52,"column":6}},"9":{"start":{"line":55,"column":2},"end":{"line":59,"column":4}}},"fnMap":{"0":{"name":"(anonymous_0)","decl":{"start":{"line":18,"column":2},"end":{"line":18,"column":3}},"loc":{"start":{"line":18,"column":63},"end":{"line":28,"column":1}},"line":18},"1":{"name":"Indicator","decl":{"start":{"line":33,"column":9},"end":{"line":33,"column":18}},"loc":{"start":{"line":33,"column":99},"end":{"line":60,"column":1}},"line":33},"2":{"name":"(anonymous_2)","decl":{"start":{"line":34,"column":35},"end":{"line":34,"column":36}},"loc":{"start":{"line":34,"column":41},"end":{"line":34,"column":51}},"line":34},"3":{"name":"(anonymous_3)","decl":{"start":{"line":36,"column":37},"end":{"line":36,"column":38}},"loc":{"start":{"line":36,"column":43},"end":{"line":42,"column":3}},"line":36}},"branchMap":{"0":{"loc":{"start":{"line":34,"column":41},"end":{"line":34,"column":51}},"type":"binary-expr","locations":[{"start":{"line":34,"column":41},"end":{"line":34,"column":46}},{"start":{"line":34,"column":50},"end":{"line":34,"column":51}}],"line":34},"1":{"loc":{"start":{"line":44,"column":2},"end":{"line":53,"column":3}},"type":"if","locations":[{"start":{"line":44,"column":2},"end":{"line":53,"column":3}},{"start":{},"end":{}}],"line":44},"2":{"loc":{"start":{"line":48,"column":50},"end":{"line":48,"column":60}},"type":"binary-expr","locations":[{"start":{"line":48,"column":50},"end":{"line":48,"column":55}},{"start":{"line":48,"column":59},"end":{"line":48,"column":60}}],"line":48}},"s":{"0":0,"1":0,"2":0,"3":0,"4":0,"5":0,"6":0,"7":0,"8":0,"9":0},"f":{"0":0,"1":0,"2":0,"3":0},"b":{"0":[0,0],"1":[0,0],"2":[0,0]}}
,"/Users/jiezhiyong/Documents/GitHub/react-native/components/ui/radio-group.tsx": {"path":"/Users/jiezhiyong/Documents/GitHub/react-native/components/ui/radio-group.tsx","statementMap":{"0":{"start":{"line":6,"column":19},"end":{"line":10,"column":1}},"1":{"start":{"line":8,"column":4},"end":{"line":8,"column":105}},"2":{"start":{"line":11,"column":0},"end":{"line":11,"column":62}},"3":{"start":{"line":13,"column":23},"end":{"line":31,"column":1}},"4":{"start":{"line":15,"column":4},"end":{"line":29,"column":6}},"5":{"start":{"line":32,"column":0},"end":{"line":32,"column":66}}},"fnMap":{"0":{"name":"(anonymous_0)","decl":{"start":{"line":7,"column":2},"end":{"line":7,"column":3}},"loc":{"start":{"line":7,"column":36},"end":{"line":9,"column":3}},"line":7},"1":{"name":"(anonymous_1)","decl":{"start":{"line":14,"column":2},"end":{"line":14,"column":3}},"loc":{"start":{"line":14,"column":36},"end":{"line":30,"column":3}},"line":14}},"branchMap":{"0":{"loc":{"start":{"line":20,"column":10},"end":{"line":20,"column":63}},"type":"binary-expr","locations":[{"start":{"line":20,"column":10},"end":{"line":20,"column":24}},{"start":{"line":20,"column":28},"end":{"line":20,"column":63}}],"line":20}},"s":{"0":0,"1":0,"2":0,"3":0,"4":0,"5":0},"f":{"0":0,"1":0},"b":{"0":[0,0]}}
,"/Users/jiezhiyong/Documents/GitHub/react-native/components/ui/select.tsx": {"path":"/Users/jiezhiyong/Documents/GitHub/react-native/components/ui/select.tsx","statementMap":{"0":{"start":{"line":12,"column":15},"end":{"line":12,"column":35}},"1":{"start":{"line":14,"column":20},"end":{"line":14,"column":41}},"2":{"start":{"line":16,"column":20},"end":{"line":16,"column":41}},"3":{"start":{"line":18,"column":22},"end":{"line":33,"column":1}},"4":{"start":{"line":20,"column":4},"end":{"line":31,"column":30}},"5":{"start":{"line":34,"column":0},"end":{"line":34,"column":64}},"6":{"start":{"line":39,"column":29},"end":{"line":51,"column":1}},"7":{"start":{"line":40,"column":2},"end":{"line":42,"column":3}},"8":{"start":{"line":41,"column":4},"end":{"line":41,"column":16}},"9":{"start":{"line":43,"column":2},"end":{"line":50,"column":4}},"10":{"start":{"line":56,"column":31},"end":{"line":68,"column":1}},"11":{"start":{"line":57,"column":2},"end":{"line":59,"column":3}},"12":{"start":{"line":58,"column":4},"end":{"line":58,"column":16}},"13":{"start":{"line":60,"column":2},"end":{"line":67,"column":4}},"14":{"start":{"line":70,"column":22},"end":{"line":108,"column":2}},"15":{"start":{"line":74,"column":19},"end":{"line":74,"column":51}},"16":{"start":{"line":76,"column":2},"end":{"line":107,"column":4}},"17":{"start":{"line":109,"column":0},"end":{"line":109,"column":64}},"18":{"start":{"line":111,"column":20},"end":{"line":122,"column":1}},"19":{"start":{"line":113,"column":4},"end":{"line":120,"column":6}},"20":{"start":{"line":123,"column":0},"end":{"line":123,"column":60}},"21":{"start":{"line":125,"column":19},"end":{"line":144,"column":1}},"22":{"start":{"line":127,"column":4},"end":{"line":142,"column":27}},"23":{"start":{"line":145,"column":0},"end":{"line":145,"column":58}},"24":{"start":{"line":147,"column":24},"end":{"line":151,"column":1}},"25":{"start":{"line":149,"column":4},"end":{"line":149,"column":108}},"26":{"start":{"line":152,"column":0},"end":{"line":152,"column":68}}},"fnMap":{"0":{"name":"(anonymous_0)","decl":{"start":{"line":19,"column":2},"end":{"line":19,"column":3}},"loc":{"start":{"line":20,"column":4},"end":{"line":31,"column":30}},"line":20},"1":{"name":"(anonymous_1)","decl":{"start":{"line":39,"column":29},"end":{"line":39,"column":30}},"loc":{"start":{"line":39,"column":95},"end":{"line":51,"column":1}},"line":39},"2":{"name":"(anonymous_2)","decl":{"start":{"line":56,"column":31},"end":{"line":56,"column":32}},"loc":{"start":{"line":56,"column":99},"end":{"line":68,"column":1}},"line":56},"3":{"name":"(anonymous_3)","decl":{"start":{"line":73,"column":2},"end":{"line":73,"column":3}},"loc":{"start":{"line":73,"column":79},"end":{"line":108,"column":1}},"line":73},"4":{"name":"(anonymous_4)","decl":{"start":{"line":112,"column":2},"end":{"line":112,"column":3}},"loc":{"start":{"line":113,"column":4},"end":{"line":120,"column":6}},"line":113},"5":{"name":"(anonymous_5)","decl":{"start":{"line":126,"column":2},"end":{"line":126,"column":3}},"loc":{"start":{"line":127,"column":4},"end":{"line":142,"column":27}},"line":127},"6":{"name":"(anonymous_6)","decl":{"start":{"line":148,"column":2},"end":{"line":148,"column":3}},"loc":{"start":{"line":149,"column":4},"end":{"line":149,"column":108}},"line":149}},"branchMap":{"0":{"loc":{"start":{"line":24,"column":8},"end":{"line":24,"column":61}},"type":"binary-expr","locations":[{"start":{"line":24,"column":8},"end":{"line":24,"column":22}},{"start":{"line":24,"column":26},"end":{"line":24,"column":61}}],"line":24},"1":{"loc":{"start":{"line":40,"column":2},"end":{"line":42,"column":3}},"type":"if","locations":[{"start":{"line":40,"column":2},"end":{"line":42,"column":3}},{"start":{},"end":{}}],"line":40},"2":{"loc":{"start":{"line":57,"column":2},"end":{"line":59,"column":3}},"type":"if","locations":[{"start":{"line":57,"column":2},"end":{"line":59,"column":3}},{"start":{},"end":{}}],"line":57},"3":{"loc":{"start":{"line":73,"column":26},"end":{"line":73,"column":45}},"type":"default-arg","locations":[{"start":{"line":73,"column":37},"end":{"line":73,"column":45}}],"line":73},"4":{"loc":{"start":{"line":78,"column":38},"end":{"line":78,"column":97}},"type":"cond-expr","locations":[{"start":{"line":78,"column":62},"end":{"line":78,"column":85}},{"start":{"line":78,"column":88},"end":{"line":78,"column":97}}],"line":78},"5":{"loc":{"start":{"line":84,"column":14},"end":{"line":85,"column":145}},"type":"binary-expr","locations":[{"start":{"line":84,"column":14},"end":{"line":84,"column":35}},{"start":{"line":85,"column":16},"end":{"line":85,"column":145}}],"line":84},"6":{"loc":{"start":{"line":86,"column":14},"end":{"line":86,"column":117}},"type":"cond-expr","locations":[{"start":{"line":86,"column":21},"end":{"line":86,"column":66}},{"start":{"line":86,"column":69},"end":{"line":86,"column":117}}],"line":86},"7":{"loc":{"start":{"line":96,"column":16},"end":{"line":97,"column":107}},"type":"binary-expr","locations":[{"start":{"line":96,"column":16},"end":{"line":96,"column":37}},{"start":{"line":97,"column":18},"end":{"line":97,"column":107}}],"line":96},"8":{"loc":{"start":{"line":131,"column":8},"end":{"line":131,"column":62}},"type":"binary-expr","locations":[{"start":{"line":131,"column":8},"end":{"line":131,"column":22}},{"start":{"line":131,"column":26},"end":{"line":131,"column":62}}],"line":131}},"s":{"0":0,"1":0,"2":0,"3":0,"4":0,"5":0,"6":0,"7":0,"8":0,"9":0,"10":0,"11":0,"12":0,"13":0,"14":0,"15":0,"16":0,"17":0,"18":0,"19":0,"20":0,"21":0,"22":0,"23":0,"24":0,"25":0,"26":0},"f":{"0":0,"1":0,"2":0,"3":0,"4":0,"5":0,"6":0},"b":{"0":[0,0],"1":[0,0],"2":[0,0],"3":[0],"4":[0,0],"5":[0,0],"6":[0,0],"7":[0,0],"8":[0,0]}}
,"/Users/jiezhiyong/Documents/GitHub/react-native/components/ui/separator.tsx": {"path":"/Users/jiezhiyong/Documents/GitHub/react-native/components/ui/separator.tsx","statementMap":{"0":{"start":{"line":5,"column":18},"end":{"line":19,"column":1}},"1":{"start":{"line":7,"column":4},"end":{"line":17,"column":6}},"2":{"start":{"line":20,"column":0},"end":{"line":20,"column":60}}},"fnMap":{"0":{"name":"(anonymous_0)","decl":{"start":{"line":6,"column":2},"end":{"line":6,"column":3}},"loc":{"start":{"line":7,"column":4},"end":{"line":17,"column":6}},"line":7}},"branchMap":{"0":{"loc":{"start":{"line":6,"column":16},"end":{"line":6,"column":42}},"type":"default-arg","locations":[{"start":{"line":6,"column":30},"end":{"line":6,"column":42}}],"line":6},"1":{"loc":{"start":{"line":6,"column":44},"end":{"line":6,"column":61}},"type":"default-arg","locations":[{"start":{"line":6,"column":57},"end":{"line":6,"column":61}}],"line":6},"2":{"loc":{"start":{"line":13,"column":8},"end":{"line":13,"column":74}},"type":"cond-expr","locations":[{"start":{"line":13,"column":39},"end":{"line":13,"column":55}},{"start":{"line":13,"column":58},"end":{"line":13,"column":74}}],"line":13}},"s":{"0":0,"1":0,"2":0},"f":{"0":0},"b":{"0":[0],"1":[0],"2":[0,0]}}
,"/Users/jiezhiyong/Documents/GitHub/react-native/components/ui/skeleton.tsx": {"path":"/Users/jiezhiyong/Documents/GitHub/react-native/components/ui/skeleton.tsx","statementMap":{"0":{"start":{"line":11,"column":17},"end":{"line":11,"column":21}},"1":{"start":{"line":14,"column":13},"end":{"line":14,"column":30}},"2":{"start":{"line":16,"column":2},"end":{"line":18,"column":9}},"3":{"start":{"line":17,"column":4},"end":{"line":17,"column":104}},"4":{"start":{"line":20,"column":16},"end":{"line":22,"column":5}},"5":{"start":{"line":20,"column":40},"end":{"line":22,"column":3}},"6":{"start":{"line":24,"column":2},"end":{"line":24,"column":119}}},"fnMap":{"0":{"name":"Skeleton","decl":{"start":{"line":13,"column":9},"end":{"line":13,"column":17}},"loc":{"start":{"line":13,"column":112},"end":{"line":25,"column":1}},"line":13},"1":{"name":"(anonymous_1)","decl":{"start":{"line":16,"column":18},"end":{"line":16,"column":19}},"loc":{"start":{"line":16,"column":24},"end":{"line":18,"column":3}},"line":16},"2":{"name":"(anonymous_2)","decl":{"start":{"line":20,"column":33},"end":{"line":20,"column":34}},"loc":{"start":{"line":20,"column":40},"end":{"line":22,"column":3}},"line":20}},"branchMap":{},"s":{"0":0,"1":0,"2":0,"3":0,"4":0,"5":0,"6":0},"f":{"0":0,"1":0,"2":0},"b":{}}
,"/Users/jiezhiyong/Documents/GitHub/react-native/components/ui/switch.tsx": {"path":"/Users/jiezhiyong/Documents/GitHub/react-native/components/ui/switch.tsx","statementMap":{"0":{"start":{"line":8,"column":18},"end":{"line":28,"column":1}},"1":{"start":{"line":10,"column":4},"end":{"line":26,"column":28}},"2":{"start":{"line":30,"column":0},"end":{"line":30,"column":36}},"3":{"start":{"line":32,"column":19},"end":{"line":41,"column":10}},"4":{"start":{"line":43,"column":21},"end":{"line":82,"column":1}},"5":{"start":{"line":45,"column":28},"end":{"line":45,"column":44}},"6":{"start":{"line":46,"column":23},"end":{"line":46,"column":70}},"7":{"start":{"line":46,"column":46},"end":{"line":46,"column":68}},"8":{"start":{"line":47,"column":30},"end":{"line":55,"column":6}},"9":{"start":{"line":48,"column":6},"end":{"line":54,"column":8}},"10":{"start":{"line":56,"column":31},"end":{"line":58,"column":7}},"11":{"start":{"line":56,"column":55},"end":{"line":58,"column":5}},"12":{"start":{"line":59,"column":4},"end":{"line":80,"column":6}},"13":{"start":{"line":83,"column":0},"end":{"line":83,"column":42}},"14":{"start":{"line":85,"column":15},"end":{"line":88,"column":2}}},"fnMap":{"0":{"name":"(anonymous_0)","decl":{"start":{"line":9,"column":2},"end":{"line":9,"column":3}},"loc":{"start":{"line":10,"column":4},"end":{"line":26,"column":28}},"line":10},"1":{"name":"(anonymous_1)","decl":{"start":{"line":44,"column":2},"end":{"line":44,"column":3}},"loc":{"start":{"line":44,"column":36},"end":{"line":81,"column":3}},"line":44},"2":{"name":"(anonymous_2)","decl":{"start":{"line":46,"column":39},"end":{"line":46,"column":40}},"loc":{"start":{"line":46,"column":46},"end":{"line":46,"column":68}},"line":46},"3":{"name":"(anonymous_3)","decl":{"start":{"line":47,"column":47},"end":{"line":47,"column":48}},"loc":{"start":{"line":47,"column":53},"end":{"line":55,"column":5}},"line":47},"4":{"name":"(anonymous_4)","decl":{"start":{"line":56,"column":48},"end":{"line":56,"column":49}},"loc":{"start":{"line":56,"column":55},"end":{"line":58,"column":5}},"line":56}},"branchMap":{"0":{"loc":{"start":{"line":13,"column":8},"end":{"line":13,"column":49}},"type":"cond-expr","locations":[{"start":{"line":13,"column":24},"end":{"line":13,"column":36}},{"start":{"line":13,"column":39},"end":{"line":13,"column":49}}],"line":13},"1":{"loc":{"start":{"line":14,"column":8},"end":{"line":14,"column":38}},"type":"binary-expr","locations":[{"start":{"line":14,"column":8},"end":{"line":14,"column":22}},{"start":{"line":14,"column":26},"end":{"line":14,"column":38}}],"line":14},"2":{"loc":{"start":{"line":23,"column":10},"end":{"line":23,"column":59}},"type":"cond-expr","locations":[{"start":{"line":23,"column":26},"end":{"line":23,"column":41}},{"start":{"line":23,"column":44},"end":{"line":23,"column":59}}],"line":23},"3":{"loc":{"start":{"line":46,"column":46},"end":{"line":46,"column":68}},"type":"cond-expr","locations":[{"start":{"line":46,"column":62},"end":{"line":46,"column":64}},{"start":{"line":46,"column":67},"end":{"line":46,"column":68}}],"line":46},"4":{"loc":{"start":{"line":62,"column":51},"end":{"line":62,"column":81}},"type":"binary-expr","locations":[{"start":{"line":62,"column":51},"end":{"line":62,"column":65}},{"start":{"line":62,"column":69},"end":{"line":62,"column":81}}],"line":62},"5":{"loc":{"start":{"line":67,"column":12},"end":{"line":67,"column":53}},"type":"cond-expr","locations":[{"start":{"line":67,"column":28},"end":{"line":67,"column":40}},{"start":{"line":67,"column":43},"end":{"line":67,"column":53}}],"line":67}},"s":{"0":0,"1":0,"2":0,"3":0,"4":0,"5":0,"6":0,"7":0,"8":0,"9":0,"10":0,"11":0,"12":0,"13":0,"14":0},"f":{"0":0,"1":0,"2":0,"3":0,"4":0},"b":{"0":[0,0],"1":[0,0],"2":[0,0],"3":[0,0],"4":[0,0],"5":[0,0]}}
,"/Users/jiezhiyong/Documents/GitHub/react-native/components/ui/tabs.tsx": {"path":"/Users/jiezhiyong/Documents/GitHub/react-native/components/ui/tabs.tsx","statementMap":{"0":{"start":{"line":6,"column":13},"end":{"line":6,"column":31}},"1":{"start":{"line":8,"column":17},"end":{"line":17,"column":2}},"2":{"start":{"line":9,"column":2},"end":{"line":16,"column":4}},"3":{"start":{"line":18,"column":0},"end":{"line":18,"column":54}},"4":{"start":{"line":20,"column":20},"end":{"line":43,"column":1}},"5":{"start":{"line":22,"column":22},"end":{"line":22,"column":52}},"6":{"start":{"line":23,"column":4},"end":{"line":41,"column":6}},"7":{"start":{"line":44,"column":0},"end":{"line":44,"column":60}},"8":{"start":{"line":46,"column":20},"end":{"line":57,"column":1}},"9":{"start":{"line":48,"column":4},"end":{"line":55,"column":6}},"10":{"start":{"line":58,"column":0},"end":{"line":58,"column":60}}},"fnMap":{"0":{"name":"(anonymous_0)","decl":{"start":{"line":8,"column":82},"end":{"line":8,"column":83}},"loc":{"start":{"line":9,"column":2},"end":{"line":16,"column":4}},"line":9},"1":{"name":"(anonymous_1)","decl":{"start":{"line":21,"column":2},"end":{"line":21,"column":3}},"loc":{"start":{"line":21,"column":36},"end":{"line":42,"column":3}},"line":21},"2":{"name":"(anonymous_2)","decl":{"start":{"line":47,"column":2},"end":{"line":47,"column":3}},"loc":{"start":{"line":48,"column":4},"end":{"line":55,"column":6}},"line":48}},"branchMap":{"0":{"loc":{"start":{"line":27,"column":10},"end":{"line":27,"column":52}},"type":"binary-expr","locations":[{"start":{"line":27,"column":10},"end":{"line":27,"column":31}},{"start":{"line":27,"column":35},"end":{"line":27,"column":52}}],"line":27},"1":{"loc":{"start":{"line":34,"column":12},"end":{"line":34,"column":66}},"type":"binary-expr","locations":[{"start":{"line":34,"column":12},"end":{"line":34,"column":26}},{"start":{"line":34,"column":30},"end":{"line":34,"column":66}}],"line":34},"2":{"loc":{"start":{"line":35,"column":12},"end":{"line":35,"column":83}},"type":"binary-expr","locations":[{"start":{"line":35,"column":12},"end":{"line":35,"column":33}},{"start":{"line":35,"column":37},"end":{"line":35,"column":83}}],"line":35}},"s":{"0":0,"1":0,"2":0,"3":0,"4":0,"5":0,"6":0,"7":0,"8":0,"9":0,"10":0},"f":{"0":0,"1":0,"2":0},"b":{"0":[0,0],"1":[0,0],"2":[0,0]}}
,"/Users/jiezhiyong/Documents/GitHub/react-native/components/ui/text.tsx": {"path":"/Users/jiezhiyong/Documents/GitHub/react-native/components/ui/text.tsx","statementMap":{"0":{"start":{"line":7,"column":25},"end":{"line":7,"column":75}},"1":{"start":{"line":9,"column":13},"end":{"line":15,"column":2}},"2":{"start":{"line":10,"column":20},"end":{"line":10,"column":54}},"3":{"start":{"line":11,"column":20},"end":{"line":11,"column":48}},"4":{"start":{"line":12,"column":2},"end":{"line":14,"column":4}},"5":{"start":{"line":16,"column":0},"end":{"line":16,"column":26}}},"fnMap":{"0":{"name":"(anonymous_0)","decl":{"start":{"line":9,"column":59},"end":{"line":9,"column":60}},"loc":{"start":{"line":9,"column":110},"end":{"line":15,"column":1}},"line":9}},"branchMap":{"0":{"loc":{"start":{"line":9,"column":73},"end":{"line":9,"column":88}},"type":"default-arg","locations":[{"start":{"line":9,"column":83},"end":{"line":9,"column":88}}],"line":9},"1":{"loc":{"start":{"line":11,"column":20},"end":{"line":11,"column":48}},"type":"cond-expr","locations":[{"start":{"line":11,"column":30},"end":{"line":11,"column":39}},{"start":{"line":11,"column":42},"end":{"line":11,"column":48}}],"line":11}},"s":{"0":0,"1":0,"2":0,"3":0,"4":0,"5":0},"f":{"0":0},"b":{"0":[0],"1":[0,0]}}
,"/Users/jiezhiyong/Documents/GitHub/react-native/components/ui/textarea.tsx": {"path":"/Users/jiezhiyong/Documents/GitHub/react-native/components/ui/textarea.tsx","statementMap":{"0":{"start":{"line":5,"column":17},"end":{"line":23,"column":1}},"1":{"start":{"line":7,"column":4},"end":{"line":21,"column":6}},"2":{"start":{"line":25,"column":0},"end":{"line":25,"column":34}}},"fnMap":{"0":{"name":"(anonymous_0)","decl":{"start":{"line":6,"column":2},"end":{"line":6,"column":3}},"loc":{"start":{"line":6,"column":95},"end":{"line":22,"column":3}},"line":6}},"branchMap":{"0":{"loc":{"start":{"line":6,"column":16},"end":{"line":6,"column":32}},"type":"default-arg","locations":[{"start":{"line":6,"column":28},"end":{"line":6,"column":32}}],"line":6},"1":{"loc":{"start":{"line":6,"column":34},"end":{"line":6,"column":51}},"type":"default-arg","locations":[{"start":{"line":6,"column":50},"end":{"line":6,"column":51}}],"line":6},"2":{"loc":{"start":{"line":12,"column":10},"end":{"line":12,"column":73}},"type":"binary-expr","locations":[{"start":{"line":12,"column":10},"end":{"line":12,"column":34}},{"start":{"line":12,"column":38},"end":{"line":12,"column":73}}],"line":12}},"s":{"0":0,"1":0,"2":0},"f":{"0":0},"b":{"0":[0],"1":[0],"2":[0,0]}}
,"/Users/jiezhiyong/Documents/GitHub/react-native/components/ui/tooltip.tsx": {"path":"/Users/jiezhiyong/Documents/GitHub/react-native/components/ui/tooltip.tsx","statementMap":{"0":{"start":{"line":8,"column":16},"end":{"line":8,"column":37}},"1":{"start":{"line":10,"column":23},"end":{"line":10,"column":47}},"2":{"start":{"line":12,"column":23},"end":{"line":36,"column":2}},"3":{"start":{"line":16,"column":2},"end":{"line":35,"column":28}},"4":{"start":{"line":37,"column":0},"end":{"line":37,"column":66}}},"fnMap":{"0":{"name":"(anonymous_0)","decl":{"start":{"line":15,"column":2},"end":{"line":15,"column":3}},"loc":{"start":{"line":16,"column":2},"end":{"line":35,"column":28}},"line":16}},"branchMap":{"0":{"loc":{"start":{"line":15,"column":16},"end":{"line":15,"column":30}},"type":"default-arg","locations":[{"start":{"line":15,"column":29},"end":{"line":15,"column":30}}],"line":15},"1":{"loc":{"start":{"line":17,"column":37},"end":{"line":17,"column":96}},"type":"cond-expr","locations":[{"start":{"line":17,"column":61},"end":{"line":17,"column":84}},{"start":{"line":17,"column":87},"end":{"line":17,"column":96}}],"line":17}},"s":{"0":0,"1":0,"2":0,"3":0,"4":0},"f":{"0":0},"b":{"0":[0],"1":[0,0]}}
,"/Users/jiezhiyong/Documents/GitHub/react-native/components/ui/typography.tsx": {"path":"/Users/jiezhiyong/Documents/GitHub/react-native/components/ui/typography.tsx","statementMap":{"0":{"start":{"line":7,"column":11},"end":{"line":21,"column":2}},"1":{"start":{"line":8,"column":20},"end":{"line":8,"column":48}},"2":{"start":{"line":9,"column":2},"end":{"line":20,"column":4}},"3":{"start":{"line":23,"column":0},"end":{"line":23,"column":22}},"4":{"start":{"line":25,"column":11},"end":{"line":39,"column":2}},"5":{"start":{"line":26,"column":20},"end":{"line":26,"column":48}},"6":{"start":{"line":27,"column":2},"end":{"line":38,"column":4}},"7":{"start":{"line":41,"column":0},"end":{"line":41,"column":22}},"8":{"start":{"line":43,"column":11},"end":{"line":54,"column":2}},"9":{"start":{"line":44,"column":20},"end":{"line":44,"column":48}},"10":{"start":{"line":45,"column":2},"end":{"line":53,"column":4}},"11":{"start":{"line":56,"column":0},"end":{"line":56,"column":22}},"12":{"start":{"line":58,"column":11},"end":{"line":69,"column":2}},"13":{"start":{"line":59,"column":20},"end":{"line":59,"column":48}},"14":{"start":{"line":60,"column":2},"end":{"line":68,"column":4}},"15":{"start":{"line":71,"column":0},"end":{"line":71,"column":22}},"16":{"start":{"line":73,"column":10},"end":{"line":76,"column":2}},"17":{"start":{"line":74,"column":20},"end":{"line":74,"column":48}},"18":{"start":{"line":75,"column":2},"end":{"line":75,"column":115}},"19":{"start":{"line":78,"column":0},"end":{"line":78,"column":20}},"20":{"start":{"line":80,"column":19},"end":{"line":94,"column":2}},"21":{"start":{"line":81,"column":20},"end":{"line":81,"column":48}},"22":{"start":{"line":82,"column":2},"end":{"line":93,"column":4}},"23":{"start":{"line":96,"column":0},"end":{"line":96,"column":38}},"24":{"start":{"line":98,"column":13},"end":{"line":112,"column":2}},"25":{"start":{"line":99,"column":20},"end":{"line":99,"column":48}},"26":{"start":{"line":100,"column":2},"end":{"line":111,"column":4}},"27":{"start":{"line":114,"column":0},"end":{"line":114,"column":26}},"28":{"start":{"line":116,"column":13},"end":{"line":119,"column":2}},"29":{"start":{"line":117,"column":20},"end":{"line":117,"column":48}},"30":{"start":{"line":118,"column":2},"end":{"line":118,"column":119}},"31":{"start":{"line":121,"column":0},"end":{"line":121,"column":26}},"32":{"start":{"line":123,"column":14},"end":{"line":132,"column":2}},"33":{"start":{"line":124,"column":20},"end":{"line":124,"column":48}},"34":{"start":{"line":125,"column":2},"end":{"line":131,"column":4}},"35":{"start":{"line":134,"column":0},"end":{"line":134,"column":28}},"36":{"start":{"line":136,"column":14},"end":{"line":145,"column":2}},"37":{"start":{"line":137,"column":20},"end":{"line":137,"column":48}},"38":{"start":{"line":138,"column":2},"end":{"line":144,"column":4}},"39":{"start":{"line":147,"column":0},"end":{"line":147,"column":28}},"40":{"start":{"line":149,"column":14},"end":{"line":152,"column":2}},"41":{"start":{"line":150,"column":20},"end":{"line":150,"column":48}},"42":{"start":{"line":151,"column":2},"end":{"line":151,"column":119}},"43":{"start":{"line":154,"column":0},"end":{"line":154,"column":28}}},"fnMap":{"0":{"name":"(anonymous_0)","decl":{"start":{"line":7,"column":57},"end":{"line":7,"column":58}},"loc":{"start":{"line":7,"column":108},"end":{"line":21,"column":1}},"line":7},"1":{"name":"(anonymous_1)","decl":{"start":{"line":25,"column":57},"end":{"line":25,"column":58}},"loc":{"start":{"line":25,"column":108},"end":{"line":39,"column":1}},"line":25},"2":{"name":"(anonymous_2)","decl":{"start":{"line":43,"column":57},"end":{"line":43,"column":58}},"loc":{"start":{"line":43,"column":108},"end":{"line":54,"column":1}},"line":43},"3":{"name":"(anonymous_3)","decl":{"start":{"line":58,"column":57},"end":{"line":58,"column":58}},"loc":{"start":{"line":58,"column":108},"end":{"line":69,"column":1}},"line":58},"4":{"name":"(anonymous_4)","decl":{"start":{"line":73,"column":56},"end":{"line":73,"column":57}},"loc":{"start":{"line":73,"column":107},"end":{"line":76,"column":1}},"line":73},"5":{"name":"(anonymous_5)","decl":{"start":{"line":80,"column":65},"end":{"line":80,"column":66}},"loc":{"start":{"line":80,"column":116},"end":{"line":94,"column":1}},"line":80},"6":{"name":"(anonymous_6)","decl":{"start":{"line":98,"column":59},"end":{"line":98,"column":60}},"loc":{"start":{"line":98,"column":110},"end":{"line":112,"column":1}},"line":98},"7":{"name":"(anonymous_7)","decl":{"start":{"line":116,"column":59},"end":{"line":116,"column":60}},"loc":{"start":{"line":116,"column":110},"end":{"line":119,"column":1}},"line":116},"8":{"name":"(anonymous_8)","decl":{"start":{"line":123,"column":60},"end":{"line":123,"column":61}},"loc":{"start":{"line":123,"column":111},"end":{"line":132,"column":1}},"line":123},"9":{"name":"(anonymous_9)","decl":{"start":{"line":136,"column":60},"end":{"line":136,"column":61}},"loc":{"start":{"line":136,"column":111},"end":{"line":145,"column":1}},"line":136},"10":{"name":"(anonymous_10)","decl":{"start":{"line":149,"column":60},"end":{"line":149,"column":61}},"loc":{"start":{"line":149,"column":111},"end":{"line":152,"column":1}},"line":149}},"branchMap":{"0":{"loc":{"start":{"line":7,"column":71},"end":{"line":7,"column":86}},"type":"default-arg","locations":[{"start":{"line":7,"column":81},"end":{"line":7,"column":86}}],"line":7},"1":{"loc":{"start":{"line":8,"column":20},"end":{"line":8,"column":48}},"type":"cond-expr","locations":[{"start":{"line":8,"column":30},"end":{"line":8,"column":39}},{"start":{"line":8,"column":42},"end":{"line":8,"column":48}}],"line":8},"2":{"loc":{"start":{"line":25,"column":71},"end":{"line":25,"column":86}},"type":"default-arg","locations":[{"start":{"line":25,"column":81},"end":{"line":25,"column":86}}],"line":25},"3":{"loc":{"start":{"line":26,"column":20},"end":{"line":26,"column":48}},"type":"cond-expr","locations":[{"start":{"line":26,"column":30},"end":{"line":26,"column":39}},{"start":{"line":26,"column":42},"end":{"line":26,"column":48}}],"line":26},"4":{"loc":{"start":{"line":43,"column":71},"end":{"line":43,"column":86}},"type":"default-arg","locations":[{"start":{"line":43,"column":81},"end":{"line":43,"column":86}}],"line":43},"5":{"loc":{"start":{"line":44,"column":20},"end":{"line":44,"column":48}},"type":"cond-expr","locations":[{"start":{"line":44,"column":30},"end":{"line":44,"column":39}},{"start":{"line":44,"column":42},"end":{"line":44,"column":48}}],"line":44},"6":{"loc":{"start":{"line":58,"column":71},"end":{"line":58,"column":86}},"type":"default-arg","locations":[{"start":{"line":58,"column":81},"end":{"line":58,"column":86}}],"line":58},"7":{"loc":{"start":{"line":59,"column":20},"end":{"line":59,"column":48}},"type":"cond-expr","locations":[{"start":{"line":59,"column":30},"end":{"line":59,"column":39}},{"start":{"line":59,"column":42},"end":{"line":59,"column":48}}],"line":59},"8":{"loc":{"start":{"line":73,"column":70},"end":{"line":73,"column":85}},"type":"default-arg","locations":[{"start":{"line":73,"column":80},"end":{"line":73,"column":85}}],"line":73},"9":{"loc":{"start":{"line":74,"column":20},"end":{"line":74,"column":48}},"type":"cond-expr","locations":[{"start":{"line":74,"column":30},"end":{"line":74,"column":39}},{"start":{"line":74,"column":42},"end":{"line":74,"column":48}}],"line":74},"10":{"loc":{"start":{"line":80,"column":79},"end":{"line":80,"column":94}},"type":"default-arg","locations":[{"start":{"line":80,"column":89},"end":{"line":80,"column":94}}],"line":80},"11":{"loc":{"start":{"line":81,"column":20},"end":{"line":81,"column":48}},"type":"cond-expr","locations":[{"start":{"line":81,"column":30},"end":{"line":81,"column":39}},{"start":{"line":81,"column":42},"end":{"line":81,"column":48}}],"line":81},"12":{"loc":{"start":{"line":85,"column":12},"end":{"line":85,"column":60}},"type":"cond-expr","locations":[{"start":{"line":85,"column":36},"end":{"line":85,"column":48}},{"start":{"line":85,"column":51},"end":{"line":85,"column":60}}],"line":85},"13":{"loc":{"start":{"line":98,"column":73},"end":{"line":98,"column":88}},"type":"default-arg","locations":[{"start":{"line":98,"column":83},"end":{"line":98,"column":88}}],"line":98},"14":{"loc":{"start":{"line":99,"column":20},"end":{"line":99,"column":48}},"type":"cond-expr","locations":[{"start":{"line":99,"column":30},"end":{"line":99,"column":39}},{"start":{"line":99,"column":42},"end":{"line":99,"column":48}}],"line":99},"15":{"loc":{"start":{"line":103,"column":12},"end":{"line":103,"column":54}},"type":"cond-expr","locations":[{"start":{"line":103,"column":36},"end":{"line":103,"column":42}},{"start":{"line":103,"column":45},"end":{"line":103,"column":54}}],"line":103},"16":{"loc":{"start":{"line":116,"column":73},"end":{"line":116,"column":88}},"type":"default-arg","locations":[{"start":{"line":116,"column":83},"end":{"line":116,"column":88}}],"line":116},"17":{"loc":{"start":{"line":117,"column":20},"end":{"line":117,"column":48}},"type":"cond-expr","locations":[{"start":{"line":117,"column":30},"end":{"line":117,"column":39}},{"start":{"line":117,"column":42},"end":{"line":117,"column":48}}],"line":117},"18":{"loc":{"start":{"line":123,"column":74},"end":{"line":123,"column":89}},"type":"default-arg","locations":[{"start":{"line":123,"column":84},"end":{"line":123,"column":89}}],"line":123},"19":{"loc":{"start":{"line":124,"column":20},"end":{"line":124,"column":48}},"type":"cond-expr","locations":[{"start":{"line":124,"column":30},"end":{"line":124,"column":39}},{"start":{"line":124,"column":42},"end":{"line":124,"column":48}}],"line":124},"20":{"loc":{"start":{"line":136,"column":74},"end":{"line":136,"column":89}},"type":"default-arg","locations":[{"start":{"line":136,"column":84},"end":{"line":136,"column":89}}],"line":136},"21":{"loc":{"start":{"line":137,"column":20},"end":{"line":137,"column":48}},"type":"cond-expr","locations":[{"start":{"line":137,"column":30},"end":{"line":137,"column":39}},{"start":{"line":137,"column":42},"end":{"line":137,"column":48}}],"line":137},"22":{"loc":{"start":{"line":149,"column":74},"end":{"line":149,"column":89}},"type":"default-arg","locations":[{"start":{"line":149,"column":84},"end":{"line":149,"column":89}}],"line":149},"23":{"loc":{"start":{"line":150,"column":20},"end":{"line":150,"column":48}},"type":"cond-expr","locations":[{"start":{"line":150,"column":30},"end":{"line":150,"column":39}},{"start":{"line":150,"column":42},"end":{"line":150,"column":48}}],"line":150}},"s":{"0":0,"1":0,"2":0,"3":0,"4":0,"5":0,"6":0,"7":0,"8":0,"9":0,"10":0,"11":0,"12":0,"13":0,"14":0,"15":0,"16":0,"17":0,"18":0,"19":0,"20":0,"21":0,"22":0,"23":0,"24":0,"25":0,"26":0,"27":0,"28":0,"29":0,"30":0,"31":0,"32":0,"33":0,"34":0,"35":0,"36":0,"37":0,"38":0,"39":0,"40":0,"41":0,"42":0,"43":0},"f":{"0":0,"1":0,"2":0,"3":0,"4":0,"5":0,"6":0,"7":0,"8":0,"9":0,"10":0},"b":{"0":[0],"1":[0,0],"2":[0],"3":[0,0],"4":[0],"5":[0,0],"6":[0],"7":[0,0],"8":[0],"9":[0,0],"10":[0],"11":[0,0],"12":[0,0],"13":[0],"14":[0,0],"15":[0,0],"16":[0],"17":[0,0],"18":[0],"19":[0,0],"20":[0],"21":[0,0],"22":[0],"23":[0,0]}}
,"/Users/jiezhiyong/Documents/GitHub/react-native/constants/Colors.ts": {"path":"/Users/jiezhiyong/Documents/GitHub/react-native/constants/Colors.ts","statementMap":{"0":{"start":{"line":6,"column":23},"end":{"line":6,"column":32}},"1":{"start":{"line":7,"column":22},"end":{"line":7,"column":28}},"2":{"start":{"line":9,"column":22},"end":{"line":26,"column":1}}},"fnMap":{},"branchMap":{},"s":{"0":0,"1":0,"2":0},"f":{},"b":{}}
,"/Users/jiezhiyong/Documents/GitHub/react-native/hooks/useColorScheme.ts": {"path":"/Users/jiezhiyong/Documents/GitHub/react-native/hooks/useColorScheme.ts","statementMap":{},"fnMap":{},"branchMap":{},"s":{},"f":{},"b":{}}
,"/Users/jiezhiyong/Documents/GitHub/react-native/hooks/useColorScheme.web.ts": {"path":"/Users/jiezhiyong/Documents/GitHub/react-native/hooks/useColorScheme.web.ts","statementMap":{"0":{"start":{"line":8,"column":40},"end":{"line":8,"column":55}},"1":{"start":{"line":10,"column":2},"end":{"line":12,"column":9}},"2":{"start":{"line":11,"column":4},"end":{"line":11,"column":25}},"3":{"start":{"line":14,"column":22},"end":{"line":14,"column":40}},"4":{"start":{"line":16,"column":2},"end":{"line":18,"column":3}},"5":{"start":{"line":17,"column":4},"end":{"line":17,"column":23}},"6":{"start":{"line":20,"column":2},"end":{"line":20,"column":17}}},"fnMap":{"0":{"name":"useColorScheme","decl":{"start":{"line":7,"column":16},"end":{"line":7,"column":30}},"loc":{"start":{"line":7,"column":33},"end":{"line":21,"column":1}},"line":7},"1":{"name":"(anonymous_1)","decl":{"start":{"line":10,"column":12},"end":{"line":10,"column":13}},"loc":{"start":{"line":10,"column":18},"end":{"line":12,"column":3}},"line":10}},"branchMap":{"0":{"loc":{"start":{"line":16,"column":2},"end":{"line":18,"column":3}},"type":"if","locations":[{"start":{"line":16,"column":2},"end":{"line":18,"column":3}},{"start":{},"end":{}}],"line":16}},"s":{"0":0,"1":0,"2":0,"3":0,"4":0,"5":0,"6":0},"f":{"0":0,"1":0},"b":{"0":[0,0]}}
,"/Users/jiezhiyong/Documents/GitHub/react-native/hooks/useIsomorphicLayoutEffect.ts": {"path":"/Users/jiezhiyong/Documents/GitHub/react-native/hooks/useIsomorphicLayoutEffect.ts","statementMap":{"0":{"start":{"line":5,"column":2},"end":{"line":5,"column":98}}},"fnMap":{},"branchMap":{"0":{"loc":{"start":{"line":5,"column":2},"end":{"line":5,"column":98}},"type":"cond-expr","locations":[{"start":{"line":5,"column":59},"end":{"line":5,"column":74}},{"start":{"line":5,"column":77},"end":{"line":5,"column":98}}],"line":5},"1":{"loc":{"start":{"line":5,"column":2},"end":{"line":5,"column":56}},"type":"binary-expr","locations":[{"start":{"line":5,"column":2},"end":{"line":5,"column":23}},{"start":{"line":5,"column":27},"end":{"line":5,"column":56}}],"line":5}},"s":{"0":0},"f":{},"b":{"0":[0,0],"1":[0,0]}}
,"/Users/jiezhiyong/Documents/GitHub/react-native/hooks/useRefreshOnFocus.ts": {"path":"/Users/jiezhiyong/Documents/GitHub/react-native/hooks/useRefreshOnFocus.ts","statementMap":{"0":{"start":{"line":19,"column":23},"end":{"line":19,"column":41}},"1":{"start":{"line":21,"column":2},"end":{"line":32,"column":4}},"2":{"start":{"line":24,"column":6},"end":{"line":27,"column":7}},"3":{"start":{"line":25,"column":8},"end":{"line":25,"column":37}},"4":{"start":{"line":26,"column":8},"end":{"line":26,"column":15}},"5":{"start":{"line":30,"column":6},"end":{"line":30,"column":23}}},"fnMap":{"0":{"name":"useRefreshOnFocus","decl":{"start":{"line":14,"column":16},"end":{"line":14,"column":33}},"loc":{"start":{"line":17,"column":8},"end":{"line":33,"column":1}},"line":17},"1":{"name":"(anonymous_1)","decl":{"start":{"line":22,"column":22},"end":{"line":22,"column":23}},"loc":{"start":{"line":22,"column":28},"end":{"line":31,"column":5}},"line":22}},"branchMap":{"0":{"loc":{"start":{"line":24,"column":6},"end":{"line":27,"column":7}},"type":"if","locations":[{"start":{"line":24,"column":6},"end":{"line":27,"column":7}},{"start":{},"end":{}}],"line":24}},"s":{"0":0,"1":0,"2":0,"3":0,"4":0,"5":0},"f":{"0":0,"1":0},"b":{"0":[0,0]}}
,"/Users/jiezhiyong/Documents/GitHub/react-native/hooks/useThemeColor.ts": {"path":"/Users/jiezhiyong/Documents/GitHub/react-native/hooks/useThemeColor.ts","statementMap":{"0":{"start":{"line":13,"column":16},"end":{"line":13,"column":43}},"1":{"start":{"line":14,"column":25},"end":{"line":14,"column":37}},"2":{"start":{"line":16,"column":2},"end":{"line":20,"column":3}},"3":{"start":{"line":17,"column":4},"end":{"line":17,"column":26}},"4":{"start":{"line":19,"column":4},"end":{"line":19,"column":36}}},"fnMap":{"0":{"name":"useThemeColor","decl":{"start":{"line":9,"column":16},"end":{"line":9,"column":29}},"loc":{"start":{"line":12,"column":2},"end":{"line":21,"column":1}},"line":12}},"branchMap":{"0":{"loc":{"start":{"line":13,"column":16},"end":{"line":13,"column":43}},"type":"binary-expr","locations":[{"start":{"line":13,"column":16},"end":{"line":13,"column":32}},{"start":{"line":13,"column":36},"end":{"line":13,"column":43}}],"line":13},"1":{"loc":{"start":{"line":16,"column":2},"end":{"line":20,"column":3}},"type":"if","locations":[{"start":{"line":16,"column":2},"end":{"line":20,"column":3}},{"start":{"line":18,"column":9},"end":{"line":20,"column":3}}],"line":16}},"s":{"0":0,"1":0,"2":0,"3":0,"4":0},"f":{"0":0},"b":{"0":[0,0],"1":[0,0]}}
,"/Users/jiezhiyong/Documents/GitHub/react-native/lib/android-navigation-bar.ts": {"path":"/Users/jiezhiyong/Documents/GitHub/react-native/lib/android-navigation-bar.ts","statementMap":{"0":{"start":{"line":6,"column":2},"end":{"line":6,"column":40}},"1":{"start":{"line":6,"column":33},"end":{"line":6,"column":40}},"2":{"start":{"line":7,"column":2},"end":{"line":7,"column":79}},"3":{"start":{"line":8,"column":2},"end":{"line":10,"column":4}}},"fnMap":{"0":{"name":"setAndroidNavigationBar","decl":{"start":{"line":5,"column":22},"end":{"line":5,"column":45}},"loc":{"start":{"line":5,"column":71},"end":{"line":11,"column":1}},"line":5}},"branchMap":{"0":{"loc":{"start":{"line":6,"column":2},"end":{"line":6,"column":40}},"type":"if","locations":[{"start":{"line":6,"column":2},"end":{"line":6,"column":40}},{"start":{},"end":{}}],"line":6},"1":{"loc":{"start":{"line":7,"column":42},"end":{"line":7,"column":77}},"type":"cond-expr","locations":[{"start":{"line":7,"column":61},"end":{"line":7,"column":68}},{"start":{"line":7,"column":71},"end":{"line":7,"column":77}}],"line":7},"2":{"loc":{"start":{"line":9,"column":4},"end":{"line":9,"column":77}},"type":"cond-expr","locations":[{"start":{"line":9,"column":23},"end":{"line":9,"column":48}},{"start":{"line":9,"column":51},"end":{"line":9,"column":77}}],"line":9}},"s":{"0":0,"1":0,"2":0,"3":0},"f":{"0":0},"b":{"0":[0,0],"1":[0,0],"2":[0,0]}}
,"/Users/jiezhiyong/Documents/GitHub/react-native/lib/constants.ts": {"path":"/Users/jiezhiyong/Documents/GitHub/react-native/lib/constants.ts","statementMap":{"0":{"start":{"line":1,"column":25},"end":{"line":18,"column":1}}},"fnMap":{},"branchMap":{},"s":{"0":0},"f":{},"b":{}}
,"/Users/jiezhiyong/Documents/GitHub/react-native/lib/keyboard.tsx": {"path":"/Users/jiezhiyong/Documents/GitHub/react-native/lib/keyboard.tsx","statementMap":{"0":{"start":{"line":4,"column":19},"end":{"line":8,"column":10}},"1":{"start":{"line":13,"column":50},"end":{"line":13,"column":71}},"2":{"start":{"line":14,"column":46},"end":{"line":14,"column":63}},"3":{"start":{"line":16,"column":2},"end":{"line":30,"column":9}},"4":{"start":{"line":17,"column":25},"end":{"line":20,"column":6}},"5":{"start":{"line":18,"column":6},"end":{"line":18,"column":31}},"6":{"start":{"line":19,"column":6},"end":{"line":19,"column":49}},"7":{"start":{"line":21,"column":25},"end":{"line":24,"column":6}},"8":{"start":{"line":22,"column":6},"end":{"line":22,"column":32}},"9":{"start":{"line":23,"column":6},"end":{"line":23,"column":27}},"10":{"start":{"line":26,"column":4},"end":{"line":29,"column":6}},"11":{"start":{"line":27,"column":6},"end":{"line":27,"column":28}},"12":{"start":{"line":28,"column":6},"end":{"line":28,"column":28}},"13":{"start":{"line":33,"column":4},"end":{"line":33,"column":23}},"14":{"start":{"line":34,"column":4},"end":{"line":34,"column":30}},"15":{"start":{"line":37,"column":2},"end":{"line":41,"column":4}}},"fnMap":{"0":{"name":"useKeyboard","decl":{"start":{"line":10,"column":16},"end":{"line":10,"column":27}},"loc":{"start":{"line":12,"column":2},"end":{"line":42,"column":1}},"line":12},"1":{"name":"(anonymous_1)","decl":{"start":{"line":16,"column":18},"end":{"line":16,"column":19}},"loc":{"start":{"line":16,"column":24},"end":{"line":30,"column":3}},"line":16},"2":{"name":"(anonymous_2)","decl":{"start":{"line":17,"column":74},"end":{"line":17,"column":75}},"loc":{"start":{"line":17,"column":96},"end":{"line":20,"column":5}},"line":17},"3":{"name":"(anonymous_3)","decl":{"start":{"line":21,"column":74},"end":{"line":21,"column":75}},"loc":{"start":{"line":21,"column":80},"end":{"line":24,"column":5}},"line":21},"4":{"name":"(anonymous_4)","decl":{"start":{"line":26,"column":11},"end":{"line":26,"column":12}},"loc":{"start":{"line":26,"column":17},"end":{"line":29,"column":5}},"line":26},"5":{"name":"dismissKeyboard","decl":{"start":{"line":32,"column":11},"end":{"line":32,"column":26}},"loc":{"start":{"line":32,"column":29},"end":{"line":35,"column":3}},"line":32}},"branchMap":{"0":{"loc":{"start":{"line":11,"column":2},"end":{"line":11,"column":95}},"type":"default-arg","locations":[{"start":{"line":11,"column":71},"end":{"line":11,"column":95}}],"line":11},"1":{"loc":{"start":{"line":11,"column":4},"end":{"line":11,"column":25}},"type":"default-arg","locations":[{"start":{"line":11,"column":16},"end":{"line":11,"column":25}}],"line":11}},"s":{"0":0,"1":0,"2":0,"3":0,"4":0,"5":0,"6":0,"7":0,"8":0,"9":0,"10":0,"11":0,"12":0,"13":0,"14":0,"15":0},"f":{"0":0,"1":0,"2":0,"3":0,"4":0,"5":0},"b":{"0":[0],"1":[0]}}
,"/Users/jiezhiyong/Documents/GitHub/react-native/lib/useColorScheme.tsx": {"path":"/Users/jiezhiyong/Documents/GitHub/react-native/lib/useColorScheme.tsx","statementMap":{"0":{"start":{"line":4,"column":61},"end":{"line":4,"column":87}},"1":{"start":{"line":5,"column":2},"end":{"line":10,"column":4}}},"fnMap":{"0":{"name":"useColorScheme","decl":{"start":{"line":3,"column":16},"end":{"line":3,"column":30}},"loc":{"start":{"line":3,"column":33},"end":{"line":11,"column":1}},"line":3}},"branchMap":{"0":{"loc":{"start":{"line":6,"column":17},"end":{"line":6,"column":38}},"type":"binary-expr","locations":[{"start":{"line":6,"column":17},"end":{"line":6,"column":28}},{"start":{"line":6,"column":32},"end":{"line":6,"column":38}}],"line":6}},"s":{"0":0,"1":0},"f":{"0":0},"b":{"0":[0,0]}}
,"/Users/jiezhiyong/Documents/GitHub/react-native/lib/utils.ts": {"path":"/Users/jiezhiyong/Documents/GitHub/react-native/lib/utils.ts","statementMap":{"0":{"start":{"line":5,"column":2},"end":{"line":5,"column":31}}},"fnMap":{"0":{"name":"cn","decl":{"start":{"line":4,"column":16},"end":{"line":4,"column":18}},"loc":{"start":{"line":4,"column":44},"end":{"line":6,"column":1}},"line":4}},"branchMap":{},"s":{"0":0},"f":{"0":0},"b":{}}
,"/Users/jiezhiyong/Documents/GitHub/react-native/lib/icons/Check.tsx": {"path":"/Users/jiezhiyong/Documents/GitHub/react-native/lib/icons/Check.tsx","statementMap":{"0":{"start":{"line":3,"column":0},"end":{"line":3,"column":25}}},"fnMap":{},"branchMap":{},"s":{"0":0},"f":{},"b":{}}
,"/Users/jiezhiyong/Documents/GitHub/react-native/lib/icons/ChevronDown.tsx": {"path":"/Users/jiezhiyong/Documents/GitHub/react-native/lib/icons/ChevronDown.tsx","statementMap":{"0":{"start":{"line":3,"column":0},"end":{"line":3,"column":31}}},"fnMap":{},"branchMap":{},"s":{"0":0},"f":{},"b":{}}
,"/Users/jiezhiyong/Documents/GitHub/react-native/lib/icons/ChevronUp.tsx": {"path":"/Users/jiezhiyong/Documents/GitHub/react-native/lib/icons/ChevronUp.tsx","statementMap":{"0":{"start":{"line":3,"column":0},"end":{"line":3,"column":29}}},"fnMap":{},"branchMap":{},"s":{"0":0},"f":{},"b":{}}
,"/Users/jiezhiyong/Documents/GitHub/react-native/lib/icons/Info.tsx": {"path":"/Users/jiezhiyong/Documents/GitHub/react-native/lib/icons/Info.tsx","statementMap":{"0":{"start":{"line":4,"column":0},"end":{"line":4,"column":24}}},"fnMap":{},"branchMap":{},"s":{"0":0},"f":{},"b":{}}
,"/Users/jiezhiyong/Documents/GitHub/react-native/lib/icons/MoonStar.tsx": {"path":"/Users/jiezhiyong/Documents/GitHub/react-native/lib/icons/MoonStar.tsx","statementMap":{"0":{"start":{"line":4,"column":0},"end":{"line":4,"column":28}}},"fnMap":{},"branchMap":{},"s":{"0":0},"f":{},"b":{}}
,"/Users/jiezhiyong/Documents/GitHub/react-native/lib/icons/Sun.tsx": {"path":"/Users/jiezhiyong/Documents/GitHub/react-native/lib/icons/Sun.tsx","statementMap":{"0":{"start":{"line":4,"column":0},"end":{"line":4,"column":23}}},"fnMap":{},"branchMap":{},"s":{"0":0},"f":{},"b":{}}
,"/Users/jiezhiyong/Documents/GitHub/react-native/lib/icons/X.tsx": {"path":"/Users/jiezhiyong/Documents/GitHub/react-native/lib/icons/X.tsx","statementMap":{"0":{"start":{"line":3,"column":0},"end":{"line":3,"column":21}}},"fnMap":{},"branchMap":{},"s":{"0":0},"f":{},"b":{}}
,"/Users/jiezhiyong/Documents/GitHub/react-native/lib/icons/iconWithClassName.ts": {"path":"/Users/jiezhiyong/Documents/GitHub/react-native/lib/icons/iconWithClassName.ts","statementMap":{"0":{"start":{"line":5,"column":2},"end":{"line":13,"column":5}}},"fnMap":{"0":{"name":"iconWithClassName","decl":{"start":{"line":4,"column":16},"end":{"line":4,"column":33}},"loc":{"start":{"line":4,"column":52},"end":{"line":14,"column":1}},"line":4}},"branchMap":{},"s":{"0":0},"f":{"0":0},"b":{}}
}
