TN:
SF:app.config.ts
FN:10,(anonymous_0)
FN:19,(anonymous_1)
FN:29,(anonymous_2)
FNF:3
FNH:0
FNDA:0,(anonymous_0)
FNDA:0,(anonymous_1)
FNDA:0,(anonymous_2)
DA:5,0
DA:6,0
DA:7,0
DA:8,0
DA:10,0
DA:11,0
DA:12,0
DA:13,0
DA:14,0
DA:16,0
DA:19,0
DA:20,0
DA:21,0
DA:22,0
DA:23,0
DA:25,0
DA:29,0
LF:17
LH:0
BRDA:11,0,0,0
BRDA:11,0,1,0
BRDA:13,1,0,0
BRDA:13,1,1,0
BRDA:20,2,0,0
BRDA:20,2,1,0
BRDA:22,3,0,0
BRDA:22,3,1,0
BRDA:70,4,0,0
BRDA:70,4,1,0
BRDA:112,5,0,0
BRDA:112,5,1,0
BRDA:161,6,0,0
BRDA:161,6,1,0
BRF:14
BRH:0
end_of_record
TN:
SF:nativewind-env.d.ts
FNF:0
FNH:0
LF:0
LH:0
BRF:0
BRH:0
end_of_record
TN:
SF:types.d.ts
FNF:0
FNH:0
LF:0
LH:0
BRF:0
BRH:0
end_of_record
TN:
SF:app/+html.tsx
FN:4,Root
FNF:1
FNH:0
FNDA:0,Root
DA:5,0
LF:1
LH:0
BRF:0
BRH:0
end_of_record
TN:
SF:app/+native-intent.tsx
FNF:0
FNH:0
LF:0
LH:0
BRF:0
BRH:0
end_of_record
TN:
SF:app/+not-found.tsx
FN:10,NotFoundScreen
FN:13,(anonymous_1)
FN:43,(anonymous_2)
FNF:3
FNH:0
FNDA:0,NotFoundScreen
FNDA:0,(anonymous_1)
FNDA:0,(anonymous_2)
DA:11,0
DA:13,0
DA:14,0
DA:17,0
DA:43,0
LF:5
LH:0
BRF:0
BRH:0
end_of_record
TN:
SF:app/_layout.tsx
FN:87,onAppStateChange
FN:93,RootLayout
FN:105,(anonymous_2)
FN:111,(anonymous_3)
FN:138,(anonymous_4)
FN:142,(anonymous_5)
FN:182,(anonymous_6)
FNF:7
FNH:0
FNDA:0,onAppStateChange
FNDA:0,RootLayout
FNDA:0,(anonymous_2)
FNDA:0,(anonymous_3)
FNDA:0,(anonymous_4)
FNDA:0,(anonymous_5)
FNDA:0,(anonymous_6)
DA:29,0
DA:33,0
DA:43,0
DA:47,0
DA:52,0
DA:62,0
DA:88,0
DA:89,0
DA:94,0
DA:95,0
DA:96,0
DA:98,0
DA:100,0
DA:102,0
DA:105,0
DA:106,0
DA:107,0
DA:111,0
DA:112,0
DA:113,0
DA:116,0
DA:118,0
DA:120,0
DA:121,0
DA:122,0
DA:138,0
DA:140,0
DA:142,0
DA:155,0
DA:156,0
DA:160,0
DA:162,0
DA:182,0
LF:33
LH:0
BRDA:88,0,0,0
BRDA:88,0,1,0
BRDA:106,1,0,0
BRDA:106,1,1,0
BRDA:112,2,0,0
BRDA:112,2,1,0
BRDA:116,3,0,0
BRDA:116,3,1,0
BRDA:155,4,0,0
BRDA:155,4,1,0
BRDA:160,5,0,0
BRDA:160,5,1,0
BRDA:164,6,0,0
BRDA:164,6,1,0
BRDA:168,7,0,0
BRDA:168,7,1,0
BRF:16
BRH:0
end_of_record
TN:
SF:app/about.tsx
FN:15,(anonymous_0)
FN:43,AboutScreen
FN:50,(anonymous_2)
FN:57,(anonymous_3)
FN:89,(anonymous_4)
FN:101,(anonymous_5)
FN:102,(anonymous_6)
FNF:7
FNH:0
FNDA:0,(anonymous_0)
FNDA:0,AboutScreen
FNDA:0,(anonymous_2)
FNDA:0,(anonymous_3)
FNDA:0,(anonymous_4)
FNDA:0,(anonymous_5)
FNDA:0,(anonymous_6)
DA:15,0
DA:16,0
DA:44,0
DA:45,0
DA:47,0
DA:48,0
DA:50,0
DA:51,0
DA:52,0
DA:53,0
DA:57,0
DA:58,0
DA:59,0
DA:60,0
DA:61,0
DA:63,0
DA:66,0
DA:68,0
DA:72,0
DA:90,0
DA:91,0
DA:92,0
DA:94,0
DA:97,0
DA:101,0
DA:102,0
LF:26
LH:0
BRDA:25,0,0,0
BRDA:25,0,1,0
BRDA:27,1,0,0
BRDA:27,1,1,0
BRDA:44,2,0,0
BRDA:44,2,1,0
BRDA:45,3,0,0
BRDA:45,3,1,0
BRDA:51,4,0,0
BRDA:51,4,1,0
BRDA:60,5,0,0
BRDA:60,5,1,0
BRDA:88,6,0,0
BRDA:88,6,1,0
BRDA:91,7,0,0
BRDA:91,7,1,0
BRF:16
BRH:0
end_of_record
TN:
SF:app/create-payment-intent+api.ts
FN:3,POST
FN:15,GET
FNF:2
FNH:0
FNDA:0,POST
FNDA:0,GET
DA:1,0
DA:4,0
DA:5,0
DA:7,0
DA:11,0
DA:12,0
DA:16,0
DA:17,0
LF:8
LH:0
BRF:0
BRH:0
end_of_record
TN:
SF:app/deep-link.tsx
FN:15,DeepLink
FNF:1
FNH:0
FNDA:0,DeepLink
DA:16,0
DA:18,0
DA:19,0
LF:3
LH:0
BRDA:16,0,0,0
BRDA:16,0,1,0
BRF:2
BRH:0
end_of_record
TN:
SF:app/destroy-account.tsx
FN:20,(anonymous_0)
FN:31,DestroyAccountScreen
FN:47,(anonymous_2)
FN:59,(anonymous_3)
FN:64,(anonymous_4)
FN:70,(anonymous_5)
FN:126,(anonymous_6)
FN:145,(anonymous_7)
FNF:8
FNH:0
FNDA:0,(anonymous_0)
FNDA:0,DestroyAccountScreen
FNDA:0,(anonymous_2)
FNDA:0,(anonymous_3)
FNDA:0,(anonymous_4)
FNDA:0,(anonymous_5)
FNDA:0,(anonymous_6)
FNDA:0,(anonymous_7)
DA:18,0
DA:20,0
DA:32,0
DA:33,0
DA:39,0
DA:47,0
DA:48,0
DA:49,0
DA:52,0
DA:59,0
DA:65,0
DA:70,0
DA:72,0
DA:77,0
DA:78,0
DA:80,0
DA:81,0
DA:84,0
DA:92,0
DA:93,0
DA:96,0
DA:100,0
DA:127,0
DA:146,0
LF:24
LH:0
BRDA:134,0,0,0
BRDA:134,0,1,0
BRDA:148,1,0,0
BRDA:148,1,1,0
BRDA:158,2,0,0
BRDA:158,2,1,0
BRF:6
BRH:0
end_of_record
TN:
SF:app/exchange-github-auth-code+api.ts
FN:5,POST
FNF:1
FNH:0
FNDA:0,POST
DA:6,0
DA:8,0
DA:9,0
DA:22,0
DA:24,0
LF:5
LH:0
BRF:0
BRH:0
end_of_record
TN:
SF:app/feedback.tsx
FN:15,FeedbackScreen
FN:21,(anonymous_1)
FN:25,(anonymous_2)
FN:41,(anonymous_3)
FN:46,(anonymous_4)
FN:108,(anonymous_5)
FNF:6
FNH:0
FNDA:0,FeedbackScreen
FNDA:0,(anonymous_1)
FNDA:0,(anonymous_2)
FNDA:0,(anonymous_3)
FNDA:0,(anonymous_4)
FNDA:0,(anonymous_5)
DA:12,0
DA:16,0
DA:17,0
DA:18,0
DA:19,0
DA:21,0
DA:22,0
DA:25,0
DA:26,0
DA:27,0
DA:28,0
DA:31,0
DA:42,0
DA:46,0
DA:108,0
DA:109,0
LF:16
LH:0
BRDA:32,0,0,0
BRDA:32,0,1,0
BRDA:111,1,0,0
BRDA:111,1,1,0
BRDA:114,2,0,0
BRDA:114,2,1,0
BRF:6
BRH:0
end_of_record
TN:
SF:app/jest.tsx
FN:4,(anonymous_0)
FN:6,HomeScreen
FNF:2
FNH:2
FNDA:2,(anonymous_0)
FNDA:1,HomeScreen
DA:4,2
DA:7,1
DA:14,1
LF:3
LH:3
BRF:0
BRH:0
end_of_record
TN:
SF:app/login.tsx
FN:20,LoginScreen
FN:41,(anonymous_1)
FN:67,(anonymous_2)
FN:75,(anonymous_3)
FN:114,(anonymous_4)
FNF:5
FNH:0
FNDA:0,LoginScreen
FNDA:0,(anonymous_1)
FNDA:0,(anonymous_2)
FNDA:0,(anonymous_3)
FNDA:0,(anonymous_4)
DA:13,0
DA:14,0
DA:21,0
DA:22,0
DA:23,0
DA:24,0
DA:25,0
DA:28,0
DA:40,0
DA:42,0
DA:43,0
DA:50,0
DA:51,0
DA:52,0
DA:55,0
DA:58,0
DA:60,0
DA:67,0
DA:68,0
DA:69,0
DA:70,0
DA:75,0
DA:76,0
DA:77,0
DA:78,0
DA:81,0
DA:82,0
DA:83,0
DA:84,0
DA:86,0
DA:87,0
DA:89,0
DA:93,0
DA:94,0
DA:114,0
LF:35
LH:0
BRDA:68,0,0,0
BRDA:68,0,1,0
BRDA:76,1,0,0
BRDA:76,1,1,0
BRDA:76,2,0,0
BRDA:76,2,1,0
BRDA:103,3,0,0
BRDA:103,3,1,0
BRDA:113,4,0,0
BRDA:113,4,1,0
BRDA:121,5,0,0
BRDA:121,5,1,0
BRF:12
BRH:0
end_of_record
TN:
SF:app/media-viewer.tsx
FN:12,MediaViewerScreen
FN:20,(anonymous_1)
FN:26,(anonymous_2)
FN:27,(anonymous_3)
FN:36,(anonymous_4)
FN:41,(anonymous_5)
FN:47,(anonymous_6)
FN:77,(anonymous_7)
FN:110,(anonymous_8)
FN:144,(anonymous_9)
FNF:10
FNH:0
FNDA:0,MediaViewerScreen
FNDA:0,(anonymous_1)
FNDA:0,(anonymous_2)
FNDA:0,(anonymous_3)
FNDA:0,(anonymous_4)
FNDA:0,(anonymous_5)
FNDA:0,(anonymous_6)
FNDA:0,(anonymous_7)
FNDA:0,(anonymous_8)
FNDA:0,(anonymous_9)
DA:13,0
DA:14,0
DA:15,0
DA:16,0
DA:17,0
DA:20,0
DA:21,0
DA:22,0
DA:26,0
DA:27,0
DA:28,0
DA:29,0
DA:30,0
DA:36,0
DA:37,0
DA:41,0
DA:42,0
DA:43,0
DA:47,0
DA:48,0
DA:49,0
DA:50,0
DA:51,0
DA:54,0
DA:55,0
DA:56,0
DA:57,0
DA:58,0
DA:60,0
DA:63,0
DA:66,0
DA:67,0
DA:68,0
DA:69,0
DA:71,0
DA:72,0
DA:77,0
DA:78,0
DA:79,0
DA:80,0
DA:81,0
DA:84,0
DA:87,0
DA:88,0
DA:89,0
DA:90,0
DA:91,0
DA:95,0
DA:96,0
DA:98,0
DA:100,0
DA:101,0
DA:105,0
DA:111,0
DA:144,0
DA:158,0
LF:56
LH:0
BRDA:28,0,0,0
BRDA:28,0,1,0
BRDA:49,1,0,0
BRDA:49,1,1,0
BRDA:54,2,0,0
BRDA:54,2,1,0
BRDA:56,3,0,0
BRDA:56,3,1,0
BRDA:79,4,0,0
BRDA:79,4,1,0
BRDA:88,5,0,0
BRDA:88,5,1,0
BRDA:100,6,0,0
BRDA:100,6,1,0
BRDA:126,7,0,0
BRDA:126,7,1,0
BRDA:132,8,0,0
BRDA:132,8,1,0
BRDA:138,9,0,0
BRDA:138,9,1,0
BRDA:138,9,2,0
BRDA:138,9,3,0
BRDA:148,10,0,0
BRDA:148,10,1,0
BRDA:148,10,2,0
BRDA:148,10,3,0
BRF:26
BRH:0
end_of_record
TN:
SF:app/notice.tsx
FN:37,(anonymous_0)
FN:45,(anonymous_1)
FN:50,(anonymous_2)
FN:54,(anonymous_3)
FN:76,(anonymous_4)
FN:90,(anonymous_5)
FN:91,(anonymous_6)
FN:92,(anonymous_7)
FN:98,(anonymous_8)
FN:110,(anonymous_9)
FN:131,(anonymous_10)
FN:138,NoticeScreen
FN:145,(anonymous_12)
FN:150,(anonymous_13)
FN:155,(anonymous_14)
FN:165,(anonymous_15)
FN:166,(anonymous_16)
FN:184,(anonymous_17)
FN:189,(anonymous_18)
FN:196,(anonymous_19)
FN:204,(anonymous_20)
FN:207,(anonymous_21)
FN:208,(anonymous_22)
FN:216,(anonymous_23)
FN:227,(anonymous_24)
FN:251,(anonymous_25)
FNF:26
FNH:0
FNDA:0,(anonymous_0)
FNDA:0,(anonymous_1)
FNDA:0,(anonymous_2)
FNDA:0,(anonymous_3)
FNDA:0,(anonymous_4)
FNDA:0,(anonymous_5)
FNDA:0,(anonymous_6)
FNDA:0,(anonymous_7)
FNDA:0,(anonymous_8)
FNDA:0,(anonymous_9)
FNDA:0,(anonymous_10)
FNDA:0,NoticeScreen
FNDA:0,(anonymous_12)
FNDA:0,(anonymous_13)
FNDA:0,(anonymous_14)
FNDA:0,(anonymous_15)
FNDA:0,(anonymous_16)
FNDA:0,(anonymous_17)
FNDA:0,(anonymous_18)
FNDA:0,(anonymous_19)
FNDA:0,(anonymous_20)
FNDA:0,(anonymous_21)
FNDA:0,(anonymous_22)
FNDA:0,(anonymous_23)
FNDA:0,(anonymous_24)
FNDA:0,(anonymous_25)
DA:37,0
DA:46,0
DA:48,0
DA:50,0
DA:53,0
DA:54,0
DA:55,0
DA:57,0
DA:58,0
DA:59,0
DA:61,0
DA:71,0
DA:73,0
DA:74,0
DA:76,0
DA:83,0
DA:85,0
DA:91,0
DA:92,0
DA:98,0
DA:99,0
DA:101,0
DA:102,0
DA:103,0
DA:104,0
DA:106,0
DA:110,0
DA:111,0
DA:131,0
DA:132,0
DA:139,0
DA:142,0
DA:145,0
DA:146,0
DA:150,0
DA:151,0
DA:153,0
DA:155,0
DA:156,0
DA:157,0
DA:158,0
DA:160,0
DA:164,0
DA:165,0
DA:168,0
DA:169,0
DA:170,0
DA:172,0
DA:173,0
DA:174,0
DA:177,0
DA:180,0
DA:184,0
DA:185,0
DA:189,0
DA:190,0
DA:191,0
DA:195,0
DA:197,0
DA:203,0
DA:205,0
DA:208,0
DA:216,0
DA:217,0
DA:219,0
DA:227,0
DA:228,0
DA:230,0
DA:238,0
DA:251,0
LF:70
LH:0
BRDA:45,0,0,0
BRDA:73,1,0,0
BRDA:73,1,1,0
BRDA:92,2,0,0
BRDA:92,2,1,0
BRDA:101,3,0,0
BRDA:101,3,1,0
BRDA:102,4,0,0
BRDA:102,4,1,0
BRDA:103,5,0,0
BRDA:103,5,1,0
BRDA:104,6,0,0
BRDA:104,6,1,0
BRDA:114,7,0,0
BRDA:114,7,1,0
BRDA:119,8,0,0
BRDA:119,8,1,0
BRDA:120,9,0,0
BRDA:120,9,1,0
BRDA:151,10,0,0
BRDA:151,10,1,0
BRDA:157,11,0,0
BRDA:157,11,1,0
BRDA:172,12,0,0
BRDA:172,12,1,0
BRDA:172,13,0,0
BRDA:172,13,1,0
BRDA:173,14,0,0
BRDA:173,14,1,0
BRDA:174,15,0,0
BRDA:174,15,1,0
BRDA:190,16,0,0
BRDA:190,16,1,0
BRDA:190,17,0,0
BRDA:190,17,1,0
BRDA:217,18,0,0
BRDA:217,18,1,0
BRDA:217,19,0,0
BRDA:217,19,1,0
BRDA:228,20,0,0
BRDA:228,20,1,0
BRDA:228,21,0,0
BRDA:228,21,1,0
BRF:43
BRH:0
end_of_record
TN:
SF:app/online-service.tsx
FN:57,(anonymous_0)
FN:63,(anonymous_1)
FN:70,(anonymous_2)
FN:80,(anonymous_3)
FN:95,(anonymous_4)
FN:99,(anonymous_5)
FN:123,playNewMessageSound
FN:129,(anonymous_7)
FN:144,(anonymous_8)
FN:151,(anonymous_9)
FN:215,(anonymous_10)
FN:230,(anonymous_11)
FN:240,(anonymous_12)
FN:258,(anonymous_13)
FN:276,(anonymous_14)
FN:344,OnlineServiceScreen
FN:351,(anonymous_16)
FN:355,(anonymous_17)
FN:359,(anonymous_18)
FN:365,(anonymous_19)
FN:367,(anonymous_20)
FN:374,(anonymous_21)
FN:393,(anonymous_22)
FN:421,(anonymous_23)
FN:471,(anonymous_24)
FN:472,(anonymous_25)
FN:483,(anonymous_26)
FN:484,(anonymous_27)
FN:498,(anonymous_28)
FN:524,(anonymous_29)
FNF:30
FNH:0
FNDA:0,(anonymous_0)
FNDA:0,(anonymous_1)
FNDA:0,(anonymous_2)
FNDA:0,(anonymous_3)
FNDA:0,(anonymous_4)
FNDA:0,(anonymous_5)
FNDA:0,playNewMessageSound
FNDA:0,(anonymous_7)
FNDA:0,(anonymous_8)
FNDA:0,(anonymous_9)
FNDA:0,(anonymous_10)
FNDA:0,(anonymous_11)
FNDA:0,(anonymous_12)
FNDA:0,(anonymous_13)
FNDA:0,(anonymous_14)
FNDA:0,OnlineServiceScreen
FNDA:0,(anonymous_16)
FNDA:0,(anonymous_17)
FNDA:0,(anonymous_18)
FNDA:0,(anonymous_19)
FNDA:0,(anonymous_20)
FNDA:0,(anonymous_21)
FNDA:0,(anonymous_22)
FNDA:0,(anonymous_23)
FNDA:0,(anonymous_24)
FNDA:0,(anonymous_25)
FNDA:0,(anonymous_26)
FNDA:0,(anonymous_27)
FNDA:0,(anonymous_28)
FNDA:0,(anonymous_29)
DA:25,0
DA:57,0
DA:64,0
DA:70,0
DA:75,0
DA:76,0
DA:81,0
DA:84,0
DA:85,0
DA:91,0
DA:96,0
DA:99,0
DA:100,0
DA:107,0
DA:108,0
DA:114,0
DA:124,0
DA:126,0
DA:129,0
DA:130,0
DA:131,0
DA:132,0
DA:137,0
DA:139,0
DA:144,0
DA:145,0
DA:146,0
DA:148,0
DA:151,0
DA:152,0
DA:153,0
DA:160,0
DA:161,0
DA:168,0
DA:215,0
DA:216,0
DA:230,0
DA:240,0
DA:241,0
DA:242,0
DA:248,0
DA:249,0
DA:250,0
DA:253,0
DA:258,0
DA:259,0
DA:260,0
DA:266,0
DA:267,0
DA:268,0
DA:271,0
DA:276,0
DA:277,0
DA:278,0
DA:279,0
DA:280,0
DA:281,0
DA:284,0
DA:290,0
DA:291,0
DA:292,0
DA:295,0
DA:299,0
DA:301,0
DA:345,0
DA:346,0
DA:347,0
DA:348,0
DA:351,0
DA:352,0
DA:355,0
DA:356,0
DA:359,0
DA:365,0
DA:366,0
DA:367,0
DA:368,0
DA:374,0
DA:375,0
DA:378,0
DA:384,0
DA:387,0
DA:393,0
DA:395,0
DA:403,0
DA:404,0
DA:405,0
DA:408,0
DA:410,0
DA:414,0
DA:417,0
DA:421,0
DA:423,0
DA:430,0
DA:431,0
DA:433,0
DA:434,0
DA:436,0
DA:437,0
DA:439,0
DA:440,0
DA:442,0
DA:443,0
DA:445,0
DA:446,0
DA:448,0
DA:451,0
DA:454,0
DA:472,0
DA:483,0
DA:484,0
DA:498,0
DA:524,0
LF:113
LH:0
BRDA:75,0,0,0
BRDA:75,0,1,0
BRDA:84,1,0,0
BRDA:84,1,1,0
BRDA:95,2,0,0
BRDA:130,3,0,0
BRDA:130,3,1,0
BRDA:152,4,0,0
BRDA:152,4,1,0
BRDA:152,5,0,0
BRDA:152,5,1,0
BRDA:152,5,2,0
BRDA:160,6,0,0
BRDA:160,6,1,0
BRDA:169,7,0,0
BRDA:169,7,1,0
BRDA:170,8,0,0
BRDA:170,8,1,0
BRDA:172,9,0,0
BRDA:172,9,1,0
BRDA:173,10,0,0
BRDA:173,10,1,0
BRDA:175,11,0,0
BRDA:175,11,1,0
BRDA:175,11,2,0
BRDA:181,12,0,0
BRDA:181,12,1,0
BRDA:181,12,2,0
BRDA:184,13,0,0
BRDA:184,13,1,0
BRDA:209,14,0,0
BRDA:209,14,1,0
BRDA:248,15,0,0
BRDA:248,15,1,0
BRDA:248,16,0,0
BRDA:248,16,1,0
BRDA:248,16,2,0
BRDA:266,17,0,0
BRDA:266,17,1,0
BRDA:266,18,0,0
BRDA:266,18,1,0
BRDA:266,18,2,0
BRDA:279,19,0,0
BRDA:279,19,1,0
BRDA:290,20,0,0
BRDA:290,20,1,0
BRDA:290,21,0,0
BRDA:290,21,1,0
BRDA:290,21,2,0
BRDA:299,22,0,0
BRDA:299,22,1,0
BRDA:366,23,0,0
BRDA:366,23,1,0
BRDA:375,24,0,0
BRDA:375,24,1,0
BRDA:388,25,0,0
BRDA:388,25,1,0
BRDA:396,26,0,0
BRDA:396,26,1,0
BRDA:403,27,0,0
BRDA:403,27,1,0
BRDA:417,28,0,0
BRDA:417,28,1,0
BRDA:431,29,0,0
BRDA:431,29,1,0
BRDA:431,29,2,0
BRDA:431,29,3,0
BRDA:431,29,4,0
BRDA:431,29,5,0
BRDA:457,30,0,0
BRDA:457,30,1,0
BRDA:458,31,0,0
BRDA:458,31,1,0
BRDA:489,32,0,0
BRDA:489,32,1,0
BRDA:512,33,0,0
BRDA:512,33,1,0
BRF:77
BRH:0
end_of_record
TN:
SF:app/privacy-policy.tsx
FN:12,PrivacyPolicyScreen
FNF:1
FNH:0
FNDA:0,PrivacyPolicyScreen
DA:13,0
LF:1
LH:0
BRF:0
BRH:0
end_of_record
TN:
SF:app/privacy-setting.tsx
FN:17,(anonymous_0)
FN:28,(anonymous_1)
FN:62,(anonymous_2)
FN:66,PrivacySettingScreen
FN:95,(anonymous_4)
FN:104,(anonymous_5)
FNF:6
FNH:0
FNDA:0,(anonymous_0)
FNDA:0,(anonymous_1)
FNDA:0,(anonymous_2)
FNDA:0,PrivacySettingScreen
FNDA:0,(anonymous_4)
FNDA:0,(anonymous_5)
DA:17,0
DA:26,0
DA:28,0
DA:29,0
DA:30,0
DA:31,0
DA:34,0
DA:62,0
DA:63,0
DA:67,0
DA:68,0
DA:95,0
DA:104,0
LF:13
LH:0
BRDA:20,0,0,0
BRDA:21,1,0,0
BRDA:22,2,0,0
BRDA:31,3,0,0
BRDA:31,3,1,0
BRDA:37,4,0,0
BRDA:37,4,1,0
BRDA:38,5,0,0
BRDA:38,5,1,0
BRDA:43,6,0,0
BRDA:43,6,1,0
BRDA:46,7,0,0
BRDA:46,7,1,0
BRDA:56,8,0,0
BRDA:56,8,1,0
BRF:15
BRH:0
end_of_record
TN:
SF:app/qa.tsx
FN:104,(anonymous_0)
FN:136,(anonymous_1)
FN:158,QaScreen
FN:165,(anonymous_3)
FN:166,(anonymous_4)
FN:167,(anonymous_5)
FN:172,(anonymous_6)
FN:179,(anonymous_7)
FN:184,(anonymous_8)
FN:191,(anonymous_9)
FN:224,(anonymous_10)
FN:226,(anonymous_11)
FN:231,(anonymous_12)
FN:241,(anonymous_13)
FN:242,(anonymous_14)
FN:246,(anonymous_15)
FNF:16
FNH:0
FNDA:0,(anonymous_0)
FNDA:0,(anonymous_1)
FNDA:0,QaScreen
FNDA:0,(anonymous_3)
FNDA:0,(anonymous_4)
FNDA:0,(anonymous_5)
FNDA:0,(anonymous_6)
FNDA:0,(anonymous_7)
FNDA:0,(anonymous_8)
FNDA:0,(anonymous_9)
FNDA:0,(anonymous_10)
FNDA:0,(anonymous_11)
FNDA:0,(anonymous_12)
FNDA:0,(anonymous_13)
FNDA:0,(anonymous_14)
FNDA:0,(anonymous_15)
DA:24,0
DA:34,0
DA:104,0
DA:113,0
DA:136,0
DA:145,0
DA:160,0
DA:161,0
DA:162,0
DA:165,0
DA:166,0
DA:167,0
DA:172,0
DA:173,0
DA:175,0
DA:179,0
DA:180,0
DA:183,0
DA:184,0
DA:188,0
DA:189,0
DA:190,0
DA:191,0
DA:195,0
DA:198,0
DA:224,0
DA:227,0
DA:231,0
DA:241,0
DA:243,0
DA:246,0
LF:31
LH:0
BRDA:122,0,0,0
BRDA:122,0,1,0
BRDA:126,1,0,0
BRDA:126,1,1,0
BRDA:147,2,0,0
BRDA:147,2,1,0
BRDA:151,3,0,0
BRDA:151,3,1,0
BRDA:167,4,0,0
BRDA:167,4,1,0
BRDA:183,5,0,0
BRDA:183,5,1,0
BRDA:188,6,0,0
BRDA:188,6,1,0
BRDA:191,7,0,0
BRDA:191,7,1,0
BRDA:238,8,0,0
BRDA:238,8,1,0
BRF:18
BRH:0
end_of_record
TN:
SF:app/setting.tsx
FN:14,(anonymous_0)
FN:35,(anonymous_1)
FN:39,SettingScreen
FN:45,(anonymous_3)
FN:46,(anonymous_4)
FN:50,(anonymous_5)
FN:51,(anonymous_6)
FN:55,(anonymous_7)
FN:56,(anonymous_8)
FN:57,(anonymous_9)
FN:58,(anonymous_10)
FN:62,(anonymous_11)
FNF:12
FNH:0
FNDA:0,(anonymous_0)
FNDA:0,(anonymous_1)
FNDA:0,SettingScreen
FNDA:0,(anonymous_3)
FNDA:0,(anonymous_4)
FNDA:0,(anonymous_5)
FNDA:0,(anonymous_6)
FNDA:0,(anonymous_7)
FNDA:0,(anonymous_8)
FNDA:0,(anonymous_9)
FNDA:0,(anonymous_10)
FNDA:0,(anonymous_11)
DA:14,0
DA:15,0
DA:35,0
DA:36,0
DA:40,0
DA:41,0
DA:45,0
DA:46,0
DA:50,0
DA:51,0
DA:55,0
DA:56,0
DA:57,0
DA:58,0
DA:62,0
LF:15
LH:0
BRDA:24,0,0,0
BRDA:24,0,1,0
BRF:2
BRH:0
end_of_record
TN:
SF:app/support.tsx
FN:12,(anonymous_0)
FN:27,HelpScreen
FN:38,(anonymous_2)
FN:42,(anonymous_3)
FN:43,(anonymous_4)
FNF:5
FNH:0
FNDA:0,(anonymous_0)
FNDA:0,HelpScreen
FNDA:0,(anonymous_2)
FNDA:0,(anonymous_3)
FNDA:0,(anonymous_4)
DA:12,0
DA:13,0
DA:28,0
DA:30,0
DA:38,0
DA:42,0
DA:43,0
LF:7
LH:0
BRDA:12,0,0,0
BRF:1
BRH:0
end_of_record
TN:
SF:app/system-permissions.tsx
FN:24,(anonymous_0)
FN:47,SystemPermissionsScreen
FN:55,(anonymous_2)
FN:57,(anonymous_3)
FN:64,(anonymous_4)
FNF:5
FNH:0
FNDA:0,(anonymous_0)
FNDA:0,SystemPermissionsScreen
FNDA:0,(anonymous_2)
FNDA:0,(anonymous_3)
FNDA:0,(anonymous_4)
DA:24,0
DA:25,0
DA:48,0
DA:49,0
DA:50,0
DA:51,0
DA:52,0
DA:55,0
DA:56,0
DA:58,0
DA:59,0
DA:64,0
DA:65,0
DA:66,0
DA:68,0
DA:72,0
LF:16
LH:0
BRDA:26,0,0,0
BRDA:26,0,1,0
BRDA:32,1,0,0
BRDA:32,1,1,0
BRDA:33,2,0,0
BRDA:33,2,1,0
BRDA:42,3,0,0
BRDA:42,3,1,0
BRF:8
BRH:0
end_of_record
TN:
SF:app/webview.tsx
FN:5,App
FN:13,(anonymous_1)
FN:18,(anonymous_2)
FN:24,(anonymous_3)
FNF:4
FNH:0
FNDA:0,App
FNDA:0,(anonymous_1)
FNDA:0,(anonymous_2)
FNDA:0,(anonymous_3)
DA:6,0
DA:8,0
DA:10,0
DA:13,0
DA:14,0
DA:18,0
DA:19,0
DA:20,0
DA:24,0
DA:25,0
DA:28,0
LF:11
LH:0
BRF:0
BRH:0
end_of_record
TN:
SF:app/(protected)/_layout.tsx
FN:14,ProtectedLayout
FNF:1
FNH:0
FNDA:0,ProtectedLayout
DA:6,0
DA:16,0
DA:19,0
DA:20,0
DA:28,0
DA:29,0
DA:33,0
DA:36,0
LF:8
LH:0
BRDA:19,0,0,0
BRDA:19,0,1,0
BRDA:28,1,0,0
BRDA:28,1,1,0
BRF:4
BRH:0
end_of_record
TN:
SF:app/(protected)/bill.tsx
FN:5,ProtectedBill
FN:15,(anonymous_1)
FNF:2
FNH:0
FNDA:0,ProtectedBill
FNDA:0,(anonymous_1)
DA:6,0
DA:8,0
DA:16,0
DA:25,0
LF:4
LH:0
BRF:0
BRH:0
end_of_record
TN:
SF:app/(tabs)/_layout.tsx
FN:10,TabLayout
FN:34,(anonymous_1)
FN:43,(anonymous_2)
FN:52,(anonymous_3)
FNF:4
FNH:0
FNDA:0,TabLayout
FNDA:0,(anonymous_1)
FNDA:0,(anonymous_2)
FNDA:0,(anonymous_3)
DA:11,0
DA:13,0
DA:35,0
DA:44,0
DA:53,0
LF:5
LH:0
BRDA:16,0,0,0
BRDA:16,0,1,0
BRDA:17,1,0,0
BRDA:17,1,1,0
BRDA:35,2,0,0
BRDA:35,2,1,0
BRDA:44,3,0,0
BRDA:44,3,1,0
BRDA:53,4,0,0
BRDA:53,4,1,0
BRF:10
BRH:0
end_of_record
TN:
SF:app/(tabs)/discover.tsx
FN:121,HomeScreen
FN:129,(anonymous_1)
FN:131,(anonymous_2)
FN:139,(anonymous_3)
FN:147,(anonymous_4)
FN:162,(anonymous_5)
FN:189,(anonymous_6)
FN:192,(anonymous_7)
FNF:8
FNH:0
FNDA:0,HomeScreen
FNDA:0,(anonymous_1)
FNDA:0,(anonymous_2)
FNDA:0,(anonymous_3)
FNDA:0,(anonymous_4)
FNDA:0,(anonymous_5)
FNDA:0,(anonymous_6)
FNDA:0,(anonymous_7)
DA:14,0
DA:122,0
DA:123,0
DA:124,0
DA:126,0
DA:127,0
DA:129,0
DA:131,0
DA:132,0
DA:133,0
DA:134,0
DA:137,0
DA:138,0
DA:140,0
DA:144,0
DA:147,0
DA:148,0
DA:151,0
DA:162,0
DA:190,0
DA:192,0
LF:21
LH:0
BRDA:127,0,0,0
BRDA:127,0,1,0
BRDA:132,1,0,0
BRDA:132,1,1,0
BRDA:140,2,0,0
BRDA:140,2,1,0
BRDA:140,2,2,0
BRDA:178,3,0,0
BRDA:178,3,1,0
BRDA:184,4,0,0
BRDA:184,4,1,0
BRDA:191,5,0,0
BRDA:191,5,1,0
BRF:13
BRH:0
end_of_record
TN:
SF:app/(tabs)/index.tsx
FN:23,HomeScreen
FN:36,(anonymous_1)
FN:37,(anonymous_2)
FN:42,(anonymous_3)
FN:52,(anonymous_4)
FN:60,(anonymous_5)
FN:68,(anonymous_6)
FN:75,(anonymous_7)
FN:90,(anonymous_8)
FN:94,(anonymous_9)
FN:108,(anonymous_10)
FN:114,(anonymous_11)
FN:135,(anonymous_12)
FNF:13
FNH:0
FNDA:0,HomeScreen
FNDA:0,(anonymous_1)
FNDA:0,(anonymous_2)
FNDA:0,(anonymous_3)
FNDA:0,(anonymous_4)
FNDA:0,(anonymous_5)
FNDA:0,(anonymous_6)
FNDA:0,(anonymous_7)
FNDA:0,(anonymous_8)
FNDA:0,(anonymous_9)
FNDA:0,(anonymous_10)
FNDA:0,(anonymous_11)
FNDA:0,(anonymous_12)
DA:16,0
DA:24,0
DA:25,0
DA:26,0
DA:27,0
DA:28,0
DA:29,0
DA:30,0
DA:32,0
DA:33,0
DA:35,0
DA:36,0
DA:37,0
DA:40,0
DA:42,0
DA:43,0
DA:52,0
DA:57,0
DA:60,0
DA:61,0
DA:62,0
DA:63,0
DA:65,0
DA:66,0
DA:67,0
DA:68,0
DA:70,0
DA:71,0
DA:75,0
DA:76,0
DA:77,0
DA:78,0
DA:80,0
DA:81,0
DA:82,0
DA:83,0
DA:85,0
DA:86,0
DA:90,0
DA:91,0
DA:94,0
DA:95,0
DA:97,0
DA:108,0
DA:109,0
DA:115,0
DA:125,0
DA:135,0
LF:48
LH:0
BRDA:33,0,0,0
BRDA:33,0,1,0
BRDA:61,1,0,0
BRDA:61,1,1,0
BRDA:61,2,0,0
BRDA:61,2,1,0
BRDA:61,2,2,0
BRDA:76,3,0,0
BRDA:76,3,1,0
BRDA:95,4,0,0
BRDA:95,4,1,0
BRDA:95,5,0,0
BRDA:95,5,1,0
BRDA:99,6,0,0
BRDA:99,6,1,0
BRF:15
BRH:0
end_of_record
TN:
SF:app/(tabs)/mine.tsx
FN:52,(anonymous_0)
FN:74,(anonymous_1)
FN:100,(anonymous_2)
FN:112,(anonymous_3)
FN:114,(anonymous_4)
FN:123,(anonymous_5)
FN:128,(anonymous_6)
FN:141,(anonymous_7)
FN:146,(anonymous_8)
FN:163,(anonymous_9)
FN:165,(anonymous_10)
FN:173,(anonymous_11)
FN:175,(anonymous_12)
FN:192,MinePage
FN:198,(anonymous_14)
FN:199,(anonymous_15)
FN:200,(anonymous_16)
FN:201,(anonymous_17)
FNF:18
FNH:0
FNDA:0,(anonymous_0)
FNDA:0,(anonymous_1)
FNDA:0,(anonymous_2)
FNDA:0,(anonymous_3)
FNDA:0,(anonymous_4)
FNDA:0,(anonymous_5)
FNDA:0,(anonymous_6)
FNDA:0,(anonymous_7)
FNDA:0,(anonymous_8)
FNDA:0,(anonymous_9)
FNDA:0,(anonymous_10)
FNDA:0,(anonymous_11)
FNDA:0,(anonymous_12)
FNDA:0,MinePage
FNDA:0,(anonymous_14)
FNDA:0,(anonymous_15)
FNDA:0,(anonymous_16)
FNDA:0,(anonymous_17)
DA:29,0
DA:45,0
DA:52,0
DA:53,0
DA:55,0
DA:57,0
DA:59,0
DA:61,0
DA:63,0
DA:65,0
DA:67,0
DA:69,0
DA:74,0
DA:75,0
DA:76,0
DA:78,0
DA:79,0
DA:98,0
DA:100,0
DA:112,0
DA:113,0
DA:114,0
DA:115,0
DA:116,0
DA:120,0
DA:124,0
DA:128,0
DA:142,0
DA:146,0
DA:163,0
DA:164,0
DA:165,0
DA:166,0
DA:167,0
DA:171,0
DA:174,0
DA:175,0
DA:193,0
DA:194,0
DA:195,0
DA:197,0
DA:198,0
DA:199,0
DA:200,0
DA:201,0
DA:204,0
LF:46
LH:0
BRDA:52,0,0,0
BRDA:52,1,0,0
BRDA:55,2,0,0
BRDA:55,2,1,0
BRDA:55,2,2,0
BRDA:55,2,3,0
BRDA:55,2,4,0
BRDA:55,2,5,0
BRDA:55,2,6,0
BRDA:78,3,0,0
BRDA:78,3,1,0
BRDA:86,4,0,0
BRDA:86,4,1,0
BRDA:115,5,0,0
BRDA:115,5,1,0
BRDA:166,6,0,0
BRDA:166,6,1,0
BRDA:185,7,0,0
BRDA:185,7,1,0
BRDA:195,8,0,0
BRDA:195,8,1,0
BRF:21
BRH:0
end_of_record
TN:
SF:app/discover/SQLite.native.tsx
FNF:0
FNH:0
LF:0
LH:0
BRF:0
BRH:0
end_of_record
TN:
SF:app/discover/SQLite.tsx
FN:3,ExpoSQLiteScreenWeb
FNF:1
FNH:0
FNDA:0,ExpoSQLiteScreenWeb
DA:4,0
LF:1
LH:0
BRF:0
BRH:0
end_of_record
TN:
SF:app/discover/_layout.tsx
FN:9,DiscoverLayout
FNF:1
FNH:0
FNDA:0,DiscoverLayout
DA:5,0
DA:10,0
DA:11,0
DA:14,0
DA:29,0
DA:30,0
DA:33,0
LF:7
LH:0
BRDA:29,0,0,0
BRDA:29,0,1,0
BRF:2
BRH:0
end_of_record
TN:
SF:app/discover/accelerometer.tsx
FN:21,AccelerometerScreen
FN:39,(anonymous_1)
FN:42,(anonymous_2)
FN:49,(anonymous_3)
FN:52,(anonymous_4)
FN:64,(anonymous_5)
FN:86,(anonymous_6)
FN:87,(anonymous_7)
FN:93,(anonymous_8)
FN:102,(anonymous_9)
FN:106,(anonymous_10)
FN:111,(anonymous_11)
FN:118,(anonymous_12)
FN:119,(anonymous_13)
FN:124,(anonymous_14)
FNF:15
FNH:0
FNDA:0,AccelerometerScreen
FNDA:0,(anonymous_1)
FNDA:0,(anonymous_2)
FNDA:0,(anonymous_3)
FNDA:0,(anonymous_4)
FNDA:0,(anonymous_5)
FNDA:0,(anonymous_6)
FNDA:0,(anonymous_7)
FNDA:0,(anonymous_8)
FNDA:0,(anonymous_9)
FNDA:0,(anonymous_10)
FNDA:0,(anonymous_11)
FNDA:0,(anonymous_12)
FNDA:0,(anonymous_13)
FNDA:0,(anonymous_14)
DA:23,0
DA:30,0
DA:33,0
DA:39,0
DA:40,0
DA:42,0
DA:44,0
DA:49,0
DA:50,0
DA:51,0
DA:52,0
DA:54,0
DA:55,0
DA:58,0
DA:59,0
DA:64,0
DA:65,0
DA:69,0
DA:72,0
DA:73,0
DA:74,0
DA:75,0
DA:77,0
DA:80,0
DA:81,0
DA:86,0
DA:87,0
DA:90,0
DA:93,0
DA:94,0
DA:98,0
DA:102,0
DA:104,0
DA:105,0
DA:106,0
DA:110,0
DA:111,0
DA:112,0
DA:118,0
DA:119,0
DA:120,0
DA:124,0
DA:125,0
DA:128,0
LF:44
LH:0
BRDA:54,0,0,0
BRDA:54,0,1,0
BRDA:72,1,0,0
BRDA:72,1,1,0
BRDA:74,2,0,0
BRDA:74,2,1,0
BRDA:104,3,0,0
BRDA:104,3,1,0
BRDA:110,4,0,0
BRDA:110,4,1,0
BRDA:139,5,0,0
BRDA:139,5,1,0
BRDA:165,6,0,0
BRDA:165,6,1,0
BRDA:166,7,0,0
BRDA:166,7,1,0
BRDA:168,8,0,0
BRDA:168,8,1,0
BRF:18
BRH:0
end_of_record
TN:
SF:app/discover/app-state.tsx
FN:20,AppStateScreen
FN:26,(anonymous_1)
FN:28,(anonymous_2)
FN:33,(anonymous_3)
FN:44,(anonymous_4)
FN:49,(anonymous_5)
FN:64,(anonymous_6)
FN:71,(anonymous_7)
FN:81,(anonymous_8)
FN:95,(anonymous_9)
FN:102,(anonymous_10)
FN:110,(anonymous_11)
FN:135,(anonymous_12)
FN:160,(anonymous_13)
FNF:14
FNH:0
FNDA:0,AppStateScreen
FNDA:0,(anonymous_1)
FNDA:0,(anonymous_2)
FNDA:0,(anonymous_3)
FNDA:0,(anonymous_4)
FNDA:0,(anonymous_5)
FNDA:0,(anonymous_6)
FNDA:0,(anonymous_7)
FNDA:0,(anonymous_8)
FNDA:0,(anonymous_9)
FNDA:0,(anonymous_10)
FNDA:0,(anonymous_11)
FNDA:0,(anonymous_12)
FNDA:0,(anonymous_13)
DA:21,0
DA:22,0
DA:23,0
DA:24,0
DA:26,0
DA:28,0
DA:29,0
DA:30,0
DA:33,0
DA:44,0
DA:45,0
DA:46,0
DA:49,0
DA:60,0
DA:61,0
DA:64,0
DA:65,0
DA:66,0
DA:71,0
DA:72,0
DA:81,0
DA:82,0
DA:84,0
DA:86,0
DA:88,0
DA:90,0
DA:95,0
DA:96,0
DA:97,0
DA:98,0
DA:102,0
DA:103,0
DA:104,0
DA:105,0
DA:106,0
DA:110,0
DA:111,0
DA:112,0
DA:113,0
DA:116,0
DA:136,0
DA:161,0
LF:42
LH:0
BRDA:22,0,0,0
BRDA:22,0,1,0
BRDA:36,1,0,0
BRDA:36,1,1,0
BRDA:46,2,0,0
BRDA:46,2,1,0
BRDA:52,3,0,0
BRDA:52,3,1,0
BRDA:53,4,0,0
BRDA:53,4,1,0
BRDA:82,5,0,0
BRDA:82,5,1,0
BRDA:82,5,2,0
BRDA:82,5,3,0
BRDA:96,6,0,0
BRDA:96,6,1,0
BRDA:97,7,0,0
BRDA:97,7,1,0
BRDA:103,8,0,0
BRDA:103,8,1,0
BRDA:104,9,0,0
BRDA:104,9,1,0
BRDA:105,10,0,0
BRDA:105,10,1,0
BRDA:111,11,0,0
BRDA:111,11,1,0
BRDA:112,12,0,0
BRDA:112,12,1,0
BRDA:133,13,0,0
BRDA:133,13,1,0
BRDA:141,14,0,0
BRDA:141,14,1,0
BRDA:158,15,0,0
BRDA:158,15,1,0
BRDA:166,16,0,0
BRDA:166,16,1,0
BRF:36
BRH:0
end_of_record
TN:
SF:app/discover/apple-authentication.tsx
FN:18,AppleAuthenticationScreen
FN:27,(anonymous_1)
FN:28,checkAvailability
FN:41,(anonymous_3)
FNF:4
FNH:0
FNDA:0,AppleAuthenticationScreen
FNDA:0,(anonymous_1)
FNDA:0,checkAvailability
FNDA:0,(anonymous_3)
DA:20,0
DA:21,0
DA:24,0
DA:27,0
DA:29,0
DA:30,0
DA:31,0
DA:33,0
DA:34,0
DA:37,0
DA:41,0
DA:42,0
DA:43,0
DA:51,0
DA:59,0
DA:66,0
DA:69,0
DA:71,0
DA:72,0
DA:74,0
DA:75,0
DA:77,0
DA:78,0
DA:80,0
DA:81,0
DA:83,0
DA:87,0
DA:88,0
DA:89,0
DA:94,0
LF:30
LH:0
BRDA:51,0,0,0
BRDA:51,0,1,0
BRDA:53,1,0,0
BRDA:53,1,1,0
BRDA:54,2,0,0
BRDA:54,2,1,0
BRDA:61,3,0,0
BRDA:61,3,1,0
BRDA:69,4,0,0
BRDA:69,4,1,0
BRDA:69,4,2,0
BRDA:69,4,3,0
BRDA:69,4,4,0
BRDA:87,5,0,0
BRDA:87,5,1,0
BRDA:104,6,0,0
BRDA:104,6,1,0
BRDA:104,7,0,0
BRDA:104,7,1,0
BRDA:107,8,0,0
BRDA:107,8,1,0
BRDA:111,9,0,0
BRDA:111,9,1,0
BRDA:125,10,0,0
BRDA:125,10,1,0
BRF:25
BRH:0
end_of_record
TN:
SF:app/discover/application.tsx
FN:13,ExpoApplicationScreen
FN:31,(anonymous_1)
FN:33,loadApplicationInfo
FNF:3
FNH:0
FNDA:0,ExpoApplicationScreen
FNDA:0,(anonymous_1)
FNDA:0,loadApplicationInfo
DA:14,0
DA:31,0
DA:34,0
DA:36,0
DA:39,0
DA:42,0
DA:45,0
DA:48,0
DA:49,0
DA:50,0
DA:51,0
DA:57,0
DA:58,0
DA:59,0
DA:60,0
DA:66,0
DA:67,0
DA:68,0
DA:69,0
DA:75,0
DA:76,0
DA:77,0
DA:78,0
DA:84,0
DA:85,0
DA:86,0
DA:87,0
DA:93,0
DA:94,0
DA:95,0
DA:96,0
DA:102,0
DA:103,0
DA:104,0
DA:105,0
DA:111,0
DA:128,0
DA:132,0
DA:135,0
LF:39
LH:0
BRDA:36,0,0,0
BRDA:36,0,1,0
BRDA:39,1,0,0
BRDA:39,1,1,0
BRDA:42,2,0,0
BRDA:42,2,1,0
BRDA:45,3,0,0
BRDA:45,3,1,0
BRDA:60,4,0,0
BRDA:60,4,1,0
BRDA:69,5,0,0
BRDA:69,5,1,0
BRDA:78,6,0,0
BRDA:78,6,1,0
BRDA:87,7,0,0
BRDA:87,7,1,0
BRDA:96,8,0,0
BRDA:96,8,1,0
BRF:18
BRH:0
end_of_record
TN:
SF:app/discover/asset.tsx
FN:12,ExpoAssetScreen
FN:22,(anonymous_1)
FN:24,loadAssets
FN:47,(anonymous_3)
FN:59,(anonymous_4)
FN:69,(anonymous_5)
FN:73,(anonymous_6)
FN:80,(anonymous_7)
FN:95,(anonymous_8)
FNF:9
FNH:0
FNDA:0,ExpoAssetScreen
FNDA:0,(anonymous_1)
FNDA:0,loadAssets
FNDA:0,(anonymous_3)
FNDA:0,(anonymous_4)
FNDA:0,(anonymous_5)
FNDA:0,(anonymous_6)
FNDA:0,(anonymous_7)
FNDA:0,(anonymous_8)
DA:13,0
DA:14,0
DA:15,0
DA:18,0
DA:19,0
DA:20,0
DA:22,0
DA:25,0
DA:26,0
DA:30,0
DA:35,0
DA:36,0
DA:38,0
DA:39,0
DA:43,0
DA:47,0
DA:48,0
DA:59,0
DA:60,0
DA:61,0
DA:64,0
DA:67,0
DA:70,0
DA:71,0
DA:74,0
DA:75,0
DA:79,0
DA:80,0
DA:81,0
DA:82,0
DA:83,0
DA:84,0
DA:86,0
DA:89,0
DA:90,0
DA:95,0
DA:96,0
DA:120,0
DA:121,0
DA:129,0
DA:130,0
DA:137,0
LF:42
LH:0
BRDA:38,0,0,0
BRDA:38,0,1,0
BRDA:50,1,0,0
BRDA:50,1,1,0
BRDA:50,2,0,0
BRDA:50,2,1,0
BRDA:52,3,0,0
BRDA:52,3,1,0
BRDA:82,4,0,0
BRDA:82,4,1,0
BRDA:97,5,0,0
BRDA:97,5,1,0
BRDA:102,6,0,0
BRDA:102,6,1,0
BRDA:105,7,0,0
BRDA:105,7,1,0
BRDA:106,8,0,0
BRDA:106,8,1,0
BRDA:108,9,0,0
BRDA:108,9,1,0
BRDA:120,10,0,0
BRDA:120,10,1,0
BRDA:129,11,0,0
BRDA:129,11,1,0
BRDA:132,12,0,0
BRDA:132,12,1,0
BRDA:147,13,0,0
BRDA:147,13,1,0
BRF:28
BRH:0
end_of_record
TN:
SF:app/discover/async-storage.tsx
FN:11,storeData
FN:23,removeData
FN:35,getAllData
FN:48,clearAllData
FN:59,AsyncStorageScreen
FN:65,(anonymous_5)
FN:66,(anonymous_6)
FN:76,(anonymous_7)
FN:89,(anonymous_8)
FN:95,(anonymous_9)
FN:106,(anonymous_10)
FN:112,(anonymous_11)
FN:152,(anonymous_12)
FN:163,(anonymous_13)
FN:171,(anonymous_14)
FNF:15
FNH:0
FNDA:0,storeData
FNDA:0,removeData
FNDA:0,getAllData
FNDA:0,clearAllData
FNDA:0,AsyncStorageScreen
FNDA:0,(anonymous_5)
FNDA:0,(anonymous_6)
FNDA:0,(anonymous_7)
FNDA:0,(anonymous_8)
FNDA:0,(anonymous_9)
FNDA:0,(anonymous_10)
FNDA:0,(anonymous_11)
FNDA:0,(anonymous_12)
FNDA:0,(anonymous_13)
FNDA:0,(anonymous_14)
DA:12,0
DA:13,0
DA:14,0
DA:15,0
DA:17,0
DA:18,0
DA:24,0
DA:25,0
DA:26,0
DA:27,0
DA:29,0
DA:30,0
DA:36,0
DA:37,0
DA:38,0
DA:39,0
DA:40,0
DA:42,0
DA:43,0
DA:49,0
DA:50,0
DA:51,0
DA:52,0
DA:54,0
DA:55,0
DA:60,0
DA:61,0
DA:62,0
DA:65,0
DA:66,0
DA:68,0
DA:69,0
DA:72,0
DA:76,0
DA:77,0
DA:78,0
DA:79,0
DA:82,0
DA:83,0
DA:84,0
DA:89,0
DA:90,0
DA:96,0
DA:97,0
DA:98,0
DA:106,0
DA:107,0
DA:113,0
DA:115,0
DA:118,0
DA:119,0
DA:126,0
DA:153,0
DA:154,0
DA:164,0
DA:171,0
LF:56
LH:0
BRDA:77,0,0,0
BRDA:77,0,1,0
BRDA:82,1,0,0
BRDA:82,1,1,0
BRDA:96,2,0,0
BRDA:96,2,1,0
BRDA:113,3,0,0
BRDA:113,3,1,0
BRDA:162,4,0,0
BRDA:162,4,1,0
BRDA:168,5,0,0
BRDA:168,5,1,0
BRDA:181,6,0,0
BRDA:181,6,1,0
BRF:14
BRH:0
end_of_record
TN:
SF:app/discover/audio.tsx
FN:14,ExpoAudioScreen
FN:38,(anonymous_1)
FN:45,(anonymous_2)
FN:93,(anonymous_3)
FN:115,(anonymous_4)
FN:127,(anonymous_5)
FN:141,(anonymous_6)
FN:152,(anonymous_7)
FN:158,(anonymous_8)
FN:170,(anonymous_9)
FN:171,(anonymous_10)
FN:179,(anonymous_11)
FN:195,(anonymous_12)
FN:199,(anonymous_13)
FN:215,(anonymous_14)
FNF:15
FNH:0
FNDA:0,ExpoAudioScreen
FNDA:0,(anonymous_1)
FNDA:0,(anonymous_2)
FNDA:0,(anonymous_3)
FNDA:0,(anonymous_4)
FNDA:0,(anonymous_5)
FNDA:0,(anonymous_6)
FNDA:0,(anonymous_7)
FNDA:0,(anonymous_8)
FNDA:0,(anonymous_9)
FNDA:0,(anonymous_10)
FNDA:0,(anonymous_11)
FNDA:0,(anonymous_12)
FNDA:0,(anonymous_13)
FNDA:0,(anonymous_14)
DA:16,0
DA:22,0
DA:23,0
DA:24,0
DA:25,0
DA:28,0
DA:31,0
DA:34,0
DA:35,0
DA:38,0
DA:39,0
DA:44,0
DA:46,0
DA:47,0
DA:48,0
DA:50,0
DA:53,0
DA:54,0
DA:55,0
DA:57,0
DA:63,0
DA:64,0
DA:66,0
DA:74,0
DA:75,0
DA:77,0
DA:81,0
DA:85,0
DA:86,0
DA:93,0
DA:94,0
DA:95,0
DA:96,0
DA:97,0
DA:100,0
DA:101,0
DA:102,0
DA:104,0
DA:105,0
DA:106,0
DA:109,0
DA:110,0
DA:115,0
DA:116,0
DA:117,0
DA:119,0
DA:122,0
DA:127,0
DA:128,0
DA:129,0
DA:131,0
DA:132,0
DA:134,0
DA:136,0
DA:141,0
DA:142,0
DA:144,0
DA:145,0
DA:146,0
DA:148,0
DA:152,0
DA:153,0
DA:154,0
DA:158,0
DA:159,0
DA:161,0
DA:162,0
DA:163,0
DA:165,0
DA:170,0
DA:171,0
DA:172,0
DA:173,0
DA:174,0
DA:179,0
DA:180,0
DA:181,0
DA:185,0
DA:196,0
DA:199,0
DA:215,0
LF:81
LH:0
BRDA:45,0,0,0
BRDA:53,1,0,0
BRDA:53,1,1,0
BRDA:67,2,0,0
BRDA:67,2,1,0
BRDA:81,3,0,0
BRDA:81,3,1,0
BRDA:95,4,0,0
BRDA:95,4,1,0
BRDA:100,5,0,0
BRDA:100,5,1,0
BRDA:100,6,0,0
BRDA:100,6,1,0
BRDA:110,7,0,0
BRDA:110,7,1,0
BRDA:129,8,0,0
BRDA:129,8,1,0
BRDA:129,9,0,0
BRDA:129,9,1,0
BRDA:142,10,0,0
BRDA:142,10,1,0
BRDA:153,11,0,0
BRDA:153,11,1,0
BRDA:153,12,0,0
BRDA:153,12,1,0
BRDA:159,13,0,0
BRDA:159,13,1,0
BRDA:198,14,0,0
BRDA:198,14,1,0
BRDA:210,15,0,0
BRDA:210,15,1,0
BRDA:210,16,0,0
BRDA:210,16,1,0
BRDA:258,17,0,0
BRDA:258,17,1,0
BRDA:260,18,0,0
BRDA:260,18,1,0
BRDA:260,19,0,0
BRDA:260,19,1,0
BRDA:268,20,0,0
BRDA:268,20,1,0
BRDA:272,21,0,0
BRDA:272,21,1,0
BRF:43
BRH:0
end_of_record
TN:
SF:app/discover/auth-session.tsx
FN:7,ExpoAuthSessionScreen
FN:18,(anonymous_1)
FNF:2
FNH:0
FNDA:0,ExpoAuthSessionScreen
FNDA:0,(anonymous_1)
DA:8,0
DA:9,0
DA:18,0
LF:3
LH:0
BRF:0
BRH:0
end_of_record
TN:
SF:app/discover/background-task.tsx
FN:14,(anonymous_0)
FN:36,simulateNetworkRequest
FN:37,(anonymous_2)
FN:38,(anonymous_3)
FN:46,registerBackgroundTask
FN:71,unregisterBackgroundTask
FN:93,getTaskStatus
FN:101,ExpoBackgroundTaskScreen
FN:106,(anonymous_8)
FN:107,(anonymous_9)
FN:115,(anonymous_10)
FN:120,(anonymous_11)
FN:124,(anonymous_12)
FN:132,(anonymous_13)
FNF:14
FNH:0
FNDA:0,(anonymous_0)
FNDA:0,simulateNetworkRequest
FNDA:0,(anonymous_2)
FNDA:0,(anonymous_3)
FNDA:0,registerBackgroundTask
FNDA:0,unregisterBackgroundTask
FNDA:0,getTaskStatus
FNDA:0,ExpoBackgroundTaskScreen
FNDA:0,(anonymous_8)
FNDA:0,(anonymous_9)
FNDA:0,(anonymous_10)
FNDA:0,(anonymous_11)
FNDA:0,(anonymous_12)
FNDA:0,(anonymous_13)
DA:11,0
DA:14,0
DA:15,0
DA:16,0
DA:19,0
DA:22,0
DA:23,0
DA:26,0
DA:28,0
DA:29,0
DA:37,0
DA:38,0
DA:39,0
DA:40,0
DA:47,0
DA:49,0
DA:51,0
DA:52,0
DA:53,0
DA:57,0
DA:61,0
DA:62,0
DA:64,0
DA:65,0
DA:66,0
DA:72,0
DA:74,0
DA:76,0
DA:77,0
DA:78,0
DA:82,0
DA:83,0
DA:84,0
DA:86,0
DA:87,0
DA:88,0
DA:94,0
DA:95,0
DA:102,0
DA:103,0
DA:106,0
DA:107,0
DA:108,0
DA:109,0
DA:112,0
DA:115,0
DA:116,0
DA:117,0
DA:120,0
DA:124,0
DA:125,0
DA:126,0
DA:127,0
DA:132,0
DA:133,0
DA:134,0
DA:135,0
DA:139,0
LF:58
LH:0
BRDA:30,0,0,0
BRDA:30,0,1,0
BRDA:51,1,0,0
BRDA:51,1,1,0
BRDA:65,2,0,0
BRDA:65,2,1,0
BRDA:76,3,0,0
BRDA:76,3,1,0
BRDA:87,4,0,0
BRDA:87,4,1,0
BRDA:125,5,0,0
BRDA:125,5,1,0
BRDA:133,6,0,0
BRDA:133,6,1,0
BRDA:156,7,0,0
BRDA:156,7,1,0
BRDA:167,8,0,0
BRDA:167,8,1,0
BRF:18
BRH:0
end_of_record
TN:
SF:app/discover/barometer.tsx
FN:15,BarometerScreen
FN:30,(anonymous_1)
FN:37,(anonymous_2)
FN:42,(anonymous_3)
FN:51,(anonymous_4)
FN:55,(anonymous_5)
FNF:6
FNH:0
FNDA:0,BarometerScreen
FNDA:0,(anonymous_1)
FNDA:0,(anonymous_2)
FNDA:0,(anonymous_3)
FNDA:0,(anonymous_4)
FNDA:0,(anonymous_5)
DA:17,0
DA:24,0
DA:27,0
DA:30,0
DA:31,0
DA:32,0
DA:33,0
DA:37,0
DA:39,0
DA:42,0
DA:43,0
DA:46,0
DA:47,0
DA:51,0
DA:52,0
DA:55,0
DA:56,0
DA:61,0
DA:64,0
DA:66,0
LF:20
LH:0
BRDA:64,0,0,0
BRDA:64,0,1,0
BRDA:80,1,0,0
BRDA:80,1,1,0
BRDA:91,2,0,0
BRDA:91,2,1,0
BRDA:92,3,0,0
BRDA:92,3,1,0
BRDA:94,4,0,0
BRDA:94,4,1,0
BRF:10
BRH:0
end_of_record
TN:
SF:app/discover/battery.tsx
FN:7,ExpoBatteryScreen
FNF:1
FNH:0
FNDA:0,ExpoBatteryScreen
DA:8,0
DA:10,0
LF:2
LH:0
BRDA:17,0,0,0
BRDA:17,0,1,0
BRF:2
BRH:0
end_of_record
TN:
SF:app/discover/blur.tsx
FN:6,ExpoBlurScreen
FN:17,(anonymous_1)
FN:36,(anonymous_2)
FNF:3
FNH:0
FNDA:0,ExpoBlurScreen
FNDA:0,(anonymous_1)
FNDA:0,(anonymous_2)
DA:7,0
DA:18,0
DA:37,0
LF:3
LH:0
BRDA:23,0,0,0
BRDA:23,0,1,0
BRDA:43,1,0,0
BRDA:43,1,1,0
BRF:4
BRH:0
end_of_record
TN:
SF:app/discover/brightness.tsx
FN:11,ExpoBrightnessScreen
FN:17,(anonymous_1)
FN:26,(anonymous_2)
FN:29,(anonymous_3)
FN:35,(anonymous_4)
FN:56,(anonymous_5)
FN:66,(anonymous_6)
FNF:7
FNH:0
FNDA:0,ExpoBrightnessScreen
FNDA:0,(anonymous_1)
FNDA:0,(anonymous_2)
FNDA:0,(anonymous_3)
FNDA:0,(anonymous_4)
FNDA:0,(anonymous_5)
FNDA:0,(anonymous_6)
DA:12,0
DA:13,0
DA:14,0
DA:17,0
DA:18,0
DA:20,0
DA:21,0
DA:22,0
DA:26,0
DA:27,0
DA:29,0
DA:30,0
DA:35,0
DA:36,0
DA:37,0
DA:38,0
DA:39,0
DA:41,0
DA:42,0
DA:44,0
DA:45,0
DA:46,0
DA:48,0
DA:51,0
DA:56,0
DA:57,0
DA:58,0
DA:59,0
DA:61,0
DA:66,0
DA:67,0
DA:68,0
DA:69,0
DA:70,0
DA:71,0
DA:72,0
DA:73,0
DA:76,0
DA:80,0
DA:81,0
DA:91,0
LF:41
LH:0
BRDA:20,0,0,0
BRDA:20,0,1,0
BRDA:41,1,0,0
BRDA:41,1,1,0
BRDA:44,2,0,0
BRDA:44,2,1,0
BRDA:68,3,0,0
BRDA:68,3,1,0
BRDA:71,4,0,0
BRDA:71,4,1,0
BRDA:80,5,0,0
BRDA:80,5,1,0
BRF:12
BRH:0
end_of_record
TN:
SF:app/discover/calendar.tsx
FN:13,ExpoCalendarScreen
FN:20,(anonymous_1)
FN:37,(anonymous_2)
FN:50,(anonymous_3)
FN:78,(anonymous_4)
FN:81,(anonymous_5)
FN:87,(anonymous_6)
FN:121,(anonymous_7)
FN:131,(anonymous_8)
FN:144,(anonymous_9)
FN:150,(anonymous_10)
FN:164,(anonymous_11)
FN:199,(anonymous_12)
FN:200,(anonymous_13)
FN:232,(anonymous_14)
FN:237,(anonymous_15)
FNF:16
FNH:0
FNDA:0,ExpoCalendarScreen
FNDA:0,(anonymous_1)
FNDA:0,(anonymous_2)
FNDA:0,(anonymous_3)
FNDA:0,(anonymous_4)
FNDA:0,(anonymous_5)
FNDA:0,(anonymous_6)
FNDA:0,(anonymous_7)
FNDA:0,(anonymous_8)
FNDA:0,(anonymous_9)
FNDA:0,(anonymous_10)
FNDA:0,(anonymous_11)
FNDA:0,(anonymous_12)
FNDA:0,(anonymous_13)
FNDA:0,(anonymous_14)
FNDA:0,(anonymous_15)
DA:14,0
DA:15,0
DA:16,0
DA:17,0
DA:20,0
DA:21,0
DA:22,0
DA:23,0
DA:24,0
DA:25,0
DA:27,0
DA:28,0
DA:31,0
DA:32,0
DA:37,0
DA:38,0
DA:39,0
DA:40,0
DA:41,0
DA:42,0
DA:44,0
DA:45,0
DA:50,0
DA:51,0
DA:53,0
DA:54,0
DA:57,0
DA:69,0
DA:70,0
DA:72,0
DA:73,0
DA:78,0
DA:79,0
DA:80,0
DA:81,0
DA:83,0
DA:87,0
DA:88,0
DA:89,0
DA:90,0
DA:93,0
DA:94,0
DA:95,0
DA:97,0
DA:111,0
DA:112,0
DA:113,0
DA:115,0
DA:116,0
DA:121,0
DA:122,0
DA:124,0
DA:125,0
DA:126,0
DA:128,0
DA:130,0
DA:131,0
DA:138,0
DA:139,0
DA:144,0
DA:145,0
DA:146,0
DA:150,0
DA:151,0
DA:152,0
DA:153,0
DA:154,0
DA:155,0
DA:158,0
DA:159,0
DA:164,0
DA:165,0
DA:168,0
DA:169,0
DA:179,0
DA:200,0
DA:233,0
DA:237,0
LF:78
LH:0
BRDA:23,0,0,0
BRDA:23,0,1,0
BRDA:53,1,0,0
BRDA:53,1,1,0
BRDA:64,2,0,0
BRDA:64,2,1,0
BRDA:65,3,0,0
BRDA:65,3,1,0
BRDA:66,4,0,0
BRDA:66,4,1,0
BRDA:81,5,0,0
BRDA:81,5,1,0
BRDA:83,6,0,0
BRDA:83,6,1,0
BRDA:88,7,0,0
BRDA:88,7,1,0
BRDA:154,8,0,0
BRDA:154,8,1,0
BRDA:168,9,0,0
BRDA:168,9,1,0
BRDA:194,10,0,0
BRDA:194,10,1,0
BRDA:212,11,0,0
BRDA:212,11,1,0
BRDA:227,12,0,0
BRDA:227,12,1,0
BRDA:229,13,0,0
BRDA:229,13,1,0
BRDA:246,14,0,0
BRDA:246,14,1,0
BRDA:248,15,0,0
BRDA:248,15,1,0
BRDA:249,16,0,0
BRDA:249,16,1,0
BRF:34
BRH:0
end_of_record
TN:
SF:app/discover/camera.tsx
FN:13,ExpoCameraScreen
FN:39,(anonymous_1)
FN:46,(anonymous_2)
FN:72,(anonymous_3)
FN:86,(anonymous_4)
FN:90,(anonymous_5)
FN:101,(anonymous_6)
FN:123,(anonymous_7)
FN:127,(anonymous_8)
FN:139,(anonymous_9)
FN:162,(anonymous_10)
FN:163,(anonymous_11)
FN:167,(anonymous_12)
FN:168,(anonymous_13)
FN:179,(anonymous_14)
FN:180,(anonymous_15)
FNF:16
FNH:0
FNDA:0,ExpoCameraScreen
FNDA:0,(anonymous_1)
FNDA:0,(anonymous_2)
FNDA:0,(anonymous_3)
FNDA:0,(anonymous_4)
FNDA:0,(anonymous_5)
FNDA:0,(anonymous_6)
FNDA:0,(anonymous_7)
FNDA:0,(anonymous_8)
FNDA:0,(anonymous_9)
FNDA:0,(anonymous_10)
FNDA:0,(anonymous_11)
FNDA:0,(anonymous_12)
FNDA:0,(anonymous_13)
FNDA:0,(anonymous_14)
FNDA:0,(anonymous_15)
DA:15,0
DA:18,0
DA:21,0
DA:24,0
DA:27,0
DA:30,0
DA:33,0
DA:36,0
DA:39,0
DA:40,0
DA:41,0
DA:42,0
DA:46,0
DA:47,0
DA:51,0
DA:52,0
DA:60,0
DA:61,0
DA:72,0
DA:73,0
DA:75,0
DA:76,0
DA:81,0
DA:82,0
DA:83,0
DA:86,0
DA:90,0
DA:95,0
DA:96,0
DA:101,0
DA:102,0
DA:104,0
DA:105,0
DA:106,0
DA:107,0
DA:108,0
DA:111,0
DA:112,0
DA:116,0
DA:117,0
DA:118,0
DA:120,0
DA:123,0
DA:127,0
DA:132,0
DA:133,0
DA:134,0
DA:139,0
DA:140,0
DA:143,0
DA:144,0
DA:145,0
DA:146,0
DA:147,0
DA:151,0
DA:152,0
DA:153,0
DA:154,0
DA:156,0
DA:157,0
DA:162,0
DA:163,0
DA:167,0
DA:168,0
DA:169,0
DA:171,0
DA:172,0
DA:174,0
DA:179,0
DA:180,0
DA:183,0
LF:71
LH:0
BRDA:51,0,0,0
BRDA:51,0,1,0
BRDA:60,1,0,0
BRDA:60,1,1,0
BRDA:73,2,0,0
BRDA:73,2,1,0
BRDA:81,3,0,0
BRDA:81,3,1,0
BRDA:102,4,0,0
BRDA:102,4,1,0
BRDA:105,5,0,0
BRDA:105,5,1,0
BRDA:116,6,0,0
BRDA:116,6,1,0
BRDA:140,7,0,0
BRDA:140,7,1,0
BRDA:143,8,0,0
BRDA:143,8,1,0
BRDA:145,9,0,0
BRDA:145,9,1,0
BRDA:154,10,0,0
BRDA:154,10,1,0
BRDA:163,11,0,0
BRDA:163,11,1,0
BRDA:169,12,0,0
BRDA:169,12,1,0
BRDA:171,13,0,0
BRDA:171,13,1,0
BRDA:171,14,0,0
BRDA:171,14,1,0
BRDA:180,15,0,0
BRDA:180,15,1,0
BRDA:203,16,0,0
BRDA:203,16,1,0
BRDA:211,17,0,0
BRDA:211,17,1,0
BRDA:218,18,0,0
BRDA:218,18,1,0
BRDA:221,19,0,0
BRDA:221,19,1,0
BRDA:227,20,0,0
BRDA:227,20,1,0
BRDA:228,21,0,0
BRDA:228,21,1,0
BRDA:229,22,0,0
BRDA:229,22,1,0
BRF:46
BRH:0
end_of_record
TN:
SF:app/discover/captureRef.tsx
FN:14,CaptureRefScreen
FN:23,(anonymous_1)
FN:32,(anonymous_2)
FNF:3
FNH:0
FNDA:0,CaptureRefScreen
FNDA:0,(anonymous_1)
FNDA:0,(anonymous_2)
DA:16,0
DA:18,0
DA:20,0
DA:23,0
DA:24,0
DA:25,0
DA:32,0
DA:33,0
DA:35,0
DA:36,0
DA:37,0
DA:41,0
DA:42,0
DA:43,0
DA:47,0
DA:54,0
DA:57,0
DA:59,0
DA:61,0
DA:63,0
DA:64,0
DA:65,0
DA:69,0
LF:23
LH:0
BRDA:24,0,0,0
BRDA:24,0,1,0
BRDA:35,1,0,0
BRDA:35,1,1,0
BRDA:41,2,0,0
BRDA:41,2,1,0
BRDA:100,3,0,0
BRDA:100,3,1,0
BRF:8
BRH:0
end_of_record
TN:
SF:app/discover/cellular.tsx
FN:23,ExpoCellularScreen
FN:28,(anonymous_1)
FN:34,getCellularInfo
FN:73,(anonymous_3)
FNF:4
FNH:0
FNDA:0,ExpoCellularScreen
FNDA:0,(anonymous_1)
FNDA:0,getCellularInfo
FNDA:0,(anonymous_3)
DA:24,0
DA:25,0
DA:28,0
DA:29,0
DA:30,0
DA:35,0
DA:36,0
DA:37,0
DA:38,0
DA:39,0
DA:40,0
DA:41,0
DA:43,0
DA:52,0
DA:53,0
DA:57,0
DA:73,0
LF:17
LH:0
BRDA:29,0,0,0
BRDA:29,0,1,0
BRDA:66,1,0,0
BRDA:66,1,1,0
BRDA:70,2,0,0
BRDA:70,2,1,0
BRF:6
BRH:0
end_of_record
TN:
SF:app/discover/checkbox.tsx
FN:7,ExpoCheckboxScreen
FN:18,(anonymous_1)
FN:19,(anonymous_2)
FN:48,(anonymous_3)
FN:58,(anonymous_4)
FNF:5
FNH:0
FNDA:0,ExpoCheckboxScreen
FNDA:0,(anonymous_1)
FNDA:0,(anonymous_2)
FNDA:0,(anonymous_3)
FNDA:0,(anonymous_4)
DA:9,0
DA:12,0
DA:18,0
DA:19,0
DA:25,0
DA:48,0
DA:58,0
LF:7
LH:0
BRDA:37,0,0,0
BRDA:37,0,1,0
BRDA:49,1,0,0
BRDA:49,1,1,0
BRDA:59,2,0,0
BRDA:59,2,1,0
BRF:6
BRH:0
end_of_record
TN:
SF:app/discover/clipboard.tsx
FN:11,ExpoClipboardScreen
FN:16,(anonymous_1)
FN:26,(anonymous_2)
FN:37,(anonymous_3)
FNF:4
FNH:0
FNDA:0,ExpoClipboardScreen
FNDA:0,(anonymous_1)
FNDA:0,(anonymous_2)
FNDA:0,(anonymous_3)
DA:12,0
DA:13,0
DA:16,0
DA:17,0
DA:18,0
DA:20,0
DA:21,0
DA:26,0
DA:27,0
DA:28,0
DA:29,0
DA:31,0
DA:32,0
DA:37,0
DA:38,0
DA:39,0
DA:40,0
DA:42,0
DA:43,0
DA:47,0
LF:20
LH:0
BRDA:76,0,0,0
BRDA:76,0,1,0
BRF:2
BRH:0
end_of_record
TN:
SF:app/discover/constants.tsx
FN:9,ExpoConstantsScreen
FN:54,(anonymous_1)
FN:59,(anonymous_2)
FNF:3
FNH:0
FNDA:0,ExpoConstantsScreen
FNDA:0,(anonymous_1)
FNDA:0,(anonymous_2)
DA:11,0
DA:12,0
DA:13,0
DA:14,0
DA:17,0
DA:18,0
DA:21,0
DA:47,0
DA:55,0
DA:60,0
LF:10
LH:0
BRDA:11,0,0,0
BRDA:11,0,1,0
BRDA:12,1,0,0
BRDA:12,1,1,0
BRDA:13,2,0,0
BRDA:13,2,1,0
BRDA:14,3,0,0
BRDA:14,3,1,0
BRDA:18,4,0,0
BRDA:18,4,1,0
BRDA:26,5,0,0
BRDA:26,5,1,0
BRDA:33,6,0,0
BRDA:33,6,1,0
BRF:14
BRH:0
end_of_record
TN:
SF:app/discover/contacts.tsx
FN:22,ExpoContactsScreen
FN:28,(anonymous_1)
FN:33,(anonymous_2)
FN:53,(anonymous_3)
FN:64,(anonymous_4)
FN:65,(anonymous_5)
FN:85,(anonymous_6)
FN:90,(anonymous_7)
FN:103,(anonymous_8)
FN:133,(anonymous_9)
FNF:10
FNH:0
FNDA:0,ExpoContactsScreen
FNDA:0,(anonymous_1)
FNDA:0,(anonymous_2)
FNDA:0,(anonymous_3)
FNDA:0,(anonymous_4)
FNDA:0,(anonymous_5)
FNDA:0,(anonymous_6)
FNDA:0,(anonymous_7)
FNDA:0,(anonymous_8)
FNDA:0,(anonymous_9)
DA:24,0
DA:25,0
DA:26,0
DA:28,0
DA:29,0
DA:33,0
DA:34,0
DA:35,0
DA:36,0
DA:37,0
DA:39,0
DA:40,0
DA:42,0
DA:45,0
DA:46,0
DA:48,0
DA:53,0
DA:54,0
DA:56,0
DA:61,0
DA:63,0
DA:64,0
DA:65,0
DA:71,0
DA:73,0
DA:74,0
DA:77,0
DA:78,0
DA:80,0
DA:85,0
DA:86,0
DA:91,0
DA:103,0
DA:104,0
DA:105,0
DA:106,0
DA:107,0
DA:108,0
DA:111,0
DA:112,0
DA:116,0
DA:133,0
LF:42
LH:0
BRDA:39,0,0,0
BRDA:39,0,1,0
BRDA:61,1,0,0
BRDA:61,1,1,0
BRDA:64,2,0,0
BRDA:64,2,1,0
BRDA:67,3,0,0
BRDA:67,3,1,0
BRDA:89,4,0,0
BRDA:89,4,1,0
BRDA:89,5,0,0
BRDA:89,5,1,0
BRDA:91,6,0,0
BRDA:91,6,1,0
BRDA:93,7,0,0
BRDA:93,7,1,0
BRDA:93,8,0,0
BRDA:93,8,1,0
BRDA:106,9,0,0
BRDA:106,9,1,0
BRDA:107,10,0,0
BRDA:107,11,0,0
BRDA:124,12,0,0
BRDA:124,12,1,0
BRDA:128,13,0,0
BRDA:128,13,1,0
BRDA:136,14,0,0
BRDA:136,14,1,0
BRDA:148,15,0,0
BRDA:148,15,1,0
BRF:30
BRH:0
end_of_record
TN:
SF:app/discover/crypto.tsx
FN:10,ExpoCryptoScreen
FN:25,(anonymous_1)
FN:28,(anonymous_2)
FN:35,(anonymous_3)
FN:38,(anonymous_4)
FN:45,(anonymous_5)
FN:48,(anonymous_6)
FNF:7
FNH:0
FNDA:0,ExpoCryptoScreen
FNDA:0,(anonymous_1)
FNDA:0,(anonymous_2)
FNDA:0,(anonymous_3)
FNDA:0,(anonymous_4)
FNDA:0,(anonymous_5)
FNDA:0,(anonymous_6)
DA:12,0
DA:13,0
DA:25,0
DA:26,0
DA:27,0
DA:28,0
DA:30,0
DA:35,0
DA:36,0
DA:37,0
DA:38,0
DA:40,0
DA:45,0
DA:46,0
DA:47,0
DA:48,0
DA:50,0
DA:54,0
LF:18
LH:0
BRDA:69,0,0,0
BRDA:69,0,1,0
BRDA:77,1,0,0
BRDA:77,1,1,0
BRDA:85,2,0,0
BRDA:85,2,1,0
BRF:6
BRH:0
end_of_record
TN:
SF:app/discover/date-time-picker.tsx
FN:9,DateTimePickerScreen
FN:14,(anonymous_1)
FN:23,(anonymous_2)
FN:43,(anonymous_3)
FN:47,(anonymous_4)
FN:67,(anonymous_5)
FN:82,(anonymous_6)
FN:86,(anonymous_7)
FN:108,(anonymous_8)
FNF:9
FNH:0
FNDA:0,DateTimePickerScreen
FNDA:0,(anonymous_1)
FNDA:0,(anonymous_2)
FNDA:0,(anonymous_3)
FNDA:0,(anonymous_4)
FNDA:0,(anonymous_5)
FNDA:0,(anonymous_6)
FNDA:0,(anonymous_7)
FNDA:0,(anonymous_8)
DA:10,0
DA:11,0
DA:14,0
DA:15,0
DA:23,0
DA:24,0
DA:30,0
DA:44,0
DA:48,0
DA:49,0
DA:68,0
DA:69,0
DA:83,0
DA:87,0
DA:88,0
DA:109,0
DA:110,0
LF:17
LH:0
BRDA:41,0,0,0
BRDA:41,0,1,0
BRDA:48,1,0,0
BRDA:48,1,1,0
BRDA:59,2,0,0
BRDA:59,2,1,0
BRDA:68,3,0,0
BRDA:68,3,1,0
BRDA:80,4,0,0
BRDA:80,4,1,0
BRDA:87,5,0,0
BRDA:87,5,1,0
BRDA:98,6,0,0
BRDA:98,6,1,0
BRDA:109,7,0,0
BRDA:109,7,1,0
BRF:16
BRH:0
end_of_record
TN:
SF:app/discover/device.tsx
FN:11,ExpoDeviceScreen
FN:52,(anonymous_1)
FN:57,(anonymous_2)
FN:152,(anonymous_3)
FNF:4
FNH:0
FNDA:0,ExpoDeviceScreen
FNDA:0,(anonymous_1)
FNDA:0,(anonymous_2)
FNDA:0,(anonymous_3)
DA:12,0
DA:52,0
DA:53,0
DA:57,0
DA:58,0
DA:60,0
DA:63,0
DA:66,0
DA:67,0
DA:68,0
DA:69,0
DA:70,0
DA:72,0
DA:77,0
DA:98,0
DA:99,0
DA:103,0
DA:153,0
LF:18
LH:0
BRDA:67,0,0,0
BRDA:67,0,1,0
BRDA:69,1,0,0
BRDA:69,1,1,0
BRDA:113,2,0,0
BRDA:113,2,1,0
BRDA:130,3,0,0
BRDA:130,3,1,0
BRDA:137,4,0,0
BRDA:137,4,1,0
BRDA:146,5,0,0
BRDA:146,5,1,0
BRDA:146,6,0,0
BRDA:146,6,1,0
BRDA:150,7,0,0
BRDA:150,7,1,0
BRDA:150,8,0,0
BRDA:150,8,1,0
BRDA:157,9,0,0
BRDA:157,9,1,0
BRF:20
BRH:0
end_of_record
TN:
SF:app/discover/document-picker.tsx
FN:9,ExpoDocumentPickerScreen
FN:17,(anonymous_1)
FN:36,(anonymous_2)
FN:55,(anonymous_3)
FN:73,(anonymous_4)
FN:91,(anonymous_5)
FN:148,(anonymous_6)
FNF:7
FNH:0
FNDA:0,ExpoDocumentPickerScreen
FNDA:0,(anonymous_1)
FNDA:0,(anonymous_2)
FNDA:0,(anonymous_3)
FNDA:0,(anonymous_4)
FNDA:0,(anonymous_5)
FNDA:0,(anonymous_6)
DA:11,0
DA:14,0
DA:17,0
DA:18,0
DA:20,0
DA:26,0
DA:27,0
DA:31,0
DA:36,0
DA:37,0
DA:39,0
DA:46,0
DA:47,0
DA:50,0
DA:55,0
DA:56,0
DA:58,0
DA:64,0
DA:65,0
DA:68,0
DA:73,0
DA:74,0
DA:76,0
DA:82,0
DA:83,0
DA:86,0
DA:91,0
DA:92,0
DA:94,0
DA:95,0
DA:96,0
DA:97,0
DA:98,0
DA:99,0
DA:101,0
DA:105,0
DA:149,0
LF:37
LH:0
BRDA:26,0,0,0
BRDA:26,0,1,0
BRDA:46,1,0,0
BRDA:46,1,1,0
BRDA:64,2,0,0
BRDA:64,2,1,0
BRDA:82,3,0,0
BRDA:82,3,1,0
BRDA:92,4,0,0
BRDA:92,4,1,0
BRDA:94,5,0,0
BRDA:94,5,1,0
BRDA:96,6,0,0
BRDA:96,6,1,0
BRDA:98,7,0,0
BRDA:98,7,1,0
BRDA:130,8,0,0
BRDA:130,8,1,0
BRDA:130,8,2,0
BRDA:130,8,3,0
BRDA:130,8,4,0
BRDA:136,9,0,0
BRDA:136,9,1,0
BRDA:142,10,0,0
BRDA:142,10,1,0
BRDA:142,10,2,0
BRDA:142,10,3,0
BRDA:142,10,4,0
BRDA:152,11,0,0
BRDA:152,11,1,0
BRF:30
BRH:0
end_of_record
TN:
SF:app/discover/encoding.tsx
FN:11,EncodingScreen
FN:22,(anonymous_1)
FN:37,(anonymous_2)
FN:50,(anonymous_3)
FN:60,(anonymous_4)
FN:61,(anonymous_5)
FN:97,(anonymous_6)
FN:119,(anonymous_7)
FNF:8
FNH:0
FNDA:0,EncodingScreen
FNDA:0,(anonymous_1)
FNDA:0,(anonymous_2)
FNDA:0,(anonymous_3)
FNDA:0,(anonymous_4)
FNDA:0,(anonymous_5)
FNDA:0,(anonymous_6)
FNDA:0,(anonymous_7)
DA:13,0
DA:15,0
DA:17,0
DA:19,0
DA:22,0
DA:23,0
DA:24,0
DA:25,0
DA:26,0
DA:30,0
DA:33,0
DA:36,0
DA:37,0
DA:41,0
DA:42,0
DA:44,0
DA:45,0
DA:50,0
DA:51,0
DA:52,0
DA:53,0
DA:54,0
DA:58,0
DA:60,0
DA:61,0
DA:63,0
DA:64,0
DA:65,0
DA:69,0
DA:72,0
DA:75,0
DA:78,0
DA:80,0
DA:81,0
DA:85,0
DA:97,0
DA:119,0
LF:37
LH:0
BRDA:24,0,0,0
BRDA:24,0,1,0
BRDA:52,1,0,0
BRDA:52,1,1,0
BRDA:63,2,0,0
BRDA:63,2,1,0
BRDA:105,3,0,0
BRDA:105,3,1,0
BRDA:127,4,0,0
BRDA:127,4,1,0
BRF:10
BRH:0
end_of_record
TN:
SF:app/discover/file-download.tsx
FN:53,FileDownloadScreen
FN:58,(anonymous_1)
FN:67,(anonymous_2)
FN:76,(anonymous_3)
FN:92,(anonymous_4)
FN:109,(anonymous_5)
FN:115,(anonymous_6)
FN:119,(anonymous_7)
FN:143,(anonymous_8)
FN:156,(anonymous_9)
FN:172,(anonymous_10)
FN:182,(anonymous_11)
FN:195,(anonymous_12)
FN:204,(anonymous_13)
FN:209,(anonymous_14)
FN:219,(anonymous_15)
FN:234,(anonymous_16)
FN:259,(anonymous_17)
FN:273,(anonymous_18)
FN:276,(anonymous_19)
FN:288,(anonymous_20)
FN:294,(anonymous_21)
FN:303,(anonymous_22)
FN:315,(anonymous_23)
FN:338,(anonymous_24)
FN:348,(anonymous_25)
FN:371,(anonymous_26)
FN:397,(anonymous_27)
FN:414,(anonymous_28)
FN:425,(anonymous_29)
FN:426,(anonymous_30)
FNF:31
FNH:0
FNDA:0,FileDownloadScreen
FNDA:0,(anonymous_1)
FNDA:0,(anonymous_2)
FNDA:0,(anonymous_3)
FNDA:0,(anonymous_4)
FNDA:0,(anonymous_5)
FNDA:0,(anonymous_6)
FNDA:0,(anonymous_7)
FNDA:0,(anonymous_8)
FNDA:0,(anonymous_9)
FNDA:0,(anonymous_10)
FNDA:0,(anonymous_11)
FNDA:0,(anonymous_12)
FNDA:0,(anonymous_13)
FNDA:0,(anonymous_14)
FNDA:0,(anonymous_15)
FNDA:0,(anonymous_16)
FNDA:0,(anonymous_17)
FNDA:0,(anonymous_18)
FNDA:0,(anonymous_19)
FNDA:0,(anonymous_20)
FNDA:0,(anonymous_21)
FNDA:0,(anonymous_22)
FNDA:0,(anonymous_23)
FNDA:0,(anonymous_24)
FNDA:0,(anonymous_25)
FNDA:0,(anonymous_26)
FNDA:0,(anonymous_27)
FNDA:0,(anonymous_28)
FNDA:0,(anonymous_29)
FNDA:0,(anonymous_30)
DA:32,0
DA:54,0
DA:55,0
DA:58,0
DA:59,0
DA:60,0
DA:61,0
DA:62,0
DA:63,0
DA:67,0
DA:68,0
DA:69,0
DA:70,0
DA:72,0
DA:76,0
DA:77,0
DA:79,0
DA:80,0
DA:82,0
DA:83,0
DA:84,0
DA:85,0
DA:87,0
DA:92,0
DA:93,0
DA:94,0
DA:95,0
DA:98,0
DA:109,0
DA:115,0
DA:116,0
DA:117,0
DA:119,0
DA:120,0
DA:121,0
DA:124,0
DA:125,0
DA:126,0
DA:127,0
DA:129,0
DA:143,0
DA:149,0
DA:151,0
DA:153,0
DA:154,0
DA:156,0
DA:169,0
DA:172,0
DA:181,0
DA:182,0
DA:192,0
DA:195,0
DA:196,0
DA:197,0
DA:198,0
DA:204,0
DA:205,0
DA:206,0
DA:207,0
DA:208,0
DA:209,0
DA:219,0
DA:220,0
DA:221,0
DA:222,0
DA:225,0
DA:227,0
DA:228,0
DA:234,0
DA:235,0
DA:236,0
DA:237,0
DA:238,0
DA:241,0
DA:242,0
DA:243,0
DA:245,0
DA:249,0
DA:259,0
DA:268,0
DA:273,0
DA:274,0
DA:275,0
DA:276,0
DA:277,0
DA:278,0
DA:279,0
DA:281,0
DA:283,0
DA:288,0
DA:289,0
DA:295,0
DA:296,0
DA:303,0
DA:304,0
DA:311,0
DA:315,0
DA:316,0
DA:323,0
DA:326,0
DA:339,0
DA:348,0
DA:372,0
DA:397,0
DA:414,0
DA:426,0
DA:427,0
LF:107
LH:0
BRDA:59,0,0,0
BRDA:59,0,1,0
BRDA:69,1,0,0
BRDA:69,1,1,0
BRDA:77,2,0,0
BRDA:77,2,1,0
BRDA:77,3,0,0
BRDA:77,3,1,0
BRDA:82,4,0,0
BRDA:82,4,1,0
BRDA:84,5,0,0
BRDA:84,5,1,0
BRDA:117,6,0,0
BRDA:117,6,1,0
BRDA:121,7,0,0
BRDA:121,7,1,0
BRDA:125,8,0,0
BRDA:125,8,1,0
BRDA:127,9,0,0
BRDA:127,9,1,0
BRDA:133,10,0,0
BRDA:133,10,1,0
BRDA:151,11,0,0
BRDA:151,11,1,0
BRDA:151,12,0,0
BRDA:151,12,1,0
BRDA:154,13,0,0
BRDA:154,13,1,0
BRDA:154,14,0,0
BRDA:154,14,1,0
BRDA:187,15,0,0
BRDA:187,15,1,0
BRDA:206,16,0,0
BRDA:206,16,1,0
BRDA:236,17,0,0
BRDA:236,17,1,0
BRDA:236,18,0,0
BRDA:236,18,1,0
BRDA:243,19,0,0
BRDA:243,19,1,0
BRDA:243,20,0,0
BRDA:243,20,1,0
BRDA:245,21,0,0
BRDA:245,21,1,0
BRDA:245,22,0,0
BRDA:245,22,1,0
BRDA:351,23,0,0
BRDA:351,23,1,0
BRDA:362,24,0,0
BRDA:362,24,1,0
BRDA:369,25,0,0
BRDA:369,25,1,0
BRDA:380,26,0,0
BRDA:380,26,1,0
BRDA:388,27,0,0
BRDA:388,27,1,0
BRDA:388,27,2,0
BRDA:392,28,0,0
BRDA:392,28,1,0
BRDA:392,28,2,0
BRDA:403,29,0,0
BRDA:403,29,1,0
BRDA:409,30,0,0
BRDA:409,30,1,0
BRDA:409,31,0,0
BRDA:409,31,1,0
BRDA:420,32,0,0
BRDA:420,32,1,0
BRDA:427,33,0,0
BRDA:427,33,1,0
BRDA:435,34,0,0
BRDA:435,34,1,0
BRF:72
BRH:0
end_of_record
TN:
SF:app/discover/file-system.tsx
FN:6,FileSystemScreen
FNF:1
FNH:0
FNDA:0,FileSystemScreen
DA:7,0
LF:1
LH:0
BRF:0
BRH:0
end_of_record
TN:
SF:app/discover/file-upload.tsx
FN:27,FileUploadDemo
FN:36,(anonymous_1)
FN:80,(anonymous_2)
FN:131,(anonymous_3)
FN:142,(anonymous_4)
FN:152,(anonymous_5)
FN:161,(anonymous_6)
FN:163,(anonymous_7)
FN:164,(anonymous_8)
FN:170,(anonymous_9)
FNF:10
FNH:0
FNDA:0,FileUploadDemo
FNDA:0,(anonymous_1)
FNDA:0,(anonymous_2)
FNDA:0,(anonymous_3)
FNDA:0,(anonymous_4)
FNDA:0,(anonymous_5)
FNDA:0,(anonymous_6)
FNDA:0,(anonymous_7)
FNDA:0,(anonymous_8)
FNDA:0,(anonymous_9)
DA:28,0
DA:29,0
DA:36,0
DA:38,0
DA:40,0
DA:41,0
DA:42,0
DA:46,0
DA:53,0
DA:54,0
DA:57,0
DA:59,0
DA:68,0
DA:71,0
DA:80,0
DA:81,0
DA:83,0
DA:90,0
DA:91,0
DA:93,0
DA:108,0
DA:110,0
DA:117,0
DA:119,0
DA:120,0
DA:127,0
DA:131,0
DA:132,0
DA:133,0
DA:142,0
DA:143,0
DA:144,0
DA:152,0
DA:153,0
DA:154,0
DA:155,0
DA:156,0
DA:157,0
DA:161,0
DA:162,0
DA:163,0
DA:164,0
DA:170,0
DA:174,0
LF:44
LH:0
BRDA:40,0,0,0
BRDA:40,0,1,0
BRDA:53,1,0,0
BRDA:53,1,1,0
BRDA:53,2,0,0
BRDA:53,2,1,0
BRDA:61,3,0,0
BRDA:61,3,1,0
BRDA:62,4,0,0
BRDA:62,4,1,0
BRDA:62,5,0,0
BRDA:62,5,1,0
BRDA:63,6,0,0
BRDA:63,6,1,0
BRDA:81,7,0,0
BRDA:81,7,1,0
BRDA:124,8,0,0
BRDA:124,8,1,0
BRDA:132,9,0,0
BRDA:132,9,1,0
BRDA:153,10,0,0
BRDA:153,10,1,0
BRDA:162,11,0,0
BRDA:162,11,1,0
BRDA:162,12,0,0
BRDA:162,12,1,0
BRDA:189,13,0,0
BRDA:189,13,1,0
BRDA:195,14,0,0
BRDA:195,14,1,0
BRDA:211,15,0,0
BRDA:211,15,1,0
BRDA:211,15,2,0
BRDA:224,16,0,0
BRDA:224,16,1,0
BRDA:230,17,0,0
BRDA:230,17,1,0
BRDA:233,18,0,0
BRDA:233,18,1,0
BRDA:238,19,0,0
BRDA:238,19,1,0
BRDA:248,20,0,0
BRDA:248,20,1,0
BRDA:248,20,2,0
BRDA:256,21,0,0
BRDA:256,21,1,0
BRDA:264,22,0,0
BRDA:264,22,1,0
BRDA:264,22,2,0
BRDA:267,23,0,0
BRDA:267,23,1,0
BRDA:272,24,0,0
BRDA:272,24,1,0
BRDA:276,25,0,0
BRDA:276,25,1,0
BRDA:278,26,0,0
BRDA:278,26,1,0
BRDA:289,27,0,0
BRDA:289,27,1,0
BRF:59
BRH:0
end_of_record
TN:
SF:app/discover/flash-list.tsx
FN:32,(anonymous_0)
FN:34,(anonymous_1)
FN:48,(anonymous_2)
FN:54,(anonymous_3)
FN:64,(anonymous_4)
FN:91,(anonymous_5)
FN:104,(anonymous_6)
FN:121,(anonymous_7)
FN:128,FlashListScreen
FN:133,(anonymous_9)
FN:138,(anonymous_10)
FN:145,(anonymous_11)
FN:166,(anonymous_12)
FN:167,(anonymous_13)
FNF:14
FNH:0
FNDA:0,(anonymous_0)
FNDA:0,(anonymous_1)
FNDA:0,(anonymous_2)
FNDA:0,(anonymous_3)
FNDA:0,(anonymous_4)
FNDA:0,(anonymous_5)
FNDA:0,(anonymous_6)
FNDA:0,(anonymous_7)
FNDA:0,FlashListScreen
FNDA:0,(anonymous_9)
FNDA:0,(anonymous_10)
FNDA:0,(anonymous_11)
FNDA:0,(anonymous_12)
FNDA:0,(anonymous_13)
DA:32,0
DA:33,0
DA:34,0
DA:35,0
DA:36,0
DA:37,0
DA:48,0
DA:55,0
DA:56,0
DA:57,0
DA:58,0
DA:59,0
DA:61,0
DA:65,0
DA:67,0
DA:69,0
DA:70,0
DA:71,0
DA:72,0
DA:75,0
DA:76,0
DA:77,0
DA:80,0
DA:81,0
DA:88,0
DA:92,0
DA:93,0
DA:94,0
DA:95,0
DA:96,0
DA:98,0
DA:104,0
DA:105,0
DA:121,0
DA:122,0
DA:124,0
DA:129,0
DA:130,0
DA:133,0
DA:134,0
DA:138,0
DA:139,0
DA:140,0
DA:141,0
DA:145,0
DA:146,0
DA:147,0
DA:151,0
DA:166,0
DA:167,0
LF:50
LH:0
BRDA:32,0,0,0
BRDA:67,1,0,0
BRDA:67,1,1,0
BRDA:67,2,0,0
BRDA:67,2,1,0
BRDA:75,3,0,0
BRDA:75,3,1,0
BRDA:122,4,0,0
BRDA:122,4,1,0
BRDA:146,5,0,0
BRDA:146,5,1,0
BRDA:146,6,0,0
BRDA:146,6,1,0
BRDA:158,7,0,0
BRDA:158,7,1,0
BRDA:170,8,0,0
BRDA:170,8,1,0
BRDA:174,9,0,0
BRDA:174,9,1,0
BRF:19
BRH:0
end_of_record
TN:
SF:app/discover/font.tsx
FN:13,(anonymous_0)
FN:31,ExpoFontScreen
FNF:2
FNH:0
FNDA:0,(anonymous_0)
FNDA:0,ExpoFontScreen
DA:9,0
DA:10,0
DA:13,0
DA:14,0
DA:32,0
DA:37,0
DA:38,0
DA:41,0
LF:8
LH:0
BRDA:37,0,0,0
BRDA:37,0,1,0
BRDA:48,1,0,0
BRDA:48,1,1,0
BRF:4
BRH:0
end_of_record
TN:
SF:app/discover/gesture-handler.tsx
FN:21,(anonymous_0)
FN:23,(anonymous_1)
FN:27,(anonymous_2)
FN:36,(anonymous_3)
FN:40,(anonymous_4)
FN:44,(anonymous_5)
FN:55,(anonymous_6)
FN:63,(anonymous_7)
FN:84,(anonymous_8)
FN:89,(anonymous_9)
FN:90,(anonymous_10)
FN:99,(anonymous_11)
FN:100,(anonymous_12)
FN:110,(anonymous_13)
FN:130,(anonymous_14)
FN:138,(anonymous_15)
FN:141,(anonymous_16)
FN:147,(anonymous_17)
FN:150,(anonymous_18)
FN:158,(anonymous_19)
FN:181,(anonymous_20)
FN:188,(anonymous_21)
FN:193,(anonymous_22)
FN:196,(anonymous_23)
FN:202,(anonymous_24)
FN:221,(anonymous_25)
FN:230,(anonymous_26)
FN:231,(anonymous_27)
FN:231,(anonymous_28)
FN:236,(anonymous_29)
FN:237,(anonymous_30)
FN:244,(anonymous_31)
FN:262,(anonymous_32)
FN:269,(anonymous_33)
FN:273,(anonymous_34)
FN:276,(anonymous_35)
FN:287,(anonymous_36)
FN:294,(anonymous_37)
FN:341,GestureHandlerScreen
FN:345,(anonymous_39)
FNF:40
FNH:0
FNDA:0,(anonymous_0)
FNDA:0,(anonymous_1)
FNDA:0,(anonymous_2)
FNDA:0,(anonymous_3)
FNDA:0,(anonymous_4)
FNDA:0,(anonymous_5)
FNDA:0,(anonymous_6)
FNDA:0,(anonymous_7)
FNDA:0,(anonymous_8)
FNDA:0,(anonymous_9)
FNDA:0,(anonymous_10)
FNDA:0,(anonymous_11)
FNDA:0,(anonymous_12)
FNDA:0,(anonymous_13)
FNDA:0,(anonymous_14)
FNDA:0,(anonymous_15)
FNDA:0,(anonymous_16)
FNDA:0,(anonymous_17)
FNDA:0,(anonymous_18)
FNDA:0,(anonymous_19)
FNDA:0,(anonymous_20)
FNDA:0,(anonymous_21)
FNDA:0,(anonymous_22)
FNDA:0,(anonymous_23)
FNDA:0,(anonymous_24)
FNDA:0,(anonymous_25)
FNDA:0,(anonymous_26)
FNDA:0,(anonymous_27)
FNDA:0,(anonymous_28)
FNDA:0,(anonymous_29)
FNDA:0,(anonymous_30)
FNDA:0,(anonymous_31)
FNDA:0,(anonymous_32)
FNDA:0,(anonymous_33)
FNDA:0,(anonymous_34)
FNDA:0,(anonymous_35)
FNDA:0,(anonymous_36)
FNDA:0,(anonymous_37)
FNDA:0,GestureHandlerScreen
FNDA:0,(anonymous_39)
DA:21,0
DA:23,0
DA:27,0
DA:28,0
DA:29,0
DA:30,0
DA:31,0
DA:32,0
DA:35,0
DA:37,0
DA:38,0
DA:41,0
DA:42,0
DA:46,0
DA:47,0
DA:48,0
DA:53,0
DA:56,0
DA:60,0
DA:63,0
DA:64,0
DA:69,0
DA:84,0
DA:85,0
DA:86,0
DA:89,0
DA:90,0
DA:91,0
DA:93,0
DA:97,0
DA:100,0
DA:101,0
DA:103,0
DA:107,0
DA:110,0
DA:111,0
DA:116,0
DA:130,0
DA:131,0
DA:132,0
DA:133,0
DA:134,0
DA:137,0
DA:139,0
DA:142,0
DA:146,0
DA:148,0
DA:151,0
DA:155,0
DA:158,0
DA:159,0
DA:164,0
DA:179,0
DA:181,0
DA:182,0
DA:183,0
DA:185,0
DA:189,0
DA:194,0
DA:197,0
DA:202,0
DA:203,0
DA:204,0
DA:210,0
DA:221,0
DA:222,0
DA:230,0
DA:231,0
DA:234,0
DA:237,0
DA:245,0
DA:262,0
DA:263,0
DA:264,0
DA:265,0
DA:268,0
DA:271,0
DA:274,0
DA:275,0
DA:276,0
DA:277,0
DA:278,0
DA:282,0
DA:287,0
DA:288,0
DA:294,0
DA:296,0
DA:297,0
DA:303,0
DA:342,0
DA:345,0
DA:346,0
DA:349,0
DA:405,0
LF:94
LH:0
BRDA:46,0,0,0
BRDA:46,0,1,0
BRDA:56,1,0,0
BRDA:56,1,1,0
BRDA:239,2,0,0
BRDA:239,2,1,0
BRDA:275,3,0,0
BRDA:275,3,1,0
BRDA:277,4,0,0
BRDA:277,4,1,0
BRDA:299,5,0,0
BRDA:299,5,1,0
BRF:12
BRH:0
end_of_record
TN:
SF:app/discover/gl.tsx
FN:22,GLScreen
FN:45,(anonymous_1)
FN:99,(anonymous_2)
FN:136,(anonymous_3)
FN:141,(anonymous_4)
FN:160,(anonymous_5)
FN:167,(anonymous_6)
FN:172,(anonymous_7)
FN:173,(anonymous_8)
FN:194,(anonymous_9)
FN:197,(anonymous_10)
FN:204,(anonymous_11)
FN:207,(anonymous_12)
FN:210,(anonymous_13)
FNF:14
FNH:0
FNDA:0,GLScreen
FNDA:0,(anonymous_1)
FNDA:0,(anonymous_2)
FNDA:0,(anonymous_3)
FNDA:0,(anonymous_4)
FNDA:0,(anonymous_5)
FNDA:0,(anonymous_6)
FNDA:0,(anonymous_7)
FNDA:0,(anonymous_8)
FNDA:0,(anonymous_9)
FNDA:0,(anonymous_10)
FNDA:0,(anonymous_11)
FNDA:0,(anonymous_12)
FNDA:0,(anonymous_13)
DA:23,0
DA:24,0
DA:27,0
DA:38,0
DA:45,0
DA:47,0
DA:50,0
DA:51,0
DA:52,0
DA:53,0
DA:56,0
DA:57,0
DA:58,0
DA:61,0
DA:67,0
DA:68,0
DA:69,0
DA:72,0
DA:73,0
DA:75,0
DA:76,0
DA:77,0
DA:78,0
DA:80,0
DA:81,0
DA:82,0
DA:85,0
DA:86,0
DA:89,0
DA:92,0
DA:95,0
DA:99,0
DA:100,0
DA:101,0
DA:104,0
DA:105,0
DA:110,0
DA:112,0
DA:113,0
DA:118,0
DA:121,0
DA:122,0
DA:127,0
DA:131,0
DA:132,0
DA:136,0
DA:137,0
DA:138,0
DA:141,0
DA:142,0
DA:143,0
DA:146,0
DA:149,0
DA:150,0
DA:152,0
DA:153,0
DA:156,0
DA:160,0
DA:161,0
DA:162,0
DA:167,0
DA:168,0
DA:172,0
DA:173,0
DA:174,0
DA:175,0
DA:176,0
DA:181,0
DA:194,0
DA:197,0
DA:204,0
DA:207,0
DA:210,0
LF:73
LH:0
BRDA:101,0,0,0
BRDA:101,0,1,0
BRDA:104,1,0,0
BRDA:104,1,1,0
BRDA:110,2,0,0
BRDA:110,2,1,0
BRDA:137,3,0,0
BRDA:137,3,1,0
BRDA:143,4,0,0
BRDA:143,4,1,0
BRDA:143,5,0,0
BRDA:143,5,1,0
BRDA:143,5,2,0
BRDA:143,5,3,0
BRDA:143,5,4,0
BRDA:143,5,5,0
BRDA:161,6,0,0
BRDA:161,6,1,0
BRDA:175,7,0,0
BRDA:175,7,1,0
BRDA:194,8,0,0
BRDA:194,8,1,0
BRDA:197,9,0,0
BRDA:197,9,1,0
BRDA:204,10,0,0
BRDA:204,10,1,0
BRDA:207,11,0,0
BRDA:207,11,1,0
BRDA:210,12,0,0
BRDA:210,12,1,0
BRF:30
BRH:0
end_of_record
TN:
SF:app/discover/haptics.tsx
FN:9,ExpoHapticsScreen
FN:11,(anonymous_1)
FN:16,(anonymous_2)
FN:21,(anonymous_3)
FN:26,(anonymous_4)
FN:31,(anonymous_5)
FN:36,(anonymous_6)
FN:41,(anonymous_7)
FNF:8
FNH:0
FNDA:0,ExpoHapticsScreen
FNDA:0,(anonymous_1)
FNDA:0,(anonymous_2)
FNDA:0,(anonymous_3)
FNDA:0,(anonymous_4)
FNDA:0,(anonymous_5)
FNDA:0,(anonymous_6)
FNDA:0,(anonymous_7)
DA:11,0
DA:12,0
DA:16,0
DA:17,0
DA:21,0
DA:22,0
DA:26,0
DA:27,0
DA:31,0
DA:32,0
DA:36,0
DA:37,0
DA:41,0
DA:42,0
DA:45,0
LF:15
LH:0
BRF:0
BRH:0
end_of_record
TN:
SF:app/discover/image-manipulator.tsx
FN:16,ExpoImageManipulatorScreen
FN:22,(anonymous_1)
FN:35,(anonymous_2)
FN:46,(anonymous_3)
FN:57,(anonymous_4)
FNF:5
FNH:0
FNDA:0,ExpoImageManipulatorScreen
FNDA:0,(anonymous_1)
FNDA:0,(anonymous_2)
FNDA:0,(anonymous_3)
FNDA:0,(anonymous_4)
DA:13,0
DA:17,0
DA:19,0
DA:22,0
DA:23,0
DA:29,0
DA:30,0
DA:35,0
DA:36,0
DA:37,0
DA:38,0
DA:42,0
DA:46,0
DA:47,0
DA:48,0
DA:49,0
DA:53,0
DA:57,0
DA:58,0
DA:59,0
DA:60,0
DA:64,0
DA:67,0
LF:23
LH:0
BRDA:19,0,0,0
BRDA:19,0,1,0
BRDA:29,1,0,0
BRDA:29,1,1,0
BRF:4
BRH:0
end_of_record
TN:
SF:app/discover/image-picker.tsx
FN:10,ExpoImagePickerScreen
FN:16,(anonymous_1)
FN:23,(anonymous_2)
FN:30,(anonymous_3)
FN:50,(anonymous_4)
FN:67,(anonymous_5)
FN:73,(anonymous_6)
FN:88,(anonymous_7)
FNF:8
FNH:0
FNDA:0,ExpoImagePickerScreen
FNDA:0,(anonymous_1)
FNDA:0,(anonymous_2)
FNDA:0,(anonymous_3)
FNDA:0,(anonymous_4)
FNDA:0,(anonymous_5)
FNDA:0,(anonymous_6)
FNDA:0,(anonymous_7)
DA:11,0
DA:12,0
DA:13,0
DA:16,0
DA:17,0
DA:18,0
DA:19,0
DA:23,0
DA:24,0
DA:25,0
DA:26,0
DA:30,0
DA:31,0
DA:33,0
DA:34,0
DA:35,0
DA:38,0
DA:44,0
DA:45,0
DA:50,0
DA:51,0
DA:53,0
DA:54,0
DA:55,0
DA:58,0
DA:66,0
DA:67,0
DA:68,0
DA:73,0
DA:74,0
DA:77,0
DA:89,0
LF:32
LH:0
BRDA:31,0,0,0
BRDA:31,0,1,0
BRDA:33,1,0,0
BRDA:33,1,1,0
BRDA:44,2,0,0
BRDA:44,2,1,0
BRDA:51,3,0,0
BRDA:51,3,1,0
BRDA:53,4,0,0
BRDA:53,4,1,0
BRDA:66,5,0,0
BRDA:66,5,1,0
BRDA:85,6,0,0
BRDA:85,6,1,0
BRF:14
BRH:0
end_of_record
TN:
SF:app/discover/image.tsx
FN:17,ExpoImageScreen
FN:21,(anonymous_1)
FN:22,(anonymous_2)
FN:28,(anonymous_3)
FN:29,(anonymous_4)
FNF:5
FNH:0
FNDA:0,ExpoImageScreen
FNDA:0,(anonymous_1)
FNDA:0,(anonymous_2)
FNDA:0,(anonymous_3)
FNDA:0,(anonymous_4)
DA:9,0
DA:18,0
DA:21,0
DA:22,0
DA:23,0
DA:24,0
DA:28,0
DA:29,0
DA:32,0
LF:9
LH:0
BRDA:29,0,0,0
BRDA:29,0,1,0
BRF:2
BRH:0
end_of_record
TN:
SF:app/discover/intent-launcher.tsx
FN:11,(anonymous_0)
FN:15,(anonymous_1)
FN:19,(anonymous_2)
FN:23,(anonymous_3)
FN:27,(anonymous_4)
FN:32,ExpoIntentLauncherScreen
FN:36,(anonymous_6)
FN:54,(anonymous_7)
FN:55,(anonymous_8)
FNF:9
FNH:0
FNDA:0,(anonymous_0)
FNDA:0,(anonymous_1)
FNDA:0,(anonymous_2)
FNDA:0,(anonymous_3)
FNDA:0,(anonymous_4)
FNDA:0,ExpoIntentLauncherScreen
FNDA:0,(anonymous_6)
FNDA:0,(anonymous_7)
FNDA:0,(anonymous_8)
DA:8,0
DA:11,0
DA:15,0
DA:19,0
DA:23,0
DA:27,0
DA:33,0
DA:36,0
DA:37,0
DA:38,0
DA:39,0
DA:42,0
DA:46,0
DA:55,0
LF:14
LH:0
BRDA:38,0,0,0
BRDA:38,0,1,0
BRF:2
BRH:0
end_of_record
TN:
SF:app/discover/keep-awake.tsx
FN:7,ExpoKeepAwakeScreen
FNF:1
FNH:0
FNDA:0,ExpoKeepAwakeScreen
DA:8,0
DA:10,0
LF:2
LH:0
BRF:0
BRH:0
end_of_record
TN:
SF:app/discover/keyboard.tsx
FN:11,(anonymous_0)
FN:16,(anonymous_1)
FN:21,(anonymous_2)
FN:31,KeyboardScreen
FNF:4
FNH:0
FNDA:0,(anonymous_0)
FNDA:0,(anonymous_1)
FNDA:0,(anonymous_2)
FNDA:0,KeyboardScreen
DA:9,0
DA:11,0
DA:12,0
DA:14,0
DA:19,0
DA:23,0
DA:28,0
DA:32,0
DA:33,0
DA:35,0
LF:10
LH:0
BRF:0
BRH:0
end_of_record
TN:
SF:app/discover/linear-gradient.tsx
FN:8,ExpoLinearGradientScreen
FNF:1
FNH:0
FNDA:0,ExpoLinearGradientScreen
DA:9,0
LF:1
LH:0
BRF:0
BRH:0
end_of_record
TN:
SF:app/discover/linking.tsx
FN:8,ExpoLinkingScreen
FN:10,(anonymous_1)
FN:20,(anonymous_2)
FN:35,(anonymous_3)
FN:50,(anonymous_4)
FNF:5
FNH:0
FNDA:0,ExpoLinkingScreen
FNDA:0,(anonymous_1)
FNDA:0,(anonymous_2)
FNDA:0,(anonymous_3)
FNDA:0,(anonymous_4)
DA:10,0
DA:11,0
DA:12,0
DA:13,0
DA:15,0
DA:20,0
DA:21,0
DA:22,0
DA:23,0
DA:24,0
DA:25,0
DA:27,0
DA:30,0
DA:35,0
DA:36,0
DA:37,0
DA:38,0
DA:39,0
DA:40,0
DA:42,0
DA:45,0
DA:50,0
DA:51,0
DA:52,0
DA:53,0
DA:54,0
DA:56,0
DA:60,0
LF:28
LH:0
BRDA:24,0,0,0
BRDA:24,0,1,0
BRDA:39,1,0,0
BRDA:39,1,1,0
BRDA:54,2,0,0
BRDA:54,2,1,0
BRF:6
BRH:0
end_of_record
TN:
SF:app/discover/local-authentication.tsx
FN:16,LocalAuthenticationScreen
FN:24,(anonymous_1)
FN:45,(anonymous_2)
FN:79,(anonymous_3)
FN:84,(anonymous_4)
FN:121,(anonymous_5)
FNF:6
FNH:0
FNDA:0,LocalAuthenticationScreen
FNDA:0,(anonymous_1)
FNDA:0,(anonymous_2)
FNDA:0,(anonymous_3)
FNDA:0,(anonymous_4)
FNDA:0,(anonymous_5)
DA:9,0
DA:17,0
DA:18,0
DA:19,0
DA:20,0
DA:21,0
DA:24,0
DA:25,0
DA:27,0
DA:28,0
DA:30,0
DA:32,0
DA:33,0
DA:36,0
DA:37,0
DA:40,0
DA:45,0
DA:46,0
DA:47,0
DA:48,0
DA:51,0
DA:52,0
DA:53,0
DA:54,0
DA:55,0
DA:59,0
DA:66,0
DA:67,0
DA:69,0
DA:72,0
DA:74,0
DA:79,0
DA:80,0
DA:84,0
DA:85,0
DA:87,0
DA:89,0
DA:91,0
DA:93,0
DA:97,0
DA:122,0
LF:41
LH:0
BRDA:30,0,0,0
BRDA:30,0,1,0
BRDA:52,1,0,0
BRDA:52,1,1,0
BRDA:66,2,0,0
BRDA:66,2,1,0
BRDA:69,3,0,0
BRDA:69,3,1,0
BRDA:85,4,0,0
BRDA:85,4,1,0
BRDA:85,4,2,0
BRDA:85,4,3,0
BRDA:109,5,0,0
BRDA:109,5,1,0
BRDA:112,6,0,0
BRDA:112,6,1,0
BRDA:118,7,0,0
BRDA:118,7,1,0
BRDA:130,8,0,0
BRDA:130,8,1,0
BRDA:134,9,0,0
BRDA:134,9,1,0
BRDA:135,10,0,0
BRDA:135,10,1,0
BRF:24
BRH:0
end_of_record
TN:
SF:app/discover/location.tsx
FN:10,ExpoLocationScreen
FN:17,(anonymous_1)
FN:19,(anonymous_2)
FN:27,(anonymous_3)
FN:42,(anonymous_4)
FN:64,(anonymous_5)
FN:92,(anonymous_6)
FN:105,(anonymous_7)
FN:114,(anonymous_8)
FNF:9
FNH:0
FNDA:0,ExpoLocationScreen
FNDA:0,(anonymous_1)
FNDA:0,(anonymous_2)
FNDA:0,(anonymous_3)
FNDA:0,(anonymous_4)
FNDA:0,(anonymous_5)
FNDA:0,(anonymous_6)
FNDA:0,(anonymous_7)
FNDA:0,(anonymous_8)
DA:11,0
DA:12,0
DA:13,0
DA:14,0
DA:15,0
DA:17,0
DA:19,0
DA:20,0
DA:21,0
DA:27,0
DA:28,0
DA:29,0
DA:30,0
DA:31,0
DA:32,0
DA:34,0
DA:36,0
DA:37,0
DA:42,0
DA:43,0
DA:44,0
DA:45,0
DA:46,0
DA:49,0
DA:50,0
DA:51,0
DA:52,0
DA:55,0
DA:57,0
DA:59,0
DA:64,0
DA:65,0
DA:66,0
DA:67,0
DA:68,0
DA:71,0
DA:72,0
DA:73,0
DA:76,0
DA:77,0
DA:80,0
DA:83,0
DA:86,0
DA:93,0
DA:97,0
DA:99,0
DA:100,0
DA:105,0
DA:106,0
DA:107,0
DA:108,0
DA:110,0
DA:114,0
DA:115,0
DA:116,0
DA:119,0
DA:120,0
DA:123,0
DA:124,0
DA:126,0
DA:139,0
LF:61
LH:0
BRDA:20,0,0,0
BRDA:20,0,1,0
BRDA:30,1,0,0
BRDA:30,1,1,0
BRDA:44,2,0,0
BRDA:44,2,1,0
BRDA:66,3,0,0
BRDA:66,3,1,0
BRDA:72,4,0,0
BRDA:72,4,1,0
BRDA:106,5,0,0
BRDA:106,5,1,0
BRDA:115,6,0,0
BRDA:115,6,1,0
BRDA:119,7,0,0
BRDA:119,7,1,0
BRDA:130,8,0,0
BRDA:130,8,1,0
BRDA:131,9,0,0
BRDA:131,9,1,0
BRDA:132,10,0,0
BRDA:132,10,1,0
BRDA:133,11,0,0
BRDA:133,11,1,0
BRDA:153,12,0,0
BRDA:153,12,1,0
BRDA:156,13,0,0
BRDA:156,13,1,0
BRF:28
BRH:0
end_of_record
TN:
SF:app/discover/mail-composer.tsx
FN:12,ExpoMailComposerScreen
FN:19,(anonymous_1)
FN:23,(anonymous_2)
FN:29,(anonymous_3)
FN:39,(anonymous_4)
FN:55,(anonymous_5)
FN:76,(anonymous_6)
FN:90,(anonymous_7)
FN:104,(anonymous_8)
FNF:9
FNH:0
FNDA:0,ExpoMailComposerScreen
FNDA:0,(anonymous_1)
FNDA:0,(anonymous_2)
FNDA:0,(anonymous_3)
FNDA:0,(anonymous_4)
FNDA:0,(anonymous_5)
FNDA:0,(anonymous_6)
FNDA:0,(anonymous_7)
FNDA:0,(anonymous_8)
DA:13,0
DA:14,0
DA:15,0
DA:16,0
DA:19,0
DA:20,0
DA:23,0
DA:24,0
DA:25,0
DA:29,0
DA:30,0
DA:31,0
DA:32,0
DA:35,0
DA:36,0
DA:39,0
DA:43,0
DA:44,0
DA:45,0
DA:46,0
DA:49,0
DA:50,0
DA:55,0
DA:56,0
DA:57,0
DA:58,0
DA:61,0
DA:62,0
DA:73,0
DA:76,0
DA:80,0
DA:81,0
DA:84,0
DA:85,0
DA:90,0
DA:91,0
DA:92,0
DA:93,0
DA:96,0
DA:97,0
DA:101,0
DA:104,0
DA:108,0
DA:109,0
DA:112,0
DA:113,0
DA:117,0
LF:47
LH:0
BRDA:30,0,0,0
BRDA:30,0,1,0
BRDA:43,1,0,0
BRDA:43,1,1,0
BRDA:45,2,0,0
BRDA:45,2,1,0
BRDA:56,3,0,0
BRDA:56,3,1,0
BRDA:80,4,0,0
BRDA:80,4,1,0
BRDA:91,5,0,0
BRDA:91,5,1,0
BRDA:108,6,0,0
BRDA:108,6,1,0
BRF:14
BRH:0
end_of_record
TN:
SF:app/discover/maps.tsx
FN:58,MapsDemo
FN:70,(anonymous_1)
FN:81,(anonymous_2)
FN:82,(anonymous_3)
FN:107,(anonymous_4)
FN:116,(anonymous_5)
FN:125,(anonymous_6)
FN:169,(anonymous_7)
FN:174,(anonymous_8)
FN:246,(anonymous_9)
FNF:10
FNH:0
FNDA:0,MapsDemo
FNDA:0,(anonymous_1)
FNDA:0,(anonymous_2)
FNDA:0,(anonymous_3)
FNDA:0,(anonymous_4)
FNDA:0,(anonymous_5)
FNDA:0,(anonymous_6)
FNDA:0,(anonymous_7)
FNDA:0,(anonymous_8)
FNDA:0,(anonymous_9)
DA:31,0
DA:52,0
DA:59,0
DA:60,0
DA:61,0
DA:62,0
DA:68,0
DA:70,0
DA:72,0
DA:74,0
DA:75,0
DA:77,0
DA:81,0
DA:82,0
DA:83,0
DA:84,0
DA:85,0
DA:86,0
DA:89,0
DA:90,0
DA:91,0
DA:94,0
DA:101,0
DA:102,0
DA:107,0
DA:108,0
DA:113,0
DA:116,0
DA:117,0
DA:122,0
DA:125,0
DA:126,0
DA:127,0
DA:133,0
DA:135,0
DA:139,0
DA:170,0
DA:174,0
DA:247,0
LF:39
LH:0
BRDA:84,0,0,0
BRDA:84,0,1,0
BRDA:126,1,0,0
BRDA:126,1,1,0
BRDA:153,2,0,0
BRDA:153,2,1,0
BRDA:155,3,0,0
BRDA:155,3,1,0
BRDA:172,4,0,0
BRDA:172,4,1,0
BRDA:176,5,0,0
BRDA:176,5,1,0
BRDA:186,6,0,0
BRDA:186,6,1,0
BRF:14
BRH:0
end_of_record
TN:
SF:app/discover/masked-view.tsx
FN:11,ExpoMaskedViewScreen
FN:14,(anonymous_1)
FN:83,(anonymous_2)
FN:91,(anonymous_3)
FN:101,(anonymous_4)
FNF:5
FNH:0
FNDA:0,ExpoMaskedViewScreen
FNDA:0,(anonymous_1)
FNDA:0,(anonymous_2)
FNDA:0,(anonymous_3)
FNDA:0,(anonymous_4)
DA:9,0
DA:12,0
DA:14,0
DA:15,0
DA:17,0
DA:30,0
DA:50,0
DA:68,0
DA:72,0
DA:83,0
DA:91,0
DA:101,0
LF:12
LH:0
BRDA:15,0,0,0
BRDA:15,0,1,0
BRDA:15,0,2,0
BRDA:15,0,3,0
BRDA:82,1,0,0
BRDA:82,1,1,0
BRDA:85,2,0,0
BRDA:85,2,1,0
BRDA:86,3,0,0
BRDA:86,3,1,0
BRDA:90,4,0,0
BRDA:90,4,1,0
BRDA:93,5,0,0
BRDA:93,5,1,0
BRDA:94,6,0,0
BRDA:94,6,1,0
BRDA:100,7,0,0
BRDA:100,7,1,0
BRDA:103,8,0,0
BRDA:103,8,1,0
BRDA:104,9,0,0
BRDA:104,9,1,0
BRF:22
BRH:0
end_of_record
TN:
SF:app/discover/media-library.tsx
FN:10,ExpoMediaLibraryScreen
FN:17,(anonymous_1)
FN:25,(anonymous_2)
FN:39,(anonymous_3)
FN:53,(anonymous_4)
FN:65,(anonymous_5)
FN:116,(anonymous_6)
FN:117,(anonymous_7)
FNF:8
FNH:0
FNDA:0,ExpoMediaLibraryScreen
FNDA:0,(anonymous_1)
FNDA:0,(anonymous_2)
FNDA:0,(anonymous_3)
FNDA:0,(anonymous_4)
FNDA:0,(anonymous_5)
FNDA:0,(anonymous_6)
FNDA:0,(anonymous_7)
DA:11,0
DA:12,0
DA:13,0
DA:14,0
DA:15,0
DA:17,0
DA:18,0
DA:19,0
DA:21,0
DA:25,0
DA:26,0
DA:27,0
DA:28,0
DA:29,0
DA:30,0
DA:31,0
DA:34,0
DA:35,0
DA:39,0
DA:40,0
DA:41,0
DA:46,0
DA:48,0
DA:49,0
DA:53,0
DA:54,0
DA:55,0
DA:56,0
DA:57,0
DA:58,0
DA:60,0
DA:61,0
DA:65,0
DA:66,0
DA:67,0
DA:73,0
DA:74,0
DA:77,0
DA:78,0
DA:82,0
DA:83,0
DA:93,0
DA:116,0
DA:118,0
LF:44
LH:0
BRDA:18,0,0,0
BRDA:18,0,1,0
BRDA:29,1,0,0
BRDA:29,1,1,0
BRDA:73,2,0,0
BRDA:73,2,1,0
BRDA:82,3,0,0
BRDA:82,3,1,0
BRDA:110,4,0,0
BRDA:110,4,1,0
BRDA:124,5,0,0
BRDA:124,5,1,0
BRF:12
BRH:0
end_of_record
TN:
SF:app/discover/navigation-bar.tsx
FN:10,ExpoNavigationBarScreen
FN:19,(anonymous_1)
FN:20,setupNavigationBar
FN:36,(anonymous_3)
FN:47,(anonymous_4)
FN:57,(anonymous_5)
FN:67,(anonymous_6)
FN:77,(anonymous_7)
FN:106,(anonymous_8)
FN:111,(anonymous_9)
FN:123,(anonymous_10)
FN:124,(anonymous_11)
FN:135,(anonymous_12)
FN:136,(anonymous_13)
FN:149,(anonymous_14)
FN:153,(anonymous_15)
FNF:16
FNH:0
FNDA:0,ExpoNavigationBarScreen
FNDA:0,(anonymous_1)
FNDA:0,setupNavigationBar
FNDA:0,(anonymous_3)
FNDA:0,(anonymous_4)
FNDA:0,(anonymous_5)
FNDA:0,(anonymous_6)
FNDA:0,(anonymous_7)
FNDA:0,(anonymous_8)
FNDA:0,(anonymous_9)
FNDA:0,(anonymous_10)
FNDA:0,(anonymous_11)
FNDA:0,(anonymous_12)
FNDA:0,(anonymous_13)
FNDA:0,(anonymous_14)
FNDA:0,(anonymous_15)
DA:11,0
DA:12,0
DA:13,0
DA:14,0
DA:15,0
DA:16,0
DA:19,0
DA:21,0
DA:23,0
DA:24,0
DA:25,0
DA:26,0
DA:27,0
DA:29,0
DA:32,0
DA:36,0
DA:37,0
DA:38,0
DA:39,0
DA:40,0
DA:42,0
DA:47,0
DA:48,0
DA:49,0
DA:50,0
DA:52,0
DA:57,0
DA:58,0
DA:59,0
DA:60,0
DA:62,0
DA:67,0
DA:68,0
DA:69,0
DA:70,0
DA:72,0
DA:77,0
DA:78,0
DA:79,0
DA:80,0
DA:82,0
DA:86,0
DA:107,0
DA:111,0
DA:124,0
DA:136,0
DA:150,0
DA:153,0
LF:48
LH:0
BRDA:38,0,0,0
BRDA:38,0,1,0
BRDA:97,1,0,0
BRDA:97,1,1,0
BRDA:98,2,0,0
BRDA:98,2,1,0
BRDA:113,3,0,0
BRDA:113,3,1,0
BRDA:124,4,0,0
BRDA:124,4,1,0
BRDA:125,5,0,0
BRDA:125,5,1,0
BRDA:125,6,0,0
BRDA:125,6,1,0
BRDA:136,7,0,0
BRDA:136,7,1,0
BRDA:137,8,0,0
BRDA:137,8,1,0
BRDA:138,9,0,0
BRDA:138,9,1,0
BRDA:152,10,0,0
BRDA:152,10,1,0
BRDA:155,11,0,0
BRDA:155,11,1,0
BRDA:156,12,0,0
BRDA:156,12,1,0
BRDA:164,13,0,0
BRDA:164,13,1,0
BRDA:167,14,0,0
BRDA:167,14,1,0
BRF:30
BRH:0
end_of_record
TN:
SF:app/discover/network-info.tsx
FN:29,NetworkInfoDemo
FN:35,(anonymous_1)
FN:37,(anonymous_2)
FN:43,(anonymous_3)
FN:50,(anonymous_4)
FN:56,(anonymous_5)
FN:91,(anonymous_6)
FN:94,(anonymous_7)
FN:107,(anonymous_8)
FN:114,(anonymous_9)
FN:128,(anonymous_10)
FN:319,(anonymous_11)
FNF:12
FNH:0
FNDA:0,NetworkInfoDemo
FNDA:0,(anonymous_1)
FNDA:0,(anonymous_2)
FNDA:0,(anonymous_3)
FNDA:0,(anonymous_4)
FNDA:0,(anonymous_5)
FNDA:0,(anonymous_6)
FNDA:0,(anonymous_7)
FNDA:0,(anonymous_8)
FNDA:0,(anonymous_9)
FNDA:0,(anonymous_10)
FNDA:0,(anonymous_11)
DA:30,0
DA:31,0
DA:32,0
DA:33,0
DA:35,0
DA:37,0
DA:38,0
DA:39,0
DA:43,0
DA:44,0
DA:45,0
DA:48,0
DA:50,0
DA:51,0
DA:52,0
DA:56,0
DA:57,0
DA:65,0
DA:66,0
DA:78,0
DA:79,0
DA:84,0
DA:85,0
DA:91,0
DA:94,0
DA:95,0
DA:96,0
DA:97,0
DA:98,0
DA:99,0
DA:101,0
DA:103,0
DA:107,0
DA:108,0
DA:109,0
DA:110,0
DA:111,0
DA:114,0
DA:115,0
DA:116,0
DA:117,0
DA:118,0
DA:119,0
DA:120,0
DA:122,0
DA:123,0
DA:125,0
DA:128,0
DA:129,0
DA:140,0
DA:143,0
DA:320,0
LF:52
LH:0
BRDA:65,0,0,0
BRDA:65,0,1,0
BRDA:65,1,0,0
BRDA:65,1,1,0
BRDA:68,2,0,0
BRDA:68,2,1,0
BRDA:69,3,0,0
BRDA:69,3,1,0
BRDA:70,4,0,0
BRDA:70,4,1,0
BRDA:71,5,0,0
BRDA:71,5,1,0
BRDA:72,6,0,0
BRDA:72,6,1,0
BRDA:73,7,0,0
BRDA:73,7,1,0
BRDA:74,8,0,0
BRDA:74,8,1,0
BRDA:75,9,0,0
BRDA:75,9,1,0
BRDA:76,10,0,0
BRDA:76,10,1,0
BRDA:78,11,0,0
BRDA:78,11,1,0
BRDA:78,12,0,0
BRDA:78,12,1,0
BRDA:81,13,0,0
BRDA:81,13,1,0
BRDA:82,14,0,0
BRDA:82,14,1,0
BRDA:84,15,0,0
BRDA:84,15,1,0
BRDA:84,16,0,0
BRDA:84,16,1,0
BRDA:87,17,0,0
BRDA:87,17,1,0
BRDA:108,18,0,0
BRDA:108,18,1,0
BRDA:109,19,0,0
BRDA:109,19,1,0
BRDA:109,20,0,0
BRDA:109,20,1,0
BRDA:110,21,0,0
BRDA:110,21,1,0
BRDA:110,22,0,0
BRDA:110,22,1,0
BRDA:115,23,0,0
BRDA:115,23,1,0
BRDA:115,24,0,0
BRDA:115,24,1,0
BRDA:117,25,0,0
BRDA:117,25,1,0
BRDA:118,26,0,0
BRDA:118,26,1,0
BRDA:119,27,0,0
BRDA:119,27,1,0
BRDA:122,28,0,0
BRDA:122,28,1,0
BRDA:140,29,0,0
BRDA:140,29,1,0
BRDA:160,30,0,0
BRDA:160,30,1,0
BRDA:169,31,0,0
BRDA:169,31,1,0
BRDA:170,32,0,0
BRDA:170,32,1,0
BRDA:184,33,0,0
BRDA:184,33,1,0
BRDA:186,34,0,0
BRDA:186,34,1,0
BRDA:191,35,0,0
BRDA:191,35,1,0
BRDA:191,36,0,0
BRDA:191,36,1,0
BRDA:209,37,0,0
BRDA:209,37,1,0
BRDA:213,38,0,0
BRDA:213,38,1,0
BRDA:213,38,2,0
BRDA:215,39,0,0
BRDA:215,39,1,0
BRDA:221,40,0,0
BRDA:221,40,1,0
BRDA:229,41,0,0
BRDA:229,41,1,0
BRDA:237,42,0,0
BRDA:237,42,1,0
BRDA:245,43,0,0
BRDA:245,43,1,0
BRDA:251,44,0,0
BRDA:251,44,1,0
BRDA:257,45,0,0
BRDA:257,45,1,0
BRDA:266,46,0,0
BRDA:266,46,1,0
BRDA:266,46,2,0
BRDA:268,47,0,0
BRDA:268,47,1,0
BRDA:276,48,0,0
BRDA:276,48,1,0
BRDA:285,49,0,0
BRDA:285,49,1,0
BRDA:289,50,0,0
BRDA:289,50,1,0
BRDA:302,51,0,0
BRDA:302,51,1,0
BRDA:306,52,0,0
BRDA:306,52,1,0
BRDA:307,53,0,0
BRDA:307,53,1,0
BRDA:314,54,0,0
BRDA:314,54,1,0
BRDA:325,55,0,0
BRDA:325,55,1,0
BRDA:326,56,0,0
BRDA:326,56,1,0
BRDA:332,57,0,0
BRDA:332,57,1,0
BRDA:335,58,0,0
BRDA:335,58,1,0
BRDA:338,59,0,0
BRDA:338,59,1,0
BRF:122
BRH:0
end_of_record
TN:
SF:app/discover/network.tsx
FN:15,ExpoNetworkScreen
FN:27,(anonymous_1)
FN:30,(anonymous_2)
FN:36,(anonymous_3)
FN:39,(anonymous_4)
FN:45,(anonymous_5)
FNF:6
FNH:0
FNDA:0,ExpoNetworkScreen
FNDA:0,(anonymous_1)
FNDA:0,(anonymous_2)
FNDA:0,(anonymous_3)
FNDA:0,(anonymous_4)
FNDA:0,(anonymous_5)
DA:16,0
DA:18,0
DA:22,0
DA:27,0
DA:28,0
DA:29,0
DA:30,0
DA:32,0
DA:36,0
DA:37,0
DA:38,0
DA:39,0
DA:41,0
DA:45,0
DA:46,0
DA:47,0
DA:50,0
LF:17
LH:0
BRF:0
BRH:0
end_of_record
TN:
SF:app/discover/notifications.native.tsx
FN:18,sendPushNotification
FN:41,handleRegistrationError
FN:47,registerForPushNotificationsAsync
FN:98,App
FN:107,(anonymous_4)
FN:110,(anonymous_5)
FN:126,(anonymous_6)
FN:130,(anonymous_7)
FN:134,(anonymous_8)
FN:158,(anonymous_9)
FNF:10
FNH:0
FNDA:0,sendPushNotification
FNDA:0,handleRegistrationError
FNDA:0,registerForPushNotificationsAsync
FNDA:0,App
FNDA:0,(anonymous_4)
FNDA:0,(anonymous_5)
FNDA:0,(anonymous_6)
FNDA:0,(anonymous_7)
FNDA:0,(anonymous_8)
FNDA:0,(anonymous_9)
DA:19,0
DA:29,0
DA:42,0
DA:43,0
DA:48,0
DA:49,0
DA:63,0
DA:64,0
DA:65,0
DA:67,0
DA:68,0
DA:69,0
DA:72,0
DA:73,0
DA:74,0
DA:77,0
DA:78,0
DA:79,0
DA:82,0
DA:83,0
DA:88,0
DA:89,0
DA:91,0
DA:94,0
DA:99,0
DA:100,0
DA:103,0
DA:105,0
DA:107,0
DA:108,0
DA:109,0
DA:110,0
DA:119,0
DA:120,0
DA:121,0
DA:123,0
DA:126,0
DA:127,0
DA:130,0
DA:131,0
DA:134,0
DA:135,0
DA:136,0
DA:140,0
DA:159,0
LF:45
LH:0
BRDA:48,0,0,0
BRDA:48,0,1,0
BRDA:63,1,0,0
BRDA:63,1,1,0
BRDA:67,2,0,0
BRDA:67,2,1,0
BRDA:72,3,0,0
BRDA:72,3,1,0
BRDA:77,4,0,0
BRDA:77,4,1,0
BRDA:78,5,0,0
BRDA:78,5,1,0
BRDA:108,6,0,0
BRDA:108,6,1,0
BRDA:121,7,0,0
BRDA:121,7,1,0
BRDA:153,8,0,0
BRDA:153,8,1,0
BRF:18
BRH:0
end_of_record
TN:
SF:app/discover/notifications.tsx
FN:3,App
FNF:1
FNH:0
FNDA:0,App
DA:4,0
LF:1
LH:0
BRF:0
BRH:0
end_of_record
TN:
SF:app/discover/notifications.web.tsx
FN:3,NotificationsNativeWeb
FNF:1
FNH:0
FNDA:0,NotificationsNativeWeb
DA:4,0
LF:1
LH:0
BRF:0
BRH:0
end_of_record
TN:
SF:app/discover/pedometer.tsx
FN:10,ExpoPedometerScreen
FN:15,(anonymous_1)
FN:19,(anonymous_2)
FN:26,(anonymous_3)
FN:39,(anonymous_4)
FN:54,(anonymous_5)
FN:68,(anonymous_6)
FN:71,(anonymous_7)
FN:75,(anonymous_8)
FN:84,(anonymous_9)
FNF:10
FNH:0
FNDA:0,ExpoPedometerScreen
FNDA:0,(anonymous_1)
FNDA:0,(anonymous_2)
FNDA:0,(anonymous_3)
FNDA:0,(anonymous_4)
FNDA:0,(anonymous_5)
FNDA:0,(anonymous_6)
FNDA:0,(anonymous_7)
FNDA:0,(anonymous_8)
FNDA:0,(anonymous_9)
DA:11,0
DA:12,0
DA:13,0
DA:15,0
DA:16,0
DA:17,0
DA:19,0
DA:20,0
DA:21,0
DA:26,0
DA:27,0
DA:28,0
DA:29,0
DA:30,0
DA:31,0
DA:34,0
DA:35,0
DA:39,0
DA:40,0
DA:41,0
DA:42,0
DA:43,0
DA:44,0
DA:45,0
DA:49,0
DA:50,0
DA:54,0
DA:55,0
DA:56,0
DA:57,0
DA:58,0
DA:60,0
DA:61,0
DA:63,0
DA:64,0
DA:68,0
DA:69,0
DA:70,0
DA:71,0
DA:72,0
DA:75,0
DA:76,0
DA:79,0
DA:80,0
DA:84,0
DA:85,0
DA:88,0
DA:89,0
DA:99,0
LF:49
LH:0
BRDA:20,0,0,0
BRDA:20,0,1,0
BRDA:30,1,0,0
BRDA:30,1,1,0
BRDA:42,2,0,0
BRDA:42,2,1,0
BRDA:44,3,0,0
BRDA:44,3,1,0
BRDA:88,4,0,0
BRDA:88,4,1,0
BRDA:113,5,0,0
BRDA:113,5,1,0
BRF:12
BRH:0
end_of_record
TN:
SF:app/discover/picker.tsx
FN:5,PickerScreen
FN:46,(anonymous_1)
FN:47,(anonymous_2)
FNF:3
FNH:0
FNDA:0,PickerScreen
FNDA:0,(anonymous_1)
FNDA:0,(anonymous_2)
DA:6,0
DA:8,0
DA:36,0
DA:46,0
DA:48,0
LF:5
LH:0
BRF:0
BRH:0
end_of_record
TN:
SF:app/discover/print.tsx
FN:10,ExpoPrintScreen
FN:14,(anonymous_1)
FN:44,(anonymous_2)
FNF:3
FNH:0
FNDA:0,ExpoPrintScreen
FNDA:0,(anonymous_1)
FNDA:0,(anonymous_2)
DA:11,0
DA:12,0
DA:14,0
DA:15,0
DA:16,0
DA:17,0
DA:36,0
DA:38,0
DA:40,0
DA:44,0
DA:45,0
DA:46,0
DA:47,0
DA:67,0
DA:69,0
DA:73,0
LF:16
LH:0
BRDA:90,0,0,0
BRDA:90,0,1,0
BRDA:91,1,0,0
BRDA:91,1,1,0
BRDA:94,2,0,0
BRDA:94,2,1,0
BRDA:95,3,0,0
BRDA:95,3,1,0
BRF:8
BRH:0
end_of_record
TN:
SF:app/discover/reanimated.tsx
FN:19,ReanimatedScreen
FN:32,(anonymous_1)
FN:38,(anonymous_2)
FN:44,(anonymous_3)
FN:55,(anonymous_4)
FN:63,(anonymous_5)
FN:66,(anonymous_6)
FN:70,(anonymous_7)
FNF:8
FNH:0
FNDA:0,ReanimatedScreen
FNDA:0,(anonymous_1)
FNDA:0,(anonymous_2)
FNDA:0,(anonymous_3)
FNDA:0,(anonymous_4)
FNDA:0,(anonymous_5)
FNDA:0,(anonymous_6)
FNDA:0,(anonymous_7)
DA:17,0
DA:20,0
DA:23,0
DA:24,0
DA:25,0
DA:28,0
DA:29,0
DA:30,0
DA:32,0
DA:33,0
DA:38,0
DA:39,0
DA:44,0
DA:45,0
DA:46,0
DA:47,0
DA:48,0
DA:55,0
DA:56,0
DA:57,0
DA:58,0
DA:59,0
DA:62,0
DA:64,0
DA:67,0
DA:68,0
DA:71,0
DA:72,0
DA:75,0
LF:29
LH:0
BRDA:87,0,0,0
BRDA:87,0,1,0
BRDA:88,1,0,0
BRDA:88,1,1,0
BRDA:90,2,0,0
BRDA:90,2,1,0
BRF:6
BRH:0
end_of_record
TN:
SF:app/discover/router-detail.tsx
FN:7,RouteDetailScreen
FN:22,(anonymous_1)
FNF:2
FNH:0
FNDA:0,RouteDetailScreen
FNDA:0,(anonymous_1)
DA:8,0
DA:9,0
DA:11,0
DA:22,0
LF:4
LH:0
BRF:0
BRH:0
end_of_record
TN:
SF:app/discover/router-ui.tsx
FN:3,ExpoRouterUiScreenFallback
FNF:1
FNH:0
FNDA:0,ExpoRouterUiScreenFallback
DA:4,0
LF:1
LH:0
BRF:0
BRH:0
end_of_record
TN:
SF:app/discover/router.tsx
FN:8,RouteScreen
FN:20,(anonymous_1)
FNF:2
FNH:0
FNDA:0,RouteScreen
FNDA:0,(anonymous_1)
DA:9,0
DA:11,0
DA:22,0
LF:3
LH:0
BRF:0
BRH:0
end_of_record
TN:
SF:app/discover/safe-area-context.tsx
FN:4,SafeAreaContextScreen
FNF:1
FNH:0
FNDA:0,SafeAreaContextScreen
DA:5,0
DA:7,0
LF:2
LH:0
BRF:0
BRH:0
end_of_record
TN:
SF:app/discover/screen-capture.tsx
FN:9,ExpoScreenCaptureScreen
FN:20,(anonymous_1)
FN:30,(anonymous_2)
FN:36,(anonymous_3)
FN:39,(anonymous_4)
FN:43,(anonymous_5)
FNF:6
FNH:0
FNDA:0,ExpoScreenCaptureScreen
FNDA:0,(anonymous_1)
FNDA:0,(anonymous_2)
FNDA:0,(anonymous_3)
FNDA:0,(anonymous_4)
FNDA:0,(anonymous_5)
DA:11,0
DA:13,0
DA:14,0
DA:15,0
DA:16,0
DA:17,0
DA:20,0
DA:21,0
DA:22,0
DA:23,0
DA:25,0
DA:26,0
DA:30,0
DA:31,0
DA:32,0
DA:33,0
DA:36,0
DA:37,0
DA:38,0
DA:39,0
DA:43,0
DA:44,0
DA:48,0
LF:23
LH:0
BRDA:21,0,0,0
BRDA:21,0,1,0
BRDA:59,1,0,0
BRDA:59,1,1,0
BRDA:61,2,0,0
BRDA:61,2,1,0
BRDA:62,3,0,0
BRDA:62,3,1,0
BRDA:69,4,0,0
BRDA:69,4,1,0
BRDA:73,5,0,0
BRDA:73,5,1,0
BRDA:74,6,0,0
BRDA:74,6,1,0
BRF:14
BRH:0
end_of_record
TN:
SF:app/discover/screen-orientation.tsx
FN:8,ExpoScreenOrientationScreen
FN:12,(anonymous_1)
FN:17,(anonymous_2)
FN:21,(anonymous_3)
FN:26,(anonymous_4)
FN:35,(anonymous_5)
FN:51,(anonymous_6)
FN:60,(anonymous_7)
FNF:8
FNH:0
FNDA:0,ExpoScreenOrientationScreen
FNDA:0,(anonymous_1)
FNDA:0,(anonymous_2)
FNDA:0,(anonymous_3)
FNDA:0,(anonymous_4)
FNDA:0,(anonymous_5)
FNDA:0,(anonymous_6)
FNDA:0,(anonymous_7)
DA:9,0
DA:10,0
DA:12,0
DA:14,0
DA:17,0
DA:18,0
DA:21,0
DA:22,0
DA:26,0
DA:27,0
DA:28,0
DA:29,0
DA:31,0
DA:35,0
DA:36,0
DA:37,0
DA:40,0
DA:41,0
DA:42,0
DA:44,0
DA:45,0
DA:47,0
DA:51,0
DA:52,0
DA:53,0
DA:54,0
DA:56,0
DA:60,0
DA:61,0
DA:62,0
DA:64,0
DA:66,0
DA:68,0
DA:70,0
DA:72,0
DA:76,0
LF:36
LH:0
BRDA:40,0,0,0
BRDA:40,0,1,0
BRDA:61,1,0,0
BRDA:61,1,1,0
BRDA:62,2,0,0
BRDA:62,2,1,0
BRDA:62,2,2,0
BRDA:62,2,3,0
BRDA:62,2,4,0
BRDA:87,3,0,0
BRDA:87,3,1,0
BRDA:93,4,0,0
BRDA:93,4,1,0
BRDA:94,5,0,0
BRDA:94,5,1,0
BRDA:96,6,0,0
BRDA:96,6,1,0
BRF:17
BRH:0
end_of_record
TN:
SF:app/discover/secure-store.tsx
FN:9,ExpoSecureStoreScreen
FN:14,(anonymous_1)
FN:29,(anonymous_2)
FN:47,(anonymous_3)
FNF:4
FNH:0
FNDA:0,ExpoSecureStoreScreen
[...]
DA:172,0
DA:174,0
DA:192,0
DA:194,0
DA:200,0
DA:210,0
DA:212,0
DA:214,0
DA:217,0
DA:219,0
DA:220,0
DA:227,0
LF:45
LH:0
BRDA:46,0,0,0
BRDA:46,0,1,0
BRDA:63,1,0,0
BRDA:63,1,1,0
BRDA:63,2,0,0
BRDA:63,2,1,0
BRDA:66,3,0,0
BRDA:66,3,1,0
BRDA:72,4,0,0
BRDA:72,4,1,0
BRDA:73,5,0,0
BRDA:73,5,1,0
BRDA:94,6,0,0
BRDA:94,6,1,0
BRDA:116,7,0,0
BRDA:116,7,1,0
BRDA:139,8,0,0
BRDA:139,8,1,0
BRDA:140,9,0,0
BRDA:140,9,1,0
BRDA:155,10,0,0
BRDA:155,10,1,0
BRDA:178,11,0,0
BRDA:178,11,1,0
BRDA:204,12,0,0
BRDA:204,12,1,0
BRF:26
BRH:0
end_of_record
TN:
SF:components/ui/navigation-menu.tsx
FN:19,(anonymous_0)
FN:33,(anonymous_1)
FN:52,(anonymous_2)
FN:56,(anonymous_3)
FN:59,(anonymous_4)
FN:88,(anonymous_5)
FN:121,(anonymous_6)
FN:142,(anonymous_7)
FNF:8
FNH:0
FNDA:0,(anonymous_0)
FNDA:0,(anonymous_1)
FNDA:0,(anonymous_2)
FNDA:0,(anonymous_3)
FNDA:0,(anonymous_4)
FNDA:0,(anonymous_5)
FNDA:0,(anonymous_6)
FNDA:0,(anonymous_7)
DA:18,0
DA:20,0
DA:30,0
DA:32,0
DA:34,0
DA:41,0
DA:43,0
DA:45,0
DA:49,0
DA:53,0
DA:54,0
DA:56,0
DA:57,0
DA:59,0
DA:64,0
DA:81,0
DA:83,0
DA:89,0
DA:90,0
DA:91,0
DA:114,0
DA:116,0
DA:118,0
DA:122,0
DA:137,0
DA:139,0
DA:143,0
DA:144,0
DA:146,0
DA:160,0
LF:30
LH:0
BRDA:26,0,0,0
BRDA:26,0,1,0
BRDA:57,1,0,0
BRDA:57,1,1,0
BRDA:67,2,0,0
BRDA:67,2,1,0
BRDA:97,3,0,0
BRDA:97,3,1,0
BRDA:105,4,0,0
BRDA:105,4,1,0
BRDA:106,5,0,0
BRDA:106,5,1,0
BRDA:151,6,0,0
BRDA:151,6,1,0
BRF:14
BRH:0
end_of_record
TN:
SF:components/ui/popover.tsx
FN:16,(anonymous_0)
FNF:1
FNH:0
FNDA:0,(anonymous_0)
DA:9,0
DA:11,0
DA:13,0
DA:17,0
DA:38,0
LF:5
LH:0
BRDA:16,0,0,0
BRDA:16,1,0,0
BRDA:19,2,0,0
BRDA:19,2,1,0
BRF:4
BRH:0
end_of_record
TN:
SF:components/ui/progress.tsx
FN:19,(anonymous_0)
FN:34,Indicator
FN:35,(anonymous_2)
FN:37,(anonymous_3)
FNF:4
FNH:0
FNDA:0,(anonymous_0)
FNDA:0,Indicator
FNDA:0,(anonymous_2)
FNDA:0,(anonymous_3)
DA:14,0
DA:20,0
DA:30,0
DA:35,0
DA:37,0
DA:38,0
DA:45,0
DA:46,0
DA:56,0
LF:9
LH:0
BRDA:35,0,0,0
BRDA:35,0,1,0
BRDA:45,1,0,0
BRDA:45,1,1,0
BRDA:49,2,0,0
BRDA:49,2,1,0
BRF:6
BRH:0
end_of_record
TN:
SF:components/ui/radio-group.tsx
FN:8,(anonymous_0)
FN:15,(anonymous_1)
FNF:2
FNH:0
FNDA:0,(anonymous_0)
FNDA:0,(anonymous_1)
DA:7,0
DA:9,0
DA:12,0
DA:14,0
DA:16,0
DA:33,0
LF:6
LH:0
BRDA:21,0,0,0
BRDA:21,0,1,0
BRF:2
BRH:0
end_of_record
TN:
SF:components/ui/scroll-header.tsx
FN:20,getScrollHeaderRowHeight
FN:50,ScrollHeader
FN:66,(anonymous_2)
FN:76,(anonymous_3)
FN:83,(anonymous_4)
FN:149,(anonymous_5)
FNF:6
FNH:0
FNDA:0,getScrollHeaderRowHeight
FNDA:0,ScrollHeader
FNDA:0,(anonymous_2)
FNDA:0,(anonymous_3)
FNDA:0,(anonymous_4)
FNDA:0,(anonymous_5)
DA:16,0
DA:17,0
DA:21,0
DA:60,0
DA:61,0
DA:62,0
DA:63,0
DA:64,0
DA:66,0
DA:67,0
DA:68,0
DA:70,0
DA:75,0
DA:76,0
DA:82,0
DA:83,0
DA:89,0
DA:150,0
LF:18
LH:0
BRDA:21,0,0,0
BRDA:21,0,1,0
BRDA:53,1,0,0
BRDA:55,2,0,0
BRDA:56,3,0,0
BRDA:57,4,0,0
BRDA:61,5,0,0
BRDA:61,5,1,0
BRDA:67,6,0,0
BRDA:67,6,1,0
BRDA:121,7,0,0
BRDA:121,7,1,0
BRF:12
BRH:0
end_of_record
TN:
SF:components/ui/select.tsx
FN:20,(anonymous_0)
FN:40,(anonymous_1)
FN:57,(anonymous_2)
FN:74,(anonymous_3)
FN:113,(anonymous_4)
FN:127,(anonymous_5)
FN:149,(anonymous_6)
FNF:7
FNH:0
FNDA:0,(anonymous_0)
FNDA:0,(anonymous_1)
FNDA:0,(anonymous_2)
FNDA:0,(anonymous_3)
FNDA:0,(anonymous_4)
FNDA:0,(anonymous_5)
FNDA:0,(anonymous_6)
DA:13,0
DA:15,0
DA:17,0
DA:19,0
DA:21,0
DA:35,0
DA:40,0
DA:41,0
DA:42,0
DA:44,0
DA:57,0
DA:58,0
DA:59,0
DA:61,0
DA:71,0
DA:75,0
DA:77,0
DA:110,0
DA:112,0
DA:114,0
DA:124,0
DA:126,0
DA:128,0
DA:146,0
DA:148,0
DA:150,0
DA:153,0
LF:27
LH:0
BRDA:25,0,0,0
BRDA:25,0,1,0
BRDA:41,1,0,0
BRDA:41,1,1,0
BRDA:58,2,0,0
BRDA:58,2,1,0
BRDA:74,3,0,0
BRDA:79,4,0,0
BRDA:79,4,1,0
BRDA:85,5,0,0
BRDA:85,5,1,0
BRDA:87,6,0,0
BRDA:87,6,1,0
BRDA:97,7,0,0
BRDA:97,7,1,0
BRDA:132,8,0,0
BRDA:132,8,1,0
BRF:17
BRH:0
end_of_record
TN:
SF:components/ui/separator.tsx
FN:7,(anonymous_0)
FNF:1
FNH:0
FNDA:0,(anonymous_0)
DA:6,0
DA:8,0
DA:21,0
LF:3
LH:0
BRDA:7,0,0,0
BRDA:7,1,0,0
BRDA:14,2,0,0
BRDA:14,2,1,0
BRF:4
BRH:0
end_of_record
TN:
SF:components/ui/skeleton.tsx
FN:15,Skeleton
FN:18,(anonymous_1)
FN:22,(anonymous_2)
FNF:3
FNH:0
FNDA:0,Skeleton
FNDA:0,(anonymous_1)
FNDA:0,(anonymous_2)
DA:13,0
DA:16,0
DA:18,0
DA:19,0
DA:22,0
DA:26,0
LF:6
LH:0
BRF:0
BRH:0
end_of_record
TN:
SF:components/ui/sonner.ts
FNF:0
FNH:0
LF:0
LH:0
BRF:0
BRH:0
end_of_record
TN:
SF:components/ui/sonner.web.ts
FNF:0
FNH:0
LF:0
LH:0
BRF:0
BRH:0
end_of_record
TN:
SF:components/ui/switch.tsx
FN:10,(anonymous_0)
FN:45,(anonymous_1)
FN:47,(anonymous_2)
FN:48,(anonymous_3)
FN:57,(anonymous_4)
FNF:5
FNH:0
FNDA:0,(anonymous_0)
FNDA:0,(anonymous_1)
FNDA:0,(anonymous_2)
FNDA:0,(anonymous_3)
FNDA:0,(anonymous_4)
DA:9,0
DA:11,0
DA:31,0
DA:33,0
DA:44,0
DA:46,0
DA:47,0
DA:48,0
DA:49,0
DA:57,0
DA:60,0
DA:84,0
DA:86,0
LF:13
LH:0
BRDA:14,0,0,0
BRDA:14,0,1,0
BRDA:15,1,0,0
BRDA:15,1,1,0
BRDA:24,2,0,0
BRDA:24,2,1,0
BRDA:47,3,0,0
BRDA:47,3,1,0
BRDA:63,4,0,0
BRDA:63,4,1,0
BRDA:68,5,0,0
BRDA:68,5,1,0
BRF:12
BRH:0
end_of_record
TN:
SF:components/ui/table.tsx
FN:7,(anonymous_0)
FN:13,(anonymous_1)
FN:20,(anonymous_2)
FN:32,(anonymous_3)
FN:42,(anonymous_4)
FN:54,(anonymous_5)
FN:65,(anonymous_6)
FNF:7
FNH:0
FNDA:0,(anonymous_0)
FNDA:0,(anonymous_1)
FNDA:0,(anonymous_2)
FNDA:0,(anonymous_3)
FNDA:0,(anonymous_4)
FNDA:0,(anonymous_5)
FNDA:0,(anonymous_6)
DA:7,0
DA:8,0
DA:10,0
DA:12,0
DA:14,0
DA:17,0
DA:19,0
DA:21,0
DA:29,0
DA:31,0
DA:33,0
DA:40,0
DA:42,0
DA:43,0
DA:52,0
DA:54,0
DA:55,0
DA:63,0
DA:65,0
DA:66,0
DA:72,0
LF:21
LH:0
BRF:0
BRH:0
end_of_record
TN:
SF:components/ui/tabs.tsx
FN:9,(anonymous_0)
FN:22,(anonymous_1)
FN:48,(anonymous_2)
FNF:3
FNH:0
FNDA:0,(anonymous_0)
FNDA:0,(anonymous_1)
FNDA:0,(anonymous_2)
DA:7,0
DA:9,0
DA:10,0
DA:19,0
DA:21,0
DA:23,0
DA:24,0
DA:45,0
DA:47,0
DA:49,0
DA:59,0
LF:11
LH:0
BRDA:28,0,0,0
BRDA:28,0,1,0
BRDA:35,1,0,0
BRDA:35,1,1,0
BRDA:36,2,0,0
BRDA:36,2,1,0
BRF:6
BRH:0
end_of_record
TN:
SF:components/ui/text.tsx
FN:10,(anonymous_0)
FNF:1
FNH:0
FNDA:0,(anonymous_0)
DA:8,0
DA:10,0
DA:11,0
DA:12,0
DA:13,0
DA:21,0
LF:6
LH:0
BRDA:10,0,0,0
BRDA:12,1,0,0
BRDA:12,1,1,0
BRF:3
BRH:0
end_of_record
TN:
SF:components/ui/textarea.tsx
FN:7,(anonymous_0)
FNF:1
FNH:0
FNDA:0,(anonymous_0)
DA:6,0
DA:8,0
DA:26,0
LF:3
LH:0
BRDA:7,0,0,0
BRDA:7,1,0,0
BRDA:13,2,0,0
BRDA:13,2,1,0
BRF:4
BRH:0
end_of_record
TN:
SF:components/ui/toggle-group.tsx
FN:15,(anonymous_0)
FN:27,useToggleGroupContext
FN:38,(anonymous_2)
FN:72,ToggleGroupIcon
FNF:4
FNH:0
FNDA:0,(anonymous_0)
FNDA:0,useToggleGroupContext
FNDA:0,(anonymous_2)
FNDA:0,ToggleGroupIcon
DA:10,0
DA:12,0
DA:16,0
DA:25,0
DA:28,0
DA:29,0
DA:30,0
DA:32,0
DA:35,0
DA:39,0
DA:40,0
DA:42,0
DA:70,0
DA:79,0
DA:80,0
LF:15
LH:0
BRDA:29,0,0,0
BRDA:29,0,1,0
BRDA:46,1,0,0
BRDA:46,1,1,0
BRDA:55,2,0,0
BRDA:55,2,1,0
BRDA:56,3,0,0
BRDA:56,3,1,0
BRDA:58,4,0,0
BRDA:58,4,1,0
BRDA:59,5,0,0
BRDA:59,5,1,0
BRF:12
BRH:0
end_of_record
TN:
SF:components/ui/toggle.tsx
FN:51,(anonymous_0)
FN:74,ToggleIcon
FNF:2
FNH:0
FNDA:0,(anonymous_0)
FNDA:0,ToggleIcon
DA:9,0
DA:30,0
DA:48,0
DA:52,0
DA:72,0
DA:81,0
DA:82,0
LF:7
LH:0
BRDA:55,0,0,0
BRDA:55,0,1,0
BRDA:63,1,0,0
BRDA:63,1,1,0
BRDA:64,2,0,0
BRDA:64,2,1,0
BRF:6
BRH:0
end_of_record
TN:
SF:components/ui/tooltip.tsx
FN:16,(anonymous_0)
FNF:1
FNH:0
FNDA:0,(anonymous_0)
DA:9,0
DA:11,0
DA:13,0
DA:17,0
DA:38,0
LF:5
LH:0
BRDA:16,0,0,0
BRDA:18,1,0,0
BRDA:18,1,1,0
BRF:3
BRH:0
end_of_record
TN:
SF:components/ui/typography.tsx
FN:8,(anonymous_0)
FN:26,(anonymous_1)
FN:44,(anonymous_2)
FN:59,(anonymous_3)
FN:74,(anonymous_4)
FN:81,(anonymous_5)
FN:99,(anonymous_6)
FN:117,(anonymous_7)
FN:124,(anonymous_8)
FN:137,(anonymous_9)
FN:150,(anonymous_10)
FNF:11
FNH:0
FNDA:0,(anonymous_0)
FNDA:0,(anonymous_1)
FNDA:0,(anonymous_2)
FNDA:0,(anonymous_3)
FNDA:0,(anonymous_4)
FNDA:0,(anonymous_5)
FNDA:0,(anonymous_6)
FNDA:0,(anonymous_7)
FNDA:0,(anonymous_8)
FNDA:0,(anonymous_9)
FNDA:0,(anonymous_10)
DA:8,0
DA:9,0
DA:10,0
DA:24,0
DA:26,0
DA:27,0
DA:28,0
DA:42,0
DA:44,0
DA:45,0
DA:46,0
DA:57,0
DA:59,0
DA:60,0
DA:61,0
DA:72,0
DA:74,0
DA:75,0
DA:76,0
DA:79,0
DA:81,0
DA:82,0
DA:83,0
DA:97,0
DA:99,0
DA:100,0
DA:101,0
DA:115,0
DA:117,0
DA:118,0
DA:119,0
DA:122,0
DA:124,0
DA:125,0
DA:126,0
DA:135,0
DA:137,0
DA:138,0
DA:139,0
DA:148,0
DA:150,0
DA:151,0
DA:152,0
DA:155,0
LF:44
LH:0
BRDA:8,0,0,0
BRDA:9,1,0,0
BRDA:9,1,1,0
BRDA:26,2,0,0
BRDA:27,3,0,0
BRDA:27,3,1,0
BRDA:44,4,0,0
BRDA:45,5,0,0
BRDA:45,5,1,0
BRDA:59,6,0,0
BRDA:60,7,0,0
BRDA:60,7,1,0
BRDA:74,8,0,0
BRDA:75,9,0,0
BRDA:75,9,1,0
BRDA:81,10,0,0
BRDA:82,11,0,0
BRDA:82,11,1,0
BRDA:86,12,0,0
BRDA:86,12,1,0
BRDA:99,13,0,0
BRDA:100,14,0,0
BRDA:100,14,1,0
BRDA:104,15,0,0
BRDA:104,15,1,0
BRDA:117,16,0,0
BRDA:118,17,0,0
BRDA:118,17,1,0
BRDA:124,18,0,0
BRDA:125,19,0,0
BRDA:125,19,1,0
BRDA:137,20,0,0
BRDA:138,21,0,0
BRDA:138,21,1,0
BRDA:150,22,0,0
BRDA:151,23,0,0
BRDA:151,23,1,0
BRF:37
BRH:0
end_of_record
TN:
SF:constants/Colors.ts
FNF:0
FNH:0
DA:1,0
DA:2,0
DA:4,0
LF:3
LH:0
BRF:0
BRH:0
end_of_record
TN:
SF:debug-panel/index.ts
FNF:0
FNH:0
LF:0
LH:0
BRF:0
BRH:0
end_of_record
TN:
SF:debug-panel/components/AppInfoRow.tsx
FN:8,AppInfoRow
FNF:1
FNH:0
FNDA:0,AppInfoRow
DA:9,0
LF:1
LH:0
BRF:0
BRH:0
end_of_record
TN:
SF:debug-panel/components/Main.tsx
FN:38,Main
FN:40,(anonymous_1)
FN:51,(anonymous_2)
FN:63,(anonymous_3)
FN:64,(anonymous_4)
FN:75,(anonymous_5)
FN:91,(anonymous_6)
FN:97,(anonymous_7)
FN:105,(anonymous_8)
FN:107,(anonymous_9)
FN:115,(anonymous_10)
FN:141,(anonymous_11)
FN:199,(anonymous_12)
FN:227,(anonymous_13)
FN:245,(anonymous_14)
FN:279,(anonymous_15)
FNF:16
FNH:0
FNDA:0,Main
FNDA:0,(anonymous_1)
FNDA:0,(anonymous_2)
FNDA:0,(anonymous_3)
FNDA:0,(anonymous_4)
FNDA:0,(anonymous_5)
FNDA:0,(anonymous_6)
FNDA:0,(anonymous_7)
FNDA:0,(anonymous_8)
FNDA:0,(anonymous_9)
FNDA:0,(anonymous_10)
FNDA:0,(anonymous_11)
FNDA:0,(anonymous_12)
FNDA:0,(anonymous_13)
FNDA:0,(anonymous_14)
FNDA:0,(anonymous_15)
DA:31,0
DA:32,0
DA:39,0
DA:40,0
DA:42,0
DA:43,0
DA:45,0
DA:46,0
DA:47,0
DA:48,0
DA:51,0
DA:52,0
DA:53,0
DA:54,0
DA:55,0
DA:57,0
DA:58,0
DA:63,0
DA:64,0
DA:65,0
DA:66,0
DA:67,0
DA:68,0
DA:71,0
DA:75,0
DA:76,0
DA:77,0
DA:78,0
DA:79,0
DA:82,0
DA:86,0
DA:87,0
DA:88,0
DA:91,0
DA:92,0
DA:93,0
DA:97,0
DA:98,0
DA:99,0
DA:101,0
DA:105,0
DA:106,0
DA:107,0
DA:108,0
DA:112,0
DA:115,0
DA:142,0
DA:201,0
DA:202,0
DA:203,0
DA:204,0
DA:205,0
DA:206,0
DA:228,0
DA:229,0
DA:230,0
DA:232,0
DA:235,0
DA:246,0
DA:247,0
DA:248,0
DA:250,0
DA:280,0
DA:305,0
LF:64
LH:0
BRDA:67,0,0,0
BRDA:67,0,1,0
BRDA:78,1,0,0
BRDA:78,1,1,0
BRDA:92,2,0,0
BRDA:92,2,1,0
BRDA:99,3,0,0
BRDA:99,3,1,0
BRDA:131,4,0,0
BRDA:131,4,1,0
BRDA:149,5,0,0
BRDA:149,5,1,0
BRDA:160,6,0,0
BRDA:160,6,1,0
BRDA:170,7,0,0
BRDA:170,7,1,0
BRDA:170,7,2,0
BRDA:175,8,0,0
BRDA:175,8,1,0
BRDA:185,9,0,0
BRDA:185,9,1,0
BRDA:229,10,0,0
BRDA:229,10,1,0
BRDA:229,11,0,0
BRDA:229,11,1,0
BRDA:258,12,0,0
BRDA:258,12,1,0
BRDA:260,13,0,0
BRDA:260,13,1,0
BRDA:278,14,0,0
BRDA:278,14,1,0
BRDA:293,15,0,0
BRDA:293,15,1,0
BRF:33
BRH:0
end_of_record
TN:
SF:debug-panel/components/SettingsRowButton.tsx
FN:11,SettingsRowButton
FNF:1
FNH:0
FNDA:0,SettingsRowButton
DA:12,0
LF:1
LH:0
BRDA:11,0,0,0
BRDA:14,1,0,0
BRDA:14,1,1,0
BRDA:15,2,0,0
BRDA:15,2,1,0
BRDA:32,3,0,0
BRDA:32,3,1,0
BRF:7
BRH:0
end_of_record
TN:
SF:debug-panel/components/SettingsRowSwitch.tsx
FN:14,SettingsRowSwitch
FN:43,(anonymous_1)
FNF:2
FNH:0
FNDA:0,SettingsRowSwitch
FNDA:0,(anonymous_1)
DA:23,0
DA:43,0
LF:2
LH:0
BRDA:16,0,0,0
BRDA:24,1,0,0
BRDA:24,1,1,0
BRDA:24,2,0,0
BRDA:24,2,1,0
BRDA:42,3,0,0
BRDA:42,3,1,0
BRDA:48,4,0,0
BRDA:48,4,1,0
BRF:9
BRH:0
end_of_record
TN:
SF:debug-panel/hooks/useDebugPanel.ts
FN:9,(anonymous_0)
FN:11,(anonymous_1)
FN:12,(anonymous_2)
FN:12,(anonymous_3)
FNF:4
FNH:0
FNDA:0,(anonymous_0)
FNDA:0,(anonymous_1)
FNDA:0,(anonymous_2)
FNDA:0,(anonymous_3)
DA:9,0
DA:11,0
DA:12,0
LF:3
LH:0
BRF:0
BRH:0
end_of_record
TN:
SF:hooks/use-effect-async.ts
FN:3,(anonymous_0)
FN:4,(anonymous_1)
FN:5,asyncFunction
FNF:3
FNH:0
FNDA:0,(anonymous_0)
FNDA:0,(anonymous_1)
FNDA:0,asyncFunction
DA:3,0
DA:4,0
DA:6,0
DA:8,0
LF:4
LH:0
BRF:0
BRH:0
end_of_record
TN:
SF:hooks/useColorScheme.tsx
FN:3,useColorScheme
FNF:1
FNH:0
FNDA:0,useColorScheme
DA:4,0
DA:5,0
LF:2
LH:0
BRDA:6,0,0,0
BRDA:6,0,1,0
BRF:2
BRH:0
end_of_record
TN:
SF:hooks/useIsomorphicLayoutEffect.ts
FNF:0
FNH:0
DA:5,0
LF:1
LH:0
BRDA:5,0,0,0
BRDA:5,0,1,0
BRDA:5,1,0,0
BRDA:5,1,1,0
BRF:4
BRH:0
end_of_record
TN:
SF:hooks/useRefreshOnFocus.ts
FN:14,useRefreshOnFocus
FN:22,(anonymous_1)
FNF:2
FNH:0
FNDA:0,useRefreshOnFocus
FNDA:0,(anonymous_1)
DA:19,0
DA:21,0
DA:24,0
DA:25,0
DA:26,0
DA:30,0
LF:6
LH:0
BRDA:24,0,0,0
BRDA:24,0,1,0
BRF:2
BRH:0
end_of_record
TN:
SF:hooks/useScrollHeader.ts
FN:11,getHeaderRowHeight
FN:24,useScrollHeader
FN:34,(anonymous_2)
FN:46,(anonymous_3)
FN:60,(anonymous_4)
FNF:5
FNH:0
FNDA:0,getHeaderRowHeight
FNDA:0,useScrollHeader
FNDA:0,(anonymous_2)
FNDA:0,(anonymous_3)
FNDA:0,(anonymous_4)
DA:9,0
DA:12,0
DA:25,0
DA:26,0
DA:27,0
DA:28,0
DA:29,0
DA:31,0
DA:32,0
DA:34,0
DA:35,0
DA:36,0
DA:38,0
DA:39,0
DA:41,0
DA:44,0
DA:47,0
DA:48,0
DA:49,0
DA:50,0
DA:51,0
DA:52,0
DA:59,0
DA:61,0
DA:65,0
LF:25
LH:0
BRDA:12,0,0,0
BRDA:12,0,1,0
BRDA:26,1,0,0
BRDA:26,1,1,0
BRDA:35,2,0,0
BRDA:35,2,1,0
BRDA:41,3,0,0
BRDA:41,3,1,0
BRDA:50,4,0,0
BRDA:50,4,1,0
BRDA:61,5,0,0
BRDA:61,5,1,0
BRF:12
BRH:0
end_of_record
TN:
SF:hooks/useThemeColor.ts
FN:10,useThemeColor
FNF:1
FNH:0
FNDA:0,useThemeColor
DA:14,0
DA:15,0
DA:17,0
DA:18,0
DA:20,0
LF:5
LH:0
BRDA:17,0,0,0
BRDA:17,0,1,0
BRF:2
BRH:0
end_of_record
TN:
SF:i18n/formatters.ts
FN:5,(anonymous_0)
FNF:1
FNH:0
FNDA:0,(anonymous_0)
DA:5,0
DA:6,0
DA:10,0
LF:3
LH:0
BRF:0
BRH:0
end_of_record
TN:
SF:i18n/i18n-react.tsx
FN:17,(anonymous_0)
FNF:1
FNH:0
FNDA:0,(anonymous_0)
DA:10,0
DA:17,0
LF:2
LH:0
BRF:0
BRH:0
end_of_record
TN:
SF:i18n/i18n-types.ts
FNF:0
FNH:0
LF:0
LH:0
BRF:0
BRH:0
end_of_record
TN:
SF:i18n/i18n-util.async.ts
FN:9,(anonymous_0)
FN:10,(anonymous_1)
FN:13,(anonymous_2)
FN:16,(anonymous_3)
FN:19,(anonymous_4)
FN:24,(anonymous_5)
FN:26,(anonymous_6)
FNF:7
FNH:0
FNDA:0,(anonymous_0)
FNDA:0,(anonymous_1)
FNDA:0,(anonymous_2)
FNDA:0,(anonymous_3)
FNDA:0,(anonymous_4)
FNDA:0,(anonymous_5)
FNDA:0,(anonymous_6)
DA:8,0
DA:9,0
DA:10,0
DA:13,0
DA:14,0
DA:16,0
DA:17,0
DA:19,0
DA:20,0
DA:21,0
DA:24,0
DA:26,0
LF:12
LH:0
BRF:0
BRH:0
end_of_record
TN:
SF:i18n/i18n-util.sync.ts
FN:16,(anonymous_0)
FN:23,(anonymous_1)
FN:25,(anonymous_2)
FNF:3
FNH:0
FNDA:0,(anonymous_0)
FNDA:0,(anonymous_1)
FNDA:0,(anonymous_2)
DA:11,0
DA:16,0
DA:17,0
DA:19,0
DA:20,0
DA:23,0
DA:25,0
LF:7
LH:0
BRDA:17,0,0,0
BRDA:17,0,1,0
BRF:2
BRH:0
end_of_record
TN:
SF:i18n/i18n-util.ts
FN:15,(anonymous_0)
FN:23,(anonymous_1)
FN:26,(anonymous_2)
FN:33,(anonymous_3)
FN:36,(anonymous_4)
FNF:5
FNH:0
FNDA:0,(anonymous_0)
FNDA:0,(anonymous_1)
FNDA:0,(anonymous_2)
FNDA:0,(anonymous_3)
FNDA:0,(anonymous_4)
DA:11,0
DA:13,0
DA:15,0
DA:17,0
DA:19,0
DA:21,0
DA:23,0
DA:24,0
DA:26,0
DA:27,0
DA:33,0
DA:34,0
DA:36,0
DA:37,0
LF:14
LH:0
BRF:0
BRH:0
end_of_record
TN:
SF:i18n/en/index.ts
FNF:0
FNH:0
DA:3,0
LF:1
LH:0
BRF:0
BRH:0
end_of_record
TN:
SF:i18n/zh/index.ts
FNF:0
FNH:0
DA:3,0
LF:1
LH:0
BRF:0
BRH:0
end_of_record
TN:
SF:icons/Check.tsx
FNF:0
FNH:0
DA:5,0
LF:1
LH:0
BRF:0
BRH:0
end_of_record
TN:
SF:icons/ChevronDown.tsx
FNF:0
FNH:0
DA:5,0
LF:1
LH:0
BRF:0
BRH:0
end_of_record
TN:
SF:icons/ChevronUp.tsx
FNF:0
FNH:0
DA:5,0
LF:1
LH:0
BRF:0
BRH:0
end_of_record
TN:
SF:icons/Info.tsx
FNF:0
FNH:0
DA:5,0
LF:1
LH:0
BRF:0
BRH:0
end_of_record
TN:
SF:icons/Languages.tsx
FNF:0
FNH:0
DA:5,0
LF:1
LH:0
BRF:0
BRH:0
end_of_record
TN:
SF:icons/MoonStar.tsx
FNF:0
FNH:0
DA:5,0
LF:1
LH:0
BRF:0
BRH:0
end_of_record
TN:
SF:icons/Sun.tsx
FNF:0
FNH:0
DA:5,0
LF:1
LH:0
BRF:0
BRH:0
end_of_record
TN:
SF:icons/X.tsx
FNF:0
FNH:0
DA:5,0
LF:1
LH:0
BRF:0
BRH:0
end_of_record
TN:
SF:icons/iconWithClassName.ts
FN:4,iconWithClassName
FNF:1
FNH:0
FNDA:0,iconWithClassName
DA:5,0
LF:1
LH:0
BRF:0
BRH:0
end_of_record
TN:
SF:lib/android-navigation-bar.ts
FN:6,setAndroidNavigationBar
FNF:1
FNH:0
FNDA:0,setAndroidNavigationBar
DA:7,0
DA:8,0
DA:9,0
LF:3
LH:0
BRDA:7,0,0,0
BRDA:7,0,1,0
BRDA:8,1,0,0
BRDA:8,1,1,0
BRDA:10,2,0,0
BRDA:10,2,1,0
BRF:6
BRH:0
end_of_record
TN:
SF:lib/constants.ts
FNF:0
FNH:0
DA:1,0
LF:1
LH:0
BRF:0
BRH:0
end_of_record
TN:
SF:lib/keyboard.tsx
FN:10,useKeyboard
FN:16,(anonymous_1)
FN:17,(anonymous_2)
FN:21,(anonymous_3)
FN:26,(anonymous_4)
FN:32,dismissKeyboard
FNF:6
FNH:0
FNDA:0,useKeyboard
FNDA:0,(anonymous_1)
FNDA:0,(anonymous_2)
FNDA:0,(anonymous_3)
FNDA:0,(anonymous_4)
FNDA:0,dismissKeyboard
DA:4,0
DA:13,0
DA:14,0
DA:16,0
DA:17,0
DA:18,0
DA:19,0
DA:21,0
DA:22,0
DA:23,0
DA:26,0
DA:27,0
DA:28,0
DA:33,0
DA:34,0
DA:37,0
LF:16
LH:0
BRDA:11,0,0,0
BRDA:11,1,0,0
BRF:2
BRH:0
end_of_record
TN:
SF:lib/secure-storage.ts
FN:5,(anonymous_0)
FN:9,(anonymous_1)
FN:31,(anonymous_2)
FN:49,(anonymous_3)
FNF:4
FNH:0
FNDA:0,(anonymous_0)
FNDA:0,(anonymous_1)
FNDA:0,(anonymous_2)
FNDA:0,(anonymous_3)
DA:5,0
DA:8,0
DA:10,0
DA:11,0
DA:13,0
DA:14,0
DA:15,0
DA:17,0
DA:19,0
DA:20,0
DA:23,0
DA:24,0
DA:26,0
DA:27,0
DA:32,0
DA:33,0
DA:35,0
DA:36,0
DA:39,0
DA:42,0
DA:43,0
DA:45,0
DA:50,0
DA:51,0
DA:53,0
DA:54,0
DA:57,0
DA:60,0
DA:61,0
DA:63,0
LF:30
LH:0
BRDA:5,0,0,0
BRDA:5,0,1,0
BRDA:10,1,0,0
BRDA:10,1,1,0
BRDA:13,2,0,0
BRDA:13,2,1,0
BRDA:32,3,0,0
BRDA:32,3,1,0
BRDA:35,4,0,0
BRDA:35,4,1,0
BRDA:50,5,0,0
BRDA:50,5,1,0
BRDA:53,6,0,0
BRDA:53,6,1,0
BRF:14
BRH:0
end_of_record
TN:
SF:lib/utils.ts
FN:4,cn
FN:12,(anonymous_1)
FN:12,(anonymous_2)
FNF:3
FNH:0
FNDA:0,cn
FNDA:0,(anonymous_1)
FNDA:0,(anonymous_2)
DA:5,0
DA:12,0
LF:2
LH:0
BRF:0
BRH:0
end_of_record
TN:
SF:lib/icons/Check.tsx
FNF:0
FNH:0
DA:4,0
LF:1
LH:0
BRF:0
BRH:0
end_of_record
TN:
SF:lib/icons/ChevronDown.tsx
FNF:0
FNH:0
DA:4,0
LF:1
LH:0
BRF:0
BRH:0
end_of_record
TN:
SF:lib/icons/ChevronRight.tsx
FNF:0
FNH:0
DA:4,0
LF:1
LH:0
BRF:0
BRH:0
end_of_record
TN:
SF:lib/icons/ChevronUp.tsx
FNF:0
FNH:0
DA:4,0
LF:1
LH:0
BRF:0
BRH:0
end_of_record
TN:
SF:lib/icons/iconWithClassName.ts
FN:4,iconWithClassName
FNF:1
FNH:0
FNDA:0,iconWithClassName
DA:5,0
LF:1
LH:0
BRF:0
BRH:0
end_of_record
TN:
SF:modules/my-module/index.ts
FNF:0
FNH:0
LF:0
LH:0
BRF:0
BRH:0
end_of_record
TN:
SF:modules/my-module/src/MyModule.ts
FNF:0
FNH:0
LF:0
LH:0
BRF:0
BRH:0
end_of_record
TN:
SF:modules/my-module/src/MyModule.types.ts
FNF:0
FNH:0
LF:0
LH:0
BRF:0
BRH:0
end_of_record
TN:
SF:modules/my-module/src/MyModule.web.ts
FN:11,(anonymous_0)
FN:14,(anonymous_1)
FNF:2
FNH:0
FNDA:0,(anonymous_0)
FNDA:0,(anonymous_1)
DA:10,0
DA:12,0
DA:15,0
LF:3
LH:0
BRF:0
BRH:0
end_of_record
TN:
SF:modules/my-module/src/MyModuleView.tsx
FN:8,MyModuleView
FNF:1
FNH:0
FNDA:0,MyModuleView
DA:6,0
DA:9,0
LF:2
LH:0
BRF:0
BRH:0
end_of_record
TN:
SF:modules/my-module/src/MyModuleView.web.tsx
FN:5,MyModuleView
FN:8,(anonymous_1)
FNF:2
FNH:0
FNDA:0,MyModuleView
FNDA:0,(anonymous_1)
DA:6,0
DA:8,0
LF:2
LH:0
BRF:0
BRH:0
end_of_record
TN:
SF:store/auth.ts
FN:29,(anonymous_0)
FN:38,(anonymous_1)
FN:43,(anonymous_2)
FN:62,(anonymous_3)
FN:67,(anonymous_4)
FN:87,(anonymous_5)
FN:88,(anonymous_6)
FN:95,(anonymous_7)
FN:95,(anonymous_8)
FN:105,useAuth
FNF:10
FNH:0
FNDA:0,(anonymous_0)
FNDA:0,(anonymous_1)
FNDA:0,(anonymous_2)
FNDA:0,(anonymous_3)
FNDA:0,(anonymous_4)
FNDA:0,(anonymous_5)
FNDA:0,(anonymous_6)
FNDA:0,(anonymous_7)
FNDA:0,(anonymous_8)
FNDA:0,useAuth
DA:27,0
DA:29,0
DA:39,0
DA:41,0
DA:43,0
DA:46,0
DA:55,0
DA:56,0
DA:57,0
DA:63,0
DA:65,0
DA:67,0
DA:70,0
DA:79,0
DA:80,0
DA:81,0
DA:87,0
DA:88,0
DA:95,0
DA:96,0
DA:97,0
DA:106,0
DA:108,0
LF:23
LH:0
BRDA:96,0,0,0
BRDA:96,0,1,0
BRF:2
BRH:0
end_of_record
TN:
SF:store/scan-history.ts
FN:23,(anonymous_0)
FN:27,(anonymous_1)
FN:35,(anonymous_2)
FN:41,(anonymous_3)
FN:42,(anonymous_4)
FN:43,(anonymous_5)
FN:48,(anonymous_6)
FN:49,(anonymous_7)
FN:50,(anonymous_8)
FN:55,(anonymous_9)
FN:61,(anonymous_10)
FNF:11
FNH:0
FNDA:0,(anonymous_0)
FNDA:0,(anonymous_1)
FNDA:0,(anonymous_2)
FNDA:0,(anonymous_3)
FNDA:0,(anonymous_4)
FNDA:0,(anonymous_5)
FNDA:0,(anonymous_6)
FNDA:0,(anonymous_7)
FNDA:0,(anonymous_8)
FNDA:0,(anonymous_9)
FNDA:0,(anonymous_10)
DA:21,0
DA:23,0
DA:28,0
DA:35,0
DA:42,0
DA:43,0
DA:49,0
DA:50,0
DA:56,0
DA:61,0
LF:10
LH:0
BRF:0
BRH:0
end_of_record
