TN:
SF:app.config.ts
FN:3,(anonymous_0)
FNF:1
FNH:0
FNDA:0,(anonymous_0)
DA:3,0
LF:1
LH:0
BRDA:5,0,0,0
BRDA:5,0,1,0
BRDA:6,1,0,0
BRDA:6,1,1,0
BRDA:7,2,0,0
BRDA:7,2,1,0
BRF:6
BRH:0
end_of_record
TN:
SF:nativewind-env.d.ts
FNF:0
FNH:0
LF:0
LH:0
BRF:0
BRH:0
end_of_record
TN:
SF:app/+not-found.tsx
FN:5,NotFoundScreen
FNF:1
FNH:0
FNDA:0,NotFoundScreen
DA:6,0
LF:1
LH:0
BRF:0
BRH:0
end_of_record
TN:
SF:app/_layout copy.tsx
FN:18,MaterialTopTabsLayout
FNF:1
FNH:0
FNDA:0,MaterialTopTabsLayout
DA:9,0
DA:11,0
DA:19,0
DA:20,0
LF:4
LH:0
BRF:0
BRH:0
end_of_record
TN:
SF:app/_layout.tsx
FN:49,(anonymous_0)
FN:50,(anonymous_1)
FN:57,onAppStateChange
FN:63,RootLayout
FN:72,(anonymous_4)
FN:86,(anonymous_5)
FN:89,(anonymous_6)
FN:105,(anonymous_7)
FNF:8
FNH:0
FNDA:0,(anonymous_0)
FNDA:0,(anonymous_1)
FNDA:0,onAppStateChange
FNDA:0,RootLayout
FNDA:0,(anonymous_4)
FNDA:0,(anonymous_5)
FNDA:0,(anonymous_6)
FNDA:0,(anonymous_7)
DA:22,0
DA:26,0
DA:37,0
DA:49,0
DA:50,0
DA:51,0
DA:53,0
DA:58,0
DA:59,0
DA:64,0
DA:65,0
DA:66,0
DA:68,0
DA:69,0
DA:70,0
DA:72,0
DA:73,0
DA:74,0
DA:77,0
DA:79,0
DA:81,0
DA:82,0
DA:83,0
DA:86,0
DA:87,0
DA:89,0
DA:92,0
DA:93,0
DA:96,0
DA:105,0
LF:30
LH:0
BRDA:58,0,0,0
BRDA:58,0,1,0
BRDA:73,1,0,0
BRDA:73,1,1,0
BRDA:77,2,0,0
BRDA:77,2,1,0
BRDA:92,3,0,0
BRDA:92,3,1,0
BRDA:98,4,0,0
BRDA:98,4,1,0
BRDA:99,5,0,0
BRDA:99,5,1,0
BRF:12
BRH:0
end_of_record
TN:
SF:app/index.tsx
FN:14,Screen
FN:17,updateProgressValue
FNF:2
FNH:0
FNDA:0,Screen
FNDA:0,updateProgressValue
DA:12,0
DA:15,0
DA:18,0
DA:20,0
LF:4
LH:0
BRF:0
BRH:0
end_of_record
TN:
SF:app/jest.tsx
FN:4,(anonymous_0)
FN:6,HomeScreen
FNF:2
FNH:2
FNDA:2,(anonymous_0)
FNDA:1,HomeScreen
DA:4,2
DA:7,1
DA:14,1
LF:3
LH:3
BRF:0
BRH:0
end_of_record
TN:
SF:app/login.tsx
FN:15,App
FN:27,(anonymous_1)
FN:40,(anonymous_2)
FN:48,exchangeCodeForToken
FNF:4
FNH:0
FNDA:0,App
FNDA:0,(anonymous_1)
FNDA:0,(anonymous_2)
FNDA:0,exchangeCodeForToken
DA:6,0
DA:9,0
DA:16,0
DA:27,0
DA:28,0
DA:29,0
DA:30,0
DA:36,0
DA:41,0
DA:49,0
DA:62,0
DA:63,0
LF:12
LH:0
BRDA:28,0,0,0
BRDA:28,0,1,0
BRF:2
BRH:0
end_of_record
TN:
SF:app/(tabs)/_layout.tsx
FN:11,TabLayout
FN:34,(anonymous_1)
FN:41,(anonymous_2)
FNF:3
FNH:0
FNDA:0,TabLayout
FNDA:0,(anonymous_1)
FNDA:0,(anonymous_2)
DA:12,0
DA:14,0
DA:34,0
DA:41,0
LF:4
LH:0
BRDA:17,0,0,0
BRDA:17,0,1,0
BRF:2
BRH:0
end_of_record
TN:
SF:app/(tabs)/explore.tsx
FN:10,TabTwoScreen
FNF:1
FNH:0
FNDA:0,TabTwoScreen
DA:11,0
DA:94,0
LF:2
LH:0
BRF:0
BRH:0
end_of_record
TN:
SF:app/(tabs)/(home)/_layout.tsx
FN:3,HomeLayout
FNF:1
FNH:0
FNDA:0,HomeLayout
DA:4,0
LF:1
LH:0
BRF:0
BRH:0
end_of_record
TN:
SF:app/(tabs)/(home)/index.tsx
FN:3,HomeScreen
FNF:1
FNH:0
FNDA:0,HomeScreen
DA:4,0
LF:1
LH:0
BRF:0
BRH:0
end_of_record
TN:
SF:app/(tabs)/(home)/details/[id].tsx
FN:8,DetailsScreen
FNF:1
FNH:0
FNDA:0,DetailsScreen
DA:9,0
DA:10,0
DA:21,0
LF:3
LH:0
BRF:0
BRH:0
end_of_record
TN:
SF:backup/disable-queries-on-out-of-focus-screens.tsx
FN:10,MyComponent
FN:15,(anonymous_1)
FNF:2
FNH:0
FNDA:0,MyComponent
FNDA:0,(anonymous_1)
DA:11,0
DA:13,0
DA:15,0
DA:19,0
LF:4
LH:0
BRF:0
BRH:0
end_of_record
TN:
SF:backup/keyboard.tsx
FN:5,Example
FN:10,onChangeText
FNF:2
FNH:0
FNDA:0,Example
FNDA:0,onChangeText
DA:6,0
DA:8,0
DA:11,0
DA:12,0
DA:13,0
DA:17,0
LF:6
LH:0
BRDA:12,0,0,0
BRDA:12,0,1,0
BRF:2
BRH:0
end_of_record
TN:
SF:backup/react-native#refresh-on-screen-focus.tsx
FN:9,MyComponent
FN:12,(anonymous_1)
FNF:2
FNH:0
FNDA:0,MyComponent
FNDA:0,(anonymous_1)
DA:10,0
DA:12,0
DA:16,0
DA:21,0
LF:4
LH:0
BRF:0
BRH:0
end_of_record
TN:
SF:backup/react-native-bottom-shee.tsx
FN:6,(anonymous_0)
FN:11,(anonymous_1)
FNF:2
FNH:0
FNDA:0,(anonymous_0)
FNDA:0,(anonymous_1)
DA:6,0
DA:8,0
DA:11,0
DA:12,0
DA:16,0
DA:27,0
LF:6
LH:0
BRF:0
BRH:0
end_of_record
TN:
SF:components/Collapsible.tsx
FN:10,Collapsible
FN:16,(anonymous_1)
FN:16,(anonymous_2)
FNF:3
FNH:0
FNDA:0,Collapsible
FNDA:0,(anonymous_1)
FNDA:0,(anonymous_2)
DA:11,0
DA:12,0
DA:14,0
DA:16,0
DA:32,0
LF:5
LH:0
BRDA:12,0,0,0
BRDA:12,0,1,0
BRDA:21,1,0,0
BRDA:21,1,1,0
BRDA:22,2,0,0
BRDA:22,2,1,0
BRDA:27,3,0,0
BRDA:27,3,1,0
BRF:8
BRH:0
end_of_record
TN:
SF:components/ExternalLink.tsx
FN:8,ExternalLink
FN:14,(anonymous_1)
FNF:2
FNH:0
FNDA:0,ExternalLink
FNDA:0,(anonymous_1)
DA:9,0
DA:15,0
DA:17,0
DA:19,0
LF:4
LH:0
BRDA:15,0,0,0
BRDA:15,0,1,0
BRF:2
BRH:0
end_of_record
TN:
SF:components/HapticTab.tsx
FN:5,HapticTab
FN:9,(anonymous_1)
FNF:2
FNH:0
FNDA:0,HapticTab
FNDA:0,(anonymous_1)
DA:6,0
DA:10,0
DA:12,0
DA:14,0
LF:4
LH:0
BRDA:10,0,0,0
BRDA:10,0,1,0
BRF:2
BRH:0
end_of_record
TN:
SF:components/HelloWave.tsx
FN:13,HelloWave
FN:16,(anonymous_1)
FN:23,(anonymous_2)
FNF:3
FNH:0
FNDA:0,HelloWave
FNDA:0,(anonymous_1)
FNDA:0,(anonymous_2)
DA:14,0
DA:16,0
DA:17,0
DA:23,0
DA:27,0
DA:34,0
LF:6
LH:0
BRF:0
BRH:0
end_of_record
TN:
SF:components/ParallaxScrollView.tsx
FN:16,ParallaxScrollView
FN:21,(anonymous_1)
FNF:2
FNH:0
FNDA:0,ParallaxScrollView
FNDA:0,(anonymous_1)
DA:9,0
DA:17,0
DA:18,0
DA:19,0
DA:20,0
DA:21,0
DA:22,0
DA:38,0
DA:57,0
LF:9
LH:0
BRDA:17,0,0,0
BRDA:17,0,1,0
BRF:2
BRH:0
end_of_record
TN:
SF:components/ThemeToggle.tsx
FN:8,ThemeToggle
FN:11,toggleColorScheme
FN:22,(anonymous_2)
FNF:3
FNH:0
FNDA:0,ThemeToggle
FNDA:0,toggleColorScheme
FNDA:0,(anonymous_2)
DA:9,0
DA:12,0
DA:13,0
DA:14,0
DA:17,0
DA:23,0
LF:6
LH:0
BRDA:12,0,0,0
BRDA:12,0,1,0
BRDA:24,1,0,0
BRDA:24,1,1,0
BRDA:26,2,0,0
BRDA:26,2,1,0
BRF:6
BRH:0
end_of_record
TN:
SF:components/ThemedText.tsx
FN:11,ThemedText
FNF:1
FNH:0
FNDA:0,ThemedText
DA:12,0
DA:14,0
DA:30,0
LF:3
LH:0
BRDA:11,0,0,0
BRDA:18,1,0,0
BRDA:18,1,1,0
BRDA:19,2,0,0
BRDA:19,2,1,0
BRDA:20,3,0,0
BRDA:20,3,1,0
BRDA:21,4,0,0
BRDA:21,4,1,0
BRDA:22,5,0,0
BRDA:22,5,1,0
BRF:11
BRH:0
end_of_record
TN:
SF:components/ThemedView.tsx
FN:10,ThemedView
FNF:1
FNH:0
FNDA:0,ThemedView
DA:11,0
DA:13,0
LF:2
LH:0
BRF:0
BRH:0
end_of_record
TN:
SF:components/ui/IconSymbol.ios.tsx
FN:4,IconSymbol
FNF:1
FNH:0
FNDA:0,IconSymbol
DA:17,0
LF:1
LH:0
BRDA:6,0,0,0
BRDA:9,1,0,0
BRF:2
BRH:0
end_of_record
TN:
SF:components/ui/IconSymbol.tsx
FN:27,IconSymbol
FNF:1
FNH:0
FNDA:0,IconSymbol
DA:9,0
DA:39,0
LF:2
LH:0
BRDA:29,0,0,0
BRF:1
BRH:0
end_of_record
TN:
SF:components/ui/TabBarBackground.ios.tsx
FN:6,BlurTabBarBackground
FN:18,useBottomTabOverflow
FNF:2
FNH:0
FNDA:0,BlurTabBarBackground
FNDA:0,useBottomTabOverflow
DA:7,0
DA:19,0
DA:20,0
DA:21,0
LF:4
LH:0
BRF:0
BRH:0
end_of_record
TN:
SF:components/ui/TabBarBackground.tsx
FN:4,useBottomTabOverflow
FNF:1
FNH:0
FNDA:0,useBottomTabOverflow
DA:5,0
LF:1
LH:0
BRF:0
BRH:0
end_of_record
TN:
SF:components/ui/alert-dialog.tsx
FN:16,(anonymous_0)
FN:35,(anonymous_1)
FN:62,(anonymous_2)
FN:83,(anonymous_3)
FN:88,(anonymous_4)
FN:94,(anonymous_5)
FN:107,(anonymous_6)
FN:117,(anonymous_7)
FN:126,(anonymous_8)
FNF:9
FNH:0
FNDA:0,(anonymous_0)
FNDA:0,(anonymous_1)
FNDA:0,(anonymous_2)
FNDA:0,(anonymous_3)
FNDA:0,(anonymous_4)
FNDA:0,(anonymous_5)
FNDA:0,(anonymous_6)
FNDA:0,(anonymous_7)
FNDA:0,(anonymous_8)
DA:9,0
DA:11,0
DA:13,0
DA:15,0
DA:17,0
DA:18,0
DA:32,0
DA:34,0
DA:36,0
DA:52,0
DA:54,0
DA:59,0
DA:63,0
DA:65,0
DA:81,0
DA:83,0
DA:84,0
DA:86,0
DA:88,0
DA:89,0
DA:91,0
DA:93,0
DA:95,0
DA:102,0
DA:104,0
DA:108,0
DA:114,0
DA:116,0
DA:118,0
DA:123,0
DA:125,0
DA:127,0
DA:136,0
LF:33
LH:0
BRDA:22,0,0,0
BRDA:22,0,1,0
BRDA:72,1,0,0
BRDA:72,1,1,0
BRF:4
BRH:0
end_of_record
TN:
SF:components/ui/avatar.tsx
FN:9,(anonymous_0)
FN:19,(anonymous_1)
FN:26,(anonymous_2)
FNF:3
FNH:0
FNDA:0,(anonymous_0)
FNDA:0,(anonymous_1)
FNDA:0,(anonymous_2)
DA:5,0
DA:6,0
DA:7,0
DA:9,0
DA:10,0
DA:16,0
DA:18,0
DA:20,0
DA:23,0
DA:25,0
DA:27,0
DA:34,0
LF:12
LH:0
BRF:0
BRH:0
end_of_record
TN:
SF:components/ui/badge.tsx
FN:41,Badge
FNF:1
FNH:0
FNDA:0,Badge
DA:8,0
DA:25,0
DA:42,0
DA:43,0
LF:4
LH:0
BRDA:42,0,0,0
BRDA:42,0,1,0
BRF:2
BRH:0
end_of_record
TN:
SF:components/ui/button.tsx
FN:63,(anonymous_0)
FNF:1
FNH:0
FNDA:0,(anonymous_0)
DA:7,0
DA:34,0
DA:62,0
DA:64,0
DA:81,0
LF:5
LH:0
BRDA:66,0,0,0
BRDA:66,0,1,0
BRDA:70,1,0,0
BRDA:70,1,1,0
BRF:4
BRH:0
end_of_record
TN:
SF:components/ui/card.tsx
FN:7,(anonymous_0)
FN:16,(anonymous_1)
FN:22,(anonymous_2)
FN:34,(anonymous_3)
FN:39,(anonymous_4)
FN:46,(anonymous_5)
FNF:6
FNH:0
FNDA:0,(anonymous_0)
FNDA:0,(anonymous_1)
FNDA:0,(anonymous_2)
FNDA:0,(anonymous_3)
FNDA:0,(anonymous_4)
FNDA:0,(anonymous_5)
DA:7,0
DA:8,0
DA:14,0
DA:16,0
DA:17,0
DA:19,0
DA:21,0
DA:23,0
DA:32,0
DA:34,0
DA:35,0
DA:37,0
DA:39,0
DA:40,0
DA:44,0
DA:46,0
DA:47,0
DA:49,0
LF:18
LH:0
BRF:0
BRH:0
end_of_record
TN:
SF:components/ui/checkbox.tsx
FN:8,(anonymous_0)
FNF:1
FNH:0
FNDA:0,(anonymous_0)
DA:7,0
DA:9,0
DA:26,0
LF:3
LH:0
BRDA:14,0,0,0
BRDA:14,0,1,0
BRDA:20,1,0,0
BRDA:20,1,1,0
BRF:4
BRH:0
end_of_record
TN:
SF:components/ui/dialog.tsx
FN:17,(anonymous_0)
FN:36,(anonymous_1)
FN:62,(anonymous_2)
FN:94,(anonymous_3)
FN:99,(anonymous_4)
FN:105,(anonymous_5)
FN:116,(anonymous_6)
FNF:7
FNH:0
FNDA:0,(anonymous_0)
FNDA:0,(anonymous_1)
FNDA:0,(anonymous_2)
FNDA:0,(anonymous_3)
FNDA:0,(anonymous_4)
FNDA:0,(anonymous_5)
FNDA:0,(anonymous_6)
DA:8,0
DA:10,0
DA:12,0
DA:14,0
DA:16,0
DA:18,0
DA:19,0
DA:33,0
DA:35,0
DA:37,0
DA:52,0
DA:54,0
DA:59,0
DA:63,0
DA:64,0
DA:92,0
DA:94,0
DA:95,0
DA:97,0
DA:99,0
DA:100,0
DA:102,0
DA:104,0
DA:106,0
DA:113,0
DA:115,0
DA:117,0
DA:124,0
LF:28
LH:0
BRDA:23,0,0,0
BRDA:23,0,1,0
BRDA:71,1,0,0
BRDA:71,1,1,0
BRDA:83,2,0,0
BRDA:83,2,1,0
BRDA:84,3,0,0
BRDA:84,3,1,0
BRF:8
BRH:0
end_of_record
TN:
SF:components/ui/input.tsx
FN:6,(anonymous_0)
FNF:1
FNH:0
FNDA:0,(anonymous_0)
DA:5,0
DA:7,0
DA:22,0
LF:3
LH:0
BRDA:12,0,0,0
BRDA:12,0,1,0
BRF:2
BRH:0
end_of_record
TN:
SF:components/ui/label.tsx
FN:6,(anonymous_0)
FNF:1
FNH:0
FNDA:0,(anonymous_0)
DA:5,0
DA:7,0
DA:25,0
LF:3
LH:0
BRF:0
BRH:0
end_of_record
TN:
SF:components/ui/progress.tsx
FN:18,(anonymous_0)
FN:33,Indicator
FN:34,(anonymous_2)
FN:36,(anonymous_3)
FNF:4
FNH:0
FNDA:0,(anonymous_0)
FNDA:0,Indicator
FNDA:0,(anonymous_2)
FNDA:0,(anonymous_3)
DA:13,0
DA:19,0
DA:29,0
DA:34,0
DA:36,0
DA:37,0
DA:44,0
DA:45,0
DA:55,0
LF:9
LH:0
BRDA:34,0,0,0
BRDA:34,0,1,0
BRDA:44,1,0,0
BRDA:44,1,1,0
BRDA:48,2,0,0
BRDA:48,2,1,0
BRF:6
BRH:0
end_of_record
TN:
SF:components/ui/radio-group.tsx
FN:7,(anonymous_0)
FN:14,(anonymous_1)
FNF:2
FNH:0
FNDA:0,(anonymous_0)
FNDA:0,(anonymous_1)
DA:6,0
DA:8,0
DA:11,0
DA:13,0
DA:15,0
DA:32,0
LF:6
LH:0
BRDA:20,0,0,0
BRDA:20,0,1,0
BRF:2
BRH:0
end_of_record
TN:
SF:components/ui/select.tsx
FN:19,(anonymous_0)
FN:39,(anonymous_1)
FN:56,(anonymous_2)
FN:73,(anonymous_3)
FN:112,(anonymous_4)
FN:126,(anonymous_5)
FN:148,(anonymous_6)
FNF:7
FNH:0
FNDA:0,(anonymous_0)
FNDA:0,(anonymous_1)
FNDA:0,(anonymous_2)
FNDA:0,(anonymous_3)
FNDA:0,(anonymous_4)
FNDA:0,(anonymous_5)
FNDA:0,(anonymous_6)
DA:12,0
DA:14,0
DA:16,0
DA:18,0
DA:20,0
DA:34,0
DA:39,0
DA:40,0
DA:41,0
DA:43,0
DA:56,0
DA:57,0
DA:58,0
DA:60,0
DA:70,0
DA:74,0
DA:76,0
DA:109,0
DA:111,0
DA:113,0
DA:123,0
DA:125,0
DA:127,0
DA:145,0
DA:147,0
DA:149,0
DA:152,0
LF:27
LH:0
BRDA:24,0,0,0
BRDA:24,0,1,0
BRDA:40,1,0,0
BRDA:40,1,1,0
BRDA:57,2,0,0
BRDA:57,2,1,0
BRDA:73,3,0,0
BRDA:78,4,0,0
BRDA:78,4,1,0
BRDA:84,5,0,0
BRDA:84,5,1,0
BRDA:86,6,0,0
BRDA:86,6,1,0
BRDA:96,7,0,0
BRDA:96,7,1,0
BRDA:131,8,0,0
BRDA:131,8,1,0
BRF:17
BRH:0
end_of_record
TN:
SF:components/ui/separator.tsx
FN:6,(anonymous_0)
FNF:1
FNH:0
FNDA:0,(anonymous_0)
DA:5,0
DA:7,0
DA:20,0
LF:3
LH:0
BRDA:6,0,0,0
BRDA:6,1,0,0
BRDA:13,2,0,0
BRDA:13,2,1,0
BRF:4
BRH:0
end_of_record
TN:
SF:components/ui/skeleton.tsx
FN:13,Skeleton
FN:16,(anonymous_1)
FN:20,(anonymous_2)
FNF:3
FNH:0
FNDA:0,Skeleton
FNDA:0,(anonymous_1)
FNDA:0,(anonymous_2)
DA:11,0
DA:14,0
DA:16,0
DA:17,0
DA:20,0
DA:24,0
LF:6
LH:0
BRF:0
BRH:0
end_of_record
TN:
SF:components/ui/switch.tsx
FN:9,(anonymous_0)
FN:44,(anonymous_1)
FN:46,(anonymous_2)
FN:47,(anonymous_3)
FN:56,(anonymous_4)
FNF:5
FNH:0
FNDA:0,(anonymous_0)
FNDA:0,(anonymous_1)
FNDA:0,(anonymous_2)
FNDA:0,(anonymous_3)
FNDA:0,(anonymous_4)
DA:8,0
DA:10,0
DA:30,0
DA:32,0
DA:43,0
DA:45,0
DA:46,0
DA:47,0
DA:48,0
DA:56,0
DA:59,0
DA:83,0
DA:85,0
LF:13
LH:0
BRDA:13,0,0,0
BRDA:13,0,1,0
BRDA:14,1,0,0
BRDA:14,1,1,0
BRDA:23,2,0,0
BRDA:23,2,1,0
BRDA:46,3,0,0
BRDA:46,3,1,0
BRDA:62,4,0,0
BRDA:62,4,1,0
BRDA:67,5,0,0
BRDA:67,5,1,0
BRF:12
BRH:0
end_of_record
TN:
SF:components/ui/tabs.tsx
FN:8,(anonymous_0)
FN:21,(anonymous_1)
FN:47,(anonymous_2)
FNF:3
FNH:0
FNDA:0,(anonymous_0)
FNDA:0,(anonymous_1)
FNDA:0,(anonymous_2)
DA:6,0
DA:8,0
DA:9,0
DA:18,0
DA:20,0
DA:22,0
DA:23,0
DA:44,0
DA:46,0
DA:48,0
DA:58,0
LF:11
LH:0
BRDA:27,0,0,0
BRDA:27,0,1,0
BRDA:34,1,0,0
BRDA:34,1,1,0
BRDA:35,2,0,0
BRDA:35,2,1,0
BRF:6
BRH:0
end_of_record
TN:
SF:components/ui/text.tsx
FN:9,(anonymous_0)
FNF:1
FNH:0
FNDA:0,(anonymous_0)
DA:7,0
DA:9,0
DA:10,0
DA:11,0
DA:12,0
DA:16,0
LF:6
LH:0
BRDA:9,0,0,0
BRDA:11,1,0,0
BRDA:11,1,1,0
BRF:3
BRH:0
end_of_record
TN:
SF:components/ui/textarea.tsx
FN:6,(anonymous_0)
FNF:1
FNH:0
FNDA:0,(anonymous_0)
DA:5,0
DA:7,0
DA:25,0
LF:3
LH:0
BRDA:6,0,0,0
BRDA:6,1,0,0
BRDA:12,2,0,0
BRDA:12,2,1,0
BRF:4
BRH:0
end_of_record
TN:
SF:components/ui/tooltip.tsx
FN:15,(anonymous_0)
FNF:1
FNH:0
FNDA:0,(anonymous_0)
DA:8,0
DA:10,0
DA:12,0
DA:16,0
DA:37,0
LF:5
LH:0
BRDA:15,0,0,0
BRDA:17,1,0,0
BRDA:17,1,1,0
BRF:3
BRH:0
end_of_record
TN:
SF:components/ui/typography.tsx
FN:7,(anonymous_0)
FN:25,(anonymous_1)
FN:43,(anonymous_2)
FN:58,(anonymous_3)
FN:73,(anonymous_4)
FN:80,(anonymous_5)
FN:98,(anonymous_6)
FN:116,(anonymous_7)
FN:123,(anonymous_8)
FN:136,(anonymous_9)
FN:149,(anonymous_10)
FNF:11
FNH:0
FNDA:0,(anonymous_0)
FNDA:0,(anonymous_1)
FNDA:0,(anonymous_2)
FNDA:0,(anonymous_3)
FNDA:0,(anonymous_4)
FNDA:0,(anonymous_5)
FNDA:0,(anonymous_6)
FNDA:0,(anonymous_7)
FNDA:0,(anonymous_8)
FNDA:0,(anonymous_9)
FNDA:0,(anonymous_10)
DA:7,0
DA:8,0
DA:9,0
DA:23,0
DA:25,0
DA:26,0
DA:27,0
DA:41,0
DA:43,0
DA:44,0
DA:45,0
DA:56,0
DA:58,0
DA:59,0
DA:60,0
DA:71,0
DA:73,0
DA:74,0
DA:75,0
DA:78,0
DA:80,0
DA:81,0
DA:82,0
DA:96,0
DA:98,0
DA:99,0
DA:100,0
DA:114,0
DA:116,0
DA:117,0
DA:118,0
DA:121,0
DA:123,0
DA:124,0
DA:125,0
DA:134,0
DA:136,0
DA:137,0
DA:138,0
DA:147,0
DA:149,0
DA:150,0
DA:151,0
DA:154,0
LF:44
LH:0
BRDA:7,0,0,0
BRDA:8,1,0,0
BRDA:8,1,1,0
BRDA:25,2,0,0
BRDA:26,3,0,0
BRDA:26,3,1,0
BRDA:43,4,0,0
BRDA:44,5,0,0
BRDA:44,5,1,0
BRDA:58,6,0,0
BRDA:59,7,0,0
BRDA:59,7,1,0
BRDA:73,8,0,0
BRDA:74,9,0,0
BRDA:74,9,1,0
BRDA:80,10,0,0
BRDA:81,11,0,0
BRDA:81,11,1,0
BRDA:85,12,0,0
BRDA:85,12,1,0
BRDA:98,13,0,0
BRDA:99,14,0,0
BRDA:99,14,1,0
BRDA:103,15,0,0
BRDA:103,15,1,0
BRDA:116,16,0,0
BRDA:117,17,0,0
BRDA:117,17,1,0
BRDA:123,18,0,0
BRDA:124,19,0,0
BRDA:124,19,1,0
BRDA:136,20,0,0
BRDA:137,21,0,0
BRDA:137,21,1,0
BRDA:149,22,0,0
BRDA:150,23,0,0
BRDA:150,23,1,0
BRF:37
BRH:0
end_of_record
TN:
SF:constants/Colors.ts
FNF:0
FNH:0
DA:6,0
DA:7,0
DA:9,0
LF:3
LH:0
BRF:0
BRH:0
end_of_record
TN:
SF:hooks/useColorScheme.ts
FNF:0
FNH:0
LF:0
LH:0
BRF:0
BRH:0
end_of_record
TN:
SF:hooks/useColorScheme.web.ts
FN:7,useColorScheme
FN:10,(anonymous_1)
FNF:2
FNH:0
FNDA:0,useColorScheme
FNDA:0,(anonymous_1)
DA:8,0
DA:10,0
DA:11,0
DA:14,0
DA:16,0
DA:17,0
DA:20,0
LF:7
LH:0
BRDA:16,0,0,0
BRDA:16,0,1,0
BRF:2
BRH:0
end_of_record
TN:
SF:hooks/useIsomorphicLayoutEffect.ts
FNF:0
FNH:0
DA:5,0
LF:1
LH:0
BRDA:5,0,0,0
BRDA:5,0,1,0
BRDA:5,1,0,0
BRDA:5,1,1,0
BRF:4
BRH:0
end_of_record
TN:
SF:hooks/useRefreshOnFocus.ts
FN:14,useRefreshOnFocus
FN:22,(anonymous_1)
FNF:2
FNH:0
FNDA:0,useRefreshOnFocus
FNDA:0,(anonymous_1)
DA:19,0
DA:21,0
DA:24,0
DA:25,0
DA:26,0
DA:30,0
LF:6
LH:0
BRDA:24,0,0,0
BRDA:24,0,1,0
BRF:2
BRH:0
end_of_record
TN:
SF:hooks/useThemeColor.ts
FN:9,useThemeColor
FNF:1
FNH:0
FNDA:0,useThemeColor
DA:13,0
DA:14,0
DA:16,0
DA:17,0
DA:19,0
LF:5
LH:0
BRDA:13,0,0,0
BRDA:13,0,1,0
BRDA:16,1,0,0
BRDA:16,1,1,0
BRF:4
BRH:0
end_of_record
TN:
SF:lib/android-navigation-bar.ts
FN:5,setAndroidNavigationBar
FNF:1
FNH:0
FNDA:0,setAndroidNavigationBar
DA:6,0
DA:7,0
DA:8,0
LF:3
LH:0
BRDA:6,0,0,0
BRDA:6,0,1,0
BRDA:7,1,0,0
BRDA:7,1,1,0
BRDA:9,2,0,0
BRDA:9,2,1,0
BRF:6
BRH:0
end_of_record
TN:
SF:lib/constants.ts
FNF:0
FNH:0
DA:1,0
LF:1
LH:0
BRF:0
BRH:0
end_of_record
TN:
SF:lib/keyboard.tsx
FN:10,useKeyboard
FN:16,(anonymous_1)
FN:17,(anonymous_2)
FN:21,(anonymous_3)
FN:26,(anonymous_4)
FN:32,dismissKeyboard
FNF:6
FNH:0
FNDA:0,useKeyboard
FNDA:0,(anonymous_1)
FNDA:0,(anonymous_2)
FNDA:0,(anonymous_3)
FNDA:0,(anonymous_4)
FNDA:0,dismissKeyboard
DA:4,0
DA:13,0
DA:14,0
DA:16,0
DA:17,0
DA:18,0
DA:19,0
DA:21,0
DA:22,0
DA:23,0
DA:26,0
DA:27,0
DA:28,0
DA:33,0
DA:34,0
DA:37,0
LF:16
LH:0
BRDA:11,0,0,0
BRDA:11,1,0,0
BRF:2
BRH:0
end_of_record
TN:
SF:lib/useColorScheme.tsx
FN:3,useColorScheme
FNF:1
FNH:0
FNDA:0,useColorScheme
DA:4,0
DA:5,0
LF:2
LH:0
BRDA:6,0,0,0
BRDA:6,0,1,0
BRF:2
BRH:0
end_of_record
TN:
SF:lib/utils.ts
FN:4,cn
FNF:1
FNH:0
FNDA:0,cn
DA:5,0
LF:1
LH:0
BRF:0
BRH:0
end_of_record
TN:
SF:lib/icons/Check.tsx
FNF:0
FNH:0
DA:3,0
LF:1
LH:0
BRF:0
BRH:0
end_of_record
TN:
SF:lib/icons/ChevronDown.tsx
FNF:0
FNH:0
DA:3,0
LF:1
LH:0
BRF:0
BRH:0
end_of_record
TN:
SF:lib/icons/ChevronUp.tsx
FNF:0
FNH:0
DA:3,0
LF:1
LH:0
BRF:0
BRH:0
end_of_record
TN:
SF:lib/icons/Info.tsx
FNF:0
FNH:0
DA:4,0
LF:1
LH:0
BRF:0
BRH:0
end_of_record
TN:
SF:lib/icons/MoonStar.tsx
FNF:0
FNH:0
DA:4,0
LF:1
LH:0
BRF:0
BRH:0
end_of_record
TN:
SF:lib/icons/Sun.tsx
FNF:0
FNH:0
DA:4,0
LF:1
LH:0
BRF:0
BRH:0
end_of_record
TN:
SF:lib/icons/X.tsx
FNF:0
FNH:0
DA:3,0
LF:1
LH:0
BRF:0
BRH:0
end_of_record
TN:
SF:lib/icons/iconWithClassName.ts
FN:4,iconWithClassName
FNF:1
FNH:0
FNDA:0,iconWithClassName
DA:5,0
LF:1
LH:0
BRF:0
BRH:0
end_of_record
